[2015.07.25-10.22.23:126][  0]Log file open, 07/25/15 18:22:23
[2015.07.25-10.22.23:126][  0]LogInit:Display: Running engine for game: Demo
[2015.07.25-10.22.23:127][  0]LogInit:Display: RandInit(-461147865) SRandInit(-461147864).
[2015.07.25-10.22.23:127][  0]LogTaskGraph: Started task graph with 4 named threads and 7 total threads.
[2015.07.25-10.22.23:128][  0]LogStats: Stats thread started
[2015.07.25-10.22.23:128][  0]LogInit: Version: 4.8.2-2614606+++depot+UE4-Releases+4.8
[2015.07.25-10.22.23:128][  0]LogInit: API Version: 2579680
[2015.07.25-10.22.23:129][  0]LogInit: Compiled (64-bit): Jul  8 2015 23:43:41
[2015.07.25-10.22.23:129][  0]LogInit: Compiled with Visual C++: 18.00.21005.01
[2015.07.25-10.22.23:129][  0]LogInit: Build Configuration: Development
[2015.07.25-10.22.23:130][  0]LogInit: Branch Name: ++depot+UE4-Releases+4.8
[2015.07.25-10.22.23:130][  0]LogInit: Command line: 
[2015.07.25-10.22.23:130][  0]LogInit: Base directory: C:/Program Files/Epic Games/4.8/Engine/Binaries/Win64/
[2015.07.25-10.22.23:131][  0]LogInit: Rocket: 1
[2015.07.25-10.22.23:160][  0]LogInit: Using libcurl 7.41.0
[2015.07.25-10.22.23:160][  0]LogInit:  - built for x86_64-pc-win32
[2015.07.25-10.22.23:161][  0]LogInit:  - supports SSL with WinSSL
[2015.07.25-10.22.23:161][  0]LogInit:  - other features:
[2015.07.25-10.22.23:161][  0]LogInit:      CURL_VERSION_SSL
[2015.07.25-10.22.23:162][  0]LogInit:      CURL_VERSION_IPV6
[2015.07.25-10.22.23:162][  0]LogInit:      CURL_VERSION_ASYNCHDNS
[2015.07.25-10.22.23:162][  0]LogInit:      CURL_VERSION_LARGEFILE
[2015.07.25-10.22.23:163][  0]LogInit:      CURL_VERSION_IDN
[2015.07.25-10.22.23:163][  0]LogInit:  CurlRequestOptions (configurable via config and command line):
[2015.07.25-10.22.23:164][  0]LogInit:  - bVerifyPeer = true  - Libcurl will verify peer certificate
[2015.07.25-10.22.23:164][  0]LogInit:  - bUseHttpProxy = false  - Libcurl will NOT use HTTP proxy
[2015.07.25-10.22.23:164][  0]LogInit:  - bDontReuseConnections = false  - Libcurl will reuse connections
[2015.07.25-10.22.23:164][  0]LogInit:  - CertBundlePath = nullptr  - Libcurl will use whatever was configured at build time.
[2015.07.25-10.22.23:191][  0]LogOnline:Warning: No default platform service specified for OnlineSubsystem
[2015.07.25-10.22.23:252][  0]LogInit: Presizing for 0 objects not considered by GC, pre-allocating 0 bytes.
[2015.07.25-10.22.23:263][  0]LogInit: Object subsystem initialized
[2015.07.25-10.22.23:265][  0]LogConsoleResponse:Warning: Skipping Unknown console variable: 'TranslucentSortAxis = (X=0.000000,Y=-1.000000,Z=0.000000)'
[2015.07.25-10.22.23:266][  0]LogConsoleResponse:Warning:   Found in ini file 'D:/Users/SCW/Documents/Unreal Projects/Demo/Saved/Config/Windows/Engine.ini', in section '[/Script/Engine.RendererSettings]'
[2015.07.25-10.22.23:268][  0]LogConsoleResponse:Warning: Skipping Unknown console variable: 'UIScaleRule = ShortestSide'
[2015.07.25-10.22.23:269][  0]LogConsoleResponse:Warning:   Found in ini file 'D:/Users/SCW/Documents/Unreal Projects/Demo/Saved/Config/Windows/Engine.ini', in section '[/Script/Engine.RendererSettings]'
[2015.07.25-10.22.23:269][  0]LogConsoleResponse:Warning: Skipping Unknown console variable: 'UIScaleCurve = (EditorCurveData=(Keys=),ExternalCurve=None)'
[2015.07.25-10.22.23:269][  0]LogConsoleResponse:Warning:   Found in ini file 'D:/Users/SCW/Documents/Unreal Projects/Demo/Saved/Config/Windows/Engine.ini', in section '[/Script/Engine.RendererSettings]'
[2015.07.25-10.22.23:270][  0]LogInit: Selected Device Profile: [Windows]
[2015.07.25-10.22.23:271][  0]LogInit: Applying CVar settings loaded from the selected device profile: [Windows]
[2015.07.25-10.22.23:298][  0]LogInit: Computer: SCW-PC
[2015.07.25-10.22.23:299][  0]LogInit: User: SCW
[2015.07.25-10.22.23:301][  0]LogInit: CPU Page size=4096, Cores=4
[2015.07.25-10.22.23:301][  0]LogInit: High frequency timer resolution =2.483750 MHz
[2015.07.25-10.22.23:302][  0]LogMemory: Memory total: Physical=8.0GB (8GB approx)
[2015.07.25-10.22.23:302][  0]LogMemory: Platform Memory Stats for Windows
[2015.07.25-10.22.23:303][  0]LogMemory: Process Physical Memory: 50.78 MB used, 50.78 MB peak
[2015.07.25-10.22.23:303][  0]LogMemory: Process Virtual Memory: 23.73 MB used, 23.73 MB peak
[2015.07.25-10.22.23:303][  0]LogMemory: Physical Memory: 6877.88 MB used, 8183.05 MB total
[2015.07.25-10.22.23:304][  0]LogMemory: Virtual Memory: 291.64 MB used, 8388608.00 MB total
[2015.07.25-10.22.23:443][  0]LogTextLocalizationManager: The requested culture ('zh_TW') has no localization data; falling back to 'en' for localization and internationalization data.
[2015.07.25-10.22.23:781][  0]LogTextLocalizationManager:Warning: Loaded localization resources contain conflicting entries for (Namespace:ContentBrowser, Key:ImportAssetToolTip):
Localization Resource: (C:/Program Files/Epic Games/4.8/Engine/Content/Localization/Editor/en/Editor.locres) Source String Hash: (-630476809) Localized String: (Import to {0}...)
Localization Resource: (C:/Program Files/Epic Games/4.8/Engine/Content/Localization/Editor/en/Editor.locres) Source String Hash: (1271782899) Localized String: (Imports an asset from file to this folder.)
[2015.07.25-10.22.24:420][  0]LogD3D11RHI: Found D3D11 adapter 0: NVIDIA GeForce GTX 560 Ti   (Feature Level 11_0)
[2015.07.25-10.22.24:420][  0]LogD3D11RHI: Adapter has 979MB of dedicated video memory, 0MB of dedicated system memory, and 3071MB of shared system memory, 2 output[s]
[2015.07.25-10.22.24:420][  0]LogD3D11RHI: Chosen D3D11 Adapter Id = 0
[2015.07.25-10.22.24:426][  0]LogD3D11RHI: InitD3DDevice
[2015.07.25-10.22.24:427][  0]LogD3D11RHI: !Direct3DDevice
[2015.07.25-10.22.24:427][  0]LogRHI: Texture pool is 685 MB (70% of 979 MB)
[2015.07.25-10.22.24:480][  0]LogD3D11RHI: Async texture creation enabled
[2015.07.25-10.22.24:495][  0]LogShaderCompilers:Display: Using Local Shader Compiler.
[2015.07.25-10.22.25:861][  0]LogTemp:Display: Loaded TP DesktopTargetPlatform
[2015.07.25-10.22.25:900][  0]LogTemp:Display: Loaded TP WindowsClientTargetPlatform
[2015.07.25-10.22.25:940][  0]LogTemp:Display: Loaded TP WindowsNoEditorTargetPlatform
[2015.07.25-10.22.25:977][  0]LogTemp:Display: Loaded TP WindowsServerTargetPlatform
[2015.07.25-10.22.26:020][  0]LogTemp:Display: Loaded TP WindowsTargetPlatform
[2015.07.25-10.22.26:047][  0]LogTemp:Display: Loaded TP AndroidTargetPlatform
[2015.07.25-10.22.26:077][  0]LogTemp:Display: Loaded TP Android_ASTCTargetPlatform
[2015.07.25-10.22.26:108][  0]LogTemp:Display: Loaded TP Android_ATCTargetPlatform
[2015.07.25-10.22.26:141][  0]LogTemp:Display: Loaded TP Android_DXTTargetPlatform
[2015.07.25-10.22.26:171][  0]LogTemp:Display: Loaded TP Android_ETC1TargetPlatform
[2015.07.25-10.22.26:204][  0]LogTemp:Display: Loaded TP Android_ETC2TargetPlatform
[2015.07.25-10.22.26:234][  0]LogTemp:Display: Loaded TP Android_PVRTCTargetPlatform
[2015.07.25-10.22.26:353][  0]LogTemp:Display: Loaded TP IOSTargetPlatform
[2015.07.25-10.22.26:379][  0]LogTemp:Display: Loaded TP LinuxNoEditorTargetPlatform
[2015.07.25-10.22.26:407][  0]LogTemp:Display: Loaded TP LinuxServerTargetPlatform
[2015.07.25-10.22.26:444][  0]LogTemp:Display: Loaded TP LinuxTargetPlatform
[2015.07.25-10.22.26:444][  0]LogTargetPlatformManager:Display: Building Assets For Windows
[2015.07.25-10.22.27:060][  0]LogDerivedDataCache:Display: Max Cache Size: 512 MB
[2015.07.25-10.22.27:326][  0]LogDerivedDataCache: Loaded boot cache 0.27s 53MB C:/Users/SCW/AppData/Local/UnrealEngine/4.8/DerivedDataCache/Boot.ddc.
[2015.07.25-10.22.27:327][  0]LogDerivedDataCache:Display: Loaded Boot cache: C:/Users/SCW/AppData/Local/UnrealEngine/4.8/DerivedDataCache/Boot.ddc
[2015.07.25-10.22.27:328][  0]LogDerivedDataCache: FDerivedDataBackendGraph:  Pak pak cache file D:/Users/SCW/Documents/Unreal Projects/Demo/DerivedDataCache/DDC.ddp not found, will not use a pak cache.
[2015.07.25-10.22.27:328][  0]LogDerivedDataCache: Unable to find inner node Pak for hierarchical cache Hierarchy.
[2015.07.25-10.22.27:329][  0]LogDerivedDataCache: FDerivedDataBackendGraph:  CompressedPak pak cache file D:/Users/SCW/Documents/Unreal Projects/Demo/DerivedDataCache/Compressed.ddp not found, will not use a pak cache.
[2015.07.25-10.22.27:329][  0]LogDerivedDataCache: Unable to find inner node CompressedPak for hierarchical cache Hierarchy.
[2015.07.25-10.22.27:571][  0]LogDerivedDataCache:Display: Pak cache opened for reading ../../../Engine/DerivedDataCache/Compressed.ddp.
[2015.07.25-10.22.27:583][  0]LogDerivedDataCache: Using Local data cache path C:/Users/SCW/AppData/Local/UnrealEngine/Common/DerivedDataCache: Writable
[2015.07.25-10.22.28:146][  0]LogInit: Selected Device Profile: [Windows]
[2015.07.25-10.22.28:159][  0]ImportText (ComponentSweepMultiTests): Missing closing parenthesis: (RootShapeAsset="/Engine/BasicShapes/Cube.Cube",ShapeType="TriggerCapsule",HitResult=(Time=0.50,Location=(X=-100.000015,Y=0.0,Z=100.000015),ImpactPoint=(X=-50.0,Y=0.0,Z=50.0),Normal=(X=-1.0,Y=-0.0,Z=0.0),ImpactNormal=(X=0.0,Y=0.0,Z=1.0),TraceStart=(X=-200.0,Y=0.0,Z=200.0),TraceEnd=(X=0.0,Y=0.0,Z=0.0))
[2015.07.25-10.22.28:160][  0]ImportText (LineTraceSingleByChannelTests): Missing closing parenthesis: (RootShapeAsset="/Engine/BasicShapes/Cube.Cube",HitResult=(Time=0.50,Location=(X=-100.000015,Y=0.0,Z=100.000015),ImpactPoint=(X=-50.0,Y=0.0,Z=50.0),Normal=(X=-1.0,Y=-0.0,Z=0.0),ImpactNormal=(X=0.0,Y=0.0,Z=1.0),TraceStart=(X=-200.0,Y=0.0,Z=200.0),TraceEnd=(X=0.0,Y=0.0,Z=0.0))
[2015.07.25-10.22.28:249][  0]LogMeshUtilities: No automatic mesh reduction module available
[2015.07.25-10.22.28:249][  0]LogMeshUtilities: No automatic mesh merging module available
[2015.07.25-10.22.29:037][  0]LogInit: WinSock: version 1.1 (2.2), MaxSocks=32767, MaxUdp=65467
[2015.07.25-10.22.32:401][  0]UdpMessaging: Initializing bridge on interface 0.0.0.0:0 to multicast group 230.0.0.1:6666.
[2015.07.25-10.22.33:823][  0]SourceControl: Info Source control is disabled
[2015.07.25-10.22.33:909][  0]SourceControl: Info Source control is disabled
[2015.07.25-10.22.33:963][  0]SourceControl: Info Source control is disabled
[2015.07.25-10.22.34:014][  0]SourceControl: Info Source control is disabled
[2015.07.25-10.22.34:711][  0]LogObj: 26286 objects as part of root set at end of initial load.
[2015.07.25-10.22.34:712][  0]LogUObjectAllocator: 5420728 out of 0 bytes used by permanent object pool.
[2015.07.25-10.22.34:913][  0]LogEngine: Initializing Engine...
[2015.07.25-10.22.34:917][  0]LogHMD: Can't find Oculus library dev build: is proper Runtime installed? Version: 0.6.0.0
[2015.07.25-10.22.34:935][  0]LogHMD:Warning: SteamVR failed to initialize.  Error: 100
[2015.07.25-10.22.35:229][  0]LogAIModule: Creating AISystem for world NewWorld
[2015.07.25-10.22.35:249][  0]LogInit: XAudio2 using '喇叭 (ASUS Xonar DS Audio Device)' : 2 channels at 44.1 kHz using 16 bits per sample (channel mask 0x3)
[2015.07.25-10.22.35:263][  0]LogInit: FAudioDevice initialized.
[2015.07.25-10.22.35:303][  0]LogDerivedDataCache: Saved boot cache 0.04s 53MB C:/Users/SCW/AppData/Local/UnrealEngine/4.8/DerivedDataCache/Boot.ddc.
[2015.07.25-10.22.35:315][  0]LogInit: Texture streaming: Disabled
[2015.07.25-10.22.35:385][  0]LogAnalytics: Creating configured Analytics provider AnalyticsET
[2015.07.25-10.22.35:387][  0]LogAnalytics: [UEEditor.Rocket.Release] APIServer = http://et2.epicgames.com/ET2/. AppVersion = 4.8.2-2614606+++depot+UE4-Releases+4.8
[2015.07.25-10.22.35:388][  0]LogAnalytics: [UEEditor.Rocket.Release] SetUserId 568b5a34404f889fb1b32ab5dcc7273c|171fa9009f6b4f02983f7d0ecd1f12ba|c0dd2cb7-895e-48cf-9e36-42424b144c9b
[2015.07.25-10.22.35:389][  0]LogAnalytics: [UEEditor.Rocket.Release] AnalyticsET::StartSession
[2015.07.25-10.22.35:449][  0]LogInit: Transaction tracking system initialized
[2015.07.25-10.22.35:917][  0]BlueprintLog: New page: Editor Load
[2015.07.25-10.22.36:082][  0]LogAssetRegistry: FAssetRegistry took 0.0136 seconds to start up
[2015.07.25-10.22.36:083][  0]LogDirectoryWatcher:Warning: Failed to begin reading directory changes for ../../../Engine/Plugins/Experimental/CharacterAI/Content/. Error: 0
[2015.07.25-10.22.38:318][  0]LogLinker:Warning: Asset '../../../Engine/Content/Tutorial/Mobile/SettingUpAndroidTutorial.uasset' has been saved with empty engine version. The asset will be loaded but may be incompatible.
[2015.07.25-10.22.38:672][  0]LogConsoleManager:Warning: Console variable 'r.VSync' wasn't set ('GameSetting' has a lower priority than 'SystemSettingsIni')
[2015.07.25-10.22.38:673][  0]LogConsoleResponse:Display: 
[2015.07.25-10.22.38:891][  0]LogCook:Display: Done creating registry. It took  0.00s.
[2015.07.25-10.22.39:607][  0]SourceControl: Info Source control is disabled
[2015.07.25-10.22.39:608][  0]Cmd: MAP LOAD FILE="D:/Users/SCW/Documents/Unreal Projects/Demo/Content/StarterContent/Maps/Minimal_Default.umap" TEMPLATE=0 SHOWPROGRESS=1 FEATURELEVEL=3
[2015.07.25-10.22.39:621][  0]LightingResults: New page: Lighting Build
[2015.07.25-10.22.39:646][  0]MapCheck: New page: Map Check
[2015.07.25-10.22.39:646][  0]LightingResults: New page: Lighting Build
[2015.07.25-10.22.39:658][  0]LogParticles: Destroying 0 GPU particle simulations for FXSystem 0x00000000175609A0
[2015.07.25-10.22.41:160][  0]LogAIModule: Creating AISystem for world Minimal_Default
[2015.07.25-10.22.41:184][  0]LogEditorServer: Finished looking for orphan Actors (0.000 secs)
[2015.07.25-10.22.41:224][  0]Cmd: MAP CHECKDEP NOCLEARLOG
[2015.07.25-10.22.41:291][  0]MapCheck: Info Map check complete: 0 Error(s), 0 Warning(s), took 65.732ms to complete.
[2015.07.25-10.22.41:291][  0]LogFileHelpers: Loading map 'Minimal_Default' took 1.683
[2015.07.25-10.22.41:499][  0]LogCollectionManager: Loaded 0 collections in 0.003062 seconds
[2015.07.25-10.22.41:514][  0]LogContentBrowser: Native class hierarchy populated in 0.0145 seconds. Added 1795 classes and 303 folders.
[2015.07.25-10.22.41:669][  0]LogContentBrowser: Native class hierarchy updated for 'WidgetCarousel' in 0.0018 seconds. Added 0 classes and 0 folders.
[2015.07.25-10.22.41:805][  0]LogContentBrowser: Native class hierarchy updated for 'AddContentDialog' in 0.0021 seconds. Added 0 classes and 0 folders.
[2015.07.25-10.22.41:892][  0]LogContentBrowser: Native class hierarchy updated for 'SceneOutliner' in 0.0021 seconds. Added 1 classes and 2 folders.
[2015.07.25-10.22.42:023][  0]LogCrashTracker: Crashtracker disabled due to settings.
[2015.07.25-10.22.42:031][  0]LogD3D11RHI: InitD3DDevice
[2015.07.25-10.22.42:038][  0]LogUObjectGlobals:Warning: Failed to find object 'Class None.'
[2015.07.25-10.22.42:062][  0]LogLoad: Full Startup: 22.13 seconds (BP compile: 0.25 seconds)
[2015.07.25-10.22.42:163][  0]LogContentStreaming: Texture pool size is 0.000000MB
[2015.07.25-10.22.42:230][  0]LogContentStreaming: Texture pool size now 700 MB
[2015.07.25-10.22.42:408][  0]LogRenderer: Reallocating scene render targets to support 1208x584 (Frame:2).
[2015.07.25-10.22.42:686][  4]LogD3D11RHI: InitD3DDevice
[2015.07.25-10.22.42:922][  8]LogAssetRegistry: Asset discovery search completed in 6.8538 seconds
[2015.07.25-10.22.46:351][370]LogD3D11RHI: InitD3DDevice
[2015.07.25-10.22.48:644][502]LogD3D11RHI: InitD3DDevice
[2015.07.25-10.22.49:861][502]LogD3D11RHI: InitD3DDevice
[2015.07.25-10.22.49:886][502]LogLinker:Warning: Asset '../../../Engine/Content/ArtTools/RenderToTexture/Macros/RenderToTextureMacros.uasset' has been saved with empty engine version. The asset will be loaded but may be incompatible.
[2015.07.25-10.22.50:015][502]LogLinker:Warning: Asset '../../../Engine/Content/ArtTools/RenderToTexture/Enums/RenderToTexture_Enum.uasset' has been saved with empty engine version. The asset will be loaded but may be incompatible.
[2015.07.25-10.22.51:355][502]LogSpawn:Warning: SpawnActor failed because no class was specified
[2015.07.25-10.22.54:774][674]LogD3D11RHI: InitD3DDevice
[2015.07.25-10.22.54:792][674]LogD3D11RHI: InitD3DDevice
[2015.07.25-10.22.55:094][674]LogSpawn:Warning: SpawnActor failed because no class was specified
[2015.07.25-10.22.59:016][898]LogD3D11RHI: InitD3DDevice
[2015.07.25-10.22.59:093][898]LogD3D11RHI: InitD3DDevice
[2015.07.25-10.23.06:003][284]LogSlate:Warning: Prevented a slow task dialog from being summoned while a context menu was open
[2015.07.25-10.23.18:393][ 31]LogRenderer: Reallocating scene render targets to support 1208x912 (Frame:1467).
[2015.07.25-10.23.23:682][361]BlueprintLog: New page: Compile BP_BasicCharacterControl
[2015.07.25-10.23.23:769][361]LogActorComponent: UnregisterComponent: (/Engine/Transient.CharMoveComp) Not registered. Aborting.
[2015.07.25-10.23.23:811][361]LogParticles: Destroying 0 GPU particle simulations for FXSystem 0x000000001C312A20
[2015.07.25-10.23.23:883][361]BlueprintEditorCompileResults: Info [0063.95] Compile of BP_BasicCharacterControl successful! [in 199 ms]
[2015.07.25-10.23.30:777][714]LogD3D11RHI: InitD3DDevice
[2015.07.25-10.23.34:650][ 54]LogD3D11RHI: InitD3DDevice
[2015.07.25-10.23.34:666][ 54]Cmd: OBJ SAVEPACKAGE PACKAGE="/Game/Blueprints/BP_BasicCharacterControl" FILE="D:/Users/SCW/Documents/Unreal Projects/Demo/Content/Blueprints/BP_BasicCharacterControl.uasset" SILENT=true
[2015.07.25-10.23.34:690][ 54]LogSavePackage: Save=19.216105ms
[2015.07.25-10.23.34:691][ 54]LogSavePackage: Moving 'D:/Users/SCW/Documents/Unreal Projects/Demo/Saved/BP_BasicCharacterControl7BA11A454D7B313A86EA5D883937F20A.tmp' to 'D:/Users/SCW/Documents/Unreal Projects/Demo/Content/Blueprints/BP_BasicCharacterControl.uasset'
[2015.07.25-10.23.35:577][120]LogD3D11RHI: InitD3DDevice
[2015.07.25-10.23.37:599][262]LogD3D11RHI: InitD3DDevice
[2015.07.25-10.23.40:624][523]LogPlayLevel: PIE:  No blueprints needed recompiling
[2015.07.25-10.23.40:641][523]PIE: New page: PIE session: Minimal_Default (Jul 26, 2015, 2:23:40 AM)
[2015.07.25-10.23.40:642][523]LogPlayLevel: Creating play world package: /Game/StarterContent/Maps/UEDPIE_0_Minimal_Default
[2015.07.25-10.23.40:652][523]LogPlayLevel: PIE: StaticDuplicateObject took: (0.009415s)
[2015.07.25-10.23.40:654][523]LogAIModule: Creating AISystem for world Minimal_Default
[2015.07.25-10.23.40:655][523]LogPlayLevel: PIE: World Init took: (0.001945s)
[2015.07.25-10.23.40:656][523]LogPlayLevel: PIE: Created PIE world by copying editor world from /Game/StarterContent/Maps/Minimal_Default.Minimal_Default to /Game/StarterContent/Maps/UEDPIE_0_Minimal_Default.Minimal_Default (0.013147s)
[2015.07.25-10.23.40:656][523]LogActorComponent: UnregisterComponent: (/Engine/Transient.CharMoveComp) Not registered. Aborting.
[2015.07.25-10.23.40:695][523]LogInit: XAudio2 using '喇叭 (ASUS Xonar DS Audio Device)' : 2 channels at 44.1 kHz using 16 bits per sample (channel mask 0x3)
[2015.07.25-10.23.40:699][523]LogInit: FAudioDevice initialized.
[2015.07.25-10.23.40:783][523]LogWorld: Game class is 'DemoGameMode'
[2015.07.25-10.23.40:799][523]LogWorld: Bringing World /Game/StarterContent/Maps/UEDPIE_0_Minimal_Default.Minimal_Default up for play (max tick rate 0) at 2015.07.25-18.23.40
[2015.07.25-10.23.40:800][523]LogActor:Warning: GameSession /Game/StarterContent/Maps/UEDPIE_0_Minimal_Default.Minimal_Default:PersistentLevel.GameSession_0 has natively added scene component(s), but none of them were set as the actor's RootComponent - picking one arbitrarily
[2015.07.25-10.23.40:802][523]LogActor:Warning: GameNetworkManager /Game/StarterContent/Maps/UEDPIE_0_Minimal_Default.Minimal_Default:PersistentLevel.GameNetworkManager_0 has natively added scene component(s), but none of them were set as the actor's RootComponent - picking one arbitrarily
[2015.07.25-10.23.40:816][523]LogWorld: Bringing up level for play took: 0.020247
[2015.07.25-10.23.40:832][523]PIE: Info Play in editor start time for /Game/StarterContent/Maps/UEDPIE_0_Minimal_Default -0.545
[2015.07.25-10.23.43:141][763]LogParticles: Destroying 0 GPU particle simulations for FXSystem 0x00000000212D7380
[2015.07.25-10.23.54:192][804]LogPlayLevel: PIE:  No blueprints needed recompiling
[2015.07.25-10.23.54:193][804]PIE: New page: PIE session: Minimal_Default (Jul 26, 2015, 2:23:54 AM)
[2015.07.25-10.23.54:193][804]LogPlayLevel: Creating play world package: /Game/StarterContent/Maps/UEDPIE_0_Minimal_Default
[2015.07.25-10.23.54:203][804]LogPlayLevel: PIE: StaticDuplicateObject took: (0.008593s)
[2015.07.25-10.23.54:204][804]LogAIModule: Creating AISystem for world Minimal_Default
[2015.07.25-10.23.54:205][804]LogPlayLevel: PIE: World Init took: (0.002006s)
[2015.07.25-10.23.54:206][804]LogPlayLevel: PIE: Created PIE world by copying editor world from /Game/StarterContent/Maps/Minimal_Default.Minimal_Default to /Game/StarterContent/Maps/UEDPIE_0_Minimal_Default.Minimal_Default (0.012337s)
[2015.07.25-10.23.54:244][804]LogInit: XAudio2 using '喇叭 (ASUS Xonar DS Audio Device)' : 2 channels at 44.1 kHz using 16 bits per sample (channel mask 0x3)
[2015.07.25-10.23.54:248][804]LogInit: FAudioDevice initialized.
[2015.07.25-10.23.54:286][804]LogWorld: Game class is 'DemoGameMode'
[2015.07.25-10.23.54:291][804]LogWorld: Bringing World /Game/StarterContent/Maps/UEDPIE_0_Minimal_Default.Minimal_Default up for play (max tick rate 0) at 2015.07.25-18.23.54
[2015.07.25-10.23.54:292][804]LogActor:Warning: GameSession /Game/StarterContent/Maps/UEDPIE_0_Minimal_Default.Minimal_Default:PersistentLevel.GameSession_1 has natively added scene component(s), but none of them were set as the actor's RootComponent - picking one arbitrarily
[2015.07.25-10.23.54:293][804]LogActor:Warning: GameNetworkManager /Game/StarterContent/Maps/UEDPIE_0_Minimal_Default.Minimal_Default:PersistentLevel.GameNetworkManager_1 has natively added scene component(s), but none of them were set as the actor's RootComponent - picking one arbitrarily
[2015.07.25-10.23.54:297][804]LogWorld: Bringing up level for play took: 0.009598
[2015.07.25-10.23.54:300][804]PIE: Info Play in editor start time for /Game/StarterContent/Maps/UEDPIE_0_Minimal_Default 0.924
[2015.07.25-10.23.56:499][ 46]LogParticles: Destroying 0 GPU particle simulations for FXSystem 0x000000000FE24AE0
[2015.07.25-10.24.03:107][649]LogPlayLevel: PIE:  No blueprints needed recompiling
[2015.07.25-10.24.03:108][649]PIE: New page: PIE session: Minimal_Default (Jul 26, 2015, 2:24:03 AM)
[2015.07.25-10.24.03:109][649]LogPlayLevel: Creating play world package: /Game/StarterContent/Maps/UEDPIE_0_Minimal_Default
[2015.07.25-10.24.03:117][649]LogPlayLevel: PIE: StaticDuplicateObject took: (0.007956s)
[2015.07.25-10.24.03:120][649]LogAIModule: Creating AISystem for world Minimal_Default
[2015.07.25-10.24.03:121][649]LogPlayLevel: PIE: World Init took: (0.002618s)
[2015.07.25-10.24.03:122][649]LogPlayLevel: PIE: Created PIE world by copying editor world from /Game/StarterContent/Maps/Minimal_Default.Minimal_Default to /Game/StarterContent/Maps/UEDPIE_0_Minimal_Default.Minimal_Default (0.012416s)
[2015.07.25-10.24.03:159][649]LogInit: XAudio2 using '喇叭 (ASUS Xonar DS Audio Device)' : 2 channels at 44.1 kHz using 16 bits per sample (channel mask 0x3)
[2015.07.25-10.24.03:163][649]LogInit: FAudioDevice initialized.
[2015.07.25-10.24.03:203][649]LogWorld: Game class is 'DemoGameMode'
[2015.07.25-10.24.03:208][649]LogWorld: Bringing World /Game/StarterContent/Maps/UEDPIE_0_Minimal_Default.Minimal_Default up for play (max tick rate 0) at 2015.07.25-18.24.03
[2015.07.25-10.24.03:209][649]LogActor:Warning: GameSession /Game/StarterContent/Maps/UEDPIE_0_Minimal_Default.Minimal_Default:PersistentLevel.GameSession_2 has natively added scene component(s), but none of them were set as the actor's RootComponent - picking one arbitrarily
[2015.07.25-10.24.03:210][649]LogActor:Warning: GameNetworkManager /Game/StarterContent/Maps/UEDPIE_0_Minimal_Default.Minimal_Default:PersistentLevel.GameNetworkManager_2 has natively added scene component(s), but none of them were set as the actor's RootComponent - picking one arbitrarily
[2015.07.25-10.24.03:213][649]LogWorld: Bringing up level for play took: 0.008221
[2015.07.25-10.24.03:216][649]PIE: Info Play in editor start time for /Game/StarterContent/Maps/UEDPIE_0_Minimal_Default -0.16
[2015.07.25-10.24.05:537][889]LogParticles: Destroying 0 GPU particle simulations for FXSystem 0x000000000FE24540
[2015.07.25-10.24.08:430][153]LogEditorViewport: Clicking on Actor (LMB): PlayerStart (Player Start)
[2015.07.25-10.24.10:632][385]LogNavigationPoint: PostEditMove Clear paths rebuilt
[2015.07.25-10.24.11:560][453]LogPlayLevel: PIE:  No blueprints needed recompiling
[2015.07.25-10.24.11:561][453]PIE: New page: PIE session: Minimal_Default (Jul 26, 2015, 2:24:11 AM)
[2015.07.25-10.24.11:562][453]LogPlayLevel: Creating play world package: /Game/StarterContent/Maps/UEDPIE_0_Minimal_Default
[2015.07.25-10.24.11:570][453]LogPlayLevel: PIE: StaticDuplicateObject took: (0.007785s)
[2015.07.25-10.24.11:572][453]LogAIModule: Creating AISystem for world Minimal_Default
[2015.07.25-10.24.11:573][453]LogPlayLevel: PIE: World Init took: (0.002148s)
[2015.07.25-10.24.11:574][453]LogPlayLevel: PIE: Created PIE world by copying editor world from /Game/StarterContent/Maps/Minimal_Default.Minimal_Default to /Game/StarterContent/Maps/UEDPIE_0_Minimal_Default.Minimal_Default (0.011462s)
[2015.07.25-10.24.11:611][453]LogInit: XAudio2 using '喇叭 (ASUS Xonar DS Audio Device)' : 2 channels at 44.1 kHz using 16 bits per sample (channel mask 0x3)
[2015.07.25-10.24.11:615][453]LogInit: FAudioDevice initialized.
[2015.07.25-10.24.11:652][453]LogWorld: Game class is 'DemoGameMode'
[2015.07.25-10.24.11:658][453]LogWorld: Bringing World /Game/StarterContent/Maps/UEDPIE_0_Minimal_Default.Minimal_Default up for play (max tick rate 0) at 2015.07.25-18.24.11
[2015.07.25-10.24.11:659][453]LogActor:Warning: GameSession /Game/StarterContent/Maps/UEDPIE_0_Minimal_Default.Minimal_Default:PersistentLevel.GameSession_3 has natively added scene component(s), but none of them were set as the actor's RootComponent - picking one arbitrarily
[2015.07.25-10.24.11:660][453]LogActor:Warning: GameNetworkManager /Game/StarterContent/Maps/UEDPIE_0_Minimal_Default.Minimal_Default:PersistentLevel.GameNetworkManager_3 has natively added scene component(s), but none of them were set as the actor's RootComponent - picking one arbitrarily
[2015.07.25-10.24.11:663][453]LogWorld: Bringing up level for play took: 0.008048
[2015.07.25-10.24.11:666][453]PIE: Info Play in editor start time for /Game/StarterContent/Maps/UEDPIE_0_Minimal_Default 0.29
[2015.07.25-10.24.13:805][683]LogParticles: Destroying 0 GPU particle simulations for FXSystem 0x000000000FE268E0
[2015.07.25-10.24.23:641][672]LogPlayLevel: PIE:  No blueprints needed recompiling
[2015.07.25-10.24.23:643][672]PIE: New page: PIE session: Minimal_Default (Jul 26, 2015, 2:24:23 AM)
[2015.07.25-10.24.23:643][672]LogPlayLevel: Creating play world package: /Game/StarterContent/Maps/UEDPIE_0_Minimal_Default
[2015.07.25-10.24.23:652][672]LogPlayLevel: PIE: StaticDuplicateObject took: (0.007913s)
[2015.07.25-10.24.23:653][672]LogAIModule: Creating AISystem for world Minimal_Default
[2015.07.25-10.24.23:655][672]LogPlayLevel: PIE: World Init took: (0.001930s)
[2015.07.25-10.24.23:655][672]LogPlayLevel: PIE: Created PIE world by copying editor world from /Game/StarterContent/Maps/Minimal_Default.Minimal_Default to /Game/StarterContent/Maps/UEDPIE_0_Minimal_Default.Minimal_Default (0.011504s)
[2015.07.25-10.24.23:693][672]LogInit: XAudio2 using '喇叭 (ASUS Xonar DS Audio Device)' : 2 channels at 44.1 kHz using 16 bits per sample (channel mask 0x3)
[2015.07.25-10.24.23:697][672]LogInit: FAudioDevice initialized.
[2015.07.25-10.24.23:737][672]LogWorld: Game class is 'DemoGameMode'
[2015.07.25-10.24.23:743][672]LogWorld: Bringing World /Game/StarterContent/Maps/UEDPIE_0_Minimal_Default.Minimal_Default up for play (max tick rate 0) at 2015.07.25-18.24.23
[2015.07.25-10.24.23:744][672]LogActor:Warning: GameSession /Game/StarterContent/Maps/UEDPIE_0_Minimal_Default.Minimal_Default:PersistentLevel.GameSession_4 has natively added scene component(s), but none of them were set as the actor's RootComponent - picking one arbitrarily
[2015.07.25-10.24.23:745][672]LogActor:Warning: GameNetworkManager /Game/StarterContent/Maps/UEDPIE_0_Minimal_Default.Minimal_Default:PersistentLevel.GameNetworkManager_4 has natively added scene component(s), but none of them were set as the actor's RootComponent - picking one arbitrarily
[2015.07.25-10.24.23:748][672]LogWorld: Bringing up level for play took: 0.008235
[2015.07.25-10.24.23:750][672]PIE: Info Play in editor start time for /Game/StarterContent/Maps/UEDPIE_0_Minimal_Default 0.375
[2015.07.25-10.24.25:875][912]LogParticles: Destroying 0 GPU particle simulations for FXSystem 0x0000000013B751C0
[2015.07.25-10.25.16:749][367]LogD3D11RHI: InitD3DDevice
[2015.07.25-10.25.16:751][367]Recompiling Demo...
[2015.07.25-10.25.16:752][367]Launching UnrealBuildTool... [C:/Program Files/Epic Games/4.8/Engine/Binaries/DotNET/UnrealBuildTool.exe Demo -ModuleWithSuffix Demo 1728 Win64 Development -editorrecompile -canskiplink "D:/Users/SCW/Documents/Unreal Projects/Demo/Demo.uproject" -rocket  -rocket]
[2015.07.25-10.25.16:756][367]Warning: Starting HotReload took  0.1s.
[2015.07.25-10.25.27:821][923]LogD3D11RHI: InitD3DDevice
[2015.07.25-10.25.29:873][ 32]LogD3D11RHI: InitD3DDevice
[2015.07.25-10.26.01:019][799]LogEditorViewport: Clicking on Actor (LMB): BP_BasicCharacterControl_C (BP_BasicCharacterControl)
[2015.07.25-10.27.15:766][492]CompilerResultsLog: New page: Compilation - Jul 26, 2015, 2:27:15 AM
[2015.07.25-10.27.15:767][492]CompilerResultsLog: Info Compiling game modules for hot reload
[2015.07.25-10.27.15:768][492]CompilerResultsLog: Info Parsing headers for DemoEditor
[2015.07.25-10.27.15:768][492]CompilerResultsLog: Info Reflection code generated for DemoEditor
[2015.07.25-10.27.15:769][492]CompilerResultsLog: Info Performing 2 actions (4 in parallel)
[2015.07.25-10.27.15:769][492]CompilerResultsLog: Info BasicCharacterControl.cpp
[2015.07.25-10.27.15:770][492]CompilerResultsLog: Info [2/2] Link UE4Editor-Demo-1728.dll
[2015.07.25-10.27.15:770][492]CompilerResultsLog: Info    Creating library D:\Users\SCW\Documents\Unreal Projects\Demo\Intermediate/Build/Win64\UE4Editor\Development\UE4Editor-Demo-1728.lib and object D:\Users\SCW\Documents\Unreal Projects\Demo\Intermediate/Build/Win64\UE4Editor\Development\UE4Editor-Demo-1728.exp
[2015.07.25-10.27.15:771][492]CompilerResultsLog: Info -------- End Detailed Actions Stats -----------------------------------------------------------
[2015.07.25-10.27.15:771][492]CompilerResultsLog: Info Total build time: 118.17 seconds
[2015.07.25-10.27.15:772][492]LogMainFrame: MainFrame: Module compiling took 119.031 seconds
[2015.07.25-10.27.15:773][492]LogActorComponent: UnregisterComponent: (/Engine/Transient.CharMoveComp) Not registered. Aborting.
[2015.07.25-10.27.15:803][492]LogParticles: Destroying 0 GPU particle simulations for FXSystem 0x000000000FE353A0
[2015.07.25-10.27.15:850][492]LogContentBrowser: Native class hierarchy updated for 'Demo' in 0.0019 seconds. Added 3 classes and 2 folders.
[2015.07.25-10.27.15:854][492]Warning: HotReload successful (0 functions remapped  0 scriptstructs remapped)
[2015.07.25-10.27.16:498][492]LogContentBrowser: Native class hierarchy populated in 0.0118 seconds. Added 1796 classes and 305 folders.
[2015.07.25-10.27.21:487][633]LogPlayLevel: PIE:  No blueprints needed recompiling
[2015.07.25-10.27.21:488][633]PIE: New page: PIE session: Minimal_Default (Jul 26, 2015, 2:27:21 AM)
[2015.07.25-10.27.21:489][633]LogPlayLevel: Creating play world package: /Game/StarterContent/Maps/UEDPIE_0_Minimal_Default
[2015.07.25-10.27.21:568][633]LogPlayLevel: PIE: StaticDuplicateObject took: (0.078931s)
[2015.07.25-10.27.21:570][633]LogAIModule: Creating AISystem for world Minimal_Default
[2015.07.25-10.27.21:573][633]LogPlayLevel: PIE: World Init took: (0.003761s)
[2015.07.25-10.27.21:574][633]LogPlayLevel: PIE: Created PIE world by copying editor world from /Game/StarterContent/Maps/Minimal_Default.Minimal_Default to /Game/StarterContent/Maps/UEDPIE_0_Minimal_Default.Minimal_Default (0.084857s)
[2015.07.25-10.27.21:574][633]LogActorComponent: UnregisterComponent: (/Engine/Transient.CharMoveComp) Not registered. Aborting.
[2015.07.25-10.27.21:723][633]LogInit: XAudio2 using '喇叭 (ASUS Xonar DS Audio Device)' : 2 channels at 44.1 kHz using 16 bits per sample (channel mask 0x3)
[2015.07.25-10.27.21:850][633]LogInit: FAudioDevice initialized.
[2015.07.25-10.27.21:994][633]LogWorld: Game class is 'DemoGameMode'
[2015.07.25-10.27.22:006][633]LogWorld: Bringing World /Game/StarterContent/Maps/UEDPIE_0_Minimal_Default.Minimal_Default up for play (max tick rate 0) at 2015.07.25-18.27.22
[2015.07.25-10.27.22:007][633]LogActor:Warning: GameSession /Game/StarterContent/Maps/UEDPIE_0_Minimal_Default.Minimal_Default:PersistentLevel.GameSession_5 has natively added scene component(s), but none of them were set as the actor's RootComponent - picking one arbitrarily
[2015.07.25-10.27.22:008][633]LogActor:Warning: GameNetworkManager /Game/StarterContent/Maps/UEDPIE_0_Minimal_Default.Minimal_Default:PersistentLevel.GameNetworkManager_5 has natively added scene component(s), but none of them were set as the actor's RootComponent - picking one arbitrarily
[2015.07.25-10.27.22:013][633]LogWorld: Bringing up level for play took: 0.013181
[2015.07.25-10.27.22:018][633]PIE: Info Play in editor start time for /Game/StarterContent/Maps/UEDPIE_0_Minimal_Default 0.646
[2015.07.25-10.27.24:456][849]LogParticles: Destroying 0 GPU particle simulations for FXSystem 0x00000000271AD4E0
[2015.07.25-10.27.26:878][999]LogPlayLevel: PIE:  No blueprints needed recompiling
[2015.07.25-10.27.26:879][999]PIE: New page: PIE session: Minimal_Default (Jul 26, 2015, 2:27:26 AM)
[2015.07.25-10.27.26:879][999]LogPlayLevel: Creating play world package: /Game/StarterContent/Maps/UEDPIE_0_Minimal_Default
[2015.07.25-10.27.26:888][999]LogPlayLevel: PIE: StaticDuplicateObject took: (0.008478s)
[2015.07.25-10.27.26:890][999]LogAIModule: Creating AISystem for world Minimal_Default
[2015.07.25-10.27.26:891][999]LogPlayLevel: PIE: World Init took: (0.001999s)
[2015.07.25-10.27.26:892][999]LogPlayLevel: PIE: Created PIE world by copying editor world from /Game/StarterContent/Maps/Minimal_Default.Minimal_Default to /Game/StarterContent/Maps/UEDPIE_0_Minimal_Default.Minimal_Default (0.012090s)
[2015.07.25-10.27.26:937][999]LogInit: XAudio2 using '喇叭 (ASUS Xonar DS Audio Device)' : 2 channels at 44.1 kHz using 16 bits per sample (channel mask 0x3)
[2015.07.25-10.27.26:941][999]LogInit: FAudioDevice initialized.
[2015.07.25-10.27.26:982][999]LogWorld: Game class is 'DemoGameMode'
[2015.07.25-10.27.26:990][999]LogWorld: Bringing World /Game/StarterContent/Maps/UEDPIE_0_Minimal_Default.Minimal_Default up for play (max tick rate 0) at 2015.07.25-18.27.26
[2015.07.25-10.27.26:991][999]LogActor:Warning: GameSession /Game/StarterContent/Maps/UEDPIE_0_Minimal_Default.Minimal_Default:PersistentLevel.GameSession_6 has natively added scene component(s), but none of them were set as the actor's RootComponent - picking one arbitrarily
[2015.07.25-10.27.26:992][999]LogActor:Warning: GameNetworkManager /Game/StarterContent/Maps/UEDPIE_0_Minimal_Default.Minimal_Default:PersistentLevel.GameNetworkManager_6 has natively added scene component(s), but none of them were set as the actor's RootComponent - picking one arbitrarily
[2015.07.25-10.27.26:995][999]LogWorld: Bringing up level for play took: 0.009515
[2015.07.25-10.27.26:999][999]PIE: Info Play in editor start time for /Game/StarterContent/Maps/UEDPIE_0_Minimal_Default -0.374
[2015.07.25-10.27.28:998][220]LogParticles: Destroying 0 GPU particle simulations for FXSystem 0x00000000693C16C0
[2015.07.25-10.27.33:428][642]LogEditorViewport: Clicking on Actor (LMB): StaticMeshActor (Floor)
[2015.07.25-10.27.33:838][674]Cmd: EDIT COPY
[2015.07.25-10.27.34:459][735]Cmd: EDIT PASTE
[2015.07.25-10.27.37:698][ 10]LogPlayLevel: PIE:  No blueprints needed recompiling
[2015.07.25-10.27.37:699][ 10]PIE: New page: PIE session: Minimal_Default (Jul 26, 2015, 2:27:37 AM)
[2015.07.25-10.27.37:699][ 10]LogPlayLevel: Creating play world package: /Game/StarterContent/Maps/UEDPIE_0_Minimal_Default
[2015.07.25-10.27.37:708][ 10]LogPlayLevel: PIE: StaticDuplicateObject took: (0.008075s)
[2015.07.25-10.27.37:709][ 10]LogAIModule: Creating AISystem for world Minimal_Default
[2015.07.25-10.27.37:710][ 10]LogPlayLevel: PIE: World Init took: (0.002143s)
[2015.07.25-10.27.37:711][ 10]LogPlayLevel: PIE: Created PIE world by copying editor world from /Game/StarterContent/Maps/Minimal_Default.Minimal_Default to /Game/StarterContent/Maps/UEDPIE_0_Minimal_Default.Minimal_Default (0.012040s)
[2015.07.25-10.27.37:758][ 10]LogInit: XAudio2 using '喇叭 (ASUS Xonar DS Audio Device)' : 2 channels at 44.1 kHz using 16 bits per sample (channel mask 0x3)
[2015.07.25-10.27.37:762][ 10]LogInit: FAudioDevice initialized.
[2015.07.25-10.27.37:803][ 10]LogWorld: Game class is 'DemoGameMode'
[2015.07.25-10.27.37:810][ 10]LogWorld: Bringing World /Game/StarterContent/Maps/UEDPIE_0_Minimal_Default.Minimal_Default up for play (max tick rate 0) at 2015.07.25-18.27.37
[2015.07.25-10.27.37:811][ 10]LogActor:Warning: GameSession /Game/StarterContent/Maps/UEDPIE_0_Minimal_Default.Minimal_Default:PersistentLevel.GameSession_7 has natively added scene component(s), but none of them were set as the actor's RootComponent - picking one arbitrarily
[2015.07.25-10.27.37:812][ 10]LogActor:Warning: GameNetworkManager /Game/StarterContent/Maps/UEDPIE_0_Minimal_Default.Minimal_Default:PersistentLevel.GameNetworkManager_7 has natively added scene component(s), but none of them were set as the actor's RootComponent - picking one arbitrarily
[2015.07.25-10.27.37:815][ 10]LogWorld: Bringing up level for play took: 0.009310
[2015.07.25-10.27.37:819][ 10]PIE: Info Play in editor start time for /Game/StarterContent/Maps/UEDPIE_0_Minimal_Default 0.447
[2015.07.25-10.27.47:906][197]LogParticles: Destroying 0 GPU particle simulations for FXSystem 0x00000000691AB240
[2015.07.25-10.27.58:381][147]LogEditorViewport: Clicking on Actor (LMB): BP_BasicCharacterControl_C (BP_BasicCharacterControl)
[2015.07.25-10.28.17:718][481]LogActorComponent: UnregisterComponent: (/Engine/Transient.CharMoveComp) Not registered. Aborting.
[2015.07.25-10.28.17:769][481]LogD3D11RHI: InitD3DDevice
[2015.07.25-10.28.18:144][481]LogSavePackage: Save=180.975540ms
[2015.07.25-10.28.18:145][481]LogSavePackage: Moving 'D:/Users/SCW/Documents/Unreal Projects/Demo/Saved/Minimal_DefaultBADFB5B944C86E3CFB1A8F8DA1EA35DF.tmp' to 'D:/Users/SCW/Documents/Unreal Projects/Demo/Content/StarterContent/Maps/Minimal_Default.umap'
[2015.07.25-10.28.18:182][481]LogFileHelpers: Saving map 'Minimal_Default' took 0.406
[2015.07.25-10.28.19:335][579]LogActorComponent: UnregisterComponent: (/Engine/Transient.EditorFloorComp) Not registered. Aborting.
[2015.07.25-10.28.19:711][580]Cmd: QUIT_EDITOR
[2015.07.25-10.28.20:089][580]LogExit: Preparing to exit.
[2015.07.25-10.28.20:684][580]LogExit: Editor shut down
[2015.07.25-10.28.20:685][580]LogExit: Transaction tracking system shut down
[2015.07.25-10.28.20:687][580]LogParticles: Destroying 0 GPU particle simulations for FXSystem 0x000000000E6DC400
[2015.07.25-10.28.20:688][580]LogParticles: Destroying 0 GPU particle simulations for FXSystem 0x000000002BD379C0
[2015.07.25-10.28.20:690][580]LogParticles: Destroying 0 GPU particle simulations for FXSystem 0x0000000016164A40
[2015.07.25-10.28.20:691][580]LogParticles: Destroying 0 GPU particle simulations for FXSystem 0x000000000DE73D80
[2015.07.25-10.28.20:691][580]LogParticles: Destroying 0 GPU particle simulations for FXSystem 0x00000000161656C0
[2015.07.25-10.28.20:693][580]LogParticles: Destroying 0 GPU particle simulations for FXSystem 0x000000000F335BC0
[2015.07.25-10.28.20:694][580]LogParticles: Destroying 0 GPU particle simulations for FXSystem 0x0000000016D45120
[2015.07.25-10.28.20:697][580]LogParticles: Destroying 0 GPU particle simulations for FXSystem 0x00000000691C84A0
[2015.07.25-10.28.21:010][580]LogExit: Object subsystem successfully closed.
[2015.07.25-10.28.21:063][580]LogD3D11RHI: Shutdown
[2015.07.25-10.28.21:064][580]LogD3D11RHI: CleanupD3DDevice
[2015.07.25-10.28.21:804][580]LogD3D11RHI: ~FD3D11DynamicRHI
[2015.07.25-10.28.21:835][580]LogModuleManager: Shutting down and abandoning module CrashTracker (189)
[2015.07.25-10.28.21:836][580]LogModuleManager: Shutting down and abandoning module SceneOutliner (188)
[2015.07.25-10.28.21:836][580]LogModuleManager: Shutting down and abandoning module SuperSearch (187)
[2015.07.25-10.28.21:837][580]LogModuleManager: Shutting down and abandoning module WidgetCarousel (186)
[2015.07.25-10.28.21:838][580]LogModuleManager: Shutting down and abandoning module AddContentDialog (185)
[2015.07.25-10.28.21:842][580]LogModuleManager: Shutting down and abandoning module EditorWidgets (184)
[2015.07.25-10.28.21:842][580]LogModuleManager: Shutting down and abandoning module CollectionManager (183)
[2015.07.25-10.28.21:844][580]LogModuleManager: Shutting down and abandoning module StatsViewer (182)
[2015.07.25-10.28.21:846][580]LogModuleManager: Shutting down and abandoning module FoliageEdit (181)
[2015.07.25-10.28.21:846][580]LogModuleManager: Shutting down and abandoning module LandscapeEditor (180)
[2015.07.25-10.28.21:848][580]LogModuleManager: Shutting down and abandoning module ActorPickerMode (179)
[2015.07.25-10.28.21:848][580]LogModuleManager: Shutting down and abandoning module GeometryMode (178)
[2015.07.25-10.28.21:848][580]LogModuleManager: Shutting down and abandoning module TextureAlignMode (177)
[2015.07.25-10.28.21:849][580]LogModuleManager: Shutting down and abandoning module BspMode (176)
[2015.07.25-10.28.21:849][580]LogModuleManager: Shutting down and abandoning module PlacementMode (175)
[2015.07.25-10.28.21:850][580]LogModuleManager: Shutting down and abandoning module AutomationWorker (174)
[2015.07.25-10.28.21:850][580]LogModuleManager: Shutting down and abandoning module CharacterAI (173)
[2015.07.25-10.28.21:850][580]LogModuleManager: Shutting down and abandoning module SmartSnapping (172)
[2015.07.25-10.28.21:851][580]LogModuleManager: Shutting down and abandoning module ViewportSnapping (171)
[2015.07.25-10.28.21:851][580]LogModuleManager: Shutting down and abandoning module LogVisualizer (170)
[2015.07.25-10.28.21:852][580]LogModuleManager: Shutting down and abandoning module GameProjectGeneration (169)
[2015.07.25-10.28.21:854][580]LogModuleManager: Shutting down and abandoning module IntroTutorials (168)
[2015.07.25-10.28.21:855][580]LogModuleManager: Shutting down and abandoning module EditorLiveStreaming (167)
[2015.07.25-10.28.21:856][580]LogModuleManager: Shutting down and abandoning module IOSPlatformEditor (166)
[2015.07.25-10.28.21:857][580]LogModuleManager: Shutting down and abandoning module HTML5PlatformEditor (165)
[2015.07.25-10.28.21:857][580]LogModuleManager: Shutting down and abandoning module AndroidDeviceDetection (164)
[2015.07.25-10.28.22:077][580]LogModuleManager: Shutting down and abandoning module AndroidPlatformEditor (163)
[2015.07.25-10.28.22:077][580]LogModuleManager: Shutting down and abandoning module IOSRuntimeSettings (162)
[2015.07.25-10.28.22:077][580]LogModuleManager: Shutting down and abandoning module AndroidRuntimeSettings (161)
[2015.07.25-10.28.22:078][580]LogModuleManager: Shutting down and abandoning module MergeActors (160)
[2015.07.25-10.28.22:079][580]LogModuleManager: Shutting down and abandoning module SizeMap (159)
[2015.07.25-10.28.22:079][580]LogModuleManager: Shutting down and abandoning module TreeMap (158)
[2015.07.25-10.28.22:080][580]LogModuleManager: Shutting down and abandoning module ReferenceViewer (157)
[2015.07.25-10.28.22:081][580]LogModuleManager: Shutting down and abandoning module LocalizationDashboard (156)
[2015.07.25-10.28.22:081][580]LogModuleManager: Shutting down and abandoning module HardwareTargeting (155)
[2015.07.25-10.28.22:082][580]LogModuleManager: Shutting down and abandoning module DeviceProfileEditor (154)
[2015.07.25-10.28.22:082][580]LogModuleManager: Shutting down and abandoning module UndoHistory (153)
[2015.07.25-10.28.22:083][580]LogModuleManager: Shutting down and abandoning module GameplayTagsEditor (152)
[2015.07.25-10.28.22:083][580]LogModuleManager: Shutting down and abandoning module UserFeedback (151)
[2015.07.25-10.28.22:083][580]LogModuleManager: Shutting down and abandoning module XmlParser (150)
[2015.07.25-10.28.22:084][580]LogModuleManager: Shutting down and abandoning module Blutility (149)
[2015.07.25-10.28.22:084][580]LogModuleManager: Shutting down and abandoning module ProjectTargetPlatformEditor (148)
[2015.07.25-10.28.22:085][580]LogModuleManager: Shutting down and abandoning module ProjectSettingsViewer (147)
[2015.07.25-10.28.22:085][580]LogModuleManager: Shutting down and abandoning module InputBindingEditor (146)
[2015.07.25-10.28.22:087][580]LogModuleManager: Shutting down and abandoning module EditorSettingsViewer (145)
[2015.07.25-10.28.22:087][580]LogModuleManager: Shutting down and abandoning module SettingsEditor (144)
[2015.07.25-10.28.22:089][580]LogModuleManager: Shutting down and abandoning module ProjectLauncher (143)
[2015.07.25-10.28.22:090][580]LogModuleManager: Shutting down and abandoning module SessionFrontend (142)
[2015.07.25-10.28.22:091][580]LogModuleManager: Shutting down and abandoning module ProfilerClient (141)
[2015.07.25-10.28.22:092][580]LogModuleManager: Shutting down and abandoning module TargetDeviceServices (140)
[2015.07.25-10.28.22:093][580]LogModuleManager: Shutting down and abandoning module DeviceManager (139)
[2015.07.25-10.28.22:093][580]LogModuleManager: Shutting down and abandoning module AutomationController (138)
[2015.07.25-10.28.22:094][580]LogModuleManager: Shutting down and abandoning module AutomationWindow (137)
[2015.07.25-10.28.22:095][580]LogModuleManager: Shutting down and abandoning module Layers (136)
[2015.07.25-10.28.22:098][580]LogModuleManager: Shutting down and abandoning module ComponentVisualizers (135)
[2015.07.25-10.28.22:098][580]LogModuleManager: Shutting down and abandoning module DetailCustomizations (134)
[2015.07.25-10.28.22:098][580]LogModuleManager: Shutting down and abandoning module PackagesDialog (133)
[2015.07.25-10.28.22:099][580]LogModuleManager: Shutting down and abandoning module AssetRegistry (132)
[2015.07.25-10.28.22:144][580]LogModuleManager: Shutting down and abandoning module Persona (131)
[2015.07.25-10.28.22:146][580]LogModuleManager: Shutting down and abandoning module Kismet (130)
[2015.07.25-10.28.22:147][580]LogModuleManager: Shutting down and abandoning module GraphEditor (129)
[2015.07.25-10.28.22:147][580]LogModuleManager: Shutting down and abandoning module ClassViewer (128)
[2015.07.25-10.28.22:149][580]LogModuleManager: Shutting down and abandoning module Toolbox (127)
[2015.07.25-10.28.22:149][580]LogModuleManager: Shutting down and abandoning module ModuleUI (126)
[2015.07.25-10.28.22:150][580]LogModuleManager: Shutting down and abandoning module MovieSceneTools (125)
[2015.07.25-10.28.22:151][580]LogModuleManager: Shutting down and abandoning module OutputLog (124)
[2015.07.25-10.28.22:152][580]LogModuleManager: Shutting down and abandoning module GammaUI (123)
[2015.07.25-10.28.22:152][580]LogModuleManager: Shutting down and abandoning module Documentation (122)
[2015.07.25-10.28.22:153][580]LogModuleManager: Shutting down and abandoning module GameLiveStreaming (121)
[2015.07.25-10.28.22:154][580]LogModuleManager: Shutting down and abandoning module StreamingPauseRendering (120)
[2015.07.25-10.28.22:154][580]LogModuleManager: Shutting down and abandoning module AnalyticsET (119)
[2015.07.25-10.28.22:154][580]LogModuleManager: Shutting down and abandoning module Analytics (118)
[2015.07.25-10.28.22:155][580]LogModuleManager: Shutting down and abandoning module AITestSuite (117)
[2015.07.25-10.28.22:156][580]LogModuleManager: Shutting down and abandoning module GameplayDebugger (116)
[2015.07.25-10.28.22:156][580]LogModuleManager: Shutting down and abandoning module AIModule (115)
[2015.07.25-10.28.22:156][580]LogModuleManager: Shutting down and abandoning module ProfilerService (114)
[2015.07.25-10.28.22:316][580]LogModuleManager: Shutting down and abandoning module TaskGraph (113)
[2015.07.25-10.28.22:317][580]LogModuleManager: Shutting down and abandoning module SlateRemote (112)
[2015.07.25-10.28.22:318][580]LogModuleManager: Shutting down and abandoning module SteamVRController (111)
[2015.07.25-10.28.22:318][580]LogModuleManager: Shutting down and abandoning module SteamVR (110)
[2015.07.25-10.28.22:319][580]LogModuleManager: Shutting down and abandoning module ProceduralMeshComponent (109)
[2015.07.25-10.28.22:319][580]LogModuleManager: Shutting down and abandoning module OculusRift (108)
[2015.07.25-10.28.22:320][580]LogModuleManager: Shutting down and abandoning module LeapMotionController (107)
[2015.07.25-10.28.22:335][580]LogModuleManager: Shutting down and abandoning module CustomMeshComponent (106)
[2015.07.25-10.28.22:336][580]LogModuleManager: Shutting down and abandoning module CableComponent (105)
[2015.07.25-10.28.22:336][580]LogModuleManager: Shutting down and abandoning module MessagingDebugger (104)
[2015.07.25-10.28.22:338][580]LogModuleManager: Shutting down and abandoning module MediaPlayerEditor (103)
[2015.07.25-10.28.22:340][580]LogModuleManager: Shutting down and abandoning module SpeedTreeImporter (102)
[2015.07.25-10.28.22:341][580]LogModuleManager: Shutting down and abandoning module PluginBrowser (101)
[2015.07.25-10.28.22:341][580]LogModuleManager: Shutting down and abandoning module EpicSurvey (100)
[2015.07.25-10.28.22:342][580]LogModuleManager: Shutting down and abandoning module DesktopPlatform (99)
[2015.07.25-10.28.22:344][580]LogModuleManager: Shutting down and abandoning module VisualStudioSourceCodeAccess (98)
[2015.07.25-10.28.22:345][580]LogModuleManager: Shutting down and abandoning module UObjectPlugin (97)
[2015.07.25-10.28.22:345][580]LogModuleManager: Shutting down and abandoning module SubversionSourceControl (96)
[2015.07.25-10.28.22:346][580]LogModuleManager: Shutting down and abandoning module PerforceSourceControl (95)
[2015.07.25-10.28.22:348][580]LogModuleManager: Shutting down and abandoning module SourceControl (94)
[2015.07.25-10.28.22:349][580]LogModuleManager: Shutting down and abandoning module GitSourceControl (93)
[2015.07.25-10.28.22:350][580]LogModuleManager: Shutting down and abandoning module BlankPlugin (92)
[2015.07.25-10.28.22:350][580]LogModuleManager: Shutting down and abandoning module PaperTiledImporter (91)
[2015.07.25-10.28.22:351][580]LogModuleManager: Shutting down and abandoning module PaperSpriteSheetImporter (90)
[2015.07.25-10.28.22:351][580]LogModuleManager: Shutting down and abandoning module MeshPaint (89)
[2015.07.25-10.28.22:352][580]LogModuleManager: Shutting down and abandoning module SlateReflector (88)
[2015.07.25-10.28.22:354][580]LogModuleManager: Shutting down and abandoning module DirectoryWatcher (87)
[2015.07.25-10.28.22:355][580]LogModuleManager: Shutting down and abandoning module HotReload (86)
[2015.07.25-10.28.22:356][580]LogModuleManager: Shutting down and abandoning module MainFrame (85)
[2015.07.25-10.28.22:357][580]LogModuleManager: Shutting down and abandoning module LevelEditor (84)
[2015.07.25-10.28.22:359][580]LogModuleManager: Shutting down and abandoning module ContentBrowser (83)
[2015.07.25-10.28.22:363][580]LogModuleManager: Shutting down and abandoning module Paper2DEditor (82)
[2015.07.25-10.28.22:366][580]LogModuleManager: Shutting down and abandoning module Demo (81)
[2015.07.25-10.28.22:366][580]LogModuleManager: Shutting down and abandoning module UdpMessaging (80)
[2015.07.25-10.28.22:467][580]LogModuleManager: Shutting down and abandoning module Paper2D (79)
[2015.07.25-10.28.22:468][580]LogModuleManager: Shutting down and abandoning module WindowsMoviePlayer (78)
[2015.07.25-10.28.22:473][580]LogModuleManager: Shutting down and abandoning module Media (77)
[2015.07.25-10.28.22:474][580]LogModuleManager: Shutting down and abandoning module WmfMedia (76)
[2015.07.25-10.28.22:476][580]LogModuleManager: Shutting down and abandoning module OnlineBlueprintSupport (75)
[2015.07.25-10.28.22:477][580]LogModuleManager: Shutting down and abandoning module PropertyEditor (74)
[2015.07.25-10.28.22:477][580]LogModuleManager: Shutting down and abandoning module BehaviorTreeEditor (73)
[2015.07.25-10.28.22:479][580]LogModuleManager: Shutting down and abandoning module FunctionalTesting (72)
[2015.07.25-10.28.22:480][580]LogModuleManager: Shutting down and abandoning module CollisionAnalyzer (71)
[2015.07.25-10.28.22:482][580]LogModuleManager: Shutting down and abandoning module WorkspaceMenuStructure (70)
[2015.07.25-10.28.22:482][580]LogModuleManager: Shutting down and abandoning module MessageLog (69)
[2015.07.25-10.28.22:482][580]LogModuleManager: Shutting down and abandoning module Sequencer (68)
[2015.07.25-10.28.22:485][580]LogModuleManager: Shutting down and abandoning module AssetTools (67)
[2015.07.25-10.28.22:490][580]LogModuleManager: Shutting down and abandoning module UMGEditor (66)
[2015.07.25-10.28.22:492][580]LogModuleManager: Shutting down and abandoning module UMG (65)
[2015.07.25-10.28.22:493][580]LogModuleManager: Shutting down and abandoning module Slate (64)
[2015.07.25-10.28.22:493][580]LogModuleManager: Shutting down and abandoning module EditorStyle (63)
[2015.07.25-10.28.22:497][580]LogModuleManager: Shutting down and abandoning module SessionServices (62)
[2015.07.25-10.28.22:498][580]LogModuleManager: Shutting down and abandoning module SourceCodeAccess (61)
[2015.07.25-10.28.22:498][580]LogModuleManager: Shutting down and abandoning module HeadMountedDisplay (60)
[2015.07.25-10.28.22:498][580]LogModuleManager: Shutting down and abandoning module XAudio2 (59)
[2015.07.25-10.28.22:499][580]LogModuleManager: Shutting down and abandoning module Networking (57)
[2015.07.25-10.28.22:499][580]LogModuleManager: Shutting down and abandoning module Core (56)
[2015.07.25-10.28.22:499][580]LogModuleManager: Shutting down and abandoning module KismetCompiler (55)
[2015.07.25-10.28.22:500][580]LogModuleManager: Shutting down and abandoning module PhysXFormats (54)
[2015.07.25-10.28.22:500][580]LogModuleManager: Shutting down and abandoning module MeshUtilities (53)
[2015.07.25-10.28.22:502][580]LogModuleManager: Shutting down and abandoning module DerivedDataCache (52)
[2015.07.25-10.28.22:533][580]LogDerivedDataCache: Shutdown
[2015.07.25-10.28.22:533][580]LogModuleManager: Shutting down and abandoning module ShaderFormatOpenGL (51)
[2015.07.25-10.28.22:534][580]LogModuleManager: Shutting down and abandoning module ShaderFormatD3D (50)
[2015.07.25-10.28.22:535][580]LogModuleManager: Shutting down and abandoning module MetalShaderFormat (49)
[2015.07.25-10.28.22:536][580]LogModuleManager: Shutting down and abandoning module TextureFormatUncompressed (48)
[2015.07.25-10.28.22:536][580]LogModuleManager: Shutting down and abandoning module TextureFormatPVR (47)
[2015.07.25-10.28.22:537][580]LogModuleManager: Shutting down and abandoning module TextureFormatIntelISPCTexComp (46)
[2015.07.25-10.28.22:538][580]LogModuleManager: Shutting down and abandoning module TextureFormatDXT (45)
[2015.07.25-10.28.22:538][580]LogModuleManager: Shutting down and abandoning module ImageWrapper (44)
[2015.07.25-10.28.22:538][580]LogModuleManager: Shutting down and abandoning module TextureFormatASTC (43)
[2015.07.25-10.28.22:539][580]LogModuleManager: Shutting down and abandoning module TextureFormatAndroid (42)
[2015.07.25-10.28.22:539][580]LogModuleManager: Shutting down and abandoning module AudioFormatOpus (41)
[2015.07.25-10.28.22:540][580]LogModuleManager: Shutting down and abandoning module AudioFormatOgg (40)
[2015.07.25-10.28.22:541][580]LogModuleManager: Shutting down and abandoning module AudioFormatADPCM (39)
[2015.07.25-10.28.22:541][580]LogModuleManager: Shutting down and abandoning module LinuxTargetPlatform (38)
[2015.07.25-10.28.22:541][580]LogModuleManager: Shutting down and abandoning module LinuxServerTargetPlatform (37)
[2015.07.25-10.28.22:541][580]LogModuleManager: Shutting down and abandoning module LinuxNoEditorTargetPlatform (36)
[2015.07.25-10.28.22:542][580]LogModuleManager: Shutting down and abandoning module Messaging (35)
[2015.07.25-10.28.22:542][580]LogModuleManager: Shutting down and abandoning module IOSTargetPlatform (34)
[2015.07.25-10.28.22:542][580]LogModuleManager: Shutting down and abandoning module HTML5TargetPlatform (33)
[2015.07.25-10.28.22:543][580]LogModuleManager: Shutting down and abandoning module Android_PVRTCTargetPlatform (32)
[2015.07.25-10.28.22:543][580]LogModuleManager: Shutting down and abandoning module Android_ETC2TargetPlatform (31)
[2015.07.25-10.28.22:543][580]LogModuleManager: Shutting down and abandoning module Android_ETC1TargetPlatform (30)
[2015.07.25-10.28.22:543][580]LogModuleManager: Shutting down and abandoning module Android_DXTTargetPlatform (29)
[2015.07.25-10.28.22:544][580]LogModuleManager: Shutting down and abandoning module Android_ATCTargetPlatform (28)
[2015.07.25-10.28.22:544][580]LogModuleManager: Shutting down and abandoning module Android_ASTCTargetPlatform (27)
[2015.07.25-10.28.22:544][580]LogModuleManager: Shutting down and abandoning module AndroidTargetPlatform (26)
[2015.07.25-10.28.22:545][580]LogModuleManager: Shutting down and abandoning module WindowsTargetPlatform (25)
[2015.07.25-10.28.22:545][580]LogModuleManager: Shutting down and abandoning module WindowsServerTargetPlatform (24)
[2015.07.25-10.28.22:545][580]LogModuleManager: Shutting down and abandoning module WindowsNoEditorTargetPlatform (23)
[2015.07.25-10.28.22:546][580]LogModuleManager: Shutting down and abandoning module WindowsClientTargetPlatform (22)
[2015.07.25-10.28.22:546][580]LogModuleManager: Shutting down and abandoning module DesktopTargetPlatform (21)
[2015.07.25-10.28.22:546][580]LogModuleManager: Shutting down and abandoning module TargetPlatform (20)
[2015.07.25-10.28.22:546][580]LogModuleManager: Shutting down and abandoning module InputCore (19)
[2015.07.25-10.28.22:547][580]LogModuleManager: Shutting down and abandoning module Settings (18)
[2015.07.25-10.28.22:547][580]LogModuleManager: Shutting down and abandoning module OnlineSubsystem (16)
[2015.07.25-10.28.22:547][580]LogModuleManager: Shutting down and abandoning module HTTP (15)
[2015.07.25-10.28.22:548][580]LogModuleManager: Shutting down and abandoning module ExampleDeviceProfileSelector (14)
[2015.07.25-10.28.22:549][580]LogModuleManager: Shutting down and abandoning module TextureCompressor (13)
[2015.07.25-10.28.22:550][580]LogModuleManager: Shutting down and abandoning module ShaderCore (12)
[2015.07.25-10.28.22:550][580]LogModuleManager: Shutting down and abandoning module Landscape (11)
[2015.07.25-10.28.22:550][580]LogModuleManager: Shutting down and abandoning module SlateRHIRenderer (10)
[2015.07.25-10.28.22:554][580]LogModuleManager: Shutting down and abandoning module OpenGLDrv (9)
[2015.07.25-10.28.22:555][580]LogModuleManager: Shutting down and abandoning module D3D11RHI (8)
[2015.07.25-10.28.22:556][580]LogModuleManager: Shutting down and abandoning module Renderer (7)
[2015.07.25-10.28.22:556][580]LogModuleManager: Shutting down and abandoning module Engine (6)
[2015.07.25-10.28.22:556][580]LogModuleManager: Shutting down and abandoning module CoreUObject (5)
[2015.07.25-10.28.22:557][580]LogModuleManager: Shutting down and abandoning module NetworkFile (4)
[2015.07.25-10.28.22:557][580]LogModuleManager: Shutting down and abandoning module StreamingFile (3)
[2015.07.25-10.28.22:558][580]LogModuleManager: Shutting down and abandoning module SandboxFile (2)
[2015.07.25-10.28.22:559][580]LogModuleManager: Shutting down and abandoning module PakFile (1)
[2015.07.25-10.28.22:563][580]LogExit: Exiting.
[2015.07.25-10.28.22:595][580]Log file closed, 07/25/15 18:28:22
