[2015.07.25-14.30.14:650][  0]Log file open, 07/25/15 22:30:14
[2015.07.25-14.30.14:650][  0]LogInit:Display: Running engine for game: Demo
[2015.07.25-14.30.14:653][  0]LogInit:Display: RandInit(2117733404) SRandInit(2117733405).
[2015.07.25-14.30.14:654][  0]LogTaskGraph: Started task graph with 4 named threads and 7 total threads.
[2015.07.25-14.30.14:654][  0]LogStats: Stats thread started
[2015.07.25-14.30.14:655][  0]LogInit: Version: 4.8.2-2614606+++depot+UE4-Releases+4.8
[2015.07.25-14.30.14:655][  0]LogInit: API Version: 2579680
[2015.07.25-14.30.14:655][  0]LogInit: Compiled (64-bit): Jul  8 2015 23:43:41
[2015.07.25-14.30.14:656][  0]LogInit: Compiled with Visual C++: 18.00.21005.01
[2015.07.25-14.30.14:656][  0]LogInit: Build Configuration: Development
[2015.07.25-14.30.14:656][  0]LogInit: Branch Name: ++depot+UE4-Releases+4.8
[2015.07.25-14.30.14:657][  0]LogInit: Command line: 
[2015.07.25-14.30.14:657][  0]LogInit: Base directory: C:/Program Files/Epic Games/4.8/Engine/Binaries/Win64/
[2015.07.25-14.30.14:658][  0]LogInit: Rocket: 1
[2015.07.25-14.30.14:689][  0]LogInit: Using libcurl 7.41.0
[2015.07.25-14.30.14:689][  0]LogInit:  - built for x86_64-pc-win32
[2015.07.25-14.30.14:690][  0]LogInit:  - supports SSL with WinSSL
[2015.07.25-14.30.14:690][  0]LogInit:  - other features:
[2015.07.25-14.30.14:690][  0]LogInit:      CURL_VERSION_SSL
[2015.07.25-14.30.14:691][  0]LogInit:      CURL_VERSION_IPV6
[2015.07.25-14.30.14:691][  0]LogInit:      CURL_VERSION_ASYNCHDNS
[2015.07.25-14.30.14:691][  0]LogInit:      CURL_VERSION_LARGEFILE
[2015.07.25-14.30.14:691][  0]LogInit:      CURL_VERSION_IDN
[2015.07.25-14.30.14:692][  0]LogInit:  CurlRequestOptions (configurable via config and command line):
[2015.07.25-14.30.14:692][  0]LogInit:  - bVerifyPeer = true  - Libcurl will verify peer certificate
[2015.07.25-14.30.14:693][  0]LogInit:  - bUseHttpProxy = false  - Libcurl will NOT use HTTP proxy
[2015.07.25-14.30.14:693][  0]LogInit:  - bDontReuseConnections = false  - Libcurl will reuse connections
[2015.07.25-14.30.14:693][  0]LogInit:  - CertBundlePath = nullptr  - Libcurl will use whatever was configured at build time.
[2015.07.25-14.30.14:718][  0]LogOnline:Warning: No default platform service specified for OnlineSubsystem
[2015.07.25-14.30.14:776][  0]LogInit: Presizing for 0 objects not considered by GC, pre-allocating 0 bytes.
[2015.07.25-14.30.14:788][  0]LogInit: Object subsystem initialized
[2015.07.25-14.30.14:790][  0]LogConsoleResponse:Warning: Skipping Unknown console variable: 'TranslucentSortAxis = (X=0.000000,Y=-1.000000,Z=0.000000)'
[2015.07.25-14.30.14:790][  0]LogConsoleResponse:Warning:   Found in ini file 'D:/Users/SCW/Documents/Unreal Projects/Demo/Saved/Config/Windows/Engine.ini', in section '[/Script/Engine.RendererSettings]'
[2015.07.25-14.30.14:791][  0]LogConsoleResponse:Warning: Skipping Unknown console variable: 'UIScaleRule = ShortestSide'
[2015.07.25-14.30.14:791][  0]LogConsoleResponse:Warning:   Found in ini file 'D:/Users/SCW/Documents/Unreal Projects/Demo/Saved/Config/Windows/Engine.ini', in section '[/Script/Engine.RendererSettings]'
[2015.07.25-14.30.14:791][  0]LogConsoleResponse:Warning: Skipping Unknown console variable: 'UIScaleCurve = (EditorCurveData=(Keys=),ExternalCurve=None)'
[2015.07.25-14.30.14:791][  0]LogConsoleResponse:Warning:   Found in ini file 'D:/Users/SCW/Documents/Unreal Projects/Demo/Saved/Config/Windows/Engine.ini', in section '[/Script/Engine.RendererSettings]'
[2015.07.25-14.30.14:792][  0]LogInit: Selected Device Profile: [Windows]
[2015.07.25-14.30.14:792][  0]LogInit: Applying CVar settings loaded from the selected device profile: [Windows]
[2015.07.25-14.30.14:803][  0]LogInit: Computer: SCW-PC
[2015.07.25-14.30.14:803][  0]LogInit: User: SCW
[2015.07.25-14.30.14:804][  0]LogInit: CPU Page size=4096, Cores=4
[2015.07.25-14.30.14:804][  0]LogInit: High frequency timer resolution =2.483750 MHz
[2015.07.25-14.30.14:804][  0]LogMemory: Memory total: Physical=8.0GB (8GB approx)
[2015.07.25-14.30.14:805][  0]LogMemory: Platform Memory Stats for Windows
[2015.07.25-14.30.14:805][  0]LogMemory: Process Physical Memory: 50.68 MB used, 50.68 MB peak
[2015.07.25-14.30.14:805][  0]LogMemory: Process Virtual Memory: 22.46 MB used, 24.34 MB peak
[2015.07.25-14.30.14:806][  0]LogMemory: Physical Memory: 6507.86 MB used, 8183.05 MB total
[2015.07.25-14.30.14:806][  0]LogMemory: Virtual Memory: 290.52 MB used, 8388608.00 MB total
[2015.07.25-14.30.14:916][  0]LogTextLocalizationManager: The requested culture ('zh_TW') has no localization data; falling back to 'en' for localization and internationalization data.
[2015.07.25-14.30.15:258][  0]LogTextLocalizationManager:Warning: Loaded localization resources contain conflicting entries for (Namespace:ContentBrowser, Key:ImportAssetToolTip):
Localization Resource: (C:/Program Files/Epic Games/4.8/Engine/Content/Localization/Editor/en/Editor.locres) Source String Hash: (-630476809) Localized String: (Import to {0}...)
Localization Resource: (C:/Program Files/Epic Games/4.8/Engine/Content/Localization/Editor/en/Editor.locres) Source String Hash: (1271782899) Localized String: (Imports an asset from file to this folder.)
[2015.07.25-14.30.15:810][  0]LogD3D11RHI: Found D3D11 adapter 0: NVIDIA GeForce GTX 560 Ti   (Feature Level 11_0)
[2015.07.25-14.30.15:811][  0]LogD3D11RHI: Adapter has 979MB of dedicated video memory, 0MB of dedicated system memory, and 3071MB of shared system memory, 2 output[s]
[2015.07.25-14.30.15:811][  0]LogD3D11RHI: Chosen D3D11 Adapter Id = 0
[2015.07.25-14.30.15:817][  0]LogD3D11RHI: InitD3DDevice
[2015.07.25-14.30.15:817][  0]LogD3D11RHI: !Direct3DDevice
[2015.07.25-14.30.15:818][  0]LogRHI: Texture pool is 685 MB (70% of 979 MB)
[2015.07.25-14.30.15:850][  0]LogD3D11RHI: Async texture creation enabled
[2015.07.25-14.30.15:869][  0]LogShaderCompilers:Display: Using Local Shader Compiler.
[2015.07.25-14.30.17:202][  0]LogTemp:Display: Loaded TP DesktopTargetPlatform
[2015.07.25-14.30.17:239][  0]LogTemp:Display: Loaded TP WindowsClientTargetPlatform
[2015.07.25-14.30.17:277][  0]LogTemp:Display: Loaded TP WindowsNoEditorTargetPlatform
[2015.07.25-14.30.17:313][  0]LogTemp:Display: Loaded TP WindowsServerTargetPlatform
[2015.07.25-14.30.17:355][  0]LogTemp:Display: Loaded TP WindowsTargetPlatform
[2015.07.25-14.30.17:381][  0]LogTemp:Display: Loaded TP AndroidTargetPlatform
[2015.07.25-14.30.17:410][  0]LogTemp:Display: Loaded TP Android_ASTCTargetPlatform
[2015.07.25-14.30.17:438][  0]LogTemp:Display: Loaded TP Android_ATCTargetPlatform
[2015.07.25-14.30.17:469][  0]LogTemp:Display: Loaded TP Android_DXTTargetPlatform
[2015.07.25-14.30.17:499][  0]LogTemp:Display: Loaded TP Android_ETC1TargetPlatform
[2015.07.25-14.30.17:531][  0]LogTemp:Display: Loaded TP Android_ETC2TargetPlatform
[2015.07.25-14.30.17:560][  0]LogTemp:Display: Loaded TP Android_PVRTCTargetPlatform
[2015.07.25-14.30.17:668][  0]LogTemp:Display: Loaded TP IOSTargetPlatform
[2015.07.25-14.30.17:698][  0]LogTemp:Display: Loaded TP LinuxNoEditorTargetPlatform
[2015.07.25-14.30.17:722][  0]LogTemp:Display: Loaded TP LinuxServerTargetPlatform
[2015.07.25-14.30.17:750][  0]LogTemp:Display: Loaded TP LinuxTargetPlatform
[2015.07.25-14.30.17:750][  0]LogTargetPlatformManager:Display: Building Assets For Windows
[2015.07.25-14.30.18:277][  0]LogDerivedDataCache:Display: Max Cache Size: 512 MB
[2015.07.25-14.30.18:352][  0]LogDerivedDataCache: Loaded boot cache 0.07s 53MB C:/Users/SCW/AppData/Local/UnrealEngine/4.8/DerivedDataCache/Boot.ddc.
[2015.07.25-14.30.18:353][  0]LogDerivedDataCache:Display: Loaded Boot cache: C:/Users/SCW/AppData/Local/UnrealEngine/4.8/DerivedDataCache/Boot.ddc
[2015.07.25-14.30.18:353][  0]LogDerivedDataCache: FDerivedDataBackendGraph:  Pak pak cache file D:/Users/SCW/Documents/Unreal Projects/Demo/DerivedDataCache/DDC.ddp not found, will not use a pak cache.
[2015.07.25-14.30.18:354][  0]LogDerivedDataCache: Unable to find inner node Pak for hierarchical cache Hierarchy.
[2015.07.25-14.30.18:354][  0]LogDerivedDataCache: FDerivedDataBackendGraph:  CompressedPak pak cache file D:/Users/SCW/Documents/Unreal Projects/Demo/DerivedDataCache/Compressed.ddp not found, will not use a pak cache.
[2015.07.25-14.30.18:354][  0]LogDerivedDataCache: Unable to find inner node CompressedPak for hierarchical cache Hierarchy.
[2015.07.25-14.30.18:583][  0]LogDerivedDataCache:Display: Pak cache opened for reading ../../../Engine/DerivedDataCache/Compressed.ddp.
[2015.07.25-14.30.18:596][  0]LogDerivedDataCache: Using Local data cache path C:/Users/SCW/AppData/Local/UnrealEngine/Common/DerivedDataCache: Writable
[2015.07.25-14.30.18:932][  0]LogInit: Selected Device Profile: [Windows]
[2015.07.25-14.30.18:943][  0]ImportText (ComponentSweepMultiTests): Missing closing parenthesis: (RootShapeAsset="/Engine/BasicShapes/Cube.Cube",ShapeType="TriggerCapsule",HitResult=(Time=0.50,Location=(X=-100.000015,Y=0.0,Z=100.000015),ImpactPoint=(X=-50.0,Y=0.0,Z=50.0),Normal=(X=-1.0,Y=-0.0,Z=0.0),ImpactNormal=(X=0.0,Y=0.0,Z=1.0),TraceStart=(X=-200.0,Y=0.0,Z=200.0),TraceEnd=(X=0.0,Y=0.0,Z=0.0))
[2015.07.25-14.30.18:944][  0]ImportText (LineTraceSingleByChannelTests): Missing closing parenthesis: (RootShapeAsset="/Engine/BasicShapes/Cube.Cube",HitResult=(Time=0.50,Location=(X=-100.000015,Y=0.0,Z=100.000015),ImpactPoint=(X=-50.0,Y=0.0,Z=50.0),Normal=(X=-1.0,Y=-0.0,Z=0.0),ImpactNormal=(X=0.0,Y=0.0,Z=1.0),TraceStart=(X=-200.0,Y=0.0,Z=200.0),TraceEnd=(X=0.0,Y=0.0,Z=0.0))
[2015.07.25-14.30.19:007][  0]LogMeshUtilities: No automatic mesh reduction module available
[2015.07.25-14.30.19:007][  0]LogMeshUtilities: No automatic mesh merging module available
[2015.07.25-14.30.19:689][  0]LogInit: WinSock: version 1.1 (2.2), MaxSocks=32767, MaxUdp=65467
[2015.07.25-14.30.22:341][  0]UdpMessaging: Initializing bridge on interface 0.0.0.0:0 to multicast group 230.0.0.1:6666.
[2015.07.25-14.31.09:286][  0]LogWindows:Error: Windows GetLastError: 操作順利完成。 (0)
[2015.07.25-14.31.09:287][  0]LogWindows: === Critical error: ===
Fatal error: [File:D:\BuildFarm\buildmachine_++depot+UE4-Releases+4.8\Engine\Source\Runtime\CoreUObject\Private\UObject\UObjectGlobals.cpp] [Line: 2486] 
Class /Script/Engine.InputComponent is not a legal override for component CharMoveComp because it does not derive from Class /Script/Engine.CharacterMovementComponent.




[2015.07.25-14.31.09:454][  0]LogExit: Executing StaticShutdownAfterError
[2015.07.25-14.31.09:456][  0]LogWindows: FPlatformMisc::RequestExit(1)
[2015.07.25-14.31.09:456][  0]Log file closed, 07/25/15 22:31:09
