[2015.07.25-12.18.45:026][  0]Log file open, 07/25/15 20:18:45
[2015.07.25-12.18.45:026][  0]LogInit:Display: Running engine for game: Demo
[2015.07.25-12.18.45:027][  0]LogInit:Display: RandInit(-299032606) SRandInit(-299032606).
[2015.07.25-12.18.45:027][  0]LogTaskGraph: Started task graph with 4 named threads and 7 total threads.
[2015.07.25-12.18.45:027][  0]LogStats: Stats thread started
[2015.07.25-12.18.45:028][  0]LogInit: Version: 4.8.2-2614606+++depot+UE4-Releases+4.8
[2015.07.25-12.18.45:028][  0]LogInit: API Version: 2579680
[2015.07.25-12.18.45:028][  0]LogInit: Compiled (64-bit): Jul  8 2015 23:43:41
[2015.07.25-12.18.45:028][  0]LogInit: Compiled with Visual C++: 18.00.21005.01
[2015.07.25-12.18.45:029][  0]LogInit: Build Configuration: Development
[2015.07.25-12.18.45:029][  0]LogInit: Branch Name: ++depot+UE4-Releases+4.8
[2015.07.25-12.18.45:029][  0]LogInit: Command line: 
[2015.07.25-12.18.45:029][  0]LogInit: Base directory: C:/Program Files/Epic Games/4.8/Engine/Binaries/Win64/
[2015.07.25-12.18.45:030][  0]LogInit: Rocket: 1
[2015.07.25-12.18.45:057][  0]LogInit: Using libcurl 7.41.0
[2015.07.25-12.18.45:057][  0]LogInit:  - built for x86_64-pc-win32
[2015.07.25-12.18.45:058][  0]LogInit:  - supports SSL with WinSSL
[2015.07.25-12.18.45:058][  0]LogInit:  - other features:
[2015.07.25-12.18.45:058][  0]LogInit:      CURL_VERSION_SSL
[2015.07.25-12.18.45:059][  0]LogInit:      CURL_VERSION_IPV6
[2015.07.25-12.18.45:059][  0]LogInit:      CURL_VERSION_ASYNCHDNS
[2015.07.25-12.18.45:059][  0]LogInit:      CURL_VERSION_LARGEFILE
[2015.07.25-12.18.45:059][  0]LogInit:      CURL_VERSION_IDN
[2015.07.25-12.18.45:060][  0]LogInit:  CurlRequestOptions (configurable via config and command line):
[2015.07.25-12.18.45:060][  0]LogInit:  - bVerifyPeer = true  - Libcurl will verify peer certificate
[2015.07.25-12.18.45:060][  0]LogInit:  - bUseHttpProxy = false  - Libcurl will NOT use HTTP proxy
[2015.07.25-12.18.45:061][  0]LogInit:  - bDontReuseConnections = false  - Libcurl will reuse connections
[2015.07.25-12.18.45:061][  0]LogInit:  - CertBundlePath = nullptr  - Libcurl will use whatever was configured at build time.
[2015.07.25-12.18.45:084][  0]LogOnline:Warning: No default platform service specified for OnlineSubsystem
[2015.07.25-12.18.45:142][  0]LogInit: Presizing for 0 objects not considered by GC, pre-allocating 0 bytes.
[2015.07.25-12.18.45:153][  0]LogInit: Object subsystem initialized
[2015.07.25-12.18.45:155][  0]LogConsoleResponse:Warning: Skipping Unknown console variable: 'TranslucentSortAxis = (X=0.000000,Y=-1.000000,Z=0.000000)'
[2015.07.25-12.18.45:155][  0]LogConsoleResponse:Warning:   Found in ini file 'D:/Users/SCW/Documents/Unreal Projects/Demo/Saved/Config/Windows/Engine.ini', in section '[/Script/Engine.RendererSettings]'
[2015.07.25-12.18.45:155][  0]LogConsoleResponse:Warning: Skipping Unknown console variable: 'UIScaleRule = ShortestSide'
[2015.07.25-12.18.45:156][  0]LogConsoleResponse:Warning:   Found in ini file 'D:/Users/SCW/Documents/Unreal Projects/Demo/Saved/Config/Windows/Engine.ini', in section '[/Script/Engine.RendererSettings]'
[2015.07.25-12.18.45:156][  0]LogConsoleResponse:Warning: Skipping Unknown console variable: 'UIScaleCurve = (EditorCurveData=(Keys=),ExternalCurve=None)'
[2015.07.25-12.18.45:156][  0]LogConsoleResponse:Warning:   Found in ini file 'D:/Users/SCW/Documents/Unreal Projects/Demo/Saved/Config/Windows/Engine.ini', in section '[/Script/Engine.RendererSettings]'
[2015.07.25-12.18.45:157][  0]LogInit: Selected Device Profile: [Windows]
[2015.07.25-12.18.45:157][  0]LogInit: Applying CVar settings loaded from the selected device profile: [Windows]
[2015.07.25-12.18.45:181][  0]LogInit: Computer: SCW-PC
[2015.07.25-12.18.45:181][  0]LogInit: User: SCW
[2015.07.25-12.18.45:182][  0]LogInit: CPU Page size=4096, Cores=4
[2015.07.25-12.18.45:182][  0]LogInit: High frequency timer resolution =2.483750 MHz
[2015.07.25-12.18.45:182][  0]LogMemory: Memory total: Physical=8.0GB (8GB approx)
[2015.07.25-12.18.45:183][  0]LogMemory: Platform Memory Stats for Windows
[2015.07.25-12.18.45:183][  0]LogMemory: Process Physical Memory: 50.80 MB used, 50.80 MB peak
[2015.07.25-12.18.45:183][  0]LogMemory: Process Virtual Memory: 23.45 MB used, 23.45 MB peak
[2015.07.25-12.18.45:183][  0]LogMemory: Physical Memory: 4894.52 MB used, 8183.05 MB total
[2015.07.25-12.18.45:184][  0]LogMemory: Virtual Memory: 291.52 MB used, 8388608.00 MB total
[2015.07.25-12.18.45:302][  0]LogTextLocalizationManager: The requested culture ('zh_TW') has no localization data; falling back to 'en' for localization and internationalization data.
[2015.07.25-12.18.45:625][  0]LogTextLocalizationManager:Warning: Loaded localization resources contain conflicting entries for (Namespace:ContentBrowser, Key:ImportAssetToolTip):
Localization Resource: (C:/Program Files/Epic Games/4.8/Engine/Content/Localization/Editor/en/Editor.locres) Source String Hash: (-630476809) Localized String: (Import to {0}...)
Localization Resource: (C:/Program Files/Epic Games/4.8/Engine/Content/Localization/Editor/en/Editor.locres) Source String Hash: (1271782899) Localized String: (Imports an asset from file to this folder.)
[2015.07.25-12.18.46:160][  0]LogD3D11RHI: Found D3D11 adapter 0: NVIDIA GeForce GTX 560 Ti   (Feature Level 11_0)
[2015.07.25-12.18.46:161][  0]LogD3D11RHI: Adapter has 979MB of dedicated video memory, 0MB of dedicated system memory, and 3071MB of shared system memory, 2 output[s]
[2015.07.25-12.18.46:162][  0]LogD3D11RHI: Chosen D3D11 Adapter Id = 0
[2015.07.25-12.18.46:168][  0]LogD3D11RHI: InitD3DDevice
[2015.07.25-12.18.46:168][  0]LogD3D11RHI: !Direct3DDevice
[2015.07.25-12.18.46:170][  0]LogRHI: Texture pool is 685 MB (70% of 979 MB)
[2015.07.25-12.18.46:216][  0]LogD3D11RHI: Async texture creation enabled
[2015.07.25-12.18.46:235][  0]LogShaderCompilers:Display: Using Local Shader Compiler.
[2015.07.25-12.18.47:537][  0]LogTemp:Display: Loaded TP DesktopTargetPlatform
[2015.07.25-12.18.47:573][  0]LogTemp:Display: Loaded TP WindowsClientTargetPlatform
[2015.07.25-12.18.47:608][  0]LogTemp:Display: Loaded TP WindowsNoEditorTargetPlatform
[2015.07.25-12.18.47:643][  0]LogTemp:Display: Loaded TP WindowsServerTargetPlatform
[2015.07.25-12.18.47:682][  0]LogTemp:Display: Loaded TP WindowsTargetPlatform
[2015.07.25-12.18.47:709][  0]LogTemp:Display: Loaded TP AndroidTargetPlatform
[2015.07.25-12.18.47:737][  0]LogTemp:Display: Loaded TP Android_ASTCTargetPlatform
[2015.07.25-12.18.47:767][  0]LogTemp:Display: Loaded TP Android_ATCTargetPlatform
[2015.07.25-12.18.47:796][  0]LogTemp:Display: Loaded TP Android_DXTTargetPlatform
[2015.07.25-12.18.47:829][  0]LogTemp:Display: Loaded TP Android_ETC1TargetPlatform
[2015.07.25-12.18.47:858][  0]LogTemp:Display: Loaded TP Android_ETC2TargetPlatform
[2015.07.25-12.18.47:889][  0]LogTemp:Display: Loaded TP Android_PVRTCTargetPlatform
[2015.07.25-12.18.47:999][  0]LogTemp:Display: Loaded TP IOSTargetPlatform
[2015.07.25-12.18.48:025][  0]LogTemp:Display: Loaded TP LinuxNoEditorTargetPlatform
[2015.07.25-12.18.48:051][  0]LogTemp:Display: Loaded TP LinuxServerTargetPlatform
[2015.07.25-12.18.48:079][  0]LogTemp:Display: Loaded TP LinuxTargetPlatform
[2015.07.25-12.18.48:079][  0]LogTargetPlatformManager:Display: Building Assets For Windows
[2015.07.25-12.18.48:594][  0]LogDerivedDataCache:Display: Max Cache Size: 512 MB
[2015.07.25-12.18.48:856][  0]LogDerivedDataCache: Loaded boot cache 0.26s 53MB C:/Users/SCW/AppData/Local/UnrealEngine/4.8/DerivedDataCache/Boot.ddc.
[2015.07.25-12.18.48:856][  0]LogDerivedDataCache:Display: Loaded Boot cache: C:/Users/SCW/AppData/Local/UnrealEngine/4.8/DerivedDataCache/Boot.ddc
[2015.07.25-12.18.48:857][  0]LogDerivedDataCache: FDerivedDataBackendGraph:  Pak pak cache file D:/Users/SCW/Documents/Unreal Projects/Demo/DerivedDataCache/DDC.ddp not found, will not use a pak cache.
[2015.07.25-12.18.48:857][  0]LogDerivedDataCache: Unable to find inner node Pak for hierarchical cache Hierarchy.
[2015.07.25-12.18.48:857][  0]LogDerivedDataCache: FDerivedDataBackendGraph:  CompressedPak pak cache file D:/Users/SCW/Documents/Unreal Projects/Demo/DerivedDataCache/Compressed.ddp not found, will not use a pak cache.
[2015.07.25-12.18.48:858][  0]LogDerivedDataCache: Unable to find inner node CompressedPak for hierarchical cache Hierarchy.
[2015.07.25-12.18.49:085][  0]LogDerivedDataCache:Display: Pak cache opened for reading ../../../Engine/DerivedDataCache/Compressed.ddp.
[2015.07.25-12.18.49:099][  0]LogDerivedDataCache: Using Local data cache path C:/Users/SCW/AppData/Local/UnrealEngine/Common/DerivedDataCache: Writable
[2015.07.25-12.18.49:699][  0]LogInit: Selected Device Profile: [Windows]
[2015.07.25-12.18.49:708][  0]ImportText (ComponentSweepMultiTests): Missing closing parenthesis: (RootShapeAsset="/Engine/BasicShapes/Cube.Cube",ShapeType="TriggerCapsule",HitResult=(Time=0.50,Location=(X=-100.000015,Y=0.0,Z=100.000015),ImpactPoint=(X=-50.0,Y=0.0,Z=50.0),Normal=(X=-1.0,Y=-0.0,Z=0.0),ImpactNormal=(X=0.0,Y=0.0,Z=1.0),TraceStart=(X=-200.0,Y=0.0,Z=200.0),TraceEnd=(X=0.0,Y=0.0,Z=0.0))
[2015.07.25-12.18.49:709][  0]ImportText (LineTraceSingleByChannelTests): Missing closing parenthesis: (RootShapeAsset="/Engine/BasicShapes/Cube.Cube",HitResult=(Time=0.50,Location=(X=-100.000015,Y=0.0,Z=100.000015),ImpactPoint=(X=-50.0,Y=0.0,Z=50.0),Normal=(X=-1.0,Y=-0.0,Z=0.0),ImpactNormal=(X=0.0,Y=0.0,Z=1.0),TraceStart=(X=-200.0,Y=0.0,Z=200.0),TraceEnd=(X=0.0,Y=0.0,Z=0.0))
[2015.07.25-12.18.49:771][  0]LogMeshUtilities: No automatic mesh reduction module available
[2015.07.25-12.18.49:771][  0]LogMeshUtilities: No automatic mesh merging module available
[2015.07.25-12.18.50:374][  0]LogInit: WinSock: version 1.1 (2.2), MaxSocks=32767, MaxUdp=65467
[2015.07.25-12.18.52:712][  0]UdpMessaging: Initializing bridge on interface 0.0.0.0:0 to multicast group 230.0.0.1:6666.
[2015.07.25-12.18.53:520][  0]SourceControl: Info Source control is disabled
[2015.07.25-12.18.53:593][  0]SourceControl: Info Source control is disabled
[2015.07.25-12.18.53:621][  0]SourceControl: Info Source control is disabled
[2015.07.25-12.18.53:652][  0]SourceControl: Info Source control is disabled
[2015.07.25-12.18.54:144][  0]LogObj: 26288 objects as part of root set at end of initial load.
[2015.07.25-12.18.54:145][  0]LogUObjectAllocator: 5422088 out of 0 bytes used by permanent object pool.
[2015.07.25-12.18.54:280][  0]LogEngine: Initializing Engine...
[2015.07.25-12.18.54:284][  0]LogHMD: Can't find Oculus library dev build: is proper Runtime installed? Version: 0.6.0.0
[2015.07.25-12.18.54:296][  0]LogHMD:Warning: SteamVR failed to initialize.  Error: 100
[2015.07.25-12.18.54:538][  0]LogAIModule: Creating AISystem for world NewWorld
[2015.07.25-12.18.54:550][  0]LogInit: XAudio2 using '喇叭 (ASUS Xonar DS Audio Device)' : 2 channels at 44.1 kHz using 16 bits per sample (channel mask 0x3)
[2015.07.25-12.18.54:565][  0]LogInit: FAudioDevice initialized.
[2015.07.25-12.18.54:599][  0]LogDerivedDataCache: Saved boot cache 0.03s 53MB C:/Users/SCW/AppData/Local/UnrealEngine/4.8/DerivedDataCache/Boot.ddc.
[2015.07.25-12.18.54:609][  0]LogInit: Texture streaming: Disabled
[2015.07.25-12.18.54:660][  0]LogAnalytics: Creating configured Analytics provider AnalyticsET
[2015.07.25-12.18.54:661][  0]LogAnalytics: [UEEditor.Rocket.Release] APIServer = http://et2.epicgames.com/ET2/. AppVersion = 4.8.2-2614606+++depot+UE4-Releases+4.8
[2015.07.25-12.18.54:661][  0]LogAnalytics: [UEEditor.Rocket.Release] SetUserId 568b5a34404f889fb1b32ab5dcc7273c|171fa9009f6b4f02983f7d0ecd1f12ba|c0dd2cb7-895e-48cf-9e36-42424b144c9b
[2015.07.25-12.18.54:662][  0]LogAnalytics: [UEEditor.Rocket.Release] AnalyticsET::StartSession
[2015.07.25-12.18.54:705][  0]LogInit: Transaction tracking system initialized
[2015.07.25-12.18.55:093][  0]BlueprintLog: New page: Editor Load
[2015.07.25-12.18.55:164][  0]LogAssetRegistry: FAssetRegistry took 0.0109 seconds to start up
[2015.07.25-12.18.55:165][  0]LogDirectoryWatcher:Warning: Failed to begin reading directory changes for ../../../Engine/Plugins/Experimental/CharacterAI/Content/. Error: 0
[2015.07.25-12.18.56:538][  0]LogLinker:Warning: Asset '../../../Engine/Content/Tutorial/Mobile/SettingUpAndroidTutorial.uasset' has been saved with empty engine version. The asset will be loaded but may be incompatible.
[2015.07.25-12.18.56:791][  0]LogConsoleManager:Warning: Console variable 'r.VSync' wasn't set ('GameSetting' has a lower priority than 'SystemSettingsIni')
[2015.07.25-12.18.56:792][  0]LogConsoleResponse:Display: 
[2015.07.25-12.18.56:970][  0]LogCook:Display: Done creating registry. It took  0.00s.
[2015.07.25-12.18.57:382][  0]SourceControl: Info Source control is disabled
[2015.07.25-12.18.57:382][  0]Cmd: MAP LOAD FILE="D:/Users/SCW/Documents/Unreal Projects/Demo/Content/StarterContent/Maps/Minimal_Default.umap" TEMPLATE=0 SHOWPROGRESS=1 FEATURELEVEL=3
[2015.07.25-12.18.57:383][  0]LightingResults: New page: Lighting Build
[2015.07.25-12.18.57:406][  0]MapCheck: New page: Map Check
[2015.07.25-12.18.57:406][  0]LightingResults: New page: Lighting Build
[2015.07.25-12.18.57:417][  0]LogParticles: Destroying 0 GPU particle simulations for FXSystem 0x00000000147709A0
[2015.07.25-12.18.58:708][  0]LogAIModule: Creating AISystem for world Minimal_Default
[2015.07.25-12.18.58:722][  0]LogEditorServer: Finished looking for orphan Actors (0.000 secs)
[2015.07.25-12.18.58:746][  0]Cmd: MAP CHECKDEP NOCLEARLOG
[2015.07.25-12.18.58:815][  0]MapCheck: Info Map check complete: 0 Error(s), 0 Warning(s), took 68.476ms to complete.
[2015.07.25-12.18.58:815][  0]LogFileHelpers: Loading map 'Minimal_Default' took 1.433
[2015.07.25-12.18.59:007][  0]LogCollectionManager: Loaded 0 collections in 0.003006 seconds
[2015.07.25-12.18.59:019][  0]LogContentBrowser: Native class hierarchy populated in 0.0112 seconds. Added 1796 classes and 303 folders.
[2015.07.25-12.18.59:142][  0]LogContentBrowser: Native class hierarchy updated for 'WidgetCarousel' in 0.0031 seconds. Added 0 classes and 0 folders.
[2015.07.25-12.18.59:243][  0]LogContentBrowser: Native class hierarchy updated for 'AddContentDialog' in 0.0031 seconds. Added 0 classes and 0 folders.
[2015.07.25-12.18.59:294][  0]LogContentBrowser: Native class hierarchy updated for 'SceneOutliner' in 0.0030 seconds. Added 1 classes and 2 folders.
[2015.07.25-12.18.59:375][  0]LogCrashTracker: Crashtracker disabled due to settings.
[2015.07.25-12.18.59:376][  0]LogD3D11RHI: InitD3DDevice
[2015.07.25-12.18.59:380][  0]LogUObjectGlobals:Warning: Failed to find object 'Class None.'
[2015.07.25-12.18.59:403][  0]LogLoad: Full Startup: 17.51 seconds (BP compile: 0.28 seconds)
[2015.07.25-12.18.59:503][  0]LogContentStreaming: Texture pool size is 0.000000MB
[2015.07.25-12.18.59:567][  0]LogContentStreaming: Texture pool size now 700 MB
[2015.07.25-12.18.59:734][  0]LogRenderer: Reallocating scene render targets to support 1208x584 (Frame:2).
[2015.07.25-12.19.00:178][  9]LogAssetRegistry: Asset discovery search completed in 5.0256 seconds
[2015.07.25-12.19.44:317][279]LogD3D11RHI: InitD3DDevice
[2015.07.25-12.19.45:220][387]LogEditorViewport: Clicking on Actor (LMB): BP_BasicCharacterControl_C (BP_BasicCharacterControl)
[2015.07.25-12.19.47:525][637]Cmd: DELETE
[2015.07.25-12.19.47:525][637]Cmd: ACTOR DELETE
[2015.07.25-12.19.47:528][637]LogEditorActor: Deleted Actor: BP_BasicCharacterControl_C
[2015.07.25-12.19.47:528][637]LogActorComponent: UnregisterComponent: (/Engine/Transient.CharMoveComp) Not registered. Aborting.
[2015.07.25-12.19.47:583][637]LogEditorActor: Deleted 1 Actors (0.058 secs)
[2015.07.25-12.19.49:545][828]LogPlayLevel: PIE:  No blueprints needed recompiling
[2015.07.25-12.19.49:553][828]PIE: New page: PIE session: Minimal_Default (Jul 26, 2015, 4:19:49 AM)
[2015.07.25-12.19.49:554][828]LogPlayLevel: Creating play world package: /Game/StarterContent/Maps/UEDPIE_0_Minimal_Default
[2015.07.25-12.19.49:562][828]LogPlayLevel: PIE: StaticDuplicateObject took: (0.007374s)
[2015.07.25-12.19.49:563][828]LogAIModule: Creating AISystem for world Minimal_Default
[2015.07.25-12.19.49:564][828]LogPlayLevel: PIE: World I