[2015.07.26-02.59.25:211][  0]Log file open, 07/26/15 10:59:25
[2015.07.26-02.59.25:211][  0]LogInit:Display: Running engine for game: Demo
[2015.07.26-02.59.25:211][  0]LogInit:Display: RandInit(1124967387) SRandInit(1124967387).
[2015.07.26-02.59.25:211][  0]LogTaskGraph: Started task graph with 4 named threads and 7 total threads.
[2015.07.26-02.59.25:212][  0]LogStats: Stats thread started
[2015.07.26-02.59.25:212][  0]LogInit: Version: 4.8.2-2614606+++depot+UE4-Releases+4.8
[2015.07.26-02.59.25:212][  0]LogInit: API Version: 2579680
[2015.07.26-02.59.25:212][  0]LogInit: Compiled (64-bit): Jul  8 2015 23:43:41
[2015.07.26-02.59.25:213][  0]LogInit: Compiled with Visual C++: 18.00.21005.01
[2015.07.26-02.59.25:213][  0]LogInit: Build Configuration: Development
[2015.07.26-02.59.25:213][  0]LogInit: Branch Name: ++depot+UE4-Releases+4.8
[2015.07.26-02.59.25:214][  0]LogInit: Command line: 
[2015.07.26-02.59.25:214][  0]LogInit: Base directory: C:/Program Files/Epic Games/4.8/Engine/Binaries/Win64/
[2015.07.26-02.59.25:214][  0]LogInit: Rocket: 1
[2015.07.26-02.59.25:244][  0]LogInit: Using libcurl 7.41.0
[2015.07.26-02.59.25:245][  0]LogInit:  - built for x86_64-pc-win32
[2015.07.26-02.59.25:245][  0]LogInit:  - supports SSL with WinSSL
[2015.07.26-02.59.25:245][  0]LogInit:  - other features:
[2015.07.26-02.59.25:245][  0]LogInit:      CURL_VERSION_SSL
[2015.07.26-02.59.25:246][  0]LogInit:      CURL_VERSION_IPV6
[2015.07.26-02.59.25:246][  0]LogInit:      CURL_VERSION_ASYNCHDNS
[2015.07.26-02.59.25:246][  0]LogInit:      CURL_VERSION_LARGEFILE
[2015.07.26-02.59.25:247][  0]LogInit:      CURL_VERSION_IDN
[2015.07.26-02.59.25:247][  0]LogInit:  CurlRequestOptions (configurable via config and command line):
[2015.07.26-02.59.25:247][  0]LogInit:  - bVerifyPeer = true  - Libcurl will verify peer certificate
[2015.07.26-02.59.25:247][  0]LogInit:  - bUseHttpProxy = false  - Libcurl will NOT use HTTP proxy
[2015.07.26-02.59.25:248][  0]LogInit:  - bDontReuseConnections = false  - Libcurl will reuse connections
[2015.07.26-02.59.25:248][  0]LogInit:  - CertBundlePath = nullptr  - Libcurl will use whatever was configured at build time.
[2015.07.26-02.59.25:271][  0]LogOnline:Warning: No default platform service specified for OnlineSubsystem
[2015.07.26-02.59.25:330][  0]LogInit: Presizing for 0 objects not considered by GC, pre-allocating 0 bytes.
[2015.07.26-02.59.25:342][  0]LogInit: Object subsystem initialized
[2015.07.26-02.59.25:343][  0]LogConsoleResponse:Warning: Skipping Unknown console variable: 'TranslucentSortAxis = (X=0.000000,Y=-1.000000,Z=0.000000)'
[2015.07.26-02.59.25:344][  0]LogConsoleResponse:Warning:   Found in ini file 'D:/Users/SCW/Documents/Unreal Projects/Demo/Saved/Config/Windows/Engine.ini', in section '[/Script/Engine.RendererSettings]'
[2015.07.26-02.59.25:344][  0]LogConsoleResponse:Warning: Skipping Unknown console variable: 'UIScaleRule = ShortestSide'
[2015.07.26-02.59.25:344][  0]LogConsoleResponse:Warning:   Found in ini file 'D:/Users/SCW/Documents/Unreal Projects/Demo/Saved/Config/Windows/Engine.ini', in section '[/Script/Engine.RendererSettings]'
[2015.07.26-02.59.25:344][  0]LogConsoleResponse:Warning: Skipping Unknown console variable: 'UIScaleCurve = (EditorCurveData=(Keys=),ExternalCurve=None)'
[2015.07.26-02.59.25:344][  0]LogConsoleResponse:Warning:   Found in ini file 'D:/Users/SCW/Documents/Unreal Projects/Demo/Saved/Config/Windows/Engine.ini', in section '[/Script/Engine.RendererSettings]'
[2015.07.26-02.59.25:345][  0]LogInit: Selected Device Profile: [Windows]
[2015.07.26-02.59.25:345][  0]LogInit: Applying CVar settings loaded from the selected device profile: [Windows]
[2015.07.26-02.59.25:387][  0]LogInit: Computer: SCW-PC
[2015.07.26-02.59.25:388][  0]LogInit: User: SCW
[2015.07.26-02.59.25:388][  0]LogInit: CPU Page size=4096, Cores=4
[2015.07.26-02.59.25:388][  0]LogInit: High frequency timer resolution =2.483750 MHz
[2015.07.26-02.59.25:389][  0]LogMemory: Memory total: Physical=8.0GB (8GB approx)
[2015.07.26-02.59.25:389][  0]LogMemory: Platform Memory Stats for Windows
[2015.07.26-02.59.25:390][  0]LogMemory: Process Physical Memory: 51.70 MB used, 51.70 MB peak
[2015.07.26-02.59.25:390][  0]LogMemory: Process Virtual Memory: 23.52 MB used, 24.34 MB peak
[2015.07.26-02.59.25:390][  0]LogMemory: Physical Memory: 5776.53 MB used, 8183.05 MB total
[2015.07.26-02.59.25:390][  0]LogMemory: Virtual Memory: 291.58 MB used, 8388608.00 MB total
[2015.07.26-02.59.25:511][  0]LogTextLocalizationManager: The requested culture ('zh_TW') has no localization data; falling back to 'en' for localization and internationalization data.
[2015.07.26-02.59.25:843][  0]LogTextLocalizationManager:Warning: Loaded localization resources contain conflicting entries for (Namespace:ContentBrowser, Key:ImportAssetToolTip):
Localization Resource: (C:/Program Files/Epic Games/4.8/Engine/Content/Localization/Editor/en/Editor.locres) Source String Hash: (-630476809) Localized String: (Import to {0}...)
Localization Resource: (C:/Program Files/Epic Games/4.8/Engine/Content/Localization/Editor/en/Editor.locres) Source String Hash: (1271782899) Localized String: (Imports an asset from file to this folder.)
[2015.07.26-02.59.26:368][  0]LogD3D11RHI: Found D3D11 adapter 0: NVIDIA GeForce GTX 560 Ti   (Feature Level 11_0)
[2015.07.26-02.59.26:369][  0]LogD3D11RHI: Adapter has 979MB of dedicated video memory, 0MB of dedicated system memory, and 3071MB of shared system memory, 2 output[s]
[2015.07.26-02.59.26:369][  0]LogD3D11RHI: Chosen D3D11 Adapter Id = 0
[2015.07.26-02.59.26:374][  0]LogD3D11RHI: InitD3DDevice
[2015.07.26-02.59.26:375][  0]LogD3D11RHI: !Direct3DDevice
[2015.07.26-02.59.26:375][  0]LogRHI: Texture pool is 685 MB (70% of 979 MB)
[2015.07.26-02.59.26:418][  0]LogD3D11RHI: Async texture creation enabled
[2015.07.26-02.59.26:436][  0]LogShaderCompilers:Display: Using Local Shader Compiler.
[2015.07.26-02.59.27:766][  0]LogTemp:Display: Loaded TP DesktopTargetPlatform
[2015.07.26-02.59.27:804][  0]LogTemp:Display: Loaded TP WindowsClientTargetPlatform
[2015.07.26-02.59.27:842][  0]LogTemp:Display: Loaded TP WindowsNoEditorTargetPlatform
[2015.07.26-02.59.27:878][  0]LogTemp:Display: Loaded TP WindowsServerTargetPlatform
[2015.07.26-02.59.27:918][  0]LogTemp:Display: Loaded TP WindowsTargetPlatform
[2015.07.26-02.59.27:944][  0]LogTemp:Display: Loaded TP AndroidTargetPlatform
[2015.07.26-02.59.27:970][  0]LogTemp:Display: Loaded TP Android_ASTCTargetPlatform
[2015.07.26-02.59.28:000][  0]LogTemp:Display: Loaded TP Android_ATCTargetPlatform
[2015.07.26-02.59.28:031][  0]LogTemp:Display: Loaded TP Android_DXTTargetPlatform
[2015.07.26-02.59.28:060][  0]LogTemp:Display: Loaded TP Android_ETC1TargetPlatform
[2015.07.26-02.59.28:091][  0]LogTemp:Display: Loaded TP Android_ETC2TargetPlatform
[2015.07.26-02.59.28:119][  0]LogTemp:Display: Loaded TP Android_PVRTCTargetPlatform
[2015.07.26-02.59.28:223][  0]LogTemp:Display: Loaded TP IOSTargetPlatform
[2015.07.26-02.59.28:248][  0]LogTemp:Display: Loaded TP LinuxNoEditorTargetPlatform
[2015.07.26-02.59.28:272][  0]LogTemp:Display: Loaded TP LinuxServerTargetPlatform
[2015.07.26-02.59.28:301][  0]LogTemp:Display: Loaded TP LinuxTargetPlatform
[2015.07.26-02.59.28:302][  0]LogTargetPlatformManager:Display: Building Assets For Windows
[2015.07.26-02.59.28:827][  0]LogDerivedDataCache:Display: Max Cache Size: 512 MB
[2015.07.26-02.59.29:085][  0]LogDerivedDataCache: Loaded boot cache 0.26s 53MB C:/Users/SCW/AppData/Local/UnrealEngine/4.8/DerivedDataCache/Boot.ddc.
[2015.07.26-02.59.29:086][  0]LogDerivedDataCache:Display: Loaded Boot cache: C:/Users/SCW/AppData/Local/UnrealEngine/4.8/DerivedDataCache/Boot.ddc
[2015.07.26-02.59.29:086][  0]LogDerivedDataCache: FDerivedDataBackendGraph:  Pak pak cache file D:/Users/SCW/Documents/Unreal Projects/Demo/DerivedDataCache/DDC.ddp not found, will not use a pak cache.
[2015.07.26-02.59.29:086][  0]LogDerivedDataCache: Unable to find inner node Pak for hierarchical cache Hierarchy.
[2015.07.26-02.59.29:087][  0]LogDerivedDataCache: FDerivedDataBackendGraph:  CompressedPak pak cache file D:/Users/SCW/Documents/Unreal Projects/Demo/DerivedDataCache/Compressed.ddp not found, will not use a pak cache.
[2015.07.26-02.59.29:087][  0]LogDerivedDataCache: Unable to find inner node CompressedPak for hierarchical cache Hierarchy.
[2015.07.26-02.59.29:313][  0]LogDerivedDataCache:Display: Pak cache opened for reading ../../../Engine/DerivedDataCache/Compressed.ddp.
[2015.07.26-02.59.29:326][  0]LogDerivedDataCache: Using Local data cache path C:/Users/SCW/AppData/Local/UnrealEngine/Common/DerivedDataCache: Writable
[2015.07.26-02.59.29:885][  0]LogInit: Selected Device Profile: [Windows]
[2015.07.26-02.59.29:895][  0]ImportText (ComponentSweepMultiTests): Missing closing parenthesis: (RootShapeAsset="/Engine/BasicShapes/Cube.Cube",ShapeType="TriggerCapsule",HitResult=(Time=0.50,Location=(X=-100.000015,Y=0.0,Z=100.000015),ImpactPoint=(X=-50.0,Y=0.0,Z=50.0),Normal=(X=-1.0,Y=-0.0,Z=0.0),ImpactNormal=(X=0.0,Y=0.0,Z=1.0),TraceStart=(X=-200.0,Y=0.0,Z=200.0),TraceEnd=(X=0.0,Y=0.0,Z=0.0))
[2015.07.26-02.59.29:896][  0]ImportText (LineTraceSingleByChannelTests): Missing closing parenthesis: (RootShapeAsset="/Engine/BasicShapes/Cube.Cube",HitResult=(Time=0.50,Location=(X=-100.000015,Y=0.0,Z=100.000015),ImpactPoint=(X=-50.0,Y=0.0,Z=50.0),Normal=(X=-1.0,Y=-0.0,Z=0.0),ImpactNormal=(X=0.0,Y=0.0,Z=1.0),TraceStart=(X=-200.0,Y=0.0,Z=200.0),TraceEnd=(X=0.0,Y=0.0,Z=0.0))
[2015.07.26-02.59.29:957][  0]LogMeshUtilities: No automatic mesh reduction module available
[2015.07.26-02.59.29:958][  0]LogMeshUtilities: No automatic mesh merging module available
[2015.07.26-02.59.30:576][  0]LogInit: WinSock: version 1.1 (2.2), MaxSocks=32767, MaxUdp=65467
[2015.07.26-02.59.33:160][  0]UdpMessaging: Initializing bridge on interface 0.0.0.0:0 to multicast group 230.0.0.1:6666.
[2015.07.26-02.59.33:966][  0]SourceControl: Info Source control is disabled
[2015.07.26-02.59.34:038][  0]SourceControl: Info Source control is disabled
[2015.07.26-02.59.34:065][  0]SourceControl: Info Source control is disabled
[2015.07.26-02.59.34:096][  0]SourceControl: Info Source control is disabled
[2015.07.26-02.59.34:599][  0]LogObj: 26287 objects as part of root set at end of initial load.
[2015.07.26-02.59.34:599][  0]LogUObjectAllocator: 5421848 out of 0 bytes used by permanent object pool.
[2015.07.26-02.59.34:738][  0]LogEngine: Initializing Engine...
[2015.07.26-02.59.34:742][  0]LogHMD: Can't find Oculus library dev build: is proper Runtime installed? Version: 0.6.0.0
[2015.07.26-02.59.34:756][  0]LogHMD:Warning: SteamVR failed to initialize.  Error: 100
[2015.07.26-02.59.35:005][  0]LogAIModule: Creating AISystem for world NewWorld
[2015.07.26-02.59.35:018][  0]LogInit: XAudio2 using '喇叭 (ASUS Xonar DS Audio Device)' : 2 channels at 44.1 kHz using 16 bits per sample (channel mask 0x3)
[2015.07.26-02.59.35:027][  0]LogInit: FAudioDevice initialized.
[2015.07.26-02.59.35:061][  0]LogDerivedDataCache: Saved boot cache 0.03s 53MB C:/Users/SCW/AppData/Local/UnrealEngine/4.8/DerivedDataCache/Boot.ddc.
[2015.07.26-02.59.35:071][  0]LogInit: Texture streaming: Disabled
[2015.07.26-02.59.35:124][  0]LogAnalytics: Creating configured Analytics provider AnalyticsET
[2015.07.26-02.59.35:124][  0]LogAnalytics: [UEEditor.Rocket.Release] APIServer = http://et2.epicgames.com/ET2/. AppVersion = 4.8.2-2614606+++depot+UE4-Releases+4.8
[2015.07.26-02.59.35:125][  0]LogAnalytics: [UEEditor.Rocket.Release] SetUserId 568b5a34404f889fb1b32ab5dcc7273c|171fa9009f6b4f02983f7d0ecd1f12ba|c0dd2cb7-895e-48cf-9e36-42424b144c9b
[2015.07.26-02.59.35:126][  0]LogAnalytics: [UEEditor.Rocket.Release] AnalyticsET::StartSession
[2015.07.26-02.59.35:174][  0]LogInit: Transaction tracking system initialized
[2015.07.26-02.59.35:522][  0]BlueprintLog: New page: Editor Load
[2015.07.26-02.59.35:592][  0]LogAssetRegistry: FAssetRegistry took 0.0111 seconds to start up
[2015.07.26-02.59.35:593][  0]LogDirectoryWatcher:Warning: Failed to begin reading directory changes for ../../../Engine/Plugins/Experimental/CharacterAI/Content/. Error: 0
[2015.07.26-02.59.36:991][  0]LogLinker:Warning: Asset '../../../Engine/Content/Tutorial/Mobile/SettingUpAndroidTutorial.uasset' has been saved with empty engine version. The asset will be loaded but may be incompatible.
[2015.07.26-02.59.37:247][  0]LogConsoleManager:Warning: Console variable 'r.VSync' wasn't set ('GameSetting' has a lower priority than 'SystemSettingsIni')
[2015.07.26-02.59.37:248][  0]LogConsoleResponse:Display: 
[2015.07.26-02.59.37:412][  0]LogCook:Display: Done creating registry. It took  0.00s.
[2015.07.26-02.59.37:820][  0]SourceControl: Info Source control is disabled
[2015.07.26-02.59.37:821][  0]Cmd: MAP LOAD FILE="D:/Users/SCW/Documents/Unreal Projects/Demo/Content/StarterContent/Maps/Minimal_Default.umap" TEMPLATE=0 SHOWPROGRESS=1 FEATURELEVEL=3
[2015.07.26-02.59.37:822][  0]LightingResults: New page: Lighting Build
[2015.07.26-02.59.37:844][  0]MapCheck: New page: Map Check
[2015.07.26-02.59.37:844][  0]LightingResults: New page: Lighting Build
[2015.07.26-02.59.37:856][  0]LogParticles: Destroying 0 GPU particle simulations for FXSystem 0x000000001E6E49A0
[2015.07.26-02.59.38:941][  0]LogAIModule: Creating AISystem for world Minimal_Default
[2015.07.26-02.59.38:988][  0]LogEditorServer: Finished looking for orphan Actors (0.000 secs)
[2015.07.26-02.59.39:011][  0]Cmd: MAP CHECKDEP NOCLEARLOG
[2015.07.26-02.59.39:073][  0]MapCheck: Info Map check complete: 0 Error(s), 0 Warning(s), took 62.566ms to complete.
[2015.07.26-02.59.39:074][  0]LogFileHelpers: Loading map 'Minimal_Default' took 1.253
[2015.07.26-02.59.39:226][  0]LogCollectionManager: Loaded 0 collections in 0.003038 seconds
[2015.07.26-02.59.39:239][  0]LogContentBrowser: Native class hierarchy populated in 0.0116 seconds. Added 1795 classes and 303 folders.
[2015.07.26-02.59.39:342][  0]LogContentBrowser: Native class hierarchy updated for 'WidgetCarousel' in 0.0019 seconds. Added 0 classes and 0 folders.
[2015.07.26-02.59.39:436][  0]LogContentBrowser: Native class hierarchy updated for 'AddContentDialog' in 0.0023 seconds. Added 0 classes and 0 folders.
[2015.07.26-02.59.39:483][  0]LogContentBrowser: Native class hierarchy updated for 'SceneOutliner' in 0.0022 seconds. Added 1 classes and 2 folders.
[2015.07.26-02.59.39:560][  0]LogCrashTracker: Crashtracker disabled due to settings.
[2015.07.26-02.59.39:562][  0]LogD3D11RHI: InitD3DDevice
[2015.07.26-02.59.39:566][  0]LogUObjectGlobals:Warning: Failed to find object 'Class None.'
[2015.07.26-02.59.39:589][  0]LogLoad: Full Startup: 17.77 seconds (BP compile: 0.24 seconds)
[2015.07.26-02.59.39:986][  0]LogContentStreaming: Texture pool size is 0.000000MB
[2015.07.26-02.59.40:052][  0]LogContentStreaming: Texture pool size now 700 MB
[2015.07.26-02.59.40:220][  0]LogRenderer: Reallocating scene render targets to support 1208x584 (Frame:2).
[2015.07.26-02.59.42:501][ 12]LogAssetRegistry: Asset discovery search completed in 6.9206 seconds
[2015.07.26-02.59.44:941][257]LogD3D11RHI: InitD3DDevice
[2015.07.26-02.59.45:241][276]LogPlayLevel: PIE:  No blueprints needed recompiling
[2015.07.26-02.59.45:245][276]PIE: New page: PIE session: Minimal_Default (Jul 26, 2015, 6:59:45 PM)
[2015.07.26-02.59.45:246][276]LogPlayLevel: Creating play world package: /Game/StarterContent/Maps/UEDPIE_0_Minimal_Default
[2015.07.26-02.59.45:255][276]LogPlayLevel: PIE: StaticDuplicateObject took: (0.007643s)
[2015.07.26-02.59.45:256][276]LogAIModule: Creating AISystem for world Minimal_Default
[2015.07.26-02.59.45:257][276]LogPlayLevel: PIE: World Init took: (0.001949s)
[2015.07.26-02.59.45:258][276]LogPlayLevel: PIE: Created PIE world by copying editor world from /Game/StarterContent/Maps/Minimal_Default.Minimal_Default to /Game/StarterContent/Maps/UEDPIE_0_Minimal_Default.Minimal_Default (0.011163s)
[2015.07.26-02.59.45:307][276]LogInit: XAudio2 using '喇叭 (ASUS Xonar DS Audio Device)' : 2 channels at 44.1 kHz using 16 bits per sample (channel mask 0x3)
[2015.07.26-02.59.45:311][276]LogInit: FAudioDevice initialized.
[2015.07.26-02.59.45:603][276]LogWorld: Game class is 'BP_GameMode_C'
[2015.07.26-02.59.45:611][276]LogWorld: Bringing World /Game/StarterContent/Maps/UEDPIE_0_Minimal_Default.Minimal_Default up for play (max tick rate 0) at 2015.07.26-10.59.45
[2015.07.26-02.59.45:611][276]LogActor:Warning: GameSession /Game/StarterContent/Maps/UEDPIE_0_Minimal_Default.Minimal_Default:PersistentLevel.GameSession_0 has natively added scene component(s), but none of them were set as the actor's RootComponent - picking one arbitrarily
[2015.07.26-02.59.45:612][276]LogActor:Warning: GameNetworkManager /Game/StarterContent/Maps/UEDPIE_0_Minimal_Default.Minimal_Default:PersistentLevel.GameNetworkManager_0 has natively added scene component(s), but none of them were set as the actor's RootComponent - picking one arbitrarily
[2015.07.26-02.59.45:613][276]LogWorld: Bringing up level for play took: 0.005820
[2015.07.26-02.59.45:618][276]PIE: Info Play in editor start time for /Game/StarterContent/Maps/UEDPIE_0_Minimal_Default 0.702
[2015.07.26-02.59.56:484][535]LogActorComponent: UnregisterComponent: (/Engine/Transient.CharMoveComp) Not registered. Aborting.
[2015.07.26-02.59.56:500][535]LogParticles: Destroying 0 GPU particle simulations for FXSystem 0x0000000003A22200
[2015.07.26-03.00.18:584][849]LogD3D11RHI: InitD3DDevice
[2015.07.26-03.00.18:587][849]Recompiling Demo...
[2015.07.26-03.00.18:587][849]Launching UnrealBuildTool... [C:/Program Files/Epic Games/4.8/Engine/Binaries/DotNET/UnrealBuildTool.exe Demo -ModuleWithSuffix Demo 5287 Win64 Development -editorrecompile -canskiplink "D:/Users/SCW/Documents/Unreal Projects/Demo/Demo.uproject" -rocket  -rocket]
[2015.07.26-03.00.18:589][849]Warning: Starting HotReload took  0.0s.
[2015.07.26-03.00.43:919][981]CompilerResultsLog: New page: Compilation - Jul 26, 2015, 7:00:43 PM
[2015.07.26-03.00.43:920][981]CompilerResultsLog: Info Compiling game modules for hot reload
[2015.07.26-03.00.43:921][981]CompilerResultsLog: Info Parsing headers for DemoEditor
[2015.07.26-03.00.43:921][981]CompilerResultsLog: Info Reflection code generated for DemoEditor
[2015.07.26-03.00.43:922][981]CompilerResultsLog: Info Performing 2 actions (4 in parallel)
[2015.07.26-03.00.43:923][981]CompilerResultsLog: Info BasicPlayerController.cpp
[2015.07.26-03.00.43:923][981]CompilerResultsLog: Info [2/2] Link UE4Editor-Demo-5287.dll
[2015.07.26-03.00.43:924][981]CompilerResultsLog: Info    Creating library D:\Users\SCW\Documents\Unreal Projects\Demo\Intermediate/Build/Win64\UE4Editor\Development\UE4Editor-Demo-5287.lib and object D:\Users\SCW\Documents\Unreal Projects\Demo\Intermediate/Build/Win64\UE4Editor\Development\UE4Editor-Demo-5287.exp
[2015.07.26-03.00.43:924][981]CompilerResultsLog: Info -------- End Detailed Actions Stats -----------------------------------------------------------
[2015.07.26-03.00.43:925][981]CompilerResultsLog: Info Total build time: 24.95 seconds
[2015.07.26-03.00.43:926][981]LogMainFrame: MainFrame: Module compiling took 25.347 seconds
[2015.07.26-03.00.43:927][981]LogActorComponent: UnregisterComponent: (/Engine/Transient.CharMoveComp) Not registered. Aborting.
[2015.07.26-03.00.44:016][981]LogContentBrowser: Native class hierarchy updated for 'Demo' in 0.0019 seconds. Added 3 classes and 2 folders.
[2015.07.26-03.00.44:018][981]Warning: HotReload successful (0 functions remapped  0 scriptstructs remapped)
[2015.07.26-03.00.44:045][981]LogContentBrowser: Native class hierarchy populated in 0.0125 seconds. Added 1796 classes and 305 folders.
[2015.07.26-03.01.57:723][348]LogPlayLevel: PIE:  No blueprints needed recompiling
[2015.07.26-03.01.57:724][348]PIE: New page: PIE session: Minimal_Default (Jul 26, 2015, 7:01:57 PM)
[2015.07.26-03.01.57:725][348]LogPlayLevel: Creating play world package: /Game/StarterContent/Maps/UEDPIE_0_Minimal_Default
[2015.07.26-03.01.57:733][348]LogPlayLevel: PIE: StaticDuplicateObject took: (0.007468s)
[2015.07.26-03.01.57:735][348]LogAIModule: Creating AISystem for world Minimal_Default
[2015.07.26-03.01.57:737][348]LogPlayLevel: PIE: World Init took: (0.002686