[2015.07.26-05.49.24:258][  0]Log file open, 07/26/15 13:49:24
[2015.07.26-05.49.24:258][  0]LogInit:Display: Running engine for game: Demo
[2015.07.26-05.49.24:258][  0]LogInit:Display: RandInit(688001477) SRandInit(688001477).
[2015.07.26-05.49.24:259][  0]LogTaskGraph: Started task graph with 4 named threads and 7 total threads.
[2015.07.26-05.49.24:259][  0]LogStats: Stats thread started
[2015.07.26-05.49.24:259][  0]LogInit: Version: 4.8.2-2614606+++depot+UE4-Releases+4.8
[2015.07.26-05.49.24:260][  0]LogInit: API Version: 2579680
[2015.07.26-05.49.24:260][  0]LogInit: Compiled (64-bit): Jul  8 2015 23:43:41
[2015.07.26-05.49.24:260][  0]LogInit: Compiled with Visual C++: 18.00.21005.01
[2015.07.26-05.49.24:260][  0]LogInit: Build Configuration: Development
[2015.07.26-05.49.24:261][  0]LogInit: Branch Name: ++depot+UE4-Releases+4.8
[2015.07.26-05.49.24:261][  0]LogInit: Command line: 
[2015.07.26-05.49.24:261][  0]LogInit: Base directory: C:/Program Files/Epic Games/4.8/Engine/Binaries/Win64/
[2015.07.26-05.49.24:261][  0]LogInit: Rocket: 1
[2015.07.26-05.49.24:295][  0]LogInit: Using libcurl 7.41.0
[2015.07.26-05.49.24:296][  0]LogInit:  - built for x86_64-pc-win32
[2015.07.26-05.49.24:296][  0]LogInit:  - supports SSL with WinSSL
[2015.07.26-05.49.24:296][  0]LogInit:  - other features:
[2015.07.26-05.49.24:297][  0]LogInit:      CURL_VERSION_SSL
[2015.07.26-05.49.24:297][  0]LogInit:      CURL_VERSION_IPV6
[2015.07.26-05.49.24:297][  0]LogInit:      CURL_VERSION_ASYNCHDNS
[2015.07.26-05.49.24:298][  0]LogInit:      CURL_VERSION_LARGEFILE
[2015.07.26-05.49.24:298][  0]LogInit:      CURL_VERSION_IDN
[2015.07.26-05.49.24:298][  0]LogInit:  CurlRequestOptions (configurable via config and command line):
[2015.07.26-05.49.24:299][  0]LogInit:  - bVerifyPeer = true  - Libcurl will verify peer certificate
[2015.07.26-05.49.24:299][  0]LogInit:  - bUseHttpProxy = false  - Libcurl will NOT use HTTP proxy
[2015.07.26-05.49.24:299][  0]LogInit:  - bDontReuseConnections = false  - Libcurl will reuse connections
[2015.07.26-05.49.24:300][  0]LogInit:  - CertBundlePath = nullptr  - Libcurl will use whatever was configured at build time.
[2015.07.26-05.49.24:327][  0]LogOnline:Warning: No default platform service specified for OnlineSubsystem
[2015.07.26-05.49.24:386][  0]LogInit: Presizing for 0 objects not considered by GC, pre-allocating 0 bytes.
[2015.07.26-05.49.24:397][  0]LogInit: Object subsystem initialized
[2015.07.26-05.49.24:399][  0]LogConsoleResponse:Warning: Skipping Unknown console variable: 'TranslucentSortAxis = (X=0.000000,Y=-1.000000,Z=0.000000)'
[2015.07.26-05.49.24:399][  0]LogConsoleResponse:Warning:   Found in ini file 'D:/Users/SCW/Documents/Unreal Projects/Demo/Saved/Config/Windows/Engine.ini', in section '[/Script/Engine.RendererSettings]'
[2015.07.26-05.49.24:400][  0]LogConsoleResponse:Warning: Skipping Unknown console variable: 'UIScaleRule = ShortestSide'
[2015.07.26-05.49.24:400][  0]LogConsoleResponse:Warning:   Found in ini file 'D:/Users/SCW/Documents/Unreal Projects/Demo/Saved/Config/Windows/Engine.ini', in section '[/Script/Engine.RendererSettings]'
[2015.07.26-05.49.24:400][  0]LogConsoleResponse:Warning: Skipping Unknown console variable: 'UIScaleCurve = (EditorCurveData=(Keys=),ExternalCurve=None)'
[2015.07.26-05.49.24:400][  0]LogConsoleResponse:Warning:   Found in ini file 'D:/Users/SCW/Documents/Unreal Projects/Demo/Saved/Config/Windows/Engine.ini', in section '[/Script/Engine.RendererSettings]'
[2015.07.26-05.49.24:402][  0]LogInit: Selected Device Profile: [Windows]
[2015.07.26-05.49.24:402][  0]LogInit: Applying CVar settings loaded from the selected device profile: [Windows]
[2015.07.26-05.49.24:431][  0]LogInit: Computer: SCW-PC
[2015.07.26-05.49.24:431][  0]LogInit: User: SCW
[2015.07.26-05.49.24:432][  0]LogInit: CPU Page size=4096, Cores=4
[2015.07.26-05.49.24:432][  0]LogInit: High frequency timer resolution =2.483750 MHz
[2015.07.26-05.49.24:432][  0]LogMemory: Memory total: Physical=8.0GB (8GB approx)
[2015.07.26-05.49.24:433][  0]LogMemory: Platform Memory Stats for Windows
[2015.07.26-05.49.24:433][  0]LogMemory: Process Physical Memory: 52.69 MB used, 52.69 MB peak
[2015.07.26-05.49.24:433][  0]LogMemory: Process Virtual Memory: 24.53 MB used, 26.41 MB peak
[2015.07.26-05.49.24:434][  0]LogMemory: Physical Memory: 5452.09 MB used, 8183.05 MB total
[2015.07.26-05.49.24:434][  0]LogMemory: Virtual Memory: 292.58 MB used, 8388608.00 MB total
[2015.07.26-05.49.24:559][  0]LogTextLocalizationManager: The requested culture ('zh_TW') has no localization data; falling back to 'en' for localization and internationalization data.
[2015.07.26-05.49.24:895][  0]LogTextLocalizationManager:Warning: Loaded localization resources contain conflicting entries for (Namespace:ContentBrowser, Key:ImportAssetToolTip):
Localization Resource: (C:/Program Files/Epic Games/4.8/Engine/Content/Localization/Editor/en/Editor.locres) Source String Hash: (-630476809) Localized String: (Import to {0}...)
Localization Resource: (C:/Program Files/Epic Games/4.8/Engine/Content/Localization/Editor/en/Editor.locres) Source String Hash: (1271782899) Localized String: (Imports an asset from file to this folder.)
[2015.07.26-05.49.25:426][  0]LogD3D11RHI: Found D3D11 adapter 0: NVIDIA GeForce GTX 560 Ti   (Feature Level 11_0)
[2015.07.26-05.49.25:427][  0]LogD3D11RHI: Adapter has 979MB of dedicated video memory, 0MB of dedicated system memory, and 3071MB of shared system memory, 2 output[s]
[2015.07.26-05.49.25:427][  0]LogD3D11RHI: Chosen D3D11 Adapter Id = 0
[2015.07.26-05.49.25:432][  0]LogD3D11RHI: InitD3DDevice
[2015.07.26-05.49.25:432][  0]LogD3D11RHI: !Direct3DDevice
[2015.07.26-05.49.25:433][  0]LogRHI: Texture pool is 685 MB (70% of 979 MB)
[2015.07.26-05.49.25:464][  0]LogD3D11RHI: Async texture creation enabled
[2015.07.26-05.49.25:483][  0]LogShaderCompilers:Display: Using Local Shader Compiler.
[2015.07.26-05.49.26:876][  0]LogTemp:Display: Loaded TP DesktopTargetPlatform
[2015.07.26-05.49.26:918][  0]LogTemp:Display: Loaded TP WindowsClientTargetPlatform
[2015.07.26-05.49.26:955][  0]LogTemp:Display: Loaded TP WindowsNoEditorTargetPlatform
[2015.07.26-05.49.26:992][  0]LogTemp:Display: Loaded TP WindowsServerTargetPlatform
[2015.07.26-05.49.27:032][  0]LogTemp:Display: Loaded TP WindowsTargetPlatform
[2015.07.26-05.49.27:059][  0]LogTemp:Display: Loaded TP AndroidTargetPlatform
[2015.07.26-05.49.27:087][  0]LogTemp:Display: Loaded TP Android_ASTCTargetPlatform
[2015.07.26-05.49.27:116][  0]LogTemp:Display: Loaded TP Android_ATCTargetPlatform
[2015.07.26-05.49.27:147][  0]LogTemp:Display: Loaded TP Android_DXTTargetPlatform
[2015.07.26-05.49.27:177][  0]LogTemp:Display: Loaded TP Android_ETC1TargetPlatform
[2015.07.26-05.49.27:210][  0]LogTemp:Display: Loaded TP Android_ETC2TargetPlatform
[2015.07.26-05.49.27:239][  0]LogTemp:Display: Loaded TP Android_PVRTCTargetPlatform
[2015.07.26-05.49.27:349][  0]LogTemp:Display: Loaded TP IOSTargetPlatform
[2015.07.26-05.49.27:375][  0]LogTemp:Display: Loaded TP LinuxNoEditorTargetPlatform
[2015.07.26-05.49.27:400][  0]LogTemp:Display: Loaded TP LinuxServerTargetPlatform
[2015.07.26-05.49.27:429][  0]LogTemp:Display: Loaded TP LinuxTargetPlatform
[2015.07.26-05.49.27:429][  0]LogTargetPlatformManager:Display: Building Assets For Windows
[2015.07.26-05.49.27:979][  0]LogDerivedDataCache:Display: Max Cache Size: 512 MB
[2015.07.26-05.49.28:150][  0]LogDerivedDataCache: Loaded boot cache 0.17s 53MB C:/Users/SCW/AppData/Local/UnrealEngine/4.8/DerivedDataCache/Boot.ddc.
[2015.07.26-05.49.28:150][  0]LogDerivedDataCache:Display: Loaded Boot cache: C:/Users/SCW/AppData/Local/UnrealEngine/4.8/DerivedDataCache/Boot.ddc
[2015.07.26-05.49.28:151][  0]LogDerivedDataCache: FDerivedDataBackendGraph:  Pak pak cache file D:/Users/SCW/Documents/Unreal Projects/Demo/DerivedDataCache/DDC.ddp not found, will not use a pak cache.
[2015.07.26-05.49.28:151][  0]LogDerivedDataCache: Unable to find inner node Pak for hierarchical cache Hierarchy.
[2015.07.26-05.49.28:151][  0]LogDerivedDataCache: FDerivedDataBackendGraph:  CompressedPak pak cache file D:/Users/SCW/Documents/Unreal Projects/Demo/DerivedDataCache/Compressed.ddp not found, will not use a pak cache.
[2015.07.26-05.49.28:152][  0]LogDerivedDataCache: Unable to find inner node CompressedPak for hierarchical cache Hierarchy.
[2015.07.26-05.49.28:388][  0]LogDerivedDataCache:Display: Pak cache opened for reading ../../../Engine/DerivedDataCache/Compressed.ddp.
[2015.07.26-05.49.28:401][  0]LogDerivedDataCache: Using Local data cache path C:/Users/SCW/AppData/Local/UnrealEngine/Common/DerivedDataCache: Writable
[2015.07.26-05.49.28:948][  0]LogInit: Selected Device Profile: [Windows]
[2015.07.26-05.49.28:959][  0]ImportText (ComponentSweepMultiTests): Missing closing parenthesis: (RootShapeAsset="/Engine/BasicShapes/Cube.Cube",ShapeType="TriggerCapsule",HitResult=(Time=0.50,Location=(X=-100.000015,Y=0.0,Z=100.000015),ImpactPoint=(X=-50.0,Y=0.0,Z=50.0),Normal=(X=-1.0,Y=-0.0,Z=0.0),ImpactNormal=(X=0.0,Y=0.0,Z=1.0),TraceStart=(X=-200.0,Y=0.0,Z=200.0),TraceEnd=(X=0.0,Y=0.0,Z=0.0))
[2015.07.26-05.49.28:960][  0]ImportText (LineTraceSingleByChannelTests): Missing closing parenthesis: (RootShapeAsset="/Engine/BasicShapes/Cube.Cube",HitResult=(Time=0.50,Location=(X=-100.000015,Y=0.0,Z=100.000015),ImpactPoint=(X=-50.0,Y=0.0,Z=50.0),Normal=(X=-1.0,Y=-0.0,Z=0.0),ImpactNormal=(X=0.0,Y=0.0,Z=1.0),TraceStart=(X=-200.0,Y=0.0,Z=200.0),TraceEnd=(X=0.0,Y=0.0,Z=0.0))
[2015.07.26-05.49.29:030][  0]LogMeshUtilities: No automatic mesh reduction module available
[2015.07.26-05.49.29:030][  0]LogMeshUtilities: No automatic mesh merging module available
[2015.07.26-05.49.29:710][  0]LogInit: WinSock: version 1.1 (2.2), MaxSocks=32767, MaxUdp=65467
[2015.07.26-05.49.32:390][  0]UdpMessaging: Initializing bridge on interface 0.0.0.0:0 to multicast group 230.0.0.1:6666.
[2015.07.26-05.49.33:260][  0]SourceControl: Info Source control is disabled
[2015.07.26-05.49.33:336][  0]SourceControl: Info Source control is disabled
[2015.07.26-05.49.33:363][  0]SourceControl: Info Source control is disabled
[2015.07.26-05.49.33:396][  0]SourceControl: Info Source control is disabled
[2015.07.26-05.49.33:899][  0]LogObj: 26293 objects as part of root set at end of initial load.
[2015.07.26-05.49.33:900][  0]LogUObjectAllocator: 5424808 out of 0 bytes used by permanent object pool.
[2015.07.26-05.49.34:042][  0]LogEngine: Initializing Engine...
[2015.07.26-05.49.34:047][  0]LogHMD: Can't find Oculus library dev build: is proper Runtime installed? Version: 0.6.0.0
[2015.07.26-05.49.34:059][  0]LogHMD:Warning: SteamVR failed to initialize.  Error: 100
[2015.07.26-05.49.34:310][  0]LogAIModule: Creating AISystem for world NewWorld
[2015.07.26-05.49.34:324][  0]LogInit: XAudio2 using '喇叭 (ASUS Xonar DS Audio Device)' : 2 channels at 44.1 kHz using 16 bits per sample (channel mask 0x3)
[2015.07.26-05.49.34:335][  0]LogInit: FAudioDevice initialized.
[2015.07.26-05.49.34:370][  0]LogDerivedDataCache: Saved boot cache 0.04s 53MB C:/Users/SCW/AppData/Local/UnrealEngine/4.8/DerivedDataCache/Boot.ddc.
[2015.07.26-05.49.34:380][  0]LogInit: Texture streaming: Disabled
[2015.07.26-05.49.34:441][  0]LogAnalytics: Creating configured Analytics provider AnalyticsET
[2015.07.26-05.49.34:442][  0]LogAnalytics: [UEEditor.Rocket.Release] APIServer = http://et2.epicgames.com/ET2/. AppVersion = 4.8.2-2614606+++depot+UE4-Releases+4.8
[2015.07.26-05.49.34:442][  0]LogAnalytics: [UEEditor.Rocket.Release] SetUserId 568b5a34404f889fb1b32ab5dcc7273c|171fa9009f6b4f02983f7d0ecd1f12ba|c0dd2cb7-895e-48cf-9e36-42424b144c9b
[2015.07.26-05.49.34:443][  0]LogAnalytics: [UEEditor.Rocket.Release] AnalyticsET::StartSession
[2015.07.26-05.49.34:492][  0]LogInit: Transaction tracking system initialized
[2015.07.26-05.49.34:847][  0]BlueprintLog: New page: Editor Load
[2015.07.26-05.49.34:943][  0]LogAssetRegistry: FAssetRegistry took 0.0117 seconds to start up
[2015.07.26-05.49.34:944][  0]LogDirectoryWatcher:Warning: Failed to begin reading directory changes for ../../../Engine/Plugins/Experimental/CharacterAI/Content/. Error: 0
[2015.07.26-05.49.36:412][  0]LogLinker:Warning: Asset '../../../Engine/Content/Tutorial/Mobile/SettingUpAndroidTutorial.uasset' has been saved with empty engine version. The asset will be loaded but may be incompatible.
[2015.07.26-05.49.36:699][  0]LogConsoleManager:Warning: Console variable 'r.VSync' wasn't set ('GameSetting' has a lower priority than 'SystemSettingsIni')
[2015.07.26-05.49.36:700][  0]LogConsoleResponse:Display: 
[2015.07.26-05.49.36:877][  0]LogCook:Display: Done creating registry. It took  0.00s.
[2015.07.26-05.49.37:343][  0]SourceControl: Info Source control is disabled
[2015.07.26-05.49.37:343][  0]Cmd: MAP LOAD FILE="D:/Users/SCW/Documents/Unreal Projects/Demo/Content/StarterContent/Maps/Minimal_Default.umap" TEMPLATE=0 SHOWPROGRESS=1 FEATURELEVEL=3
[2015.07.26-05.49.37:344][  0]LightingResults: New page: Lighting Build
[2015.07.26-05.49.37:371][  0]MapCheck: New page: Map Check
[2015.07.26-05.49.37:372][  0]LightingResults: New page: Lighting Build
[2015.07.26-05.49.37:384][  0]LogParticles: Destroying 0 GPU particle simulations for FXSystem 0x000000001E8B3880
[2015.07.26-05.49.38:437][  0]LogAIModule: Creating AISystem for world Minimal_Default
[2015.07.26-05.49.38:453][  0]LogEditorServer: Finished looking for orphan Actors (0.000 secs)
[2015.07.26-05.49.38:477][  0]Cmd: MAP CHECKDEP NOCLEARLOG
[2015.07.26-05.49.38:544][  0]MapCheck: Info Map check complete: 0 Error(s), 0 Warning(s), took 65.898ms to complete.
[2015.07.26-05.49.38:545][  0]LogFileHelpers: Loading map 'Minimal_Default' took 1.202
[2015.07.26-05.49.38:697][  0]LogCollectionManager: Loaded 0 collections in 0.003088 seconds
[2015.07.26-05.49.38:709][  0]LogContentBrowser: Native class hierarchy populated in 0.0116 seconds. Added 1796 classes and 303 folders.
[2015.07.26-05.49.38:810][  0]LogContentBrowser: Native class hierarchy updated for 'WidgetCarousel' in 0.0019 seconds. Added 0 classes and 0 folders.
[2015.07.26-05.49.38:867][  0]LogContentBrowser: Native class hierarchy updated for 'AddContentDialog' in 0.0018 seconds. Added 0 classes and 0 folders.
[2015.07.26-05.49.38:912][  0]LogContentBrowser: Native class hierarchy updated for 'SceneOutliner' in 0.0022 seconds. Added 1 classes and 2 folders.
[2015.07.26-05.49.38:975][  0]LogCrashTracker: Crashtracker disabled due to settings.
[2015.07.26-05.49.38:977][  0]LogD3D11RHI: InitD3DDevice
[2015.07.26-05.49.38:980][  0]LogUObjectGlobals:Warning: Failed to find object 'Class None.'
[2015.07.26-05.49.39:004][  0]LogLoad: Full Startup: 18.08 seconds (BP compile: 0.26 seconds)
[2015.07.26-05.49.39:427][  0]LogContentStreaming: Texture pool size is 0.000000MB
[2015.07.26-05.49.39:486][  0]LogContentStreaming: Texture pool size now 700 MB
[2015.07.26-05.49.39:655][  0]LogRenderer: Reallocating scene render targets to support 1208x584 (Frame:2).
[2015.07.26-05.49.40:982][  9]LogAssetRegistry: Asset discovery search completed in 6.0507 seconds
[2015.07.26-05.49.43:817][344]LogD3D11RHI: InitD3DDevice
[2015.07.26-05.49.45:209][444]LogD3D11RHI: InitD3DDevice
[2015.07.26-05.49.45:750][491]LogD3D11RHI: InitD3DDevice
[2015.07.26-05.49.45:989][506]LogD3D11RHI: InitD3DDevice
[2015.07.26-05.49.52:451][ 82]LogD3D11RHI: InitD3DDevice
[2015.07.26-05.49.52:948][116]LogD3D11RHI: InitD3DDevice
[2015.07.26-05.49.53:021][116]LogD3D11RHI: InitD3DDevice
[2015.07.26-05.50.22:118][ 89]LogD3D11RHI: InitD3DDevice
[2015.07.26-05.50.22:250][ 89]Running C:/Program Files/Epic Games/4.8/Engine/Binaries/DotNET/UnrealBuildTool.exe Demo Win64 Development -editorrecompile "D:/Users/SCW/Documents/Unreal Projects/Demo/Demo.uproject" -invalidatemakefilesonly -rocket
[2015.07.26-05.50.22:756][ 89]Invalidating makefiles only in this run.
[2015.07.26-05.50.22:884][ 89]LogD3D11RHI: InitD3DDevice
[2015.07.26-05.50.22:886][ 89]Recompiling Demo...
[2015.07.26-05.50.22:886][ 89]Launching UnrealBuildTool... [C:/Program Files/Epic Games/4.8/Engine/Binaries/DotNET/UnrealBuildTool.exe Demo -ModuleWithSuffix Demo 8215 Win64 Development -editorrecompile -canskiplink "D:/Users/SCW/