[2015.07.25-13.01.40:335][  0]Log file open, 07/25/15 21:01:40
[2015.07.25-13.01.40:335][  0]LogInit:Display: Running engine for game: Demo
[2015.07.25-13.01.40:335][  0]LogInit:Display: RandInit(1802181649) SRandInit(1802181649).
[2015.07.25-13.01.40:336][  0]LogTaskGraph: Started task graph with 4 named threads and 7 total threads.
[2015.07.25-13.01.40:336][  0]LogStats: Stats thread started
[2015.07.25-13.01.40:336][  0]LogInit: Version: 4.8.2-2614606+++depot+UE4-Releases+4.8
[2015.07.25-13.01.40:337][  0]LogInit: API Version: 2579680
[2015.07.25-13.01.40:337][  0]LogInit: Compiled (64-bit): Jul  8 2015 23:43:41
[2015.07.25-13.01.40:337][  0]LogInit: Compiled with Visual C++: 18.00.21005.01
[2015.07.25-13.01.40:337][  0]LogInit: Build Configuration: Development
[2015.07.25-13.01.40:338][  0]LogInit: Branch Name: ++depot+UE4-Releases+4.8
[2015.07.25-13.01.40:338][  0]LogInit: Command line: 
[2015.07.25-13.01.40:338][  0]LogInit: Base directory: C:/Program Files/Epic Games/4.8/Engine/Binaries/Win64/
[2015.07.25-13.01.40:338][  0]LogInit: Rocket: 1
[2015.07.25-13.01.40:368][  0]LogInit: Using libcurl 7.41.0
[2015.07.25-13.01.40:369][  0]LogInit:  - built for x86_64-pc-win32
[2015.07.25-13.01.40:369][  0]LogInit:  - supports SSL with WinSSL
[2015.07.25-13.01.40:369][  0]LogInit:  - other features:
[2015.07.25-13.01.40:369][  0]LogInit:      CURL_VERSION_SSL
[2015.07.25-13.01.40:370][  0]LogInit:      CURL_VERSION_IPV6
[2015.07.25-13.01.40:370][  0]LogInit:      CURL_VERSION_ASYNCHDNS
[2015.07.25-13.01.40:370][  0]LogInit:      CURL_VERSION_LARGEFILE
[2015.07.25-13.01.40:370][  0]LogInit:      CURL_VERSION_IDN
[2015.07.25-13.01.40:371][  0]LogInit:  CurlRequestOptions (configurable via config and command line):
[2015.07.25-13.01.40:371][  0]LogInit:  - bVerifyPeer = true  - Libcurl will verify peer certificate
[2015.07.25-13.01.40:371][  0]LogInit:  - bUseHttpProxy = false  - Libcurl will NOT use HTTP proxy
[2015.07.25-13.01.40:372][  0]LogInit:  - bDontReuseConnections = false  - Libcurl will reuse connections
[2015.07.25-13.01.40:372][  0]LogInit:  - CertBundlePath = nullptr  - Libcurl will use whatever was configured at build time.
[2015.07.25-13.01.40:395][  0]LogOnline:Warning: No default platform service specified for OnlineSubsystem
[2015.07.25-13.01.40:454][  0]LogInit: Presizing for 0 objects not considered by GC, pre-allocating 0 bytes.
[2015.07.25-13.01.40:464][  0]LogInit: Object subsystem initialized
[2015.07.25-13.01.40:465][  0]LogConsoleResponse:Warning: Skipping Unknown console variable: 'TranslucentSortAxis = (X=0.000000,Y=-1.000000,Z=0.000000)'
[2015.07.25-13.01.40:466][  0]LogConsoleResponse:Warning:   Found in ini file 'D:/Users/SCW/Documents/Unreal Projects/Demo/Saved/Config/Windows/Engine.ini', in section '[/Script/Engine.RendererSettings]'
[2015.07.25-13.01.40:466][  0]LogConsoleResponse:Warning: Skipping Unknown console variable: 'UIScaleRule = ShortestSide'
[2015.07.25-13.01.40:466][  0]LogConsoleResponse:Warning:   Found in ini file 'D:/Users/SCW/Documents/Unreal Projects/Demo/Saved/Config/Windows/Engine.ini', in section '[/Script/Engine.RendererSettings]'
[2015.07.25-13.01.40:467][  0]LogConsoleResponse:Warning: Skipping Unknown console variable: 'UIScaleCurve = (EditorCurveData=(Keys=),ExternalCurve=None)'
[2015.07.25-13.01.40:467][  0]LogConsoleResponse:Warning:   Found in ini file 'D:/Users/SCW/Documents/Unreal Projects/Demo/Saved/Config/Windows/Engine.ini', in section '[/Script/Engine.RendererSettings]'
[2015.07.25-13.01.40:468][  0]LogInit: Selected Device Profile: [Windows]
[2015.07.25-13.01.40:468][  0]LogInit: Applying CVar settings loaded from the selected device profile: [Windows]
[2015.07.25-13.01.40:498][  0]LogInit: Computer: SCW-PC
[2015.07.25-13.01.40:498][  0]LogInit: User: SCW
[2015.07.25-13.01.40:499][  0]LogInit: CPU Page size=4096, Cores=4
[2015.07.25-13.01.40:499][  0]LogInit: High frequency timer resolution =2.483750 MHz
[2015.07.25-13.01.40:499][  0]LogMemory: Memory total: Physical=8.0GB (8GB approx)
[2015.07.25-13.01.40:500][  0]LogMemory: Platform Memory Stats for Windows
[2015.07.25-13.01.40:500][  0]LogMemory: Process Physical Memory: 50.64 MB used, 50.64 MB peak
[2015.07.25-13.01.40:500][  0]LogMemory: Process Virtual Memory: 23.47 MB used, 23.47 MB peak
[2015.07.25-13.01.40:500][  0]LogMemory: Physical Memory: 6313.20 MB used, 8183.05 MB total
[2015.07.25-13.01.40:500][  0]LogMemory: Virtual Memory: 291.52 MB used, 8388608.00 MB total
[2015.07.25-13.01.40:635][  0]LogTextLocalizationManager: The requested culture ('zh_TW') has no localization data; falling back to 'en' for localization and internationalization data.
[2015.07.25-13.01.40:971][  0]LogTextLocalizationManager:Warning: Loaded localization resources contain conflicting entries for (Namespace:ContentBrowser, Key:ImportAssetToolTip):
Localization Resource: (C:/Program Files/Epic Games/4.8/Engine/Content/Localization/Editor/en/Editor.locres) Source String Hash: (-630476809) Localized String: (Import to {0}...)
Localization Resource: (C:/Program Files/Epic Games/4.8/Engine/Content/Localization/Editor/en/Editor.locres) Source String Hash: (1271782899) Localized String: (Imports an asset from file to this folder.)
[2015.07.25-13.01.41:625][  0]LogD3D11RHI: Found D3D11 adapter 0: NVIDIA GeForce GTX 560 Ti   (Feature Level 11_0)
[2015.07.25-13.01.41:626][  0]LogD3D11RHI: Adapter has 979MB of dedicated video memory, 0MB of dedicated system memory, and 3071MB of shared system memory, 2 output[s]
[2015.07.25-13.01.41:626][  0]LogD3D11RHI: Chosen D3D11 Adapter Id = 0
[2015.07.25-13.01.41:631][  0]LogD3D11RHI: InitD3DDevice
[2015.07.25-13.01.41:632][  0]LogD3D11RHI: !Direct3DDevice
[2015.07.25-13.01.41:632][  0]LogRHI: Texture pool is 685 MB (70% of 979 MB)
[2015.07.25-13.01.41:661][  0]LogD3D11RHI: Async texture creation enabled
[2015.07.25-13.01.41:679][  0]LogShaderCompilers:Display: Using Local Shader Compiler.
[2015.07.25-13.01.43:277][  0]LogTemp:Display: Loaded TP DesktopTargetPlatform
[2015.07.25-13.01.43:313][  0]LogTemp:Display: Loaded TP WindowsClientTargetPlatform
[2015.07.25-13.01.43:348][  0]LogTemp:Display: Loaded TP WindowsNoEditorTargetPlatform
[2015.07.25-13.01.43:383][  0]LogTemp:Display: Loaded TP WindowsServerTargetPlatform
[2015.07.25-13.01.43:422][  0]LogTemp:Display: Loaded TP WindowsTargetPlatform
[2015.07.25-13.01.43:450][  0]LogTemp:Display: Loaded TP AndroidTargetPlatform
[2015.07.25-13.01.43:476][  0]LogTemp:Display: Loaded TP Android_ASTCTargetPlatform
[2015.07.25-13.01.43:507][  0]LogTemp:Display: Loaded TP Android_ATCTargetPlatform
[2015.07.25-13.01.43:536][  0]LogTemp:Display: Loaded TP Android_DXTTargetPlatform
[2015.07.25-13.01.43:567][  0]LogTemp:Display: Loaded TP Android_ETC1TargetPlatform
[2015.07.25-13.01.43:595][  0]LogTemp:Display: Loaded TP Android_ETC2TargetPlatform
[2015.07.25-13.01.43:625][  0]LogTemp:Display: Loaded TP Android_PVRTCTargetPlatform
[2015.07.25-13.01.43:731][  0]LogTemp:Display: Loaded TP IOSTargetPlatform
[2015.07.25-13.01.43:755][  0]LogTemp:Display: Loaded TP LinuxNoEditorTargetPlatform
[2015.07.25-13.01.43:780][  0]LogTemp:Display: Loaded TP LinuxServerTargetPlatform
[2015.07.25-13.01.43:806][  0]LogTemp:Display: Loaded TP LinuxTargetPlatform
[2015.07.25-13.01.43:807][  0]LogTargetPlatformManager:Display: Building Assets For Windows
[2015.07.25-13.01.44:392][  0]LogDerivedDataCache:Display: Max Cache Size: 512 MB
[2015.07.25-13.01.44:649][  0]LogDerivedDataCache: Loaded boot cache 0.26s 53MB C:/Users/SCW/AppData/Local/UnrealEngine/4.8/DerivedDataCache/Boot.ddc.
[2015.07.25-13.01.44:650][  0]LogDerivedDataCache:Display: Loaded Boot cache: C:/Users/SCW/AppData/Local/UnrealEngine/4.8/DerivedDataCache/Boot.ddc
[2015.07.25-13.01.44:650][  0]LogDerivedDataCache: FDerivedDataBackendGraph:  Pak pak cache file D:/Users/SCW/Documents/Unreal Projects/Demo/DerivedDataCache/DDC.ddp not found, will not use a pak cache.
[2015.07.25-13.01.44:650][  0]LogDerivedDataCache: Unable to find inner node Pak for hierarchical cache Hierarchy.
[2015.07.25-13.01.44:651][  0]LogDerivedDataCache: FDerivedDataBackendGraph:  CompressedPak pak cache file D:/Users/SCW/Documents/Unreal Projects/Demo/DerivedDataCache/Compressed.ddp not found, will not use a pak cache.
[2015.07.25-13.01.44:651][  0]LogDerivedDataCache: Unable to find inner node CompressedPak for hierarchical cache Hierarchy.
[2015.07.25-13.01.44:879][  0]LogDerivedDataCache:Display: Pak cache opened for reading ../../../Engine/DerivedDataCache/Compressed.ddp.
[2015.07.25-13.01.44:892][  0]LogDerivedDataCache: Using Local data cache path C:/Users/SCW/AppData/Local/UnrealEngine/Common/DerivedDataCache: Writable
[2015.07.25-13.01.45:530][  0]LogInit: Selected Device Profile: [Windows]
[2015.07.25-13.01.45:540][  0]ImportText (ComponentSweepMultiTests): Missing closing parenthesis: (RootShapeAsset="/Engine/BasicShapes/Cube.Cube",ShapeType="TriggerCapsule",HitResult=(Time=0.50,Location=(X=-100.000015,Y=0.0,Z=100.000015),ImpactPoint=(X=-50.0,Y=0.0,Z=50.0),Normal=(X=-1.0,Y=-0.0,Z=0.0),ImpactNormal=(X=0.0,Y=0.0,Z=1.0),TraceStart=(X=-200.0,Y=0.0,Z=200.0),TraceEnd=(X=0.0,Y=0.0,Z=0.0))
[2015.07.25-13.01.45:541][  0]ImportText (LineTraceSingleByChannelTests): Missing closing parenthesis: (RootShapeAsset="/Engine/BasicShapes/Cube.Cube",HitResult=(Time=0.50,Location=(X=-100.000015,Y=0.0,Z=100.000015),ImpactPoint=(X=-50.0,Y=0.0,Z=50.0),Normal=(X=-1.0,Y=-0.0,Z=0.0),ImpactNormal=(X=0.0,Y=0.0,Z=1.0),TraceStart=(X=-200.0,Y=0.0,Z=200.0),TraceEnd=(X=0.0,Y=0.0,Z=0.0))
[2015.07.25-13.01.45:602][  0]LogMeshUtilities: No automatic mesh reduction module available
[2015.07.25-13.01.45:603][  0]LogMeshUtilities: No automatic mesh merging module available
[2015.07.25-13.01.46:210][  0]LogInit: WinSock: version 1.1 (2.2), MaxSocks=32767, MaxUdp=65467
[2015.07.25-13.01.48:648][  0]UdpMessaging: Initializing bridge on interface 0.0.0.0:0 to multicast group 230.0.0.1:6666.
[2015.07.25-13.01.49:472][  0]SourceControl: Info Source control is disabled
[2015.07.25-13.01.49:544][  0]SourceControl: Info Source control is disabled
[2015.07.25-13.01.49:572][  0]SourceControl: Info Source control is disabled
[2015.07.25-13.01.49:603][  0]SourceControl: Info Source control is disabled
[2015.07.25-13.01.50:107][  0]LogObj: 26288 objects as part of root set at end of initial load.
[2015.07.25-13.01.50:107][  0]LogUObjectAllocator: 5422088 out of 0 bytes used by permanent object pool.
[2015.07.25-13.01.50:245][  0]LogEngine: Initializing Engine...
[2015.07.25-13.01.50:248][  0]LogHMD: Can't find Oculus library dev build: is proper Runtime installed? Version: 0.6.0.0
[2015.07.25-13.01.50:260][  0]LogHMD:Warning: SteamVR failed to initialize.  Error: 100
[2015.07.25-13.01.50:500][  0]LogAIModule: Creating AISystem for world NewWorld
[2015.07.25-13.01.50:514][  0]LogInit: XAudio2 using '喇叭 (ASUS Xonar DS Audio Device)' : 2 channels at 44.1 kHz using 16 bits per sample (channel mask 0x3)
[2015.07.25-13.01.50:558][  0]LogInit: FAudioDevice initialized.
[2015.07.25-13.01.50:593][  0]LogDerivedDataCache: Saved boot cache 0.03s 53MB C:/Users/SCW/AppData/Local/UnrealEngine/4.8/DerivedDataCache/Boot.ddc.
[2015.07.25-13.01.50:603][  0]LogInit: Texture streaming: Disabled
[2015.07.25-13.01.50:654][  0]LogAnalytics: Creating configured Analytics provider AnalyticsET
[2015.07.25-13.01.50:654][  0]LogAnalytics: [UEEditor.Rocket.Release] APIServer = http://et2.epicgames.com/ET2/. AppVersion = 4.8.2-2614606+++depot+UE4-Releases+4.8
[2015.07.25-13.01.50:655][  0]LogAnalytics: [UEEditor.Rocket.Release] SetUserId 568b5a34404f889fb1b32ab5dcc7273c|171fa9009f6b4f02983f7d0ecd1f12ba|c0dd2cb7-895e-48cf-9e36-42424b144c9b
[2015.07.25-13.01.50:655][  0]LogAnalytics: [UEEditor.Rocket.Release] AnalyticsET::StartSession
[2015.07.25-13.01.50:699][  0]LogInit: Transaction tracking system initialized
[2015.07.25-13.01.51:110][  0]BlueprintLog: New page: Editor Load
[2015.07.25-13.01.51:183][  0]LogAssetRegistry: FAssetRegistry took 0.0109 seconds to start up
[2015.07.25-13.01.51:184][  0]LogDirectoryWatcher:Warning: Failed to begin reading directory changes for ../../../Engine/Plugins/Experimental/CharacterAI/Content/. Error: 0
[2015.07.25-13.01.52:514][  0]LogLinker:Warning: Asset '../../../Engine/Content/Tutorial/Mobile/SettingUpAndroidTutorial.uasset' has been saved with empty engine version. The asset will be loaded but may be incompatible.
[2015.07.25-13.01.52:770][  0]LogConsoleManager:Warning: Console variable 'r.VSync' wasn't set ('GameSetting' has a lower priority than 'SystemSettingsIni')
[2015.07.25-13.01.52:771][  0]LogConsoleResponse:Display: 
[2015.07.25-13.01.52:955][  0]LogCook:Display: Done creating registry. It took  0.00s.
[2015.07.25-13.01.53:388][  0]SourceControl: Info Source control is disabled
[2015.07.25-13.01.53:388][  0]Cmd: MAP LOAD FILE="D:/Users/SCW/Documents/Unreal Projects/Demo/Content/StarterContent/Maps/Minimal_Default.umap" TEMPLATE=0 SHOWPROGRESS=1 FEATURELEVEL=3
[2015.07.25-13.01.53:389][  0]LightingResults: New page: Lighting Build
[2015.07.25-13.01.53:413][  0]MapCheck: New page: Map Check
[2015.07.25-13.01.53:414][  0]LightingResults: New page: Lighting Build
[2015.07.25-13.01.53:424][  0]LogParticles: Destroying 0 GPU particle simulations for FXSystem 0x000000001251C9A0
[2015.07.25-13.01.54:599][  0]LogAIModule: Creating AISystem for world Minimal_Default
[2015.07.25-13.01.54:618][  0]LogEditorServer: Finished looking for orphan Actors (0.000 secs)
[2015.07.25-13.01.54:640][  0]Cmd: MAP CHECKDEP NOCLEARLOG
[2015.07.25-13.01.54:703][  0]MapCheck: Info Map check complete: 0 Error(s), 0 Warning(s), took 61.95ms to complete.
[2015.07.25-13.01.54:704][  0]LogFileHelpers: Loading map 'Minimal_Default' took 1.315
[2015.07.25-13.01.54:869][  0]LogCollectionManager: Loaded 0 collections in 0.002978 seconds
[2015.07.25-13.01.54:880][  0]LogContentBrowser: Native class hierarchy populated in 0.0114 seconds. Added 1796 classes and 303 folders.
[2015.07.25-13.01.55:054][  0]LogContentBrowser: Native class hierarchy updated for 'WidgetCarousel' in 0.0021 seconds. Added 0 classes and 0 folders.
[2015.07.25-13.01.55:152][  0]LogContentBrowser: Native class hierarchy updated for 'AddContentDialog' in 0.0020 seconds. Added 0 classes and 0 folders.
[2015.07.25-13.01.55:197][  0]LogContentBrowser: Native class hierarchy updated for 'SceneOutliner' in 0.0019 seconds. Added 1 classes and 2 folders.
[2015.07.25-13.01.55:270][  0]LogCrashTracker: Crashtracker disabled due to settings.
[2015.07.25-13.01.55:272][  0]LogD3D11RHI: InitD3DDevice
[2015.07.25-13.01.55:276][  0]LogUObjectGlobals:Warning: Failed to find object 'Class None.'
[2015.07.25-13.01.55:299][  0]LogLoad: Full Startup: 18.29 seconds (BP compile: 0.24 seconds)
[2015.07.25-13.01.55:390][  0]LogContentStreaming: Texture pool size is 0.000000MB
[2015.07.25-13.01.55:455][  0]LogContentStreaming: Texture pool size now 700 MB
[2015.07.25-13.01.55:629][  0]LogRenderer: Reallocating scene render targets to support 1208x584 (Frame:2).
[2015.07.25-13.01.56:067][  9]LogAssetRegistry: Asset discovery search completed in 4.8946 seconds
[2015.07.25-13.01.58:979][277]LogD3D11RHI: InitD3DDevice
[2015.07.25-13.01.59:613][314]LogD3D11RHI: InitD3DDevice
[2015.07.25-13.01.59:878][342]LogD3D11RHI: InitD3DDevice
[2015.07.25-13.02.02:074][568]LogD3D11RHI: InitD3DDevice
[2015.07.25-13.02.45:154][812]LogD3D11RHI: InitD3DDevice
[2015.07.25-13.02.51:042][425]LogD3D11RHI: InitD3DDevice
[2015.07.25-13.02.56:255][957]LogPlayLevel: PIE:  No blueprints needed recompiling
[2015.07.25-13.02.56:262][957]PIE: New page: PIE session: Minimal_Default (Jul 26, 2015, 5:02:56 AM)
[2015.07.25-13.02.56:263][957]LogPlayLevel: Creating play world package: /Game/StarterContent/Maps/UEDPIE_0_Minimal_Default
[2015.07.25-13.02.56:271][957]LogPlayLevel: PIE: StaticDuplicateObject took: (0.007367s)
[2015.07.25-13.02.56:272][957]LogAIModule: Creating AISystem for world Minimal_Default
[2015.07.25-13.02.56:274][957]LogPlayLevel: PIE: World Init took: (0.002133s)
[2015.07.25-13.02.56:275][957]LogPlayLevel: PIE: Created PIE world by copying editor world from /Game/StarterContent/Maps/Minimal_Default.Minimal_Default to /Game/StarterContent/Maps/UEDPIE_0_Minimal_Default.Minimal_Default (0.011086s)
[2015.07.25-13.02.56:323][957]LogInit: XAudio2 using '喇叭 (ASUS Xonar DS Audio Device)' : 2 channels at 44.1 kHz using 16 bits per sample (channel mask 0x3)
[2015.07.25-13.02.56:327][957]LogInit: FAudioDevice initialized.
[2015.07.25-13.02.56:778][957]LogWorld: Game class is 'BP_GameMode_C'
[2015.07.25-13.02.56:786][957]LogWorld: Bringing World /Game/StarterContent/Maps/UEDPIE_0_Minimal_Default.Minimal_Default up for play (max tick rate 0) at 2015.07.25-21.02.56
[2015.07.25-13.02.56:787][957]LogActor:Warning: GameSession /Game/StarterContent/Maps/UEDPIE_0_Minimal_Default.Minimal_Default:PersistentLevel.GameSession_0 has natively added scene component(s), but none of them were set as the actor's RootComponent - picking one arbitrarily
[2015.07.25-13.02.56:788][957]LogActor:Warning: GameNetworkManager /Game/StarterContent/Maps/UEDPIE_0_Minimal_Default.Minimal_Default:PersistentLevel.GameNetworkManager_0 has natively added scene component(s), but none of them were set as the actor's RootComponent - picking one arbitrarily
[2015.07.25-13.02.56:788][957]LogWorld: Bringing up level for play took: 0.005812
[2015.07.25-13.02.56:792][957]PIE: Info Play in editor start time for /Game/StarterContent/Maps/UEDPIE_0_Minimal_Default -0.267
[2015.07.25-13.02.57:634][ 42]LogParticles: Destroying 0 GPU particle simulations for FXSystem 0x000000001230F740
[2015.07.25-13.03.03:773][507]LogD3D11RHI: InitD3DDevice
[2015.07.25-13.03.03:795][507]LogD3D11RHI: InitD3DDevice
[2015.07.25-13.03.03:848][507]LogLinker:Warning: Asset '../../../Engine/Content/ArtTools/RenderToTexture/Macros/RenderToTextureMacros.uasset' has been saved with empty engine version. The asset will be loaded but may be incompatible.
[2015.07.25-13.03.03:940][507]LogLinker:Warning: Asset '../../../Engine/Content/ArtTools/RenderToTexture/Enums/RenderToTexture_Enum.uasset' has been saved with empty engine version. The asset will be loaded but may be incompatible.
[2015.07.25-13.03.05:203][507]LogActor:Warning: GameNetworkManager /Engine/Transient.World_2:PersistentLevel.GameNetworkManager_1 has natively added scene component(s), but none of them were set as the actor's RootComponent - picking one arbitrarily
[2015.07.25-13.03.09:482][777]LogD3D11RHI: InitD3DDevice
[2015.07.25-13.03.11:891][945]LogD3D11RHI: InitD3DDevice
[2015.07.25-13.03.12:139][971]LogD3D11RHI: InitD3DDevice
[2015.07.25-13.03.16:019][262]LogD3D11RHI: InitD3DDevice
[2015.07.25-13.03.16:094][262]LogD3D11RHI: InitD3DDevice
[2015.07.25-13.03.42:342][164]LogActorComponent: UnregisterComponent: (/Engine/Transient.CharMoveComp) Not registered. Aborting.
[2015.07.25-13.03.42:395][164]LogD3D11RHI: InitD3DDevice
[2015.07.25-13.03.42:410][164]Cmd: OBJ SAVEPACKAGE PACKAGE="/Game/Blueprints/BP_PlayerChacterControl" FILE="D:/Users/SCW/Documents/Unreal Projects/Demo/Content/Blueprints/BP_PlayerChacterControl.uasset" SILENT=true
[2015.07.25-13.03.42:427][164]LogSavePackage: Save=15.356215ms
[2015.07.25-13.03.42:427][164]LogSavePackage: Moving 'D:/Users/SCW/Documents/Unreal Projects/Demo/Saved/BP_PlayerChacterControlF832E2F04E7DFEEFE98F8C9ED65C5863.tmp' to 'D:/Users/SCW/Documents/Unreal Projects/Demo/Content/Blueprints/BP_PlayerChacterControl.uasset'
[2015.07.25-13.03.46:279][474]LogD3D11RHI: InitD3DDevice
[2015.07.25-13.03.50:069][829]LogActorComponent: UnregisterComponent: (/Engine/Transient.CharMoveComp) Not registered. Aborting.
[2015.07.25-13.03.50:109][829]LogD3D11RHI: InitD3DDevice
[2015.07.25-13.03.50:118][829]Cmd: OBJ SAVEPACKAGE PACKAGE="/Game/Blueprints/BP_GameMode" FILE="D:/Users/SCW/Documents/Unreal Projects/Demo/Content/Blueprints/BP_GameMode.uasset" SILENT=true
[2015.07.25-13.03.50:159][829]LogSavePackage: Save=13.118873ms
[2015.07.25-13.03.50:159][829]LogSavePackage: Moving 'D:/Users/SCW/Documents/Unreal Projects/Demo/Saved/BP_GameMode9AF9A47147DDE0A4E1338684F10C2D12.tmp' to 'D:/Users/SCW/Documents/Unreal Projects/Demo/Content/Blueprints/BP_GameMode.uasset'
[2015.07.25-13.03.51:623][949]LogPlayLevel: PIE:  No blueprints needed recompiling
[2015.07.25-13.03.51:624][949]PIE: New page: PIE session: Minimal_Default (Jul 26, 2015, 5:03:51 AM)
[2015.07.25-13.03.51:625][949]LogPlayLevel: Creating play world package: /Game/StarterContent/Maps/UEDPIE_0_Minimal_Default
[2015.07.25-13.03.51:632][949]LogPlayLevel: PIE: StaticDuplicateObject took: (0.007423s)
[2015.07.25-13.03.51:634][949]LogAIModule: Creating AISystem for world Minimal_Default
[2015.07.25-13.03.51:635][949]LogPlayLevel: PIE: World Init took: (0.002056s)
[2015.07.25-13.03.51:635][949]LogPlayLevel: PIE: Created PIE world by copying editor world from /Game/StarterContent/Maps/Minimal_Default.Minimal_Default to /Game/StarterContent/Maps/UEDPIE_0_Minimal_Default.Minimal_Default (0.010967s)
[2015.07.25-13.03.51:672][949]LogInit: XAudio2 using '喇叭 (ASUS Xonar DS Audio Device)' : 2 channels at 44.1 kHz using 16 bits per sample (channel mask 0x3)
[2015.07.25-13.03.51:676][949]LogInit: FAudioDevice initialized.
[2015.07.25-13.03.51:721][949]LogWorld: Game class is 'BP_GameMode_C'
[2015.07.25-13.03.51:728][949]LogWorld: Bringing World /Game/StarterContent/Maps/UEDPIE_0_Minimal_Default.Minimal_Default up for play (max tick rate 0) at 2015.07.25-21.03.51
[2015.07.25-13.03.51:729][949]LogActor:Warning: GameSession /Game/StarterContent/Maps/UEDPIE_0_Minimal_Default.Minimal_Default:PersistentLevel.GameSession_1 has natively added scene component(s), but none of them were set as the actor's RootComponent - picking one arbitrarily
[2015.07.25-13.03.51:730][949]LogActor:Warning: GameNetworkManager /Game/StarterContent/Maps/UEDPIE_0_Minimal_Default.Minimal_Default:PersistentLevel.GameNetworkManager_2 has natively added scene component(s), but none of them were set as the actor's RootComponent - picking one arbitrarily
[2015.07.25-13.03.51:730][949]LogWorld: Bringing up level for play took: 0.005867
[2015.07.25-13.03.51:733][949]LogSpawn:Warning: SpawnActor failed because no class was specified
[2015.07.25-13.03.51:734][949]PIE: Info Play in editor start time for /Game/StarterContent/Maps/UEDPIE_0_Minimal_Default 0.676
[2015.07.25-13.03.55:381][361]LogParticles: Destroying 0 GPU particle simulations for FXSystem 0x000000000E0A6A20
[2015.07.25-13.04.09:899][646]BlueprintLog: New page: Compile BP_GameMode
[2015.07.25-13.04.10:020][646]BlueprintEditorCompileResults: Info [0153.01] Compile of BP_GameMode successful! [in 120 ms]
[2015.07.25-13.04.11:480][736]LogPlayLevel: PIE:  No blueprints needed recompiling
[2015.07.25-13.04.11:481][736]PIE: New page: PIE session: Minimal_Default (Jul 26, 2015, 5:04:11 AM)
[2015.07.25-13.04.11:482][736]LogPlayLevel: Creating play world package: /Game/StarterContent/Maps/UEDPIE_0_Minimal_Default
[2015.07.25-13.04.11:490][736]LogPlayLevel: PIE: StaticDuplicateObject took: (0.007188s)
[2015.07.25-13.04.11:492][736]LogAIModule: Creating AISystem for world Minimal_Default
[2015.07.25-13.04.11:493][736]LogPlayLevel: PIE: World Init took: (0.002003s)
[2015.07.25-13.04.11:493][736]LogPlayLevel: PIE: Created PIE world by copying editor world from /Game/StarterContent/Maps/Minimal_Default.Minimal_Default to /Game/StarterContent/Maps/UEDPIE_0_Minimal_Default.Minimal_Default (0.010875s)
[2015.07.25-13.04.11:533][736]LogInit: XAudio2 using '喇叭 (ASUS Xonar DS Audio Device)' : 2 channels at 44.1 kHz using 16 bits per sample (channel mask 0x3)
[2015.07.25-13.04.11:537][736]LogInit: FAudioDevice initialized.
[2015.07.25-13.04.11:576][736]LogWorld: Game class is 'BP_GameMode_C'
[2015.07.25-13.04.11:582][736]LogWorld: Bringing World /Game/StarterContent/Maps/UEDPIE_0_Minimal_Default.Minimal_Default up for play (max tick rate 0) at 2015.07.25-21.04.11
[2015.07.25-13.04.11:583][736]LogActor:Warning: GameSession /Game/StarterContent/Maps/UEDPIE_0_Minimal_Default.Minimal_Default:PersistentLevel.GameSession_2 has natively added scene component(s), but none of them were set as the actor's RootComponent - picking one arbitrarily
[2015.07.25-13.04.11:583][736]LogActor:Warning: GameNetworkManager /Game/StarterContent/Maps/UEDPIE_0_Minimal_Default.Minimal_Default:PersistentLevel.GameNetworkManager_3 has natively added scene component(s), but none of them were set as the actor's RootComponent - picking one arbitrarily
[2015.07.25-13.04.11:583][736]LogWorld: Bringing up level for play took: 0.005586
[2015.07.25-13.04.11:585][736]LogSpawn:Warning: SpawnActor failed because no class was specified
[2015.07.25-13.04.11:586][736]PIE: Info Play in editor start time for /Game/StarterContent/Maps/UEDPIE_0_Minimal_Default 0.53
[2015.07.25-13.04.16:332][278]LogParticles: Destroying 0 GPU particle simulations for FXSystem 0x000000000E3A6660
[2015.07.25-13.07.44:589][142]LogD3D11RHI: InitD3DDevice
[2015.07.25-13.07.44:591][142]Recompiling Demo...
[2015.07.25-13.07.44:592][142]Launching UnrealBuildTool... [C:/Program Files/Epic Games/4.8/Engine/Binaries/DotNET/UnrealBuildTool.exe Demo -ModuleWithSuffix Demo 8477 Win64 Development -editorrecompile -canskiplink "D:/Users/SCW/Documents/Unreal Projects/Demo/Demo.uproject" -rocket  -rocket]
[2015.07.25-13.07.44:593][142]Warning: Starting HotReload took  0.0s.
[2015.07.25-13.09.22:385][423]CompilerResultsLog: New page: Compilation - Jul 26, 2015, 5:09:22 AM
[2015.07.25-13.09.22:393][423]CompilerResultsLog: Info Compiling game modules for hot reload
[2015.07.25-13.09.22:393][423]CompilerResultsLog: Info Parsing headers for DemoEditor
[2015.07.25-13.09.22:394][423]CompilerResultsLog: Info Reflection code generated for DemoEditor
[2015.07.25-13.09.22:394][423]CompilerResultsLog: Info Performing 2 actions (4 in parallel)
[2015.07.25-13.09.22:394][423]CompilerResultsLog: Info PlayerCharacterControl.cpp
[2015.07.25-13.09.22:395][423]CompilerResultsLog: Info [2/2] Link UE4Editor-Demo-8477.dll
[2015.07.25-13.09.22:396][423]CompilerResultsLog: Info    Creating library D:\Users\SCW\Documents\Unreal Projects\Demo\Intermediate/Build/Win64\UE4Editor\Development\UE4Editor-Demo-8477.lib and object D:\Users\SCW\Documents\Unreal Projects\Demo\Intermediate/Build/Win64\UE4Editor\Development\UE4Editor-Demo-8477.exp
[2015.07.25-13.09.22:397][423]CompilerResultsLog: Info -------- End Detailed Actions Stats -----------------------------------------------------------
[2015.07.25-13.09.22:397][423]CompilerResultsLog: Info Total build time: 97.58 seconds
[2015.07.25-13.09.22:398][423]LogMainFrame: MainFrame: Module compiling took 97.816 seconds
[2015.07.25-13.09.22:398][423]LogActorComponent: UnregisterComponent: (/Engine/Transient.CharMoveComp) Not registered. Aborting.
[2015.07.25-13.09.22:468][423]LogContentBrowser: Native class hierarchy updated for 'Demo' in 0.0019 seconds. Added 4 classes and 2 folders.
[2015.07.25-13.09.22:472][423]Warning: HotReload successful (0 functions remapped  0 scriptstructs remapped)
[2015.07.25-13.09.23:140][423]LogContentBrowser: Native class hierarchy populated in 0.0119 seconds. Added 1797 classes and 305 folders.
[2015.07.25-13.09.25:115][532]LogPlayLevel: PIE:  No blueprints needed recompiling
[2015.07.25-13.09.25:115][532]PIE: New page: PIE session: Minimal_Default (Jul 26, 2015, 5:09:25 AM)
[2015.07.25-13.09.25:116][532]LogPlayLevel: Creating play world package: /Game/StarterContent/Maps/UEDPIE_0_Minimal_Default
[2015.07.25-13.09.25:124][532]LogPlayLevel: PIE: StaticDuplicateObject took: (0.007413s)
[2015.07.25-13.09.25:125][532]LogAIModule: Creating AISystem for world Minimal_Default
[2015.07.25-13.09.25:126][532]LogPlayLevel: PIE: World Init took: (0.001999s)
[2015.07.25-13.09.25:126][532]LogPlayLevel: PIE: Created PIE world by copying editor world from /Game/StarterContent/Maps/Minimal_Default.Minimal_Default to /Game/StarterContent/Maps/UEDPIE_0_Minimal_Default.Minimal_Default (0.010834s)
[2015.07.25-13.09.25:188][532]LogInit: XAudio2 using '喇叭 (ASUS Xonar DS Audio Device)' : 2 channels at 44.1 kHz using 16 bits per sample (channel mask 0x3)
[2015.07.25-13.09.25:192][532]LogInit: FAudioDevice initialized.
[2015.07.25-13.09.25:230][532]LogWorld: Game class is 'BP_GameMode_C'
[2015.07.25-13.09.25:238][532]LogWorld: Bringing World /Game/StarterContent/Maps/UEDPIE_0_Minimal_Default.Minimal_Default up for play (max tick rat