[2015.07.25-14.36.34:143][  0]Log file open, 07/25/15 22:36:34
[2015.07.25-14.36.34:143][  0]LogInit:Display: Running engine for game: Demo
[2015.07.25-14.36.34:144][  0]LogInit:Display: RandInit(-1234483561) SRandInit(-1234483561).
[2015.07.25-14.36.34:144][  0]LogTaskGraph: Started task graph with 4 named threads and 7 total threads.
[2015.07.25-14.36.34:144][  0]LogStats: Stats thread started
[2015.07.25-14.36.34:145][  0]LogInit: Version: 4.8.2-2614606+++depot+UE4-Releases+4.8
[2015.07.25-14.36.34:145][  0]LogInit: API Version: 2579680
[2015.07.25-14.36.34:145][  0]LogInit: Compiled (64-bit): Jul  8 2015 23:43:41
[2015.07.25-14.36.34:145][  0]LogInit: Compiled with Visual C++: 18.00.21005.01
[2015.07.25-14.36.34:146][  0]LogInit: Build Configuration: Development
[2015.07.25-14.36.34:146][  0]LogInit: Branch Name: ++depot+UE4-Releases+4.8
[2015.07.25-14.36.34:146][  0]LogInit: Command line: 
[2015.07.25-14.36.34:146][  0]LogInit: Base directory: C:/Program Files/Epic Games/4.8/Engine/Binaries/Win64/
[2015.07.25-14.36.34:147][  0]LogInit: Rocket: 1
[2015.07.25-14.36.34:175][  0]LogInit: Using libcurl 7.41.0
[2015.07.25-14.36.34:176][  0]LogInit:  - built for x86_64-pc-win32
[2015.07.25-14.36.34:176][  0]LogInit:  - supports SSL with WinSSL
[2015.07.25-14.36.34:176][  0]LogInit:  - other features:
[2015.07.25-14.36.34:177][  0]LogInit:      CURL_VERSION_SSL
[2015.07.25-14.36.34:177][  0]LogInit:      CURL_VERSION_IPV6
[2015.07.25-14.36.34:177][  0]LogInit:      CURL_VERSION_ASYNCHDNS
[2015.07.25-14.36.34:177][  0]LogInit:      CURL_VERSION_LARGEFILE
[2015.07.25-14.36.34:178][  0]LogInit:      CURL_VERSION_IDN
[2015.07.25-14.36.34:178][  0]LogInit:  CurlRequestOptions (configurable via config and command line):
[2015.07.25-14.36.34:178][  0]LogInit:  - bVerifyPeer = true  - Libcurl will verify peer certificate
[2015.07.25-14.36.34:179][  0]LogInit:  - bUseHttpProxy = false  - Libcurl will NOT use HTTP proxy
[2015.07.25-14.36.34:179][  0]LogInit:  - bDontReuseConnections = false  - Libcurl will reuse connections
[2015.07.25-14.36.34:179][  0]LogInit:  - CertBundlePath = nullptr  - Libcurl will use whatever was configured at build time.
[2015.07.25-14.36.34:204][  0]LogOnline:Warning: No default platform service specified for OnlineSubsystem
[2015.07.25-14.36.34:257][  0]LogInit: Presizing for 0 objects not considered by GC, pre-allocating 0 bytes.
[2015.07.25-14.36.34:268][  0]LogInit: Object subsystem initialized
[2015.07.25-14.36.34:269][  0]LogConsoleResponse:Warning: Skipping Unknown console variable: 'TranslucentSortAxis = (X=0.000000,Y=-1.000000,Z=0.000000)'
[2015.07.25-14.36.34:270][  0]LogConsoleResponse:Warning:   Found in ini file 'D:/Users/SCW/Documents/Unreal Projects/Demo/Saved/Config/Windows/Engine.ini', in section '[/Script/Engine.RendererSettings]'
[2015.07.25-14.36.34:270][  0]LogConsoleResponse:Warning: Skipping Unknown console variable: 'UIScaleRule = ShortestSide'
[2015.07.25-14.36.34:270][  0]LogConsoleResponse:Warning:   Found in ini file 'D:/Users/SCW/Documents/Unreal Projects/Demo/Saved/Config/Windows/Engine.ini', in section '[/Script/Engine.RendererSettings]'
[2015.07.25-14.36.34:271][  0]LogConsoleResponse:Warning: Skipping Unknown console variable: 'UIScaleCurve = (EditorCurveData=(Keys=),ExternalCurve=None)'
[2015.07.25-14.36.34:271][  0]LogConsoleResponse:Warning:   Found in ini file 'D:/Users/SCW/Documents/Unreal Projects/Demo/Saved/Config/Windows/Engine.ini', in section '[/Script/Engine.RendererSettings]'
[2015.07.25-14.36.34:272][  0]LogInit: Selected Device Profile: [Windows]
[2015.07.25-14.36.34:272][  0]LogInit: Applying CVar settings loaded from the selected device profile: [Windows]
[2015.07.25-14.36.34:281][  0]LogInit: Computer: SCW-PC
[2015.07.25-14.36.34:282][  0]LogInit: User: SCW
[2015.07.25-14.36.34:282][  0]LogInit: CPU Page size=4096, Cores=4
[2015.07.25-14.36.34:282][  0]LogInit: High frequency timer resolution =2.483750 MHz
[2015.07.25-14.36.34:283][  0]LogMemory: Memory total: Physical=8.0GB (8GB approx)
[2015.07.25-14.36.34:283][  0]LogMemory: Platform Memory Stats for Windows
[2015.07.25-14.36.34:283][  0]LogMemory: Process Physical Memory: 51.75 MB used, 51.75 MB peak
[2015.07.25-14.36.34:284][  0]LogMemory: Process Virtual Memory: 23.54 MB used, 23.54 MB peak
[2015.07.25-14.36.34:284][  0]LogMemory: Physical Memory: 6695.66 MB used, 8183.05 MB total
[2015.07.25-14.36.34:284][  0]LogMemory: Virtual Memory: 291.58 MB used, 8388608.00 MB total
[2015.07.25-14.36.34:379][  0]LogTextLocalizationManager: The requested culture ('zh_TW') has no localization data; falling back to 'en' for localization and internationalization data.
[2015.07.25-14.36.34:699][  0]LogTextLocalizationManager:Warning: Loaded localization resources contain conflicting entries for (Namespace:ContentBrowser, Key:ImportAssetToolTip):
Localization Resource: (C:/Program Files/Epic Games/4.8/Engine/Content/Localization/Editor/en/Editor.locres) Source String Hash: (-630476809) Localized String: (Import to {0}...)
Localization Resource: (C:/Program Files/Epic Games/4.8/Engine/Content/Localization/Editor/en/Editor.locres) Source String Hash: (1271782899) Localized String: (Imports an asset from file to this folder.)
[2015.07.25-14.36.35:198][  0]LogD3D11RHI: Found D3D11 adapter 0: NVIDIA GeForce GTX 560 Ti   (Feature Level 11_0)
[2015.07.25-14.36.35:198][  0]LogD3D11RHI: Adapter has 979MB of dedicated video memory, 0MB of dedicated system memory, and 3071MB of shared system memory, 2 output[s]
[2015.07.25-14.36.35:198][  0]LogD3D11RHI: Chosen D3D11 Adapter Id = 0
[2015.07.25-14.36.35:203][  0]LogD3D11RHI: InitD3DDevice
[2015.07.25-14.36.35:204][  0]LogD3D11RHI: !Direct3DDevice
[2015.07.25-14.36.35:204][  0]LogRHI: Texture pool is 685 MB (70% of 979 MB)
[2015.07.25-14.36.35:245][  0]LogD3D11RHI: Async texture creation enabled
[2015.07.25-14.36.35:264][  0]LogShaderCompilers:Display: Using Local Shader Compiler.
[2015.07.25-14.36.36:493][  0]LogTemp:Display: Loaded TP DesktopTargetPlatform
[2015.07.25-14.36.36:528][  0]LogTemp:Display: Loaded TP WindowsClientTargetPlatform
[2015.07.25-14.36.36:562][  0]LogTemp:Display: Loaded TP WindowsNoEditorTargetPlatform
[2015.07.25-14.36.36:597][  0]LogTemp:Display: Loaded TP WindowsServerTargetPlatform
[2015.07.25-14.36.36:635][  0]LogTemp:Display: Loaded TP WindowsTargetPlatform
[2015.07.25-14.36.36:661][  0]LogTemp:Display: Loaded TP AndroidTargetPlatform
[2015.07.25-14.36.36:687][  0]LogTemp:Display: Loaded TP Android_ASTCTargetPlatform
[2015.07.25-14.36.36:715][  0]LogTemp:Display: Loaded TP Android_ATCTargetPlatform
[2015.07.25-14.36.36:746][  0]LogTemp:Display: Loaded TP Android_DXTTargetPlatform
[2015.07.25-14.36.36:774][  0]LogTemp:Display: Loaded TP Android_ETC1TargetPlatform
[2015.07.25-14.36.36:803][  0]LogTemp:Display: Loaded TP Android_ETC2TargetPlatform
[2015.07.25-14.36.36:832][  0]LogTemp:Display: Loaded TP Android_PVRTCTargetPlatform
[2015.07.25-14.36.36:933][  0]LogTemp:Display: Loaded TP IOSTargetPlatform
[2015.07.25-14.36.36:957][  0]LogTemp:Display: Loaded TP LinuxNoEditorTargetPlatform
[2015.07.25-14.36.36:981][  0]LogTemp:Display: Loaded TP LinuxServerTargetPlatform
[2015.07.25-14.36.37:007][  0]LogTemp:Display: Loaded TP LinuxTargetPlatform
[2015.07.25-14.36.37:007][  0]LogTargetPlatformManager:Display: Building Assets For Windows
[2015.07.25-14.36.37:497][  0]LogDerivedDataCache:Display: Max Cache Size: 512 MB
[2015.07.25-14.36.37:561][  0]LogDerivedDataCache: Loaded boot cache 0.06s 53MB C:/Users/SCW/AppData/Local/UnrealEngine/4.8/DerivedDataCache/Boot.ddc.
[2015.07.25-14.36.37:562][  0]LogDerivedDataCache:Display: Loaded Boot cache: C:/Users/SCW/AppData/Local/UnrealEngine/4.8/DerivedDataCache/Boot.ddc
[2015.07.25-14.36.37:562][  0]LogDerivedDataCache: FDerivedDataBackendGraph:  Pak pak cache file D:/Users/SCW/Documents/Unreal Projects/Demo/DerivedDataCache/DDC.ddp not found, will not use a pak cache.
[2015.07.25-14.36.37:563][  0]LogDerivedDataCache: Unable to find inner node Pak for hierarchical cache Hierarchy.
[2015.07.25-14.36.37:563][  0]LogDerivedDataCache: FDerivedDataBackendGraph:  CompressedPak pak cache file D:/Users/SCW/Documents/Unreal Projects/Demo/DerivedDataCache/Compressed.ddp not found, will not use a pak cache.
[2015.07.25-14.36.37:563][  0]LogDerivedDataCache: Unable to find inner node CompressedPak for hierarchical cache Hierarchy.
[2015.07.25-14.36.37:785][  0]LogDerivedDataCache:Display: Pak cache opened for reading ../../../Engine/DerivedDataCache/Compressed.ddp.
[2015.07.25-14.36.37:797][  0]LogDerivedDataCache: Using Local data cache path C:/Users/SCW/AppData/Local/UnrealEngine/Common/DerivedDataCache: Writable
[2015.07.25-14.36.38:111][  0]LogInit: Selected Device Profile: [Windows]
[2015.07.25-14.36.38:122][  0]ImportText (ComponentSweepMultiTests): Missing closing parenthesis: (RootShapeAsset="/Engine/BasicShapes/Cube.Cube",ShapeType="TriggerCapsule",HitResult=(Time=0.50,Location=(X=-100.000015,Y=0.0,Z=100.000015),ImpactPoint=(X=-50.0,Y=0.0,Z=50.0),Normal=(X=-1.0,Y=-0.0,Z=0.0),ImpactNormal=(X=0.0,Y=0.0,Z=1.0),TraceStart=(X=-200.0,Y=0.0,Z=200.0),TraceEnd=(X=0.0,Y=0.0,Z=0.0))
[2015.07.25-14.36.38:123][  0]ImportText (LineTraceSingleByChannelTests): Missing closing parenthesis: (RootShapeAsset="/Engine/BasicShapes/Cube.Cube",HitResult=(Time=0.50,Location=(X=-100.000015,Y=0.0,Z=100.000015),ImpactPoint=(X=-50.0,Y=0.0,Z=50.0),Normal=(X=-1.0,Y=-0.0,Z=0.0),ImpactNormal=(X=0.0,Y=0.0,Z=1.0),TraceStart=(X=-200.0,Y=0.0,Z=200.0),TraceEnd=(X=0.0,Y=0.0,Z=0.0))
[2015.07.25-14.36.38:182][  0]LogMeshUtilities: No automatic mesh reduction module available
[2015.07.25-14.36.38:183][  0]LogMeshUtilities: No automatic mesh merging module available
[2015.07.25-14.36.38:799][  0]LogInit: WinSock: version 1.1 (2.2), MaxSocks=32767, MaxUdp=65467
[2015.07.25-14.36.40:604][  0]UdpMessaging: Initializing bridge on interface 0.0.0.0:0 to multicast group 230.0.0.1:6666.
[2015.07.25-14.36.42:024][  0]SourceControl: Info Source control is disabled
[2015.07.25-14.36.42:098][  0]SourceControl: Info Source control is disabled
[2015.07.25-14.36.42:151][  0]SourceControl: Info Source control is disabled
[2015.07.25-14.36.42:207][  0]SourceControl: Info Source control is disabled
[2015.07.25-14.36.42:908][  0]LogObj: 26285 objects as part of root set at end of initial load.
[2015.07.25-14.36.42:909][  0]LogUObjectAllocator: 5419960 out of 0 bytes used by permanent object pool.
[2015.07.25-14.36.43:113][  0]LogEngine: Initializing Engine...
[2015.07.25-14.36.43:117][  0]LogHMD: Can't find Oculus library dev build: is proper Runtime installed? Version: 0.6.0.0
[2015.07.25-14.36.43:132][  0]LogHMD:Warning: SteamVR failed to initialize.  Error: 100
[2015.07.25-14.36.43:430][  0]LogAIModule: Creating AISystem for world NewWorld
[2015.07.25-14.36.43:453][  0]LogInit: XAudio2 using '喇叭 (ASUS Xonar DS Audio Device)' : 2 channels at 44.1 kHz using 16 bits per sample (channel mask 0x3)
[2015.07.25-14.36.43:502][  0]LogInit: FAudioDevice initialized.
[2015.07.25-14.36.43:538][  0]LogDerivedDataCache: Saved boot cache 0.04s 53MB C:/Users/SCW/AppData/Local/UnrealEngine/4.8/DerivedDataCache/Boot.ddc.
[2015.07.25-14.36.43:548][  0]LogInit: Texture streaming: Disabled
[2015.07.25-14.36.43:623][  0]LogAnalytics: Creating configured Analytics provider AnalyticsET
[2015.07.25-14.36.43:624][  0]LogAnalytics: [UEEditor.Rocket.Release] APIServer = http://et2.epicgames.com/ET2/. AppVersion = 4.8.2-2614606+++depot+UE4-Releases+4.8
[2015.07.25-14.36.43:625][  0]LogAnalytics: [UEEditor.Rocket.Release] SetUserId 568b5a34404f889fb1b32ab5dcc7273c|171fa9009f6b4f02983f7d0ecd1f12ba|c0dd2cb7-895e-48cf-9e36-42424b144c9b
[2015.07.25-14.36.43:625][  0]LogAnalytics: [UEEditor.Rocket.Release] AnalyticsET::StartSession
[2015.07.25-14.36.43:688][  0]LogInit: Transaction tracking system initialized
[2015.07.25-14.36.44:214][  0]BlueprintLog: New page: Editor Load
[2015.07.25-14.36.44:307][  0]LogAssetRegistry: FAssetRegistry took 0.0140 seconds to start up
[2015.07.25-14.36.44:308][  0]LogDirectoryWatcher:Warning: Failed to begin reading directory changes for ../../../Engine/Plugins/Experimental/CharacterAI/Content/. Error: 0
[2015.07.25-14.36.46:578][  0]LogLinker:Warning: Asset '../../../Engine/Content/Tutorial/Mobile/SettingUpAndroidTutorial.uasset' has been saved with empty engine version. The asset will be loaded but may be incompatible.
[2015.07.25-14.36.47:027][  0]LogConsoleManager:Warning: Console variable 'r.VSync' wasn't set ('GameSetting' has a lower priority than 'SystemSettingsIni')
[2015.07.25-14.36.47:028][  0]LogConsoleResponse:Display: 
[2015.07.25-14.36.47:250][  0]LogCook:Display: Done creating registry. It took  0.00s.
[2015.07.25-14.36.47:867][  0]SourceControl: Info Source control is disabled
[2015.07.25-14.36.47:867][  0]Cmd: MAP LOAD FILE="D:/Users/SCW/Documents/Unreal Projects/Demo/Content/StarterContent/Maps/Minimal_Default.umap" TEMPLATE=0 SHOWPROGRESS=1 FEATURELEVEL=3
[2015.07.25-14.36.47:984][  0]LightingResults: New page: Lighting Build
[2015.07.25-14.36.48:015][  0]MapCheck: New page: Map Check
[2015.07.25-14.36.48:016][  0]LightingResults: New page: Lighting Build
[2015.07.25-14.36.48:029][  0]LogParticles: Destroying 0 GPU particle simulations for FXSystem 0x000000001EAD89A0
[2015.07.25-14.36.51:240][  0]LogAIModule: Creating AISystem for world Minimal_Default
[2015.07.25-14.36.51:263][  0]LogEditorServer: Finished looking for orphan Actors (0.000 secs)
[2015.07.25-14.36.51:285][  0]Cmd: MAP CHECKDEP NOCLEARLOG
[2015.07.25-14.36.51:348][  0]MapCheck: Info Map check complete: 0 Error(s), 0 Warning(s), took 62.6ms to complete.
[2015.07.25-14.36.51:349][  0]LogFileHelpers: Loading map 'Minimal_Default' took 3.482
[2015.07.25-14.36.51:583][  0]LogCollectionManager: Loaded 0 collections in 0.003155 seconds
[2015.07.25-14.36.51:598][  0]LogContentBrowser: Native class hierarchy populated in 0.0149 seconds. Added 1795 classes and 303 folders.
[2015.07.25-14.36.51:760][  0]LogContentBrowser: Native class hierarchy updated for 'WidgetCarousel' in 0.0021 seconds. Added 0 classes and 0 folders.
[2015.07.25-14.36.51:897][  0]LogContentBrowser: Native class hierarchy updated for 'AddContentDialog' in 0.0021 seconds. Added 0 classes and 0 folders.
[2015.07.25-14.36.52:026][  0]LogContentBrowser: Native class hierarchy updated for 'SceneOutliner' in 0.0022 seconds. Added 1 classes and 2 folders.
[2015.07.25-14.36.52:150][  0]LogCrashTracker: Crashtracker disabled due to settings.
[2015.07.25-14.36.52:157][  0]LogD3D11RHI: InitD3DDevice
[2015.07.25-14.36.52:163][  0]LogUObjectGlobals:Warning: Failed to find object 'Class None.'
[2015.07.25-14.36.52:188][  0]LogLoad: Full Startup: 21.04 seconds (BP compile: 0.25 seconds)
[2015.07.25-14.36.52:614][  0]LogContentStreaming: Texture pool size is 0.000000MB
[2015.07.25-14.36.52:678][  0]LogContentStreaming: Texture pool size now 700 MB
[2015.07.25-14.36.52:855][  0]LogRenderer: Reallocating scene render targets to support 1208x584 (Frame:2).
[2015.07.25-14.36.57:323][ 14]LogAssetRegistry: Asset discovery search completed in 13.0288 seconds
[2015.07.25-14.37.09:536][253]LogD3D11RHI: InitD3DDevice
[2015.07.25-14.37.11:359][436]LogPlayLevel: PIE:  No blueprints needed recompiling
[2015.07.25-14.37.11:368][436]PIE: New page: PIE session: Minimal_Default (Jul 26, 2015, 6:37:11 AM)
[2015.07.25-14.37.11:369][436]LogPlayLevel: Creating play world package: /Game/StarterContent/Maps/UEDPIE_0_Minimal_Default
[2015.07.25-14.37.11:377][436]LogPlayLevel: PIE: StaticDuplicateObject took: (0.007515s)
[2015.07.25-14.37.11:378][436]LogAIModule: Creating AISystem for world Minimal_Default
[2015.07.25-14.37.11:379][436]LogPlayLevel: PIE: World Init took: (0.001920s)
[2015.07.25-14.37.11:380][436]LogPlayLevel: PIE: Created PIE world by copying editor world from /Game/StarterContent/Maps/Minimal_Default.Minimal_Default to /Game/StarterContent/Maps/UEDPIE_0_Minimal_Default.Minimal_Default (0.011045s)
[2015.07.25-14.37.11:428][436]LogInit: XAudio2 using '喇叭 (ASUS Xonar DS Audio Device)' : 2 channels at 44.1 kHz using 16 bits per sample (channel mask 0x3)
[2015.07.25-14.37.11:432][436]LogInit: FAudioDevice initialized.
[2015.07.25-14.37.11:517][436]LogLinker:Warning: Can't find file '/Game/Blueprints/BP_PlayerChacterControl'
[2015.07.25-14.37.11:517][436]LogLinker:Warning: Can't find file for asset '/Game/Blueprints/BP_PlayerChacterControl' while loading D:/Users/SCW/Documents/Unreal Projects/Demo/Content/Blueprints/BP_GameMode.uasset.
[2015.07.25-14.37.11:518][436]LoadErrors:Error: Error /Game/Blueprints/BP_GameMode : Can't find file for asset. /Game/Blueprints/BP_PlayerChacterControl
[2015.07.25-14.37.11:519][436]LogLinker:Warning: Can't find file '/Game/Blueprints/BP_PlayerChacterControl'
[2015.07.25-14.37.11:520][436]LogLinker:Warning: Can't find file for asset '/Game/Blueprints/BP_PlayerChacterControl' while loading D:/Users/SCW/Documents/Unreal Projects/Demo/Content/Blueprints/BP_GameMode.uasset.
[2015.07.25-14.37.11:527][436]LogLinker:Warning: Can't find file '/Game/Blueprints/BP_PlayerChacterControl'
[2015.07.25-14.37.11:527][436]LogLinker:Warning: Can't find file for asset '/Game/Blueprints/BP_PlayerChacterControl' while loading NULL.
[2015.07.25-14.37.11:528][436]LogLinker:Warning: Can't find file '/Game/Blueprints/BP_PlayerChacterControl'
[2015.07.25-14.37.11:528][436]LogLinker:Warning: Can't find file for asset '/Game/Blueprints/BP_PlayerChacterControl' while loading NULL.
[2015.07.25-14.37.11:529][436]LogLinker:Warning: Can't find file '/Game/Blueprints/BP_PlayerChacterControl'
[2015.07.25-14.37.11:529][436]LogLinker:Warning: Can't find file for asset '/Game/Blueprints/BP_PlayerChacterControl' while loading NULL.
[2015.07.25-14.37.11:571][436]LogWorld: Game class is 'BP_GameMode_C'
[2015.07.25-14.37.11:578][436]LogWorld: Bringing World /Game/StarterContent/Maps/UEDPIE_0_Minimal_Default.Minimal_Default up for play (max tick rate 0) at 2015.07.25-22.37.11
[2015.07.25-14.37.11:579][436]LogActor:Warning: GameSession /Game/StarterContent/Maps/UEDPIE_0_Minimal_Default.Minimal_Default:PersistentLevel.GameSession_0 has natively added scene component(s), but none of them were set as the actor's RootComponent - picking one arbitrarily
[2015.07.25-14.37.11:580][436]LogActor:Warning: GameNetworkManager /Game/StarterContent/Maps/UEDPIE_0_Minimal_Default.Minimal_Default:PersistentLevel.GameNetworkManager_0 has natively added scene component(s), but none of them were set as the actor's RootComponent - picking one arbitrarily
[2015.07.25-14.37.11:580][436]LogWorld: Bringing up level for play took: 0.005749
[2015.07.25-14.37.11:584][436]PIE: Info Play in editor start time for /Game/StarterContent/Maps/UEDPIE_0_Minimal_Default 0.703
[2015.07.25-14.37.13:164][580]LogParticles: Destroying 0 GPU particle simulations for FXSystem 0x0000000026284F40
[2015.07.25-14.37.23:940][611]LogD3D11RHI: InitD3DDevice
[2015.07.25-14.37.25:903][734]LogPlayLevel: PIE:  No blueprints needed recompiling
[2015.07.25-14.37.25:904][734]PIE: New page: PIE session: Minimal_Default (Jul 26, 2015, 6:37:25 AM)
[2015.07.25-14.37.25:905][734]LogPlayLevel: Creating play world package: /Game/StarterContent/Maps/UEDPIE_0_Minimal_Default
[2015.07.25-14.37.25:913][734]LogPlayLevel: PIE: StaticDuplicateObject took: (0.007403s)
[2015.07.25-14.37.25:914][734]LogAIModule: Creating AISystem for world Minimal_Default
[2015.07.25-14.37.25:915][734]LogPlayLevel: PIE: World Init took: (0.001981s)
[2015.07.25-14.37.25:916][734]LogPlayLevel: PIE: Created PIE world by copying editor world from /Game/StarterContent/Maps/Minimal_Default.Minimal_Default to /Game/StarterContent/Maps/UEDPIE_0_Minimal_Default.Minimal_Default (0.011049s)
[2015.07.25-14.37.25:916][734]LogActorComponent: UnregisterComponent: (/Engine/Transient.CharMoveComp) Not registered. Aborting.
[2015.07.25-14.37.25:948][734]LogInit: XAudio2 using '喇叭 (ASUS Xonar DS Audio Device)' : 2 channels at 44.1 kHz using 16 bits per sample (channel mask 0x3)
[2015.07.25-14.37.25:952][734]LogInit: FAudioDevice initialized.
[2015.07.25-14.37.25:994][734]LogWorld: Game class is 'BP_GameMode_C'
[2015.07.25-14.37.26:001][734]LogWorld: Bringing World /Game/StarterContent/Maps/UEDPIE_0_Minimal_Default.Minimal_Default up for play (max tick rate 0) at 2015.07.25-22.37.26
[2015.07.25-14.37.26:002][734]LogActor:Warning: GameSession /Game/StarterContent/Maps/UEDPIE_0_Minimal_Default.Minimal_Default:PersistentLevel.GameSession_1 has natively added scene component(s), but none of them were set as the actor's RootComponent - picking one arbitrarily
[2015.07.25-14.37.26:003][734]LogActor:Warning: GameNetworkManager /Game/StarterContent/Maps/UEDPIE_0_Minimal_Default.Minimal_Default:PersistentLevel.GameNetworkManager_1 has natively added scene component(s), but none of them were set as the actor's RootComponent - picking one arbitrarily
[2015.07.25-14.37.26:012][734]LogWorld: Bringing up level for play took: 0.015651
[2015.07.25-14.37.26:015][734]PIE: Info Play in editor start time for /Game/StarterContent/Maps/UEDPIE_0_Minimal_Default -0.865
[2015.07.25-14.37.27:429][880]LogParticles: Destroying 0 GPU particle simulations for FXSystem 0x0000000029CC1800
[2015.07.25-14.37.30:388][146]LogPlayLevel: PIE:  No blueprints needed recompiling
[2015.07.25-14.37.30:388][146]PIE: New page: PIE session: Minimal_Default (Jul 26, 2015, 6:37:30 AM)
[2015.07.25-14.37.30:389][146]LogPlayLevel: Creating play world package: /Game/StarterContent/Maps/UEDPIE_0_Minimal_Default
[2015.07.25-14.37.30:397][146]LogPlayLevel: PIE: StaticDuplicateObject took: (0.007587s)
[2015.07.25-14.37.30:399][146]LogAIModule: Creating AISystem for world Minimal_Default
[2015.07.25-14.37.30:400][146]LogPlayLevel: PIE: World Init took: (0.002067s)
[2015.07.25-14.37.30:401][146]LogPlayLevel: PIE: Created PIE world by copying editor world from /Game/StarterContent/Maps/Minimal_Default.Minimal_Default to /Game/StarterContent/Maps/UEDPIE_0_Minimal_Default.Minimal_Default (0.011154s)
[2015.07.25-14.37.30:428][146]LogInit: XAudio2 using '喇叭 (ASUS Xonar DS Audio Device)' : 2 channels at 44.1 kHz using 16 bits per sample (channel mask 0x3)
[2015.07.25-14.37.30:432][146]LogInit: FAudioDevice initialized.
[2015.07.25-14.37.30:474][146]LogWorld: Game class is 'BP_GameMode_C'
[2015.07.25-14.37.30:481][146]LogWorld: Bringing World /Game/StarterContent/Maps/UEDPIE_0_Minimal_Default.Minimal_Default up for play (max tick rate 0) at 2015.07.25-22.37.30
[2015.07.25-14.37.30:482][146]LogActor:Warning: GameSession /Game/StarterContent/Maps/UEDPIE_0_Minimal_Default.Minimal_Default:PersistentLevel.GameSession_2 has natively added scene component(s), but none of them were set as the actor's RootComponent - picking one arbitrarily
[2015.07.25-14.37.30:483][146]LogActor:Warning: GameNetworkManager /Game/StarterContent/Maps/UEDPIE_0_Minimal_Default.Minimal_Default:PersistentLevel.GameNetworkManager_2 has natively added scene component(s), but none of them were set as the actor's RootComponent - picking one arbitrarily
[2015.07.25-14.37.30:484][146]LogWorld: Bringing up level for play took: 0.007225
[2015.07.25-14.37.30:487][146]PIE: Info Play in editor start time for /Game/StarterContent/Maps/UEDPIE_0_Minimal_Default -0.394
[2015.07.25-14.37.32:307][276]LogParticles: Destroying 0 GPU particle simulations for FXSystem 0x000000000EE24E00
[2015.07.25-14.38.25:480][595]LogD3D11RHI: InitD3DDevice
[2015.07.25-14.38.25:482][595]Recompiling Demo...
[2015.07.25-14.38.25:482][595]Launching UnrealBuildTool... [C:/Program Files/Epic Games/4.8/Engine/Binaries/DotNET/UnrealBuildTool.exe Demo -ModuleWithSuffix Demo 9422 Win64 Development -editorrecompile -canskiplink "D:/Users/SCW/Documents/Unreal Projects/Demo/Demo.uproject" -rocket  -rocket]
[2015.07.25-14.38.25:484][595]Warning: Starting HotReload took  0.0s.
[2015.07.25-14.39.38:130][582]CompilerResultsLog: New page: Compilation - Jul 26, 2015, 6:39:38 AM
[2015.07.25-14.39.38:134][582]CompilerResultsLog: Info Compiling game modules for hot reload
[2015.07.25-14.39.38:134][582]CompilerResultsLog: Info Parsing headers for DemoEditor
[2015.07.25-14.39.38:135][582]CompilerResultsLog: Info Reflection code generated for DemoEditor
[2015.07.25-14.39.38:135][582]CompilerResultsLog: Info Performing 2 actions (4 in parallel)
[2015.07.25-14.39.38:136][582]CompilerResultsLog: Info BasicCharacter.cpp
[2015.07.25-14.39.38:136][582]CompilerResultsLog:Error: Error D:\Users\SCW\Documents\Unreal Projects\Demo\Source\Demo\BasicCharacter.cpp(21)  : error C2039: 'CharacterInputComponentName' : is not a member of 'ACharacter'
[2015.07.25-14.39.38:137][582]CompilerResultsLog: Info          C:\Program Files\Epic Games\4.8\Engine\Source\Runtime\Engine\Classes\GameFramework/Character.h(202)  : see declaration of 'ACharacter'
[2015.07.25-14.39.38:138][582]CompilerResultsLog:Error: Error D:\Users\SCW\Documents\Unreal Projects\Demo\Source\Demo\BasicCharacter.cpp(21)  : error C2065: 'CharacterInputComponentName' : undeclared identifier
[2015.07.25-14.39.38:138][582]CompilerResultsLog:Error: Error D:\Users\SCW\Documents\Unreal Projects\Demo\Source\Demo\BasicCharacter.cpp(21)  : error C2228: left of '.ToString' must have class/struct/union
[2015.07.25-14.39.38:139][582]CompilerResultsLog: Info         type is 'unknown-type'
[2015.07.25-14.39.38:139][582]CompilerResultsLog:Error: Error D:\Users\SCW\Documents\Unreal Projects\Demo\Source\Demo\BasicCharacter.cpp(21)  : error C2661: 'UEngine::AddOnScreenDebugMessage' : no overloaded function takes 3 arguments
[2015.07.25-14.39.38:140][582]CompilerResultsLog: Info -------- End Detailed Actions Stats -----------------------------------------------------------
[2015.07.25-14.39.38:140][582]CompilerResultsLog: Info ERROR: UBT ERROR: Failed to produce item: D:\Users\SCW\Documents\Unreal Projects\Demo\Binaries\Win64\UE4Editor-Demo-9422.dll
[2015.07.25-14.39.38:140][582]CompilerResultsLog: Info Total build time: 72.44 seconds
[2015.07.25-14.39.38:141][582]LogMainFrame: MainFrame: Module compiling took 72.669 seconds
[2015.07.25-14.39.38:142][582]Warning: HotReload failed, recompile failed
[2015.07.25-14.39.39:881][676]LogD3D11RHI: InitD3DDevice
[2015.07.25-14.39.50:138][209]LogD3D11RHI: InitD3DDevice
[2015.07.25-14.39.50:169][209]LogD3D11RHI: InitD3DDevice
[2015.07.25-14.39.50:233][209]LogLinker:Warning: Asset '../../../Engine/Content/ArtTools/RenderToTexture/Macros/RenderToTextureMacros.uasset' has been saved with empty engine version. The asset will be loaded but may be incompatible.
[2015.07.25-14.39.50:324][209]LogLinker:Warning: Asset '../../../Engine/Content/ArtTools/RenderToTexture/Enums/RenderToTexture_Enum.uasset' has been saved with empty engine version. The asset will be loaded but may be incompatible.
[2015.07.25-14.39.51:686][209]LogActor:Warning: GameNetworkManager /Engine/Transient.World_4:PersistentLevel.GameNetworkManager_3 has natively added scene component(s), but none of them were set as the actor's RootComponent - picking one arbitrarily
[2015.07.25-14.44.10:084][594]LogD3D11RHI: InitD3DDevice
[2015.07.25-14.44.10:503][618]LogD3D11RHI: InitD3DDevice
[2015.07.25-14.44.11:374][657]LogD3D11RHI: InitD3DDevice
[2015.07.25-14.44.11:467][657]LogD3D11RHI: InitD3DDevice
[2015.07.25-14.44.39:846][793]LogD3D11RHI: InitD3DDevice
[2015.07.25-14.44.40:078][793]Running C:/Program Files/Epic Games/4.8/Engine/Binaries/DotNET/UnrealBuildTool.exe Demo Win64 Development -editorrecompile "D:/Users/SCW/Documents/Unreal Projects/Demo/Demo.uproject" -invalidatemakefilesonly -rocket
[2015.07.25-14.44.40:700][793]Invalidating makefiles only in this run.
[2015.07.25-14.44.40:819][793]LogD3D11RHI: InitD3DDevice
[2015.07.25-14.44.40:821][793]Recompiling Demo...
[2015.07.25-14.44.40:821][793]Launching UnrealBuildTool... [C:/Program Files/Epic Games/4.8/Engine/Binaries/DotNET/UnrealBuildTool.exe Demo -ModuleWithSuffix Demo 2568 Win64 Development -editorrecompile -canskiplink "D:/Users/SCW/Documents/Unreal Projects/Demo/Demo.uproject" -rocket  -rocket]
[2015.07.25-14.46.16:672][793]CompilerResultsLog: New page: Compilation - Jul 26, 2015, 6:46:16 AM
[2015.07.25-14.46.16:675][793]CompilerResultsLog: Info Compiling game modules for hot reload
[2015.07.25-14.46.16:675][793]CompilerResultsLog: Info Parsing headers for DemoEditor
[2015.07.25-14.46.16:676][793]CompilerResultsLog: Info Reflection code generated for DemoEditor
[2015.07.25-14.46.16:676][793]CompilerResultsLog: Info Performing 4 actions (4 in parallel)
[2015.07.25-14.46.16:677][793]CompilerResultsLog: Info BasicCharacter.cpp
[2015.07.25-14.46.16:677][793]CompilerResultsLog: Info Demo.generated.cpp
[2015.07.25-14.46.16:678][793]CompilerResultsLog: Info BasicPlayerController.cpp
[2015.07.25-14.46.16:678][793]CompilerResultsLog:Error: Error D:\Users\SCW\Documents\Unreal Projects\Demo\Source\Demo\BasicCharacter.cpp(21)  : error C2039: 'CharacterInputComponentName' : is not a member of 'ACharacter'
[2015.07.25-14.46.16:679][793]CompilerResultsLog: Info          C:\Program Files\Epic Games\4.8\Engine\Source\Runtime\Engine\Classes\GameFramework/Character.h(202)  : see declaration of 'ACharacter'
[2015.07.25-14.46.16:679][793]CompilerResultsLog:Error: Error D:\Users\SCW\Documents\Unreal Projects\Demo\Source\Demo\BasicCharacter.cpp(21)  : error C2065: 'CharacterInputComponentName' : undeclared identifier
[2015.07.25-14.46.16:680][793]CompilerResultsLog:Error: Error D:\Users\SCW\Documents\Unreal Projects\Demo\Source\Demo\BasicCharacter.cpp(21)  : error C2228: left of '.ToString' must have class/struct/union
[2015.07.25-14.46.16:681][793]CompilerResultsLog: Info         type is 'unknown-type'
[2015.07.25-14.46.16:681][793]CompilerResultsLog:Error: Error D:\Users\SCW\Documents\Unreal Projects\Demo\Source\Demo\BasicCharacter.cpp(21)  : error C2661: 'UEngine::AddOnScreenDebugMessage' : no overloaded function takes 3 arguments
[2015.07.25-14.46.16:682][793]CompilerResultsLog: Info -------- End Detailed Actions Stats -----------------------------------------------------------
[2015.07.25-14.46.16:682][793]CompilerResultsLog: Info ERROR: UBT ERROR: Failed to produce item: D:\Users\SCW\Documents\Unreal Projects\Demo\Binaries\Win64\UE4Editor-Demo-2568.dll
[2015.07.25-14.46.16:683][793]CompilerResultsLog: Info Total build time: 95.68 seconds
[2015.07.25-14.46.16:683][793]LogMainFrame: MainFrame: Module compiling took 95.872 seconds
[2015.07.25-14.46.16:684][793]Warning: HotReload failed, recompile failed
[2015.07.25-14.46.16:687][793]Warning: RebindPackages failed because the compiler could not be started.
[2015.07.25-14.46.16:701][793]LogD3D11RHI: InitD3DDevice
[2015.07.25-14.46.35:276][793]LogD3D11RHI: InitD3DDevice
[2015.07.25-14.46.37:928][928]LogActorComponent: UnregisterComponent: (/Engine/Transient.CharMoveComp) Not registered. Aborting.
[2015.07.25-14.46.37:962][928]LogParticles: Destroying 0 GPU particle simulations for FXSystem 0x0000000029CC22A0
[2015.07.25-14.46.37:998][928]LogD3D11RHI: InitD3DDevice
[2015.07.25-14.46.39:489][928]LogD3D11RHI: InitD3DDevice
[2015.07.25-14.46.39:929][928]LogSavePackage: Save=180.448120ms
[2015.07.25-14.46.39:930][928]LogSavePackage: Moving 'D:/Users/SCW/Documents/Unreal Projects/Demo/Saved/Minimal_DefaultAF7366C94E4444A15461B0B5D0001CDD.tmp' to 'D:/Users/SCW/Documents/Unreal Projects/Demo/Content/StarterContent/Maps/Minimal_Default.umap'
[2015.07.25-14.46.39:962][928]LogFileHelpers: Saving map 'Minimal_Default' took 0.459
[2015.07.25-14.46.40:408][929]Cmd: QUIT_EDITOR
[2015.07.25-14.46.40:787][929]LogExit: Preparing to exit.
[2015.07.25-14.46.41:771][929]LogExit: Editor shut down
[2015.07.25-14.46.41:772][929]LogExit: Transaction tracking system shut down
[2015.07.25-14.46.41:774][929]LogParticles: Destroying 0 GPU particle simulations for FXSystem 0x0000000029CC3600
[2015.07.25-14.46.41:775][929]LogParticles: Destroying 0 GPU particle simulations for FXSystem 0x0000000029CC32E0
[2015.07.25-14.46.41:776][929]LogParticles: Destroying 0 GPU particle simulations for FXSystem 0x000000000CA1EFC0
[2015.07.25-14.46.41:776][929]LogParticles: Destroying 0 GPU particle simulations for FXSystem 0x000000001C21A0C0
[2015.07.25-14.46.41:777][929]LogParticles: Destroying 0 GPU particle simulations for FXSystem 0x0000000010122660
[2015.07.25-14.46.42:047][929]LogExit: Object subsystem successfully closed.
[2015.07.25-14.46.42:095][929]LogD3D11RHI: Shutdown
[2015.07.25-14.46.42:096][929]LogD3D11RHI: CleanupD3DDevice
[2015.07.25-14.46.42:683][929]LogD3D11RHI: ~FD3D11DynamicRHI
[2015.07.25-14.46.42:711][929]LogModuleManager: Shutting down and abandoning module CrashTracker (189)
[2015.07.25-14.46.42:712][929]LogModuleManager: Shutting down and abandoning module SceneOutliner (188)
[2015.07.25-14.46.42:712][929]LogModuleManager: Shutting down and abandoning module SuperSearch (187)
[2015.07.25-14.46.42:712][929]LogModuleManager: Shutting down and abandoning module WidgetCarousel (186)
[2015.07.25-14.46.42:713][929]LogModuleManager: Shutting down and abandoning module AddContentDialog (185)
[2015.07.25-14.46.42:715][929]LogModuleManager: Shutting down and abandoning module EditorWidgets (184)
[2015.07.25-14.46.42:716][929]LogModuleManager: Shutting down and abandoning module CollectionManager (183)
[2015.07.25-14.46.42:717][929]LogModuleManager: Shutting down and abandoning module StatsViewer (182)
[2015.07.25-14.46.42:718][929]LogModuleManager: Shutting down and abandoning module FoliageEdit (181)
[2015.07.25-14.46.42:718][929]LogModuleManager: Shutting down and abandoning module LandscapeEditor (180)
[2015.07.25-14.46.42:720][929]LogModuleManager: Shutting down and abandoning module ActorPickerMode (179)
[2015.07.25-14.46.42:720][929]LogModuleManager: Shutting down and abandoning module GeometryMode (178)
[2015.07.25-14.46.42:721][929]LogModuleManager: Shutting down and abandoning module TextureAlignMode (177)
[2015.07.25-14.46.42:721][929]LogModuleManager: Shutting down and abandoning module BspMode (176)
[2015.07.25-14.46.42:721][929]LogModuleManager: Shutting down and abandoning module PlacementMode (175)
[2015.07.25-14.46.42:722][929]LogModuleManager: Shutting down and abandoning module AutomationWorker (174)
[2015.07.25-14.46.42:722][929]LogModuleManager: Shutting down and abandoning module CharacterAI (173)
[2015.07.25-14.46.42:722][929]LogModuleManager: Shutting down and abandoning module SmartSnapping (172)
[2015.07.25-14.46.42:723][929]LogModuleManager: Shutting down and abandoning module ViewportSnapping (171)
[2015.07.25-14.46.42:723][929]LogModuleManager: Shutting down and abandoning module LogVisualizer (170)
[2015.07.25-14.46.42:724][929]LogModuleManager: Shutting down and abandoning module GameProjectGeneration (169)
[2015.07.25-14.46.42:725][929]LogModuleManager: Shutting down and abandoning module IntroTutorials (168)
[2015.07.25-14.46.42:726][929]LogModuleManager: Shutting down and abandoning module EditorLiveStreaming (167)
[2015.07.25-14.46.42:727][929]LogModuleManager: Shutting down and abandoning module IOSPlatformEditor (166)
[2015.07.25-14.46.42:727][929]LogModuleManager: Shutting down and abandoning module HTML5PlatformEditor (165)
[2015.07.25-14.46.42:728][929]LogModuleManager: Shutting down and abandoning module AndroidDeviceDetection (164)
[2015.07.25-14.46.43:333][929]LogModuleManager: Shutting down and abandoning module AndroidPlatformEditor (163)
[2015.07.25-14.46.43:333][929]LogModuleManager: Shutting down and abandoning module IOSRuntimeSettings (162)
[2015.07.25-14.46.43:333][929]LogModuleManager: Shutting down and abandoning module AndroidRuntimeSettings (161)
[2015.07.25-14.46.43:334][929]LogModuleManager: Shutting down and abandoning module MergeActors (160)
[2015.07.25-14.46.43:335][929]LogModuleManager: Shutting down and abandoning module SizeMap (159)
[2015.07.25-14.46.43:335][929]LogModuleManager: Shutting down and abandoning module TreeMap (158)
[2015.07.25-14.46.43:336][929]LogModuleManager: Shutting down and abandoning module ReferenceViewer (157)
[2015.07.25-14.46.43:337][929]LogModuleManager: Shutting down and abandoning module LocalizationDashboard (156)
[2015.07.25-14.46.43:337][929]LogModuleManager: Shutting down and abandoning module HardwareTargeting (155)
[2015.07.25-14.46.43:338][929]LogModuleManager: Shutting down and abandoning module DeviceProfileEditor (154)
[2015.07.25-14.46.43:338][929]LogModuleManager: Shutting down and abandoning module UndoHistory (153)
[2015.07.25-14.46.43:339][929]LogModuleManager: Shutting down and abandoning module GameplayTagsEditor (152)
[2015.07.25-14.46.43:340][929]LogModuleManager: Shutting down and abandoning module UserFeedback (151)
[2015.07.25-14.46.43:340][929]LogModuleManager: Shutting down and abandoning module XmlParser (150)
[2015.07.25-14.46.43:341][929]LogModuleManager: Shutting down and abandoning module Blutility (149)
[2015.07.25-14.46.43:341][929]LogModuleManager: Shutting down and abandoning module ProjectTargetPlatformEditor (148)
[2015.07.25-14.46.43:342][929]LogModuleManager: Shutting down and abandoning module ProjectSettingsViewer (147)
[2015.07.25-14.46.43:342][929]LogModuleManager: Shutting down and abandoning module InputBindingEditor (146)
[2015.07.25-14.46.43:343][929]LogModuleManager: Shutting down and abandoning module EditorSettingsViewer (145)
[2015.07.25-14.46.43:344][929]LogModuleManager: Shutting down and abandoning module SettingsEditor (144)
[2015.07.25-14.46.43:345][929]LogModuleManager: Shutting down and abandoning module ProjectLauncher (143)
[2015.07.25-14.46.43:346][929]LogModuleManager: Shutting down and abandoning module SessionFrontend (142)
[2015.07.25-14.46.43:347][929]LogModuleManager: Shutting down and abandoning module ProfilerClient (141)
[2015.07.25-14.46.43:348][929]LogModuleManager: Shutting down and abandoning module TargetDeviceServices (140)
[2015.07.25-14.46.43:348][929]LogModuleManager: Shutting down and abandoning module DeviceManager (139)
[2015.07.25-14.46.43:349][929]LogModuleManager: Shutting down and abandoning module AutomationController (138)
[2015.07.25-14.46.43:350][929]LogModuleManager: Shutting down and abandoning module AutomationWindow (137)
[2015.07.25-14.46.43:350][929]LogModuleManager: Shutting down and abandoning module Layers (136)
[2015.07.25-14.46.43:353][929]LogModuleManager: Shutting down and abandoning module ComponentVisualizers (135)
[2015.07.25-14.46.43:354][929]LogModuleManager: Shutting down and abandoning module DetailCustomizations (134)
[2015.07.25-14.46.43:354][929]LogModuleManager: Shutting down and abandoning module PackagesDialog (133)
[2015.07.25-14.46.43:354][929]LogModuleManager: Shutting down and abandoning module AssetRegistry (132)
[2015.07.25-14.46.43:453][929]LogModuleManager: Shutting down and abandoning module Persona (131)
[2015.07.25-14.46.43:456][929]LogModuleManager: Shutting down and abandoning module Kismet (130)
[2015.07.25-14.46.43:456][929]LogModuleManager: Shutting down and abandoning module GraphEditor (129)
[2015.07.25-14.46.43:457][929]LogModuleManager: Shutting down and abandoning module ClassViewer (128)
[2015.07.25-14.46.43:458][929]LogModuleManager: Shutting down and abandoning module Toolbox (127)
[2015.07.25-14.46.43:458][929]LogModuleManager: Shutting down and abandoning module ModuleUI (126)
[2015.07.25-14.46.43:459][929]LogModuleManager: Shutting down and abandoning module MovieSceneTools (125)
[2015.07.25-14.46.43:460][929]LogModuleManager: Shutting down and abandoning module OutputLog (124)
[2015.07.25-14.46.43:460][929]LogModuleManager: Shutting down and abandoning module GammaUI (123)
[2015.07.25-14.46.43:461][929]LogModuleManager: Shutting down and abandoning module Documentation (122)
[2015.07.25-14.46.43:461][929]LogModuleManager: Shutting down and abandoning module GameLiveStreaming (121)
[2015.07.25-14.46.43:462][929]LogModuleManager: Shutting down and abandoning module StreamingPauseRendering (120)
[2015.07.25-14.46.43:462][929]LogModuleManager: Shutting down and abandoning module AnalyticsET (119)
[2015.07.25-14.46.43:463][929]LogModuleManager: Shutting down and abandoning module Analytics (118)
[2015.07.25-14.46.43:463][929]LogModuleManager: Shutting down and abandoning module AITestSuite (117)
[2015.07.25-14.46.43:463][929]LogModuleManager: Shutting down and abandoning module GameplayDebugger (116)
[2015.07.25-14.46.43:464][929]LogModuleManager: Shutting down and abandoning module AIModule (115)
[2015.07.25-14.46.43:464][929]LogModuleManager: Shutting down and abandoning module ProfilerService (114)
[2015.07.25-14.46.43:541][929]LogModuleManager: Shutting down and abandoning module TaskGraph (113)
[2015.07.25-14.46.43:542][929]LogModuleManager: Shutting down and abandoning module SlateRemote (112)
[2015.07.25-14.46.43:543][929]LogModuleManager: Shutting down and abandoning module SteamVRController (111)
[2015.07.25-14.46.43:543][929]LogModuleManager: Shutting down and abandoning module SteamVR (110)
[2015.07.25-14.46.43:544][929]LogModuleManager: Shutting down and abandoning module ProceduralMeshComponent (109)
[2015.07.25-14.46.43:544][929]LogModuleManager: Shutting down and abandoning module OculusRift (108)
[2015.07.25-14.46.43:545][929]LogModuleManager: Shutting down and abandoning module LeapMotionController (107)
[2015.07.25-14.46.43:573][929]LogModuleManager: Shutting down and abandoning module CustomMeshComponent (106)
[2015.07.25-14.46.43:573][929]LogModuleManager: Shutting down and abandoning module CableComponent (105)
[2015.07.25-14.46.43:574][929]LogModuleManager: Shutting down and abandoning module MessagingDebugger (104)
[2015.07.25-14.46.43:576][929]LogModuleManager: Shutting down and abandoning module MediaPlayerEditor (103)
[2015.07.25-14.46.43:578][929]LogModuleManager: Shutting down and abandoning module SpeedTreeImporter (102)
[2015.07.25-14.46.43:578][929]LogModuleManager: Shutting down and abandoning module PluginBrowser (101)
[2015.07.25-14.46.43:578][929]LogModuleManager: Shutting down and abandoning module EpicSurvey (100)
[2015.07.25-14.46.43:579][929]LogModuleManager: Shutting down and abandoning module DesktopPlatform (99)
[2015.07.25-14.46.43:579][929]LogModuleManager: Shutting down and abandoning module VisualStudioSourceCodeAccess (98)
[2015.07.25-14.46.43:580][929]LogModuleManager: Shutting down and abandoning module UObjectPlugin (97)
[2015.07.25-14.46.43:580][929]LogModuleManager: Shutting down and abandoning module SubversionSourceControl (96)
[2015.07.25-14.46.43:581][929]LogModuleManager: Shutting down and abandoning module PerforceSourceControl (95)
[2015.07.25-14.46.43:583][929]LogModuleManager: Shutting down and abandoning module SourceControl (94)
[2015.07.25-14.46.43:583][929]LogModuleManager: Shutting down and abandoning module GitSourceControl (93)
[2015.07.25-14.46.43:584][929]LogModuleManager: Shutting down and abandoning module BlankPlugin (92)
[2015.07.25-14.46.43:584][929]LogModuleManager: Shutting down and abandoning module PaperTiledImporter (91)
[2015.07.25-14.46.43:585][929]LogModuleManager: Shutting down and abandoning module PaperSpriteSheetImporter (90)
[2015.07.25-14.46.43:585][929]LogModuleManager: Shutting down and abandoning module MeshPaint (89)
[2015.07.25-14.46.43:586][929]LogModuleManager: Shutting down and abandoning module SlateReflector (88)
[2015.07.25-14.46.43:587][929]LogModuleManager: Shutting down and abandoning module DirectoryWatcher (87)
[2015.07.25-14.46.43:588][929]LogModuleManager: Shutting down and abandoning module HotReload (86)
[2015.07.25-14.46.43:589][929]LogModuleManager: Shutting down and abandoning module MainFrame (85)
[2015.07.25-14.46.43:589][929]LogModuleManager: Shutting down and abandoning module LevelEditor (84)
[2015.07.25-14.46.43:592][929]LogModuleManager: Shutting down and abandoning module ContentBrowser (83)
[2015.07.25-14.46.43:593][929]LogModuleManager: Shutting down and abandoning module Paper2DEditor (82)
[2015.07.25-14.46.43:595][929]LogModuleManager: Shutting down and abandoning module Demo (81)
[2015.07.25-14.46.43:596][929]LogModuleManager: Shutting down and abandoning module UdpMessaging (80)
[2015.07.25-14.46.43:697][929]LogModuleManager: Shutting down and abandoning module Paper2D (79)
[2015.07.25-14.46.43:698][929]LogModuleManager: Shutting down and abandoning module WindowsMoviePlayer (78)
[2015.07.25-14.46.43:702][929]LogModuleManager: Shutting down and abandoning module Media (77)
[2015.07.25-14.46.43:703][929]LogModuleManager: Shutting down and abandoning module WmfMedia (76)
[2015.07.25-14.46.43:706][929]LogModuleManager: Shutting down and abandoning module OnlineBlueprintSupport (75)
[2015.07.25-14.46.43:706][929]LogModuleManager: Shutting down and abandoning module PropertyEditor (74)
[2015.07.25-14.46.43:706][929]LogModuleManager: Shutting down and abandoning module BehaviorTreeEditor (73)
[2015.07.25-14.46.43:708][929]LogModuleManager: Shutting down and abandoning module FunctionalTesting (72)
[2015.07.25-14.46.43:708][929]LogModuleManager: Shutting down and abandoning module CollisionAnalyzer (71)
[2015.07.25-14.46.43:709][929]LogModuleManager: Shutting down and abandoning module WorkspaceMenuStructure (70)
[2015.07.25-14.46.43:710][929]LogModuleManager: Shutting down and abandoning module MessageLog (69)
[2015.07.25-14.46.43:710][929]LogModuleManager: Shutting down and abandoning module Sequencer (68)
[2015.07.25-14.46.43:712][929]LogModuleManager: Shutting down and abandoning module AssetTools (67)
[2015.07.25-14.46.43:715][929]LogModuleManager: Shutting down and abandoning module UMGEditor (66)
[2015.07.25-14.46.43:717][929]LogModuleManager: Shutting down and abandoning module UMG (65)
[2015.07.25-14.46.43:718][929]LogModuleManager: Shutting down and abandoning module Slate (64)
[2015.07.25-14.46.43:718][929]LogModuleManager: Shutting down and abandoning module EditorStyle (63)
[2015.07.25-14.46.43:722][929]LogModuleManager: Shutting down and abandoning module SessionServices (62)
[2015.07.25-14.46.43:722][929]LogModuleManager: Shutting down and abandoning module SourceCodeAccess (61)
[2015.07.25-14.46.43:722][929]LogModuleManager: Shutting down and abandoning module HeadMountedDisplay (60)
[2015.07.25-14.46.43:723][929]LogModuleManager: Shutting down and abandoning module XAudio2 (59)
[2015.07.25-14.46.43:723][929]LogModuleManager: Shutting down and abandoning module Networking (57)
[2015.07.25-14.46.43:723][929]LogModuleManager: Shutting down and abandoning module Core (56)
[2015.07.25-14.46.43:723][929]LogModuleManager: Shutting down and abandoning module KismetCompiler (55)
[2015.07.25-14.46.43:725][929]LogModuleManager: Shutting down and abandoning module PhysXFormats (54)
[2015.07.25-14.46.43:725][929]LogModuleManager: Shutting down and abandoning module MeshUtilities (53)
[2015.07.25-14.46.43:727][929]LogModuleManager: Shutting down and abandoning module DerivedDataCache (52)
[2015.07.25-14.46.43:786][929]LogDerivedDataCache: Shutdown
[2015.07.25-14.46.43:787][929]LogModuleManager: Shutting down and abandoning module ShaderFormatOpenGL (51)
[2015.07.25-14.46.43:787][929]LogModuleManager: Shutting down and abandoning module ShaderFormatD3D (50)
[2015.07.25-14.46.43:788][929]LogModuleManager: Shutting down and abandoning module MetalShaderFormat (49)
[2015.07.25-14.46.43:789][929]LogModuleManager: Shutting down and abandoning module TextureFormatUncompressed (48)
[2015.07.25-14.46.43:790][929]LogModuleManager: Shutting down and abandoning module TextureFormatPVR (47)
[2015.07.25-14.46.43:790][929]LogModuleManager: Shutting down and abandoning module TextureFormatIntelISPCTexComp (46)
[2015.07.25-14.46.43:791][929]LogModuleManager: Shutting down and abandoning module TextureFormatDXT (45)
[2015.07.25-14.46.43:791][929]LogModuleManager: Shutting down and abandoning module ImageWrapper (44)
[2015.07.25-14.46.43:791][929]LogModuleManager: Shutting down and abandoning module TextureFormatASTC (43)
[2015.07.25-14.46.43:791][929]LogModuleManager: Shutting down and abandoning module TextureFormatAndroid (42)
[2015.07.25-14.46.43:791][929]LogModuleManager: Shutting down and abandoning module AudioFormatOpus (41)
[2015.07.25-14.46.43:792][929]LogModuleManager: Shutting down and abandoning module AudioFormatOgg (40)
[2015.07.25-14.46.43:793][929]LogModuleManager: Shutting down and abandoning module AudioFormatADPCM (39)
[2015.07.25-14.46.43:793][929]LogModuleManager: Shutting down and abandoning module LinuxTargetPlatform (38)
[2015.07.25-14.46.43:793][929]LogModuleManager: Shutting down and abandoning module LinuxServerTargetPlatform (37)
[2015.07.25-14.46.43:794][929]LogModuleManager: Shutting down and abandoning module LinuxNoEditorTargetPlatform (36)
[2015.07.25-14.46.43:795][929]LogModuleManager: Shutting down and abandoning module Messaging (35)
[2015.07.25-14.46.43:795][929]LogModuleManager: Shutting down and abandoning module IOSTargetPlatform (34)
[2015.07.25-14.46.43:796][929]LogModuleManager: Shutting down and abandoning module HTML5TargetPlatform (33)
[2015.07.25-14.46.43:796][929]LogModuleManager: Shutting down and abandoning module Android_PVRTCTargetPlatform (32)
[2015.07.25-14.46.43:796][929]LogModuleManager: Shutting down and abandoning module Android_ETC2TargetPlatform (31)
[2015.07.25-14.46.43:797][929]LogModuleManager: Shutting down and abandoning module Android_ETC1TargetPlatform (30)
[2015.07.25-14.46.43:797][929]LogModuleManager: Shutting down and abandoning module Android_DXTTargetPlatform (29)
[2015.07.25-14.46.43:797][929]LogModuleManager: Shutting down and abandoning module Android_ATCTargetPlatform (28)
[2015.07.25-14.46.43:798][929]LogModuleManager: Shutting down and abandoning module Android_ASTCTargetPlatform (27)
[2015.07.25-14.46.43:798][929]LogModuleManager: Shutting down and abandoning module AndroidTargetPlatform (26)
[2015.07.25-14.46.43:799][929]LogModuleManager: Shutting down and abandoning module WindowsTargetPlatform (25)
[2015.07.25-14.46.43:799][929]LogModuleManager: Shutting down and abandoning module WindowsServerTargetPlatform (24)
[2015.07.25-14.46.43:799][929]LogModuleManager: Shutting down and abandoning module WindowsNoEditorTargetPlatform (23)
[2015.07.25-14.46.43:800][929]LogModuleManager: Shutting down and abandoning module WindowsClientTargetPlatform (22)
[2015.07.25-14.46.43:800][929]LogModuleManager: Shutting down and abandoning module DesktopTargetPlatform (21)
[2015.07.25-14.46.43:800][929]LogModuleManager: Shutting down and abandoning module TargetPlatform (20)
[2015.07.25-14.46.43:801][929]LogModuleManager: Shutting down and abandoning module InputCore (19)
[2015.07.25-14.46.43:801][929]LogModuleManager: Shutting down and abandoning module Settings (18)
[2015.07.25-14.46.43:801][929]LogModuleManager: Shutting down and abandoning module OnlineSubsystem (16)
[2015.07.25-14.46.43:802][929]LogModuleManager: Shutting down and abandoning module HTTP (15)
[2015.07.25-14.46.43:802][929]LogModuleManager: Shutting down and abandoning module ExampleDeviceProfileSelector (14)
[2015.07.25-14.46.43:803][929]LogModuleManager: Shutting down and abandoning module TextureCompressor (13)
[2015.07.25-14.46.43:804][929]LogModuleManager: Shutting down and abandoning module ShaderCore (12)
[2015.07.25-14.46.43:804][929]LogModuleManager: Shutting down and abandoning module Landscape (11)
[2015.07.25-14.46.43:805][929]LogModuleManager: Shutting down and abandoning module SlateRHIRenderer (10)
[2015.07.25-14.46.43:809][929]LogModuleManager: Shutting down and abandoning module OpenGLDrv (9)
[2015.07.25-14.46.43:810][929]LogModuleManager: Shutting down and abandoning module D3D11RHI (8)
[2015.07.25-14.46.43:810][929]LogModuleManager: Shutting down and abandoning module Renderer (7)
[2015.07.25-14.46.43:810][929]LogModuleManager: Shutting down and abandoning module Engine (6)
[2015.07.25-14.46.43:810][929]LogModuleManager: Shutting down and abandoning module CoreUObject (5)
[2015.07.25-14.46.43:811][929]LogModuleManager: Shutting down and abandoning module NetworkFile (4)
[2015.07.25-14.46.43:811][929]LogModuleManager: Shutting down and abandoning module StreamingFile (3)
[2015.07.25-14.46.43:812][929]LogModuleManager: Shutting down and abandoning module SandboxFile (2)
[2015.07.25-14.46.43:813][929]LogModuleManager: Shutting down and abandoning module PakFile (1)
[2015.07.25-14.46.43:817][929]LogExit: Exiting.
[2015.07.25-14.46.43:819][929]Log file closed, 07/25/15 22:46:43
