[2015.07.25-10.11.06:416][  0]Log file open, 07/25/15 18:11:06
[2015.07.25-10.11.06:416][  0]LogInit:Display: Running engine for game: Demo
[2015.07.25-10.11.06:417][  0]LogInit:Display: RandInit(-2141322341) SRandInit(-2141322340).
[2015.07.25-10.11.06:417][  0]LogTaskGraph: Started task graph with 4 named threads and 7 total threads.
[2015.07.25-10.11.06:417][  0]LogStats: Stats thread started
[2015.07.25-10.11.06:418][  0]LogInit: Version: 4.8.2-2614606+++depot+UE4-Releases+4.8
[2015.07.25-10.11.06:418][  0]LogInit: API Version: 2579680
[2015.07.25-10.11.06:418][  0]LogInit: Compiled (64-bit): Jul  8 2015 23:43:41
[2015.07.25-10.11.06:419][  0]LogInit: Compiled with Visual C++: 18.00.21005.01
[2015.07.25-10.11.06:419][  0]LogInit: Build Configuration: Development
[2015.07.25-10.11.06:419][  0]LogInit: Branch Name: ++depot+UE4-Releases+4.8
[2015.07.25-10.11.06:419][  0]LogInit: Command line: 
[2015.07.25-10.11.06:420][  0]LogInit: Base directory: C:/Program Files/Epic Games/4.8/Engine/Binaries/Win64/
[2015.07.25-10.11.06:420][  0]LogInit: Rocket: 1
[2015.07.25-10.11.06:448][  0]LogInit: Using libcurl 7.41.0
[2015.07.25-10.11.06:448][  0]LogInit:  - built for x86_64-pc-win32
[2015.07.25-10.11.06:448][  0]LogInit:  - supports SSL with WinSSL
[2015.07.25-10.11.06:448][  0]LogInit:  - other features:
[2015.07.25-10.11.06:449][  0]LogInit:      CURL_VERSION_SSL
[2015.07.25-10.11.06:449][  0]LogInit:      CURL_VERSION_IPV6
[2015.07.25-10.11.06:449][  0]LogInit:      CURL_VERSION_ASYNCHDNS
[2015.07.25-10.11.06:450][  0]LogInit:      CURL_VERSION_LARGEFILE
[2015.07.25-10.11.06:450][  0]LogInit:      CURL_VERSION_IDN
[2015.07.25-10.11.06:450][  0]LogInit:  CurlRequestOptions (configurable via config and command line):
[2015.07.25-10.11.06:451][  0]LogInit:  - bVerifyPeer = true  - Libcurl will verify peer certificate
[2015.07.25-10.11.06:451][  0]LogInit:  - bUseHttpProxy = false  - Libcurl will NOT use HTTP proxy
[2015.07.25-10.11.06:451][  0]LogInit:  - bDontReuseConnections = false  - Libcurl will reuse connections
[2015.07.25-10.11.06:451][  0]LogInit:  - CertBundlePath = nullptr  - Libcurl will use whatever was configured at build time.
[2015.07.25-10.11.06:475][  0]LogOnline:Warning: No default platform service specified for OnlineSubsystem
[2015.07.25-10.11.06:528][  0]LogInit: Presizing for 0 objects not considered by GC, pre-allocating 0 bytes.
[2015.07.25-10.11.06:540][  0]LogInit: Object subsystem initialized
[2015.07.25-10.11.06:541][  0]LogConsoleResponse:Warning: Skipping Unknown console variable: 'TranslucentSortAxis = (X=0.000000,Y=-1.000000,Z=0.000000)'
[2015.07.25-10.11.06:541][  0]LogConsoleResponse:Warning:   Found in ini file 'D:/Users/SCW/Documents/Unreal Projects/Demo/Saved/Config/Windows/Engine.ini', in section '[/Script/Engine.RendererSettings]'
[2015.07.25-10.11.06:541][  0]LogConsoleResponse:Warning: Skipping Unknown console variable: 'UIScaleRule = ShortestSide'
[2015.07.25-10.11.06:542][  0]LogConsoleResponse:Warning:   Found in ini file 'D:/Users/SCW/Documents/Unreal Projects/Demo/Saved/Config/Windows/Engine.ini', in section '[/Script/Engine.RendererSettings]'
[2015.07.25-10.11.06:542][  0]LogConsoleResponse:Warning: Skipping Unknown console variable: 'UIScaleCurve = (EditorCurveData=(Keys=),ExternalCurve=None)'
[2015.07.25-10.11.06:542][  0]LogConsoleResponse:Warning:   Found in ini file 'D:/Users/SCW/Documents/Unreal Projects/Demo/Saved/Config/Windows/Engine.ini', in section '[/Script/Engine.RendererSettings]'
[2015.07.25-10.11.06:543][  0]LogInit: Selected Device Profile: [Windows]
[2015.07.25-10.11.06:543][  0]LogInit: Applying CVar settings loaded from the selected device profile: [Windows]
[2015.07.25-10.11.06:553][  0]LogInit: Computer: SCW-PC
[2015.07.25-10.11.06:553][  0]LogInit: User: SCW
[2015.07.25-10.11.06:554][  0]LogInit: CPU Page size=4096, Cores=4
[2015.07.25-10.11.06:554][  0]LogInit: High frequency timer resolution =2.483750 MHz
[2015.07.25-10.11.06:554][  0]LogMemory: Memory total: Physical=8.0GB (8GB approx)
[2015.07.25-10.11.06:555][  0]LogMemory: Platform Memory Stats for Windows
[2015.07.25-10.11.06:555][  0]LogMemory: Process Physical Memory: 50.10 MB used, 50.10 MB peak
[2015.07.25-10.11.06:555][  0]LogMemory: Process Virtual Memory: 23.61 MB used, 23.61 MB peak
[2015.07.25-10.11.06:555][  0]LogMemory: Physical Memory: 5642.78 MB used, 8183.05 MB total
[2015.07.25-10.11.06:556][  0]LogMemory: Virtual Memory: 291.64 MB used, 8388608.00 MB total
[2015.07.25-10.11.06:650][  0]LogTextLocalizationManager: The requested culture ('zh_TW') has no localization data; falling back to 'en' for localization and internationalization data.
[2015.07.25-10.11.06:971][  0]LogTextLocalizationManager:Warning: Loaded localization resources contain conflicting entries for (Namespace:ContentBrowser, Key:ImportAssetToolTip):
Localization Resource: (C:/Program Files/Epic Games/4.8/Engine/Content/Localization/Editor/en/Editor.locres) Source String Hash: (-630476809) Localized String: (Import to {0}...)
Localization Resource: (C:/Program Files/Epic Games/4.8/Engine/Content/Localization/Editor/en/Editor.locres) Source String Hash: (1271782899) Localized String: (Imports an asset from file to this folder.)
[2015.07.25-10.11.07:490][  0]LogD3D11RHI: Found D3D11 adapter 0: NVIDIA GeForce GTX 560 Ti   (Feature Level 11_0)
[2015.07.25-10.11.07:491][  0]LogD3D11RHI: Adapter has 979MB of dedicated video memory, 0MB of dedicated system memory, and 3071MB of shared system memory, 2 output[s]
[2015.07.25-10.11.07:492][  0]LogD3D11RHI: Chosen D3D11 Adapter Id = 0
[2015.07.25-10.11.07:505][  0]LogD3D11RHI: InitD3DDevice
[2015.07.25-10.11.07:506][  0]LogD3D11RHI: !Direct3DDevice
[2015.07.25-10.11.07:509][  0]LogRHI: Texture pool is 685 MB (70% of 979 MB)
[2015.07.25-10.11.07:566][  0]LogD3D11RHI: Async texture creation enabled
[2015.07.25-10.11.07:584][  0]LogShaderCompilers:Display: Using Local Shader Compiler.
[2015.07.25-10.11.08:800][  0]LogTemp:Display: Loaded TP DesktopTargetPlatform
[2015.07.25-10.11.08:834][  0]LogTemp:Display: Loaded TP WindowsClientTargetPlatform
[2015.07.25-10.11.08:870][  0]LogTemp:Display: Loaded TP WindowsNoEditorTargetPlatform
[2015.07.25-10.11.08:904][  0]LogTemp:Display: Loaded TP WindowsServerTargetPlatform
[2015.07.25-10.11.08:943][  0]LogTemp:Display: Loaded TP WindowsTargetPlatform
[2015.07.25-10.11.08:969][  0]LogTemp:Display: Loaded TP AndroidTargetPlatform
[2015.07.25-10.11.08:995][  0]LogTemp:Display: Loaded TP Android_ASTCTargetPlatform
[2015.07.25-10.11.09:023][  0]LogTemp:Display: Loaded TP Android_ATCTargetPlatform
[2015.07.25-10.11.09:053][  0]LogTemp:Display: Loaded TP Android_DXTTargetPlatform
[2015.07.25-10.11.09:082][  0]LogTemp:Display: Loaded TP Android_ETC1TargetPlatform
[2015.07.25-10.11.09:111][  0]LogTemp:Display: Loaded TP Android_ETC2TargetPlatform
[2015.07.25-10.11.09:138][  0]LogTemp:Display: Loaded TP Android_PVRTCTargetPlatform
[2015.07.25-10.11.09:240][  0]LogTemp:Display: Loaded TP IOSTargetPlatform
[2015.07.25-10.11.09:264][  0]LogTemp:Display: Loaded TP LinuxNoEditorTargetPlatform
[2015.07.25-10.11.09:288][  0]LogTemp:Display: Loaded TP LinuxServerTargetPlatform
[2015.07.25-10.11.09:314][  0]LogTemp:Display: Loaded TP LinuxTargetPlatform
[2015.07.25-10.11.09:314][  0]LogTargetPlatformManager:Display: Building Assets For Windows
[2015.07.25-10.11.09:798][  0]LogDerivedDataCache:Display: Max Cache Size: 512 MB
[2015.07.25-10.11.09:862][  0]LogDerivedDataCache: Loaded boot cache 0.06s 53MB C:/Users/SCW/AppData/Local/UnrealEngine/4.8/DerivedDataCache/Boot.ddc.
[2015.07.25-10.11.09:863][  0]LogDerivedDataCache:Display: Loaded Boot cache: C:/Users/SCW/AppData/Local/UnrealEngine/4.8/DerivedDataCache/Boot.ddc
[2015.07.25-10.11.09:863][  0]LogDerivedDataCache: FDerivedDataBackendGraph:  Pak pak cache file D:/Users/SCW/Documents/Unreal Projects/Demo/DerivedDataCache/DDC.ddp not found, will not use a pak cache.
[2015.07.25-10.11.09:863][  0]LogDerivedDataCache: Unable to find inner node Pak for hierarchical cache Hierarchy.
[2015.07.25-10.11.09:864][  0]LogDerivedDataCache: FDerivedDataBackendGraph:  CompressedPak pak cache file D:/Users/SCW/Documents/Unreal Projects/Demo/DerivedDataCache/Compressed.ddp not found, will not use a pak cache.
[2015.07.25-10.11.09:864][  0]LogDerivedDataCache: Unable to find inner node CompressedPak for hierarchical cache Hierarchy.
[2015.07.25-10.11.10:083][  0]LogDerivedDataCache:Display: Pak cache opened for reading ../../../Engine/DerivedDataCache/Compressed.ddp.
[2015.07.25-10.11.10:096][  0]LogDerivedDataCache: Using Local data cache path C:/Users/SCW/AppData/Local/UnrealEngine/Common/DerivedDataCache: Writable
[2015.07.25-10.11.10:410][  0]LogInit: Selected Device Profile: [Windows]
[2015.07.25-10.11.10:420][  0]ImportText (ComponentSweepMultiTests): Missing closing parenthesis: (RootShapeAsset="/Engine/BasicShapes/Cube.Cube",ShapeType="TriggerCapsule",HitResult=(Time=0.50,Location=(X=-100.000015,Y=0.0,Z=100.000015),ImpactPoint=(X=-50.0,Y=0.0,Z=50.0),Normal=(X=-1.0,Y=-0.0,Z=0.0),ImpactNormal=(X=0.0,Y=0.0,Z=1.0),TraceStart=(X=-200.0,Y=0.0,Z=200.0),TraceEnd=(X=0.0,Y=0.0,Z=0.0))
[2015.07.25-10.11.10:421][  0]ImportText (LineTraceSingleByChannelTests): Missing closing parenthesis: (RootShapeAsset="/Engine/BasicShapes/Cube.Cube",HitResult=(Time=0.50,Location=(X=-100.000015,Y=0.0,Z=100.000015),ImpactPoint=(X=-50.0,Y=0.0,Z=50.0),Normal=(X=-1.0,Y=-0.0,Z=0.0),ImpactNormal=(X=0.0,Y=0.0,Z=1.0),TraceStart=(X=-200.0,Y=0.0,Z=200.0),TraceEnd=(X=0.0,Y=0.0,Z=0.0))
[2015.07.25-10.11.10:481][  0]LogMeshUtilities: No automatic mesh reduction module available
[2015.07.25-10.11.10:481][  0]LogMeshUtilities: No automatic mesh merging module available
[2015.07.25-10.11.11:087][  0]LogInit: WinSock: version 1.1 (2.2), MaxSocks=32767, MaxUdp=65467
[2015.07.25-10.11.12:892][  0]UdpMessaging: Initializing bridge on interface 0.0.0.0:0 to multicast group 230.0.0.1:6666.
[2015.07.25-10.11.13:652][  0]SourceControl: Info Source control is disabled
[2015.07.25-10.11.13:707][  0]SourceControl: Info Source control is disabled
[2015.07.25-10.11.13:732][  0]SourceControl: Info Source control is disabled
[2015.07.25-10.11.13:761][  0]SourceControl: Info Source control is disabled
[2015.07.25-10.11.14:220][  0]LogObj: 26286 objects as part of root set at end of initial load.
[2015.07.25-10.11.14:220][  0]LogUObjectAllocator: 5420728 out of 0 bytes used by permanent object pool.
[2015.07.25-10.11.14:354][  0]LogEngine: Initializing Engine...
[2015.07.25-10.11.14:357][  0]LogHMD: Can't find Oculus library dev build: is proper Runtime installed? Version: 0.6.0.0
[2015.07.25-10.11.14:364][  0]LogHMD:Warning: SteamVR failed to initialize.  Error: 100
[2015.07.25-10.11.14:605][  0]LogAIModule: Creating AISystem for world NewWorld
[2015.07.25-10.11.14:617][  0]LogInit: XAudio2 using '喇叭 (ASUS Xonar DS Audio Device)' : 2 channels at 44.1 kHz using 16 bits per sample (channel mask 0x3)
[2015.07.25-10.11.14:629][  0]LogInit: FAudioDevice initialized.
[2015.07.25-10.11.14:663][  0]LogDerivedDataCache: Saved boot cache 0.03s 53MB C:/Users/SCW/AppData/Local/UnrealEngine/4.8/DerivedDataCache/Boot.ddc.
[2015.07.25-10.11.14:672][  0]LogInit: Texture streaming: Disabled
[2015.07.25-10.11.14:724][  0]LogAnalytics: Creating configured Analytics provider AnalyticsET
[2015.07.25-10.11.14:725][  0]LogAnalytics: [UEEditor.Rocket.Release] APIServer = http://et2.epicgames.com/ET2/. AppVersion = 4.8.2-2614606+++depot+UE4-Releases+4.8
[2015.07.25-10.11.14:725][  0]LogAnalytics: [UEEditor.Rocket.Release] SetUserId 568b5a34404f889fb1b32ab5dcc7273c|171fa9009f6b4f02983f7d0ecd1f12ba|c0dd2cb7-895e-48cf-9e36-42424b144c9b
[2015.07.25-10.11.14:726][  0]LogAnalytics: [UEEditor.Rocket.Release] AnalyticsET::StartSession
[2015.07.25-10.11.14:768][  0]LogInit: Transaction tracking system initialized
[2015.07.25-10.11.15:098][  0]BlueprintLog: New page: Editor Load
[2015.07.25-10.11.15:168][  0]LogAssetRegistry: FAssetRegistry took 0.0112 seconds to start up
[2015.07.25-10.11.15:169][  0]LogDirectoryWatcher:Warning: Failed to begin reading directory changes for ../../../Engine/Plugins/Experimental/CharacterAI/Content/. Error: 0
[2015.07.25-10.11.16:401][  0]LogLinker:Warning: Asset '../../../Engine/Content/Tutorial/Mobile/SettingUpAndroidTutorial.uasset' has been saved with empty engine version. The asset will be loaded but may be incompatible.
[2015.07.25-10.11.16:646][  0]LogConsoleManager:Warning: Console variable 'r.VSync' wasn't set ('GameSetting' has a lower priority than 'SystemSettingsIni')
[2015.07.25-10.11.16:647][  0]LogConsoleResponse:Display: 
[2015.07.25-10.11.16:797][  0]LogCook:Display: Done creating registry. It took  0.00s.
[2015.07.25-10.11.17:195][  0]SourceControl: Info Source control is disabled
[2015.07.25-10.11.17:196][  0]Cmd: MAP LOAD FILE="D:/Users/SCW/Documents/Unreal Projects/Demo/Content/StarterContent/Maps/Minimal_Default.umap" TEMPLATE=0 SHOWPROGRESS=1 FEATURELEVEL=3
[2015.07.25-10.11.17:197][  0]LightingResults: New page: Lighting Build
[2015.07.25-10.11.17:220][  0]MapCheck: New page: Map Check
[2015.07.25-10.11.17:220][  0]LightingResults: New page: Lighting Build
[2015.07.25-10.11.17:232][  0]LogParticles: Destroying 0 GPU particle simulations for FXSystem 0x000000001EDC89A0
[2015.07.25-10.11.18:200][  0]LogAIModule: Creating AISystem for world Minimal_Default
[2015.07.25-10.11.18:214][  0]LogEditorServer: Finished looking for orphan Actors (0.000 secs)
[2015.07.25-10.11.18:248][  0]Cmd: MAP CHECKDEP NOCLEARLOG
[2015.07.25-10.11.18:310][  0]MapCheck: Info Map check complete: 0 Error(s), 0 Warning(s), took 62.003ms to complete.
[2015.07.25-10.11.18:311][  0]LogFileHelpers: Loading map 'Minimal_Default' took 1.115
[2015.07.25-10.11.18:465][  0]LogCollectionManager: Loaded 0 collections in 0.003078 seconds
[2015.07.25-10.11.18:477][  0]LogContentBrowser: Native class hierarchy populated in 0.0114 seconds. Added 1795 classes and 303 folders.
[2015.07.25-10.11.18:581][  0]LogContentBrowser: Native class hierarchy updated for 'WidgetCarousel' in 0.0021 seconds. Added 0 classes and 0 folders.
[2015.07.25-10.11.18:639][  0]LogContentBrowser: Native class hierarchy updated for 'AddContentDialog' in 0.0021 seconds. Added 0 classes and 0 folders.
[2015.07.25-10.11.18:684][  0]LogContentBrowser: Native class hierarchy updated for 'SceneOutliner' in 0.0021 seconds. Added 1 classes and 2 folders.
[2015.07.25-10.11.18:746][  0]LogCrashTracker: Crashtracker disabled due to settings.
[2015.07.25-10.11.18:748][  0]LogD3D11RHI: InitD3DDevice
[2015.07.25-10.11.18:750][  0]LogUObjectGlobals:Warning: Failed to find object 'Class None.'
[2015.07.25-10.11.18:774][  0]LogLoad: Full Startup: 15.26 seconds (BP compile: 0.23 seconds)
[2015.07.25-10.11.18:859][  0]LogContentStreaming: Texture pool size is 0.000000MB
[2015.07.25-10.11.18:919][  0]LogContentStreaming: Texture pool size now 700 MB
[2015.07.25-10.11.19:090][  0]LogRenderer: Reallocating scene render targets to support 1208x584 (Frame:2).
[2015.07.25-10.11.19:503][  9]LogAssetRegistry: Asset discovery search completed in 4.3461 seconds
[2015.07.25-10.11.20:650][142]LogD3D11RHI: InitD3DDevice
[2015.07.25-10.11.24:208][532]LogD3D11RHI: InitD3DDevice
[2015.07.25-10.11.24:544][570]LogD3D11RHI: InitD3DDevice
[2015.07.25-10.11.24:582][572]LogD3D11RHI: InitD3DDevice
[2015.07.25-10.11.24:602][573]LogD3D11RHI: InitD3DDevice
[2015.07.25-10.11.24:657][574]LogD3D11RHI: InitD3DDevice
[2015.07.25-10.11.24:681][575]LogD3D11RHI: InitD3DDevice
[2015.07.25-10.11.26:036][715]LogD3D11RHI: InitD3DDevice
[2015.07.25-10.11.26:111][715]LogD3D11RHI: InitD3DDevice
[2015.07.25-10.11.26:191][723]LogEditorViewport: Clicking on Actor (LMB): StaticMeshActor (Chair)
[2015.07.25-10.11.27:999][848]LogD3D11RHI: InitD3DDevice
[2015.07.25-10.11.28:133][861]LogD3D11RHI: InitD3DDevice
[2015.07.25-10.11.39:425][919]LogD3D11RHI: InitD3DDevice
[2015.07.25-10.11.39:707][949]LogD3D11RHI: InitD3DDevice
[2015.07.25-10.11.42:287][177]LogD3D11RHI: InitD3DDevice
[2015.07.25-10.11.45:368][496]LogD3D11RHI: InitD3DDevice
[2015.07.25-10.12.02:100][614]LogD3D11RHI: InitD3DDevice
[2015.07.25-10.12.02:122][614]LogD3D11RHI: InitD3DDevice
[2015.07.25-10.12.02:148][614]LogLinker:Warning: Asset '../../../Engine/Content/ArtTools/RenderToTexture/Macros/RenderToTextureMacros.uasset' has been saved with empty engine version. The asset will be loaded but may be incompatible.
[2015.07.25-10.12.02:272][614]LogLinker:Warning: Asset '../../../Engine/Content/ArtTools/RenderToTexture/Enums/RenderToTexture_Enum.uasset' has been saved with empty engine version. The asset will be loaded but may be incompatible.
[2015.07.25-10.12.05:387][713]LogD3D11RHI: InitD3DDevice
[2015.07.25-10.12.05:402][713]Cmd: OBJ SAVEPACKAGE PACKAGE="/Game/Blueprints/BP_BasicCharacter" FILE="D:/Users/SCW/Documents/Unreal Projects/Demo/Content/Blueprints/BP_BasicCharacter.uasset" SILENT=true
[2015.07.25-10.12.05:429][713]LogSavePackage: Save=24.943735ms
[2015.07.25-10.12.05:430][713]LogSavePackage: Moving 'D:/Users/SCW/Documents/Unreal Projects/Demo/Saved/BP_BasicCharacterA5B397A94761EE550A296DAB9672A7C8.tmp' to 'D:/Users/SCW/Documents/Unreal Projects/Demo/Content/Blueprints/BP_BasicCharacter.uasset'
[2015.07.25-10.12.06:265][731]LogRenderer: Reallocating scene render targets to support 1208x912 (Frame:2701).
[2015.07.25-10.12.11:706][958]LogD3D11RHI: InitD3DDevice
[2015.07.25-10.12.26:481][630]LogActorComponent: UnregisterComponent: (/Engine/Transient.CharMoveComp) Not registered. Aborting.
[2015.07.25-10.12.45:089][676]LogD3D11RHI: InitD3DDevice
[2015.07.25-10.13.03:204][509]LogActorComponent: UnregisterComponent: (/Engine/Transient.CharacterMovementComponent_0) Not registered. Aborting.
[2015.07.25-10.13.11:736][974]LogActorComponent: UnregisterComponent: (/Engine/Transient.CharacterMovementComponent_1) Not registered. Aborting.
[2015.07.25-10.13.16:363][224]LogD3D11RHI: InitD3DDevice
[2015.07.25-10.13.17:797][298]LogActorComponent: UnregisterComponent: (/Engine/Transient.CharacterMovementComponent_2) Not registered. Aborting.
[2015.07.25-10.13.17:837][298]LogD3D11RHI: InitD3DDevice
[2015.07.25-10.13.17:867][298]Cmd: OBJ SAVEPACKAGE PACKAGE="/Game/Blueprints/BP_BasicCharacter" FILE="D:/Users/SCW/Documents/Unreal Projects/Demo/Content/Blueprints/BP_BasicCharacter.uasset" SILENT=true
[2015.07.25-10.13.17:903][298]LogSavePackage: Save=32.917564ms
[2015.07.25-10.13.17:904][298]LogSavePackage: Moving 'D:/Users/SCW/Documents/Unreal Projects/Demo/Saved/BP_BasicCharacter25D8BABB44FEF7F90EE342AA32DAC3C7.tmp' to 'D:/Users/SCW/Documents/Unreal Projects/Demo/Content/Blueprints/BP_BasicCharacter.uasset'
[2015.07.25-10.13.22:302][533]LogActorComponent: UnregisterComponent: (/Engine/Transient.CharMoveComp) Not registered. Aborting.
[2015.07.25-10.13.24:563][675]LogActorComponent: UnregisterComponent: (/Engine/Transient.CharacterMovementComponent_3) Not registered. Aborting.
[2015.07.25-10.13.27:761][876]LogActorComponent: UnregisterComponent: (/Engine/Transient.CharacterMovementComponent_4) Not registered. Aborting.
[2015.07.25-10.13.31:739][ 76]LogD3D11RHI: InitD3DDevice
[2015.07.25-10.13.38:130][433]LogActorComponent: UnregisterComponent: (/Engine/Transient.CharacterMovementComponent_5) Not registered. Aborting.
[2015.07.25-10.13.38:170][433]LogD3D11RHI: InitD3DDevice
[2015.07.25-10.13.38:199][433]Cmd: OBJ SAVEPACKAGE PACKAGE="/Game/Blueprints/BP_BasicCharacter" FILE="D:/Users/SCW/Documents/Unreal Projects/Demo/Content/Blueprints/BP_BasicCharacter.uasset" SILENT=true
[2015.07.25-10.13.38:233][433]LogSavePackage: Save=31.811575ms
[2015.07.25-10.13.38:234][433]LogSavePackage: Moving 'D:/Users/SCW/Documents/Unreal Projects/Demo/Saved/BP_BasicCharacter61B1AA1845B0504171795C824CCB47D2.tmp' to 'D:/Users/SCW/Documents/Unreal Projects/Demo/Content/Blueprints/BP_BasicCharacter.uasset'
[2015.07.25-10.13.45:053][799]LogD3D11RHI: InitD3DDevice
[2015.07.25-10.13.50:504][112]LogActorComponent: UnregisterComponent: (/Engine/Transient.CharMoveComp) Not registered. Aborting.
[2015.07.25-10.13.50:543][112]LogD3D11RHI: InitD3DDevice
[2015.07.25-10.13.50:572][112]Cmd: OBJ SAVEPACKAGE PACKAGE="/Game/Blueprints/BP_BasicCharacter" FILE="D:/Users/SCW/Documents/Unreal Projects/Demo/Content/Blueprints/BP_BasicCharacter.uasset" SILENT=