[2015.07.25-13.28.34:012][  0]Log file open, 07/25/15 21:28:34
[2015.07.25-13.28.34:012][  0]LogInit:Display: Running engine for game: Demo
[2015.07.25-13.28.34:012][  0]LogInit:Display: RandInit(1515316198) SRandInit(1515316199).
[2015.07.25-13.28.34:013][  0]LogTaskGraph: Started task graph with 4 named threads and 7 total threads.
[2015.07.25-13.28.34:013][  0]LogStats: Stats thread started
[2015.07.25-13.28.34:013][  0]LogInit: Version: 4.8.2-2614606+++depot+UE4-Releases+4.8
[2015.07.25-13.28.34:014][  0]LogInit: API Version: 2579680
[2015.07.25-13.28.34:014][  0]LogInit: Compiled (64-bit): Jul  8 2015 23:43:41
[2015.07.25-13.28.34:014][  0]LogInit: Compiled with Visual C++: 18.00.21005.01
[2015.07.25-13.28.34:015][  0]LogInit: Build Configuration: Development
[2015.07.25-13.28.34:015][  0]LogInit: Branch Name: ++depot+UE4-Releases+4.8
[2015.07.25-13.28.34:015][  0]LogInit: Command line: 
[2015.07.25-13.28.34:015][  0]LogInit: Base directory: C:/Program Files/Epic Games/4.8/Engine/Binaries/Win64/
[2015.07.25-13.28.34:016][  0]LogInit: Rocket: 1
[2015.07.25-13.28.34:045][  0]LogInit: Using libcurl 7.41.0
[2015.07.25-13.28.34:045][  0]LogInit:  - built for x86_64-pc-win32
[2015.07.25-13.28.34:045][  0]LogInit:  - supports SSL with WinSSL
[2015.07.25-13.28.34:045][  0]LogInit:  - other features:
[2015.07.25-13.28.34:046][  0]LogInit:      CURL_VERSION_SSL
[2015.07.25-13.28.34:046][  0]LogInit:      CURL_VERSION_IPV6
[2015.07.25-13.28.34:046][  0]LogInit:      CURL_VERSION_ASYNCHDNS
[2015.07.25-13.28.34:047][  0]LogInit:      CURL_VERSION_LARGEFILE
[2015.07.25-13.28.34:047][  0]LogInit:      CURL_VERSION_IDN
[2015.07.25-13.28.34:047][  0]LogInit:  CurlRequestOptions (configurable via config and command line):
[2015.07.25-13.28.34:048][  0]LogInit:  - bVerifyPeer = true  - Libcurl will verify peer certificate
[2015.07.25-13.28.34:048][  0]LogInit:  - bUseHttpProxy = false  - Libcurl will NOT use HTTP proxy
[2015.07.25-13.28.34:048][  0]LogInit:  - bDontReuseConnections = false  - Libcurl will reuse connections
[2015.07.25-13.28.34:048][  0]LogInit:  - CertBundlePath = nullptr  - Libcurl will use whatever was configured at build time.
[2015.07.25-13.28.34:078][  0]LogOnline:Warning: No default platform service specified for OnlineSubsystem
[2015.07.25-13.28.34:133][  0]LogInit: Presizing for 0 objects not considered by GC, pre-allocating 0 bytes.
[2015.07.25-13.28.34:144][  0]LogInit: Object subsystem initialized
[2015.07.25-13.28.34:146][  0]LogConsoleResponse:Warning: Skipping Unknown console variable: 'TranslucentSortAxis = (X=0.000000,Y=-1.000000,Z=0.000000)'
[2015.07.25-13.28.34:146][  0]LogConsoleResponse:Warning:   Found in ini file 'D:/Users/SCW/Documents/Unreal Projects/Demo/Saved/Config/Windows/Engine.ini', in section '[/Script/Engine.RendererSettings]'
[2015.07.25-13.28.34:146][  0]LogConsoleResponse:Warning: Skipping Unknown console variable: 'UIScaleRule = ShortestSide'
[2015.07.25-13.28.34:147][  0]LogConsoleResponse:Warning:   Found in ini file 'D:/Users/SCW/Documents/Unreal Projects/Demo/Saved/Config/Windows/Engine.ini', in section '[/Script/Engine.RendererSettings]'
[2015.07.25-13.28.34:147][  0]LogConsoleResponse:Warning: Skipping Unknown console variable: 'UIScaleCurve = (EditorCurveData=(Keys=),ExternalCurve=None)'
[2015.07.25-13.28.34:147][  0]LogConsoleResponse:Warning:   Found in ini file 'D:/Users/SCW/Documents/Unreal Projects/Demo/Saved/Config/Windows/Engine.ini', in section '[/Script/Engine.RendererSettings]'
[2015.07.25-13.28.34:148][  0]LogInit: Selected Device Profile: [Windows]
[2015.07.25-13.28.34:149][  0]LogInit: Applying CVar settings loaded from the selected device profile: [Windows]
[2015.07.25-13.28.34:161][  0]LogInit: Computer: SCW-PC
[2015.07.25-13.28.34:161][  0]LogInit: User: SCW
[2015.07.25-13.28.34:162][  0]LogInit: CPU Page size=4096, Cores=4
[2015.07.25-13.28.34:162][  0]LogInit: High frequency timer resolution =2.483750 MHz
[2015.07.25-13.28.34:162][  0]LogMemory: Memory total: Physical=8.0GB (8GB approx)
[2015.07.25-13.28.34:163][  0]LogMemory: Platform Memory Stats for Windows
[2015.07.25-13.28.34:187][  0]LogMemory: Process Physical Memory: 50.71 MB used, 50.71 MB peak
[2015.07.25-13.28.34:188][  0]LogMemory: Process Virtual Memory: 22.45 MB used, 23.27 MB peak
[2015.07.25-13.28.34:188][  0]LogMemory: Physical Memory: 6132.54 MB used, 8183.05 MB total
[2015.07.25-13.28.34:188][  0]LogMemory: Virtual Memory: 290.52 MB used, 8388608.00 MB total
[2015.07.25-13.28.34:295][  0]LogTextLocalizationManager: The requested culture ('zh_TW') has no localization data; falling back to 'en' for localization and internationalization data.
[2015.07.25-13.28.34:632][  0]LogTextLocalizationManager:Warning: Loaded localization resources contain conflicting entries for (Namespace:ContentBrowser, Key:ImportAssetToolTip):
Localization Resource: (C:/Program Files/Epic Games/4.8/Engine/Content/Localization/Editor/en/Editor.locres) Source String Hash: (-630476809) Localized String: (Import to {0}...)
Localization Resource: (C:/Program Files/Epic Games/4.8/Engine/Content/Localization/Editor/en/Editor.locres) Source String Hash: (1271782899) Localized String: (Imports an asset from file to this folder.)
[2015.07.25-13.28.35:125][  0]LogD3D11RHI: Found D3D11 adapter 0: NVIDIA GeForce GTX 560 Ti   (Feature Level 11_0)
[2015.07.25-13.28.35:125][  0]LogD3D11RHI: Adapter has 979MB of dedicated video memory, 0MB of dedicated system memory, and 3071MB of shared system memory, 2 output[s]
[2015.07.25-13.28.35:126][  0]LogD3D11RHI: Chosen D3D11 Adapter Id = 0
[2015.07.25-13.28.35:131][  0]LogD3D11RHI: InitD3DDevice
[2015.07.25-13.28.35:131][  0]LogD3D11RHI: !Direct3DDevice
[2015.07.25-13.28.35:132][  0]LogRHI: Texture pool is 685 MB (70% of 979 MB)
[2015.07.25-13.28.35:180][  0]LogD3D11RHI: Async texture creation enabled
[2015.07.25-13.28.35:206][  0]LogShaderCompilers:Display: Using Local Shader Compiler.
[2015.07.25-13.28.36:559][  0]LogTemp:Display: Loaded TP DesktopTargetPlatform
[2015.07.25-13.28.36:596][  0]LogTemp:Display: Loaded TP WindowsClientTargetPlatform
[2015.07.25-13.28.36:633][  0]LogTemp:Display: Loaded TP WindowsNoEditorTargetPlatform
[2015.07.25-13.28.36:671][  0]LogTemp:Display: Loaded TP WindowsServerTargetPlatform
[2015.07.25-13.28.36:712][  0]LogTemp:Display: Loaded TP WindowsTargetPlatform
[2015.07.25-13.28.36:737][  0]LogTemp:Display: Loaded TP AndroidTargetPlatform
[2015.07.25-13.28.36:764][  0]LogTemp:Display: Loaded TP Android_ASTCTargetPlatform
[2015.07.25-13.28.36:791][  0]LogTemp:Display: Loaded TP Android_ATCTargetPlatform
[2015.07.25-13.28.36:817][  0]LogTemp:Display: Loaded TP Android_DXTTargetPlatform
[2015.07.25-13.28.36:842][  0]LogTemp:Display: Loaded TP Android_ETC1TargetPlatform
[2015.07.25-13.28.36:867][  0]LogTemp:Display: Loaded TP Android_ETC2TargetPlatform
[2015.07.25-13.28.36:895][  0]LogTemp:Display: Loaded TP Android_PVRTCTargetPlatform
[2015.07.25-13.28.37:000][  0]LogTemp:Display: Loaded TP IOSTargetPlatform
[2015.07.25-13.28.37:027][  0]LogTemp:Display: Loaded TP LinuxNoEditorTargetPlatform
[2015.07.25-13.28.37:054][  0]LogTemp:Display: Loaded TP LinuxServerTargetPlatform
[2015.07.25-13.28.37:085][  0]LogTemp:Display: Loaded TP LinuxTargetPlatform
[2015.07.25-13.28.37:086][  0]LogTargetPlatformManager:Display: Building Assets For Windows
[2015.07.25-13.28.37:601][  0]LogDerivedDataCache:Display: Max Cache Size: 512 MB
[2015.07.25-13.28.37:669][  0]LogDerivedDataCache: Loaded boot cache 0.07s 53MB C:/Users/SCW/AppData/Local/UnrealEngine/4.8/DerivedDataCache/Boot.ddc.
[2015.07.25-13.28.37:670][  0]LogDerivedDataCache:Display: Loaded Boot cache: C:/Users/SCW/AppData/Local/UnrealEngine/4.8/DerivedDataCache/Boot.ddc
[2015.07.25-13.28.37:671][  0]LogDerivedDataCache: FDerivedDataBackendGraph:  Pak pak cache file D:/Users/SCW/Documents/Unreal Projects/Demo/DerivedDataCache/DDC.ddp not found, will not use a pak cache.
[2015.07.25-13.28.37:672][  0]LogDerivedDataCache: Unable to find inner node Pak for hierarchical cache Hierarchy.
[2015.07.25-13.28.37:672][  0]LogDerivedDataCache: FDerivedDataBackendGraph:  CompressedPak pak cache file D:/Users/SCW/Documents/Unreal Projects/Demo/DerivedDataCache/Compressed.ddp not found, will not use a pak cache.
[2015.07.25-13.28.37:673][  0]LogDerivedDataCache: Unable to find inner node CompressedPak for hierarchical cache Hierarchy.
[2015.07.25-13.28.37:920][  0]LogDerivedDataCache:Display: Pak cache opened for reading ../../../Engine/DerivedDataCache/Compressed.ddp.
[2015.07.25-13.28.37:933][  0]LogDerivedDataCache: Using Local data cache path C:/Users/SCW/AppData/Local/UnrealEngine/Common/DerivedDataCache: Writable
[2015.07.25-13.28.38:271][  0]LogInit: Selected Device Profile: [Windows]
[2015.07.25-13.28.38:282][  0]ImportText (ComponentSweepMultiTests): Missing closing parenthesis: (RootShapeAsset="/Engine/BasicShapes/Cube.Cube",ShapeType="TriggerCapsule",HitResult=(Time=0.50,Location=(X=-100.000015,Y=0.0,Z=100.000015),ImpactPoint=(X=-50.0,Y=0.0,Z=50.0),Normal=(X=-1.0,Y=-0.0,Z=0.0),ImpactNormal=(X=0.0,Y=0.0,Z=1.0),TraceStart=(X=-200.0,Y=0.0,Z=200.0),TraceEnd=(X=0.0,Y=0.0,Z=0.0))
[2015.07.25-13.28.38:284][  0]ImportText (LineTraceSingleByChannelTests): Missing closing parenthesis: (RootShapeAsset="/Engine/BasicShapes/Cube.Cube",HitResult=(Time=0.50,Location=(X=-100.000015,Y=0.0,Z=100.000015),ImpactPoint=(X=-50.0,Y=0.0,Z=50.0),Normal=(X=-1.0,Y=-0.0,Z=0.0),ImpactNormal=(X=0.0,Y=0.0,Z=1.0),TraceStart=(X=-200.0,Y=0.0,Z=200.0),TraceEnd=(X=0.0,Y=0.0,Z=0.0))
[2015.07.25-13.28.38:351][  0]LogMeshUtilities: No automatic mesh reduction module available
[2015.07.25-13.28.38:351][  0]LogMeshUtilities: No automatic mesh merging module available
[2015.07.25-13.28.39:036][  0]LogInit: WinSock: version 1.1 (2.2), MaxSocks=32767, MaxUdp=65467
[2015.07.25-13.28.41:000][  0]UdpMessaging: Initializing bridge on interface 0.0.0.0:0 to multicast group 230.0.0.1:6666.
[2015.07.25-13.28.41:835][  0]SourceControl: Info Source control is disabled
[2015.07.25-13.28.41:898][  0]SourceControl: Info Source control is disabled
[2015.07.25-13.28.41:927][  0]SourceControl: Info Source control is disabled
[2015.07.25-13.28.41:962][  0]SourceControl: Info Source control is disabled
[2015.07.25-13.28.42:469][  0]LogObj: 26288 objects as part of root set at end of initial load.
[2015.07.25-13.28.42:470][  0]LogUObjectAllocator: 5422088 out of 0 bytes used by permanent object pool.
[2015.07.25-13.28.42:611][  0]LogEngine: Initializing Engine...
[2015.07.25-13.28.42:616][  0]LogHMD: Can't find Oculus library dev build: is proper Runtime installed? Version: 0.6.0.0
[2015.07.25-13.28.42:622][  0]LogHMD:Warning: SteamVR failed to initialize.  Error: 100
[2015.07.25-13.28.42:891][  0]LogAIModule: Creating AISystem for world NewWorld
[2015.07.25-13.28.42:905][  0]LogInit: XAudio2 using '喇叭 (ASUS Xonar DS Audio Device)' : 2 channels at 44.1 kHz using 16 bits per sample (channel mask 0x3)
[2015.07.25-13.28.42:916][  0]LogInit: FAudioDevice initialized.
[2015.07.25-13.28.42:955][  0]LogDerivedDataCache: Saved boot cache 0.04s 53MB C:/Users/SCW/AppData/Local/UnrealEngine/4.8/DerivedDataCache/Boot.ddc.
[2015.07.25-13.28.42:966][  0]LogInit: Texture streaming: Disabled
[2015.07.25-13.28.43:020][  0]LogAnalytics: Creating configured Analytics provider AnalyticsET
[2015.07.25-13.28.43:021][  0]LogAnalytics: [UEEditor.Rocket.Release] APIServer = http://et2.epicgames.com/ET2/. AppVersion = 4.8.2-2614606+++depot+UE4-Releases+4.8
[2015.07.25-13.28.43:021][  0]LogAnalytics: [UEEditor.Rocket.Release] SetUserId 568b5a34404f889fb1b32ab5dcc7273c|171fa9009f6b4f02983f7d0ecd1f12ba|c0dd2cb7-895e-48cf-9e36-42424b144c9b
[2015.07.25-13.28.43:021][  0]LogAnalytics: [UEEditor.Rocket.Release] AnalyticsET::StartSession
[2015.07.25-13.28.43:070][  0]LogInit: Transaction tracking system initialized
[2015.07.25-13.28.43:427][  0]BlueprintLog: New page: Editor Load
[2015.07.25-13.28.43:507][  0]LogAssetRegistry: FAssetRegistry took 0.0116 seconds to start up
[2015.07.25-13.28.43:508][  0]LogDirectoryWatcher:Warning: Failed to begin reading directory changes for ../../../Engine/Plugins/Experimental/CharacterAI/Content/. Error: 0
[2015.07.25-13.28.44:919][  0]LogLinker:Warning: Asset '../../../Engine/Content/Tutorial/Mobile/SettingUpAndroidTutorial.uasset' has been saved with empty engine version. The asset will be loaded but may be incompatible.
[2015.07.25-13.28.45:179][  0]LogConsoleManager:Warning: Console variable 'r.VSync' wasn't set ('GameSetting' has a lower priority than 'SystemSettingsIni')
[2015.07.25-13.28.45:180][  0]LogConsoleResponse:Display: 
[2015.07.25-13.28.45:344][  0]LogCook:Display: Done creating registry. It took  0.00s.
[2015.07.25-13.28.45:787][  0]SourceControl: Info Source control is disabled
[2015.07.25-13.28.45:788][  0]Cmd: MAP LOAD FILE="D:/Users/SCW/Documents/Unreal Projects/Demo/Content/StarterContent/Maps/Minimal_Default.umap" TEMPLATE=0 SHOWPROGRESS=1 FEATURELEVEL=3
[2015.07.25-13.28.45:789][  0]LightingResults: New page: Lighting Build
[2015.07.25-13.28.45:812][  0]MapCheck: New page: Map Check
[2015.07.25-13.28.45:812][  0]LightingResults: New page: Lighting Build
[2015.07.25-13.28.45:824][  0]LogParticles: Destroying 0 GPU particle simulations for FXSystem 0x000000001EA549A0
[2015.07.25-13.28.46:885][  0]LogAIModule: Creating AISystem for world Minimal_Default
[2015.07.25-13.28.46:900][  0]LogEditorServer: Finished looking for orphan Actors (0.000 secs)
[2015.07.25-13.28.46:926][  0]Cmd: MAP CHECKDEP NOCLEARLOG
[2015.07.25-13.28.46:995][  0]MapCheck: Info Map check complete: 0 Error(s), 0 Warning(s), took 68.124ms to complete.
[2015.07.25-13.28.46:996][  0]LogFileHelpers: Loading map 'Minimal_Default' took 1.208
[2015.07.25-13.28.47:151][  0]LogCollectionManager: Loaded 0 collections in 0.003375 seconds
[2015.07.25-13.28.47:164][  0]LogContentBrowser: Native class hierarchy populated in 0.0117 seconds. Added 1796 classes and 303 folders.
[2015.07.25-13.28.47:291][  0]LogContentBrowser: Native class hierarchy updated for 'WidgetCarousel' in 0.0034 seconds. Added 0 classes and 0 folders.
[2015.07.25-13.28.47:362][  0]LogContentBrowser: Native class hierarchy updated for 'AddContentDialog' in 0.0035 seconds. Added 0 classes and 0 folders.
[2015.07.25-13.28.47:416][  0]LogContentBrowser: Native class hierarchy updated for 'SceneOutliner' in 0.0031 seconds. Added 1 classes and 2 folders.
[2015.07.25-13.28.47:485][  0]LogCrashTracker: Crashtracker disabled due to settings.
[2015.07.25-13.28.47:487][  0]LogD3D11RHI: InitD3DDevice
[2015.07.25-13.28.47:492][  0]LogUObjectGlobals:Warning: Failed to find object 'Class None.'
[2015.07.25-13.28.47:516][  0]LogLoad: Full Startup: 16.83 seconds (BP compile: 0.26 seconds)
[2015.07.25-13.28.47:942][  0]LogContentStreaming: Texture pool size is 0.000000MB
[2015.07.25-13.28.48:048][  0]LogContentStreaming: Texture pool size now 700 MB
[2015.07.25-13.28.48:222][  0]LogRenderer: Reallocating scene render targets to support 1208x584 (Frame:2).
[2015.07.25-13.28.51:336][ 10]LogAssetRegistry: Asset discovery search completed in 7.8410 seconds
[2015.07.25-13.35.46:919][429]LogD3D11RHI: InitD3DDevice
[2015.07.25-13.35.47:471][475]LogPlayLevel: PIE:  No blueprints needed recompiling
[2015.07.25-13.35.47:480][475]PIE: New page: PIE session: Minimal_Default (Jul 26, 2015, 5:35:47 AM)
[2015.07.25-13.35.47:481][475]LogPlayLevel: Creating play world package: /Game/StarterContent/Maps/UEDPIE_0_Minimal_Default
[2015.07.25-13.35.47:490][475]LogPlayLevel: PIE: StaticDuplicateObject took: (0.008754s)
[2015.07.25-13.35.47:492][475]LogAIModule: Creating AISystem for world Minimal_Default
[2015.07.25-13.35.47:493][475]LogPlayLevel: PIE: World Init took: (0.002249s)
[2015.07.25-13.35.47:494][475]LogPlayLevel: PIE: Created PIE world by copying editor world from /Game/StarterContent/Maps/Minimal_Default.Minimal_Default to /Game/StarterContent/Maps/UEDPIE_0_Minimal_Default.Minimal_Default (0.012649s)
[2015.07.25-13.35.47:545][475]LogInit: XAudio2 using '喇叭 (ASUS Xonar DS Audio Device)' : 2 channels at 44.1 kHz using 16 bits per sample (channel mask 0x3)
[2015.07.25-13.35.47:550][475]LogInit: FAudioDevice initialized.
[2015.07.25-13.35.47:846][475]LogWorld: Game class is 'BP_GameMode_C'
[2015.07.25-13.35.47:854][475]LogWorld: Bringing World /Game/StarterContent/Maps/UEDPIE_0_Minimal_Default.Minimal_Default up for play (max tick rate 0) at 2015.07.25-21.35.47
[2015.07.25-13.35.47:854][475]LogActor:Warning: GameSession /Game/StarterContent/Maps/UEDPIE_0_Minimal_Default.Minimal_Default:PersistentLevel.GameSession_0 has natively added scene component(s), but none of them were set as the actor's RootComponent - picking one arbitrarily
[2015.07.25-13.35.47:855][475]LogActor:Warning: GameNetworkManager /Game/StarterContent/Maps/UEDPIE_0_Minimal_Default.Minimal_Default:PersistentLevel.GameNetworkManager_0 has natively added scene component(s), but none of them were set as the actor's RootComponent - picking one arbitrarily
[2015.07.25-13.35.47:856][475]LogWorld: Bringing up level for play took: 0.005897
[2015.07.25-13.35.47:861][475]PIE: Info Play in editor start time for /Game/StarterContent/Maps/UEDPIE_0_Minimal_Default 0.863
[2015.07.25-13.35.50:714][785]LogParticles: Destroying 0 GPU particle simulations for FXSystem 0x000000001C0658A0
[2015.07.25-13.35.53:951][ 41]LogD3D11RHI: InitD3DDevice
[2015.07.25-13.35.53:976][ 41]LogD3D11RHI: InitD3DDevice
[2015.07.25-13.35.54:030][ 41]LogLinker:Warning: Asset '../../../Engine/Content/ArtTools/RenderToTexture/Macros/RenderToTextureMacros.uasset' has been saved with empty engine version. The asset will be loaded but may be incompatible.
[2015.07.25-13.35.54:121][ 41]LogLinker:Warning: Asset '../../../Engine/Content/ArtTools/RenderToTexture/Enums/RenderToTexture_Enum.uasset' has been saved with empty engine version. The asset will be loaded but may be incompatible.
[2015.07.25-13.35.55:431][ 41]LogActor:Warning: GameNetworkManager /Engine/Transient.World_2:PersistentLevel.GameNetworkManager_1 has natively added scene component(s), but none of them were set as the actor's RootComponent - picking one arbitrarily
[2015.07.25-13.36.02:116][521]LogD3D11RHI: InitD3DDevice
[2015.07.25-13.36.02:119][521]Recompiling Demo...
[2015.07.25-13.36.02:119][521]Launching UnrealBuildTool... [C:/Program Files/Epic Games/4.8/Engine/Binaries/DotNET/UnrealBuildTool.exe Demo -ModuleWithSuffix Demo 5366 Win64 Development -editorrecompile -canskiplink "D:/Users/SCW/Documents/Unreal Projects/Demo/Demo.uproject" -rocket  -rocket]
[2015.07.25-13.36.02:121][521]Warning: Starting HotReload took  0.1s.
[2015.07.25-13.36.07:852][810]LogD3D11RHI: InitD3DDevice
[2015.07.25-13.36.07:874][810]LogD3D11RHI: InitD3DDevice
[2015.07.25-13.36.09:933][895]LogRenderer: Reallocating scene render targets to support 1208x912 (Frame:1913).
[2015.07.25-13.36.10:029][897]CompilerResultsLog: New page: Compilation - Jul 26, 2015, 5:36:10 AM
[2015.07.25-13.36.10:031][897]CompilerResultsLog: Info Compiling game modules for hot reload
[2015.07.25-13.36.10:031][897]CompilerResultsLog: Info Target is up to date.
[2015.07.25-13.36.10:032][897]LogMainFrame: MainFrame: Module compiling took 7.921 seconds
[2015.07.25-13.36.15:283][102]LogD3D11RHI: InitD3DDevice
[2015.07.25-13.36.15:930][112]LogD3D11RHI: InitD3DDevice
[2015.07.25-13.36.17:153][165]LogD3D11RHI: InitD3DDevice
[2015.07.25-13.36.19:124][290]LogPlayLevel: PIE:  No blueprints needed recompiling
[2015.07.25-13.36.19:124][290]PIE: New page: PIE session: Minimal_Default (Jul 26, 2015, 5:36:19 AM)
[2015.07.25-13.36.19:125][290]LogPlayLevel: Creating play world package: /Game/StarterContent/Maps/UEDPIE_0_Minimal_Default
[2015.07.25-13.36.19:132][290]LogPlayLevel: PIE: StaticDuplicateObject took: (0.007534s)
[2015.07.25-13.36.19:134][290]LogAIModule: Creating AISystem for world Minimal_Default
[2015.07.25-13.36.19:135][290]LogPlayLevel: PIE: World Init took: (0.001921s)
[2015.07.25-13.36.19:135][290]LogPlayLevel: PIE: Created PIE world by copying editor world from /Game/StarterContent/Maps/Minimal_Default.Minimal_Default to /Game/StarterContent/Maps/UEDPIE_0_Minimal_Default.Minimal_Default (0.010944s)
[2015.07.25-13.36.19:136][290]LogActorComponent: UnregisterComponent: (/Engine/Transient.CharMoveComp) Not registered. Aborting.
[2015.07.25-13.36.19:157][290]LogParticles: Destroying 0 GPU particle simulations for FXSystem 0x0000000011BC5580
[2015.07.25-13.36.19:187][290]LogInit: XAudio2 using '喇叭 (ASUS Xonar DS Audio Device)' : 2 channels at 44.1 kHz using 16 bits per sample (channel mask 0x3)
[2015.07.25-13.36.19:190][290]LogInit: FAudioDevice initialized.
[2015.07.25-13.36.19:233][290]LogWorld: Game class is 'BP_GameMode_C'
[2015.07.25-13.36.19:239][290]LogWorld: Bringing World /Game/StarterContent/Maps/UEDPIE_0_Minimal_Default.Minimal_Default up for play (max tick rate 0) at 2015.07.25-21.36.19
[2015.07.25-13.36.19:240][290]LogActor:Warning: GameSession /Game/StarterContent/Maps/UEDPIE_0_Minimal_Default.Minimal_Default:PersistentLevel.GameSession_1 has natively added scene component(s), but none of them were set as the actor's RootComponent - picking one arbitrarily
[2015.07.25-13.36.19:241][290]LogActor:Warning: GameNetworkManager /Game/StarterContent/Maps/UEDPIE_0_Minimal_Default.Minimal_Default:PersistentLevel.GameNetworkManager_2 has natively added scene component(s), but none of them were set as the actor's RootComponent - picking one arbitrarily
[2015.07.25-13.36.19:241][290]LogWorld: Bringing up level for play took: 0.005590
[2015.07.25-13.36.19:246][290]PIE: Info Play in editor start time for /Game/StarterContent/Maps/UEDPIE_0_Minimal_Default 0.248
[2015.07.25-13.36.21:342][498]LogParticles: Destroying 0 GPU particle simulations for FXSystem 0x0000000011BC4C20
[2015.07.25-13.36.43:736][640]BlueprintLog: New page: Pre-PIE auto-recompile
[2015.07.25-13.36.43:753][640]LogPlayLevel: [PIE] Compiling BP_PlayerChacterControl before PIE...
[2015.07.25-13.36.43:875][640]LogPlayLevel: PIE:  Blueprint regeneration took 138 ms (1 blueprints)
[2015.07.25-13.36.43:875][640]PIE: New page: PIE session: Minimal_Default (Jul 26, 2015, 5:36:43 AM)
[2015.07.25-13.36.43:875][640]LogPlayLevel: Creating play world package: /Game/StarterContent/Maps/UEDPIE_0_Minimal_Default
[2015.07.25-13.36.43:884][640]LogPlayLevel: PIE: StaticDuplicateObject took: (0.007919s)
[2015.07.25-13.36.43:885][640]LogAIModule: Creating AISystem for world Minimal_Default
[2015.07.25-13.36.43:887][640]LogPlayLevel: PIE: World Init took: (0.002254s)
[2015.07.25-13.36.43:887][640]LogPlayLevel: PIE: Created PIE world by copying editor world from /Game/StarterContent/Maps/Minimal_Default.Minimal_Default to /Game/StarterContent/Maps/UEDPIE_0_Minimal_Default.Minimal_Default (0.011675s)
[2015.07.25-13.36.43:923][640]LogInit: XAudio2 using '喇叭 (ASUS Xonar DS Audio Device)' : 2 channels at 44.1 kHz using 16 bits per sample (channel mask 0x3)
[2015.07.25-13.36.43:927][640]LogInit: FAudioDevice initialized.
[2015.07.25-13.36.43:968][640]LogWorld: Game class is 'BP_GameMode_C'
[2015.07.25-13.36.43:975][640]LogWorld: Bringing World /Game/StarterContent/Maps/UEDPIE_0_Minimal_Default.Minimal_Default up for play (max tick rate 0) at 2015.07.25-21.36.43
[2015.07.25-13.36.43:976][640]LogActor:Warning: GameSession /Game/StarterContent/Maps/UEDPIE_0_Minimal_Default.Minimal_Default:PersistentLevel.GameSession_2 has natively added scene component(s), but none of them were set as the actor's RootComponent - picking one arbitrarily
[2015.07.25-13.36.43:977][640]LogActor:Warning: GameNetworkManager /Game/StarterContent/Maps/UEDPIE_0_Minimal_Default.Minimal_Default:PersistentLevel.GameNetworkManager_3 has natively added scene component(s), but none of them were set as the actor's RootComponent - picking one arbitrarily
[2015.07.25-13.36.43:977][640]LogWorld: Bringing up level for play took: 0.005749
[2015.07.25-13.36.43:981][640]PIE: Info Play in editor start time for /Game/StarterContent/Maps/UEDPIE_0_Minimal_Default 0.985
[2015.07.25-13.36.57:764][253]LogParticles: Destroying 0 GPU particle simulations for FXSystem 0x000000000E9D3060
[2015.07.25-13.37.44:000][672]LogD3D11RHI: InitD3DDevice
[2015.07.25-13.37.44:570][709]LogD3D11RHI: InitD3DDevice
[2015.07.25-13.37.44:573][709]Recompiling Demo...
[2015.07.25-13.37.44:574][709]Launching UnrealBuildTool... [C:/Program Files/Epic Games/4.8/Engine/Binaries/DotNET/UnrealBuildTool.exe Demo -ModuleWithSuffix Demo 3864 Win64 Development -editorrecompile -canskiplink "D:/Users/SCW/Documents/Unreal Projects/Demo/Demo.uproject" -rocket  -rocket]
[2015.07.25-13.37.44:576][709]Warning: Starting HotReload took  0.0s.
[2015.07.25-13.38.01:105][682]BlueprintLog: New page: Compile BP_PlayerChacterControl
[2015.07.25-13.38.01:174][682]LogActorComponent: UnregisterComponent: (/Engine/Transient.CharMoveComp) Not registered. Aborting.
[2015.07.25-13.38.01:245][682]BlueprintEditorCompileResults: Info [0570.58] Compile of BP_PlayerChacterControl successful! [in 138 ms]
[2015.07.25-13.38.07:210][ 11]LogD3D11RHI: InitD3DDevice
[2015.07.25-13.38.07:229][ 11]Cmd: OBJ SAVEPACKAGE PACKAGE="/Game/Blueprints/BP_PlayerChacterControl" FILE="D:/Users/SCW/Documents/Unreal Projects/Demo/Content/Blueprints/BP_PlayerChacterControl.uasset" SILENT=true
[2015.07.25-13.38.07:250][ 11]LogSavePackage: Save=13.633015ms
[2015.07.25-13.38.07:250][ 11]LogSavePackage: Moving 'D:/Users/SCW/Documents/Unreal Projects/Demo/Saved/BP_PlayerChacterControlEB8E3E8C41B18B4AF7E9C2AF8B1BCC7D.tmp' to 'D:/Users/SCW/Documents/Unreal Projects/Demo/Content/Blueprints/BP_PlayerChacterControl.uasset'
[2015.07.25-13.38.48:236][975]CompilerResultsLog: New page: Compilation - Jul 26, 2015, 5:38:48 AM
[2015.07.25-13.38.48:237][975]CompilerResultsLog: Info Compiling game modules for hot reload
[2015.07.25-13.38.48:238][975]CompilerResultsLog: Info Parsing headers for DemoEditor
[2015.07.25-13.38.48:239][975]CompilerResultsLog: Info Reflection code generated for DemoEditor
[2015.07.25-13.38.48:240][975]CompilerResultsLog: Info Performing 2 actions (4 in parallel)
[2015.07.25-13.38.48:240][975]CompilerResultsLog: Info PlayerCharacterControl.cpp
[2015.07.25-13.38.48:241][975]CompilerResultsLog: Info [2/2] Link UE4Editor-Demo-3864.dll
[2015.07.25-13.38.48:242][975]CompilerResultsLog: Info    Creating library D:\Users\SCW\Documents\Unreal Projects\Demo\Intermediate/Build/Win64\UE4Editor\Development\UE4Editor-Demo-3864.lib and object D:\Users\SCW\Documents\Unreal Projects\Demo\Intermediate/Build/Win64\UE4Editor\Development\UE4Editor-Demo-3864.exp
[2015.07.25-13.38.48:242][975]CompilerResultsLog: Info -------- End Detailed Actions Stats -----------------------------------------------------------
[2015.07.25-13.38.48:243][975]CompilerResultsLog: Info Total build time: 63.21 seconds
[2015.07.25-13.38.48:244][975]LogMainFrame: MainFrame: Module compiling took 63.681 seconds
[2015.07.25-13.38.48:245][975]LogActorComponent: UnregisterComponent: (/Engine/Transient.CharMoveComp) Not registered. Aborting.
[2015.07.25-13.38.48:339][975]LogContentBrowser: Native class hierarchy updated for 'Demo' in 0.0019 seconds. Added 4 classes and 2 folders.
[2015.07.25-13.38.48:343][975]Warning: HotReload successful (0 functions remapped  0 scriptstructs remapped)
[2015.07.25-13.38.49:010][975]LogContentBrowser: Native class hierarchy populated in 0.0119 seconds. Added 1797 classes and 305 folders.
[2015.07.25-13.38.53:377][989]LogEditorViewport: Clicking on Actor (LMB): BP_Sky_Sphere_C (BP_Sky_Sphere)
[2015.07.25-13.38.54:801][ 54]LogPlayLevel: PIE:  No blueprints needed recompiling
[2015.07.25-13.38.54:802][ 54]PIE: New page: PIE session: Minimal_Default (Jul 26, 2015, 5:38:54 AM)
[2015.07.25-13.38.54:803][ 54]LogPlayLevel: Creating play world package: /Game/StarterContent/Maps/UEDPIE_0_Minimal_Default
[2015.07.25-13.38.54:811][ 54]LogPlayLevel: PIE: StaticDuplicateObject took: (0.006994s)
[2015.07.25-13.38.54:812][ 54]LogAIModule: Creating AISystem for world Minimal_Default
[2015.07.25-13.38.54:813][ 54]LogPlayLevel: PIE: World Init took: (0.001949s)
[2015.07.25-13.38.54:814][ 54]LogPlayLevel: PIE: Created PIE world by copying editor world from /Game/StarterContent/Maps/Minimal_Default.Minimal_Default to /Game/StarterContent/Maps/UEDPIE_0_Minimal_Default.Minimal_Default (0.010483s)
[2015.07.25-13.38.54:875][ 54]LogInit: XAudio2 using '喇叭 (ASUS Xonar DS Audio Device)' : 2 channels at 44.1 kHz using 16 bits per sample (channel mask 0x3)
[2015.07.25-13.38.54:879][ 54]LogInit: FAudioDevice initialized.
[2015.07.25-13.38.54:917][ 54]LogWorld: Game class is 'BP_GameMode_C'
[2015.07.25-13.38.54:924][ 54]LogWorld: Bringing World /Game/StarterContent/Maps/UEDPIE_0_Minimal_Default.Minimal_Default up for play (max tick rate 0) at 2015.07.25-21.38.54
[2015.07.25-13.38.54:924][ 54]LogActor:Warning: GameSession /Game/StarterContent/Maps/UEDPIE_0_Minimal_Default.Minimal_Default:PersistentLevel.GameSession_3 has natively added scene component(s), but none of them were set as the actor's RootComponent - picking one arbitrarily
[2015.07.25-13.38.54:925][ 54]LogActor:Warning: GameNetworkManager /Game/StarterContent/Maps/UEDPIE_0_Minimal_Default.Minimal_Default:PersistentLevel.GameNetworkManager_4 has natively added scene component(s), but none of them were set as the actor's RootComponent - picking one arbitrarily
[2015.07.25-13.38.54:926][ 54]LogWorld: Bringing up level for play took: 0.005910
[2015.07.25-13.38.54:930][ 54]PIE: Info Play in editor start time for /Game/StarterContent/Maps/UEDPIE_0_Minimal_Default -0.062
[2015.07.25-13.38.59:848][533]LogParticles: Destroying 0 GPU particle simulations for FXSystem 0x00000000369E4900
[2015.07.25-13.39.00:847][606]LogPlayLevel: PIE:  No blueprints needed recompiling
[2015.07.25-13.39.00:848][606]PIE: New page: PIE session: Minimal_Default (Jul 26, 2015, 5:39:00 AM)
[2015.07.25-13.39.00:849][606]LogPlayLevel: Creating play world package: /Game/StarterContent/Maps/UEDPIE_0_Minimal_Default
[2015.07.25-13.39.00:857][606]LogPlayLevel: PIE: StaticDuplicateObject took: (0.007651s)
[2015.07.25-13.39.00:858][606]LogAIModule: Creating AISystem for world Minimal_Default
[2015.07.25-13.39.00:860][606]LogPlayLevel: PIE: World Init took: (0.002113s)
[2015.07.25-13.39.00:860][606]LogPlayLevel: PIE: Created PIE world by copying editor world from /Game/StarterContent/Maps/Minimal_Default.Minimal_Default to /Game/StarterContent/Maps/UEDPIE_0_Minimal_Default.Minimal_Default (0.011278s)
[2015.07.25-13.39.00:905][606]LogInit: XAudio2 using '喇叭 (ASUS Xonar DS Audio Device)' : 2 channels at 44.1 kHz using 16 bits per sample (channel mask 0x3)
[2015.07.25-13.39.00:908][606]LogInit: FAudioDevice initialized.
[2015.07.25-13.39.00:945][606]LogWorld: Game class is 'BP_GameMode_C'
[2015.07.25-13.39.00:952][606]LogWorld: Bringing World /Game/StarterContent/Maps/UEDPIE_0_Minimal_Default.Minimal_Default up for play (max tick rate 0) at 2015.07.25-21.39.00
[2015.07.25-13.39.00:953][606]LogActor:Warning: GameSession /Game/StarterContent/Maps/UEDPIE_0_Minimal_Default.Minimal_Default:PersistentLevel.GameSession_4 has natively added scene component(s), but none of them were set as the actor's RootComponent - picking one arbitrarily
[2015.07.25-13.39.00:953][606]LogActor:Warning: GameNetworkManager /Game/StarterContent/Maps/UEDPIE_0_Minimal_Default.Minimal_Default:PersistentLevel.GameNetworkManager_5 has natively added scene component(s), but none of them were set as the actor's RootComponent - picking one arbitrarily
[2015.07.25-13.39.00:954][606]LogWorld: Bringing up level for play took: 0.005510
[2015.07.25-13.39.00:958][606]PIE: Info Play in editor start time for /Game/StarterContent/Maps/UEDPIE_0_Minimal_Default -0.034
[2015.07.25-13.39.23:176][185]LogParticles: Destroying 0 GPU particle simulations for FXSystem 0x000000003304D260
[2015.07.25-13.39.44:120][439]LogPlayLevel: PIE:  No blueprints needed recompiling
[2015.07.25-13.39.44:121][439]PIE: New page: PIE session: Minimal_Default (Jul 26, 2015, 5:39:44 AM)
[2015.07.25-13.39.44:122][439]LogPlayLevel: Creating play world package: /Game/StarterContent/Maps/UEDPIE_0_Minimal_Default
[2015.07.25-13.39.44:129][439]LogPlayLevel: PIE: StaticDuplicateObject took: (0.007185s)
[2015.07.25-13.39.44:130][439]LogAIModule: Creating AISystem for world Minimal_Default
[2015.07.25-13.39.44:131][439]LogPlayLevel: PIE: World Init took: (0.002111s)
[2015.07.25-13.39.44:132][439]LogPlayLevel: PIE: Created PIE world by copying editor world from /Game/StarterContent/Maps/Minimal_Default.Minimal_Default to /Game/StarterContent/Maps/UEDPIE_0_Minimal_Default.Minimal_Default (0.011123s)
[2015.07.25-13.39.44:177][439]LogInit: XAudio2 using '喇叭 (ASUS Xonar DS Audio Device)' : 2 channels at 44.1 kHz using 16 bits per sample (channel mask 0x3)
[2015.07.25-13.39.44:181][439]LogInit: FAudioDevice initialized.
[2015.07.25-13.39.44:225][439]LogWorld: Game class is 'BP_GameMode_C'
[2015.07.25-13.39.44:232][439]LogWorld: Bringing World /Game/StarterContent/Maps/UEDPIE_0_Minimal_Default.Minimal_Default up for play (max tick rate 0) at 2015.07.25-21.39.44
[2015.07.25-13.39.44:232][439]LogActor:Warning: GameSession /Game/StarterContent/Maps/UEDPIE_0_Minimal_Default.Minimal_Default:PersistentLevel.GameSession_5 has natively added scene component(s), but none of them were set as the actor's RootComponent - picking one arbitrarily
[2015.07.25-13.39.44:233][439]LogActor:Warning: GameNetworkManager /Game/StarterContent/Maps/UEDPIE_0_Minimal_Default.Minimal_Default:PersistentLevel.GameNetworkManager_6 has natively added scene component(s), but none of them were set as the actor's RootComponent - picking one arbitrarily
[2015.07.25-13.39.44:234][439]LogWorld: Bringing up level for play took: 0.005608
[2015.07.25-13.39.44:238][439]PIE: Info Play in editor start time for /Game/StarterContent/Maps/UEDPIE_0_Minimal_Default -0.753
[2015.07.25-13.39.48:541][873]LogParticles: Destroying 0 GPU particle simulations for FXSystem 0x000000003304C5E0
[2015.07.25-13.39.56:963][712]BlueprintLog: New page: Pre-PIE auto-recompile
[2015.07.25-13.39.56:979][712]LogPlayLevel: [PIE] Compiling BP_PlayerChacterControl before PIE...
[2015.07.25-13.39.57:118][712]LogPlayLevel: PIE:  Blueprint regeneration took 154 ms (1 blueprints)
[2015.07.25-13.39.57:119][712]PIE: New page: PIE session: Minimal_Default (Jul 26, 2015, 5:39:57 AM)
[2015.07.25-13.39.57:120][712]LogPlayLevel: Creating play world package: /Game/StarterContent/Maps/UEDPIE_0_Minimal_Default
[2015.07.25-13.39.57:127][712]LogPlayLevel: PIE: StaticDuplicateObject took: (0.007209s)
[2015.07.25-13.39.57:128][712]LogAIModule: Creating AISystem for world Minimal_Default
[2015.07.25-13.39.57:129][712]LogPlayLevel: PIE: World Init took: (0.002090s)
[2015.07.25-13.39.57:130][712]LogPlayLevel: PIE: Created PIE world by copying editor world from /Game/StarterContent/Maps/Minimal_Default.Minimal_Default to /Game/StarterContent/Maps/UEDPIE_0_Minimal_Default.Minimal_Default (0.010864s)
[2015.07.25-13.39.57:174][712]LogInit: XAudio2 using '喇叭 (ASUS Xonar DS Audio Device)' : 2 channels at 44.1 kHz using 16 bits per sample (channel mask 0x3)
[2015.07.25-13.39.57:178][712]LogInit: FAudioDevice initialized.
[2015.07.25-13.39.57:214][712]LogWorld: Game class is 'BP_GameMode_C'
[2015.07.25-13.39.57:221][712]LogWorld: Bringing World /Game/StarterContent/Maps/UEDPIE_0_Minimal_Default.Minimal_Default up for play (max tick rate 0) at 2015.07.25-21.39.57
[2015.07.25-13.39.57:222][712]LogActor:Warning: GameSession /Game/StarterContent/Maps/UEDPIE_0_Minimal_Default.Minimal_Default:PersistentLevel.GameSession_6 has natively added scene component(s), but none of them were set as the actor's RootComponent - picking one arbitrarily
[2015.07.25-13.39.57:223][712]LogActor:Warning: GameNetworkManager /Game/StarterContent/Maps/UEDPIE_0_Minimal_Default.Minimal_Default:PersistentLevel.GameNetworkManager_7 has natively added scene component(s), but none of them were set as the actor's RootComponent - picking one arbitrarily
[2015.07.25-13.39.57:224][712]LogWorld: Bringing up level for play took: 0.006191
[2015.07.25-13.39.57:228][712]PIE: Info Play in editor start time for /Game/StarterContent/Maps/UEDPIE_0_Minimal_Default 0.238
[2015.07.25-13.40.03:480][434]LogParticles: Destroying 0 GPU particle simulations for FXSystem 0x00000000352D0860
[2015.07.25-13.40.12:903][337]Cmd: DELETE
[2015.07.25-13.40.12:903][337]Cmd: ACTOR DELETE
[2015.07.25-13.40.12:912][337]LogEditorActor: Deleted Actor: BP_Sky_Sphere_C
[2015.07.25-13.40.12:965][337]LogEditorActor: Deleted 1 Actors (0.055 secs)
[2015.07.25-13.40.14:236][454]LogPlayLevel: PIE:  No blueprints needed recompiling
[2015.07.25-13.40.14:237][454]PIE: New page: PIE session: Minimal_Default (Jul 26, 2015, 5:40:14 AM)
[2015.07.25-13.40.14:238][454]LogPlayLevel: Creating play world package: /Game/StarterContent/Maps/UEDPIE_0_Minimal_Default
[2015.07.25-13.40.14:245][454]LogPlayLevel: PIE: StaticDuplicateObject took: (0.006888s)
[2015.07.25-13.40.14:247][454]LogAIModule: Creating AISystem for world Minimal_Default
[2015.07.25-13.40.14:248][454]LogPlayLevel: PIE: World Init took: (0.002243s)
[2015.07.25-13.40.14:249][454]LogPlayLevel: PIE: Created PIE world by copying editor world from /Game/StarterContent/Maps/Minimal_Default.Minimal_Default to /Game/StarterContent/Maps/UEDPIE_0_Minimal_Default.Minimal_Default (0.010743s)
[2015.07.25-13.40.14:292][454]LogInit: XAudio2 using '喇叭 (ASUS Xonar DS Audio Device)' : 2 channels at 44.1 kHz using 16 bits per sample (channel mask 0x3)
[2015.07.25-13.40.14:296][454]LogInit: FAudioDevice initialized.
[2015.07.25-13.40.14:335][454]LogWorld: Game class is 'BP_GameMode_C'
[2015.07.25-13.40.14:342][454]LogWorld: Bringing World /Game/StarterContent/Maps/UEDPIE_0_Minimal_Default.Minimal_Default up for play (max tick rate 0) at 2015.07.25-21.40.14
[2015.07.25-13.40.14:342][454]LogActor:Warning: GameSession /Game/StarterContent/Maps/UEDPIE_0_Minimal_Default.Minimal_Default:PersistentLevel.GameSession_7 has natively added scene component(s), but none of them were set as the actor's RootComponent - picking one arbitrarily
[2015.07.25-13.40.14:343][454]LogActor:Warning: GameNetworkManager /Game/StarterContent/Maps/UEDPIE_0_Minimal_Default.Minimal_Default:PersistentLevel.GameNetworkManager_8 has natively added scene component(s), but none of them were set as the actor's RootComponent - picking one arbitrarily
[2015.07.25-13.40.14:344][454]LogWorld: Bringing up level for play took: 0.005346
[2015.07.25-13.40.14:348][454]PIE: Info Play in editor start time for /Game/StarterContent/Maps/UEDPIE_0_Minimal_Default -0.642
[2015.07.25-13.40.19:690][ 66]LogParticles: Destroying 0 GPU particle simulations for FXSystem 0x00000000352D1080
[2015.07.25-13.40.23:942][571]LogEditorViewport: Clicking on Actor (LMB): PlayerStart (Player Start)
[2015.07.25-13.40.28:382][991]LogPlayLevel: PIE:  No blueprints needed recompiling
[2015.07.25-13.40.28:382][991]PIE: New page: PIE session: Minimal_Default (Jul 26, 2015, 5:40:28 AM)
[2015.07.25-13.40.28:383][991]LogPlayLevel: Creating play world package: /Game/StarterContent/Maps/UEDPIE_0_Minimal_Default
[2015.07.25-13.40.28:392][991]LogPlayLevel: PIE: StaticDuplicateObject took: (0.007792s)
[2015.07.25-13.40.28:393][991]LogAIModule: Creating AISystem for world Minimal_Default
[2015.07.25-13.40.28:395][991]LogPlayLevel: PIE: World Init took: (0.002054s)
[2015.07.25-13.40.28:395][991]LogPlayLevel: PIE: Created PIE world by copying editor world from /Game/StarterContent/Maps/Minimal_Default.Minimal_Default to /Game/StarterContent/Maps/UEDPIE_0_Minimal_Default.Minimal_Default (0.011581s)
[2015.07.25-13.40.28:440][991]LogInit: XAudio2 using '喇叭 (ASUS Xonar DS Audio Device)' : 2 channels at 44.1 kHz using 16 bits per sample (channel mask 0x3)
[2015.07.25-13.40.28:444][991]LogInit: FAudioDevice initialized.
[2015.07.25-13.40.28:481][991]LogWorld: Game class is 'BP_GameMode_C'
[2015.07.25-13.40.28:487][991]LogWorld: Bringing World /Game/StarterContent/Maps/UEDPIE_0_Minimal_Default.Minimal_Default up for play (max tick rate 0) at 2015.07.25-21.40.28
[2015.07.25-13.40.28:488][991]LogActor:Warning: GameSession /Game/StarterContent/Maps/UEDPIE_0_Minimal_Default.Minimal_Default:PersistentLevel.GameSession_8 has natively added scene component(s), but none of them were set as the actor's RootComponent - picking one arbitrarily
[2015.07.25-13.40.28:489][991]LogActor:Warning: GameNetworkManager /Game/StarterContent/Maps/UEDPIE_0_Minimal_Default.Minimal_Default:PersistentLevel.GameNetworkManager_9 has natively added scene component(s), but none of them were set as the actor's RootComponent - picking one arbitrarily
[2015.07.25-13.40.28:489][991]LogWorld: Bringing up level for play took: 0.005335
[2015.07.25-13.40.28:494][991]PIE: Info Play in editor start time for /Game/StarterContent/Maps/UEDPIE_0_Minimal_Default -0.496
[2015.07.25-13.40.31:704][352]LogParticles: Destroying 0 GPU particle simulations for FXSystem 0x0000000036898AE0
[2015.07.25-13.40.37:458][833]LogD3D11RHI: InitD3DDevice
[2015.07.25-13.40.37:791][833]LogActor:Warning: GameNetworkManager /Engine/Transient.World_4:PersistentLevel.GameNetworkManager_10 has natively added scene component(s), but none of them were set as the actor's RootComponent - picking one arbitrarily
[2015.07.25-13.41.40:185][ 31]LogD3D11RHI: InitD3DDevice
[2015.07.25-13.42.02:543][383]LogD3D11RHI: InitD3DDevice
[2015.07.25-13.42.02:742][383]LogActorComponent: UnregisterComponent: (/Engine/Transient.CharMoveComp) Not registered. Aborting.
[2015.07.25-13.42.02:966][383]LogSavePackage: Save=165.592346ms
[2015.07.25-13.42.02:966][383]LogSavePackage: Moving 'D:/Users/SCW/Documents/Unreal Projects/Demo/Saved/Minimal_Default_Auto10BEC0B474074E7141A35A4980605D49F.tmp' to 'D:/Users/SCW/Documents/Unreal Projects/Demo/Saved/Autosaves/Game/StarterContent/Maps/Minimal_Default_Auto1.umap'
[2015.07.25-13.42.02:971][383]LogFileHelpers: Editor autosave (incl. sublevels) for '/Game/StarterContent/Maps/Minimal_Default' took 0.229
[2015.07.25-13.42.02:971][383]LogFileHelpers: Editor autosave (incl. sublevels) for all levels took 0.229
[2015.07.25-13.42.02:979][383]OBJ SavePackage: Generating thumbnails for [0] asset(s) in package [/Game/Blueprints/BP_PlayerChacterControl] ([1] browsable assets)...
[2015.07.25-13.42.02:979][383]OBJ SavePackage: Finished generating thumbnails for package [/Game/Blueprints/BP_PlayerChacterControl]
[2015.07.25-13.42.02:998][383]LogSavePackage: Save=13.716356ms
[2015.07.25-13.42.02:998][383]LogSavePackage: Moving 'D:/Users/SCW/Documents/Unreal Projects/Demo/Saved/BP_PlayerChacterControl_Auto1AB448CAE4CA7F6B69F6235AF0A8F6982.tmp' to 'D:/Users/SCW/Documents/Unreal Projects/Demo/Saved/Autosaves/Game/Blueprints/BP_PlayerChacterControl_Auto1.uasset'
[2015.07.25-13.42.02:999][383]LogFileHelpers: Auto-saving content packages took 0.026
[2015.07.25-13.43.44:485][886]LogD3D11RHI: InitD3DDevice
[2015.07.25-13.43.46:423][ 57]LogD3D11RHI: InitD3DDevice
[2015.07.25-13.44.22:610][639]LogD3D11RHI: InitD3DDevice
[2015.07.25-13.48.10:175][964]LogD3D11RHI: InitD3DDevice
[2015.07.25-13.48.11:577][ 37]LogD3D11RHI: InitD3DDevice
[2015.07.25-13.48.12:237][ 72]LogD3D11RHI: InitD3DDevice
[2015.07.25-13.48.15:334][233]LogD3D11RHI: InitD3DDevice
[2015.07.25-13.48.15:425][233]LogD3D11RHI: InitD3DDevice
[2015.07.25-13.48.46:097][949]LogD3D11RHI: InitD3DDevice
[2015.07.25-13.48.46:345][949]Running C:/Program Files/Epic Games/4.8/Engine/Binaries/DotNET/UnrealBuildTool.exe Demo Win64 Development -editorrecompile "D:/Users/SCW/Documents/Unreal Projects/Demo/Demo.uproject" -invalidatemakefilesonly -rocket
[2015.07.25-13.48.46:852][949]Invalidating makefiles only in this run.
[2015.07.25-13.48.47:069][949]LogD3D11RHI: InitD3DDevice
[2015.07.25-13.48.47:071][949]Recompiling Demo...
[2015.07.25-13.48.47:072][949]Launching UnrealBuildTool... [C:/Program Files/Epic Games/4.8/Engine/Binaries/DotNET/UnrealBuildTool.exe Demo -ModuleWithSuffix Demo 9519 Win64 Development -editorrecompile -canskiplink "D:/Users/SCW/Documents/Unreal Projects/Demo/Demo.uproject" -rocket  -rocket]
[2015.07.25-13.50.35:219][949]CompilerResultsLog: New page: Compilation - Jul 26, 2015, 5:50:35 AM
[2015.07.25-13.50.35:221][949]CompilerResultsLog: Info Compiling game modules for hot reload
[2015.07.25-13.50.35:222][949]CompilerResultsLog: Info Parsing headers for DemoEditor
[2015.07.25-13.50.35:222][949]CompilerResultsLog: Info Reflection code generated for DemoEditor
[2015.07.25-13.50.35:223][949]CompilerResultsLog: Info Performing 4 actions (4 in parallel)
[2015.07.25-13.50.35:223][949]CompilerResultsLog: Info PlayerInputComponent.cp