[2015.07.26-03.09.50:125][  0]Log file open, 07/26/15 11:09:50
[2015.07.26-03.09.50:125][  0]LogInit:Display: Running engine for game: Demo
[2015.07.26-03.09.50:125][  0]LogInit:Display: RandInit(-1616875740) SRandInit(-1616875740).
[2015.07.26-03.09.50:126][  0]LogTaskGraph: Started task graph with 4 named threads and 7 total threads.
[2015.07.26-03.09.50:126][  0]LogStats: Stats thread started
[2015.07.26-03.09.50:126][  0]LogInit: Version: 4.8.2-2614606+++depot+UE4-Releases+4.8
[2015.07.26-03.09.50:127][  0]LogInit: API Version: 2579680
[2015.07.26-03.09.50:127][  0]LogInit: Compiled (64-bit): Jul  8 2015 23:43:41
[2015.07.26-03.09.50:127][  0]LogInit: Compiled with Visual C++: 18.00.21005.01
[2015.07.26-03.09.50:127][  0]LogInit: Build Configuration: Development
[2015.07.26-03.09.50:128][  0]LogInit: Branch Name: ++depot+UE4-Releases+4.8
[2015.07.26-03.09.50:128][  0]LogInit: Command line: 
[2015.07.26-03.09.50:128][  0]LogInit: Base directory: C:/Program Files/Epic Games/4.8/Engine/Binaries/Win64/
[2015.07.26-03.09.50:128][  0]LogInit: Rocket: 1
[2015.07.26-03.09.50:159][  0]LogInit: Using libcurl 7.41.0
[2015.07.26-03.09.50:159][  0]LogInit:  - built for x86_64-pc-win32
[2015.07.26-03.09.50:159][  0]LogInit:  - supports SSL with WinSSL
[2015.07.26-03.09.50:160][  0]LogInit:  - other features:
[2015.07.26-03.09.50:160][  0]LogInit:      CURL_VERSION_SSL
[2015.07.26-03.09.50:160][  0]LogInit:      CURL_VERSION_IPV6
[2015.07.26-03.09.50:160][  0]LogInit:      CURL_VERSION_ASYNCHDNS
[2015.07.26-03.09.50:161][  0]LogInit:      CURL_VERSION_LARGEFILE
[2015.07.26-03.09.50:161][  0]LogInit:      CURL_VERSION_IDN
[2015.07.26-03.09.50:161][  0]LogInit:  CurlRequestOptions (configurable via config and command line):
[2015.07.26-03.09.50:162][  0]LogInit:  - bVerifyPeer = true  - Libcurl will verify peer certificate
[2015.07.26-03.09.50:162][  0]LogInit:  - bUseHttpProxy = false  - Libcurl will NOT use HTTP proxy
[2015.07.26-03.09.50:162][  0]LogInit:  - bDontReuseConnections = false  - Libcurl will reuse connections
[2015.07.26-03.09.50:162][  0]LogInit:  - CertBundlePath = nullptr  - Libcurl will use whatever was configured at build time.
[2015.07.26-03.09.50:186][  0]LogOnline:Warning: No default platform service specified for OnlineSubsystem
[2015.07.26-03.09.50:241][  0]LogInit: Presizing for 0 objects not considered by GC, pre-allocating 0 bytes.
[2015.07.26-03.09.50:253][  0]LogInit: Object subsystem initialized
[2015.07.26-03.09.50:255][  0]LogConsoleResponse:Warning: Skipping Unknown console variable: 'TranslucentSortAxis = (X=0.000000,Y=-1.000000,Z=0.000000)'
[2015.07.26-03.09.50:255][  0]LogConsoleResponse:Warning:   Found in ini file 'D:/Users/SCW/Documents/Unreal Projects/Demo/Saved/Config/Windows/Engine.ini', in section '[/Script/Engine.RendererSettings]'
[2015.07.26-03.09.50:255][  0]LogConsoleResponse:Warning: Skipping Unknown console variable: 'UIScaleRule = ShortestSide'
[2015.07.26-03.09.50:256][  0]LogConsoleResponse:Warning:   Found in ini file 'D:/Users/SCW/Documents/Unreal Projects/Demo/Saved/Config/Windows/Engine.ini', in section '[/Script/Engine.RendererSettings]'
[2015.07.26-03.09.50:256][  0]LogConsoleResponse:Warning: Skipping Unknown console variable: 'UIScaleCurve = (EditorCurveData=(Keys=),ExternalCurve=None)'
[2015.07.26-03.09.50:257][  0]LogConsoleResponse:Warning:   Found in ini file 'D:/Users/SCW/Documents/Unreal Projects/Demo/Saved/Config/Windows/Engine.ini', in section '[/Script/Engine.RendererSettings]'
[2015.07.26-03.09.50:258][  0]LogInit: Selected Device Profile: [Windows]
[2015.07.26-03.09.50:258][  0]LogInit: Applying CVar settings loaded from the selected device profile: [Windows]
[2015.07.26-03.09.50:267][  0]LogInit: Computer: SCW-PC
[2015.07.26-03.09.50:268][  0]LogInit: User: SCW
[2015.07.26-03.09.50:268][  0]LogInit: CPU Page size=4096, Cores=4
[2015.07.26-03.09.50:268][  0]LogInit: High frequency timer resolution =2.483750 MHz
[2015.07.26-03.09.50:269][  0]LogMemory: Memory total: Physical=8.0GB (8GB approx)
[2015.07.26-03.09.50:269][  0]LogMemory: Platform Memory Stats for Windows
[2015.07.26-03.09.50:270][  0]LogMemory: Process Physical Memory: 51.69 MB used, 51.69 MB peak
[2015.07.26-03.09.50:270][  0]LogMemory: Process Virtual Memory: 23.52 MB used, 24.33 MB peak
[2015.07.26-03.09.50:270][  0]LogMemory: Physical Memory: 6298.59 MB used, 8183.05 MB total
[2015.07.26-03.09.50:271][  0]LogMemory: Virtual Memory: 291.58 MB used, 8388608.00 MB total
[2015.07.26-03.09.50:369][  0]LogTextLocalizationManager: The requested culture ('zh_TW') has no localization data; falling back to 'en' for localization and internationalization data.
[2015.07.26-03.09.50:692][  0]LogTextLocalizationManager:Warning: Loaded localization resources contain conflicting entries for (Namespace:ContentBrowser, Key:ImportAssetToolTip):
Localization Resource: (C:/Program Files/Epic Games/4.8/Engine/Content/Localization/Editor/en/Editor.locres) Source String Hash: (-630476809) Localized String: (Import to {0}...)
Localization Resource: (C:/Program Files/Epic Games/4.8/Engine/Content/Localization/Editor/en/Editor.locres) Source String Hash: (1271782899) Localized String: (Imports an asset from file to this folder.)
[2015.07.26-03.09.51:195][  0]LogD3D11RHI: Found D3D11 adapter 0: NVIDIA GeForce GTX 560 Ti   (Feature Level 11_0)
[2015.07.26-03.09.51:196][  0]LogD3D11RHI: Adapter has 979MB of dedicated video memory, 0MB of dedicated system memory, and 3071MB of shared system memory, 2 output[s]
[2015.07.26-03.09.51:196][  0]LogD3D11RHI: Chosen D3D11 Adapter Id = 0
[2015.07.26-03.09.51:201][  0]LogD3D11RHI: InitD3DDevice
[2015.07.26-03.09.51:202][  0]LogD3D11RHI: !Direct3DDevice
[2015.07.26-03.09.51:202][  0]LogRHI: Texture pool is 685 MB (70% of 979 MB)
[2015.07.26-03.09.51:245][  0]LogD3D11RHI: Async texture creation enabled
[2015.07.26-03.09.51:263][  0]LogShaderCompilers:Display: Using Local Shader Compiler.
[2015.07.26-03.09.52:499][  0]LogTemp:Display: Loaded TP DesktopTargetPlatform
[2015.07.26-03.09.52:533][  0]LogTemp:Display: Loaded TP WindowsClientTargetPlatform
[2015.07.26-03.09.52:568][  0]LogTemp:Display: Loaded TP WindowsNoEditorTargetPlatform
[2015.07.26-03.09.52:602][  0]LogTemp:Display: Loaded TP WindowsServerTargetPlatform
[2015.07.26-03.09.52:641][  0]LogTemp:Display: Loaded TP WindowsTargetPlatform
[2015.07.26-03.09.52:667][  0]LogTemp:Display: Loaded TP AndroidTargetPlatform
[2015.07.26-03.09.52:692][  0]LogTemp:Display: Loaded TP Android_ASTCTargetPlatform
[2015.07.26-03.09.52:720][  0]LogTemp:Display: Loaded TP Android_ATCTargetPlatform
[2015.07.26-03.09.52:749][  0]LogTemp:Display: Loaded TP Android_DXTTargetPlatform
[2015.07.26-03.09.52:776][  0]LogTemp:Display: Loaded TP Android_ETC1TargetPlatform
[2015.07.26-03.09.52:806][  0]LogTemp:Display: Loaded TP Android_ETC2TargetPlatform
[2015.07.26-03.09.52:834][  0]LogTemp:Display: Loaded TP Android_PVRTCTargetPlatform
[2015.07.26-03.09.52:934][  0]LogTemp:Display: Loaded TP IOSTargetPlatform
[2015.07.26-03.09.52:958][  0]LogTemp:Display: Loaded TP LinuxNoEditorTargetPlatform
[2015.07.26-03.09.52:980][  0]LogTemp:Display: Loaded TP LinuxServerTargetPlatform
[2015.07.26-03.09.53:007][  0]LogTemp:Display: Loaded TP LinuxTargetPlatform
[2015.07.26-03.09.53:007][  0]LogTargetPlatformManager:Display: Building Assets For Windows
[2015.07.26-03.09.53:494][  0]LogDerivedDataCache:Display: Max Cache Size: 512 MB
[2015.07.26-03.09.53:557][  0]LogDerivedDataCache: Loaded boot cache 0.06s 53MB C:/Users/SCW/AppData/Local/UnrealEngine/4.8/DerivedDataCache/Boot.ddc.
[2015.07.26-03.09.53:557][  0]LogDerivedDataCache:Display: Loaded Boot cache: C:/Users/SCW/AppData/Local/UnrealEngine/4.8/DerivedDataCache/Boot.ddc
[2015.07.26-03.09.53:558][  0]LogDerivedDataCache: FDerivedDataBackendGraph:  Pak pak cache file D:/Users/SCW/Documents/Unreal Projects/Demo/DerivedDataCache/DDC.ddp not found, will not use a pak cache.
[2015.07.26-03.09.53:558][  0]LogDerivedDataCache: Unable to find inner node Pak for hierarchical cache Hierarchy.
[2015.07.26-03.09.53:558][  0]LogDerivedDataCache: FDerivedDataBackendGraph:  CompressedPak pak cache file D:/Users/SCW/Documents/Unreal Projects/Demo/DerivedDataCache/Compressed.ddp not found, will not use a pak cache.
[2015.07.26-03.09.53:559][  0]LogDerivedDataCache: Unable to find inner node CompressedPak for hierarchical cache Hierarchy.
[2015.07.26-03.09.53:779][  0]LogDerivedDataCache:Display: Pak cache opened for reading ../../../Engine/DerivedDataCache/Compressed.ddp.
[2015.07.26-03.09.53:793][  0]LogDerivedDataCache: Using Local data cache path C:/Users/SCW/AppData/Local/UnrealEngine/Common/DerivedDataCache: Writable
[2015.07.26-03.09.54:105][  0]LogInit: Selected Device Profile: [Windows]
[2015.07.26-03.09.54:116][  0]ImportText (ComponentSweepMultiTests): Missing closing parenthesis: (RootShapeAsset="/Engine/BasicShapes/Cube.Cube",ShapeType="TriggerCapsule",HitResult=(Time=0.50,Location=(X=-100.000015,Y=0.0,Z=100.000015),ImpactPoint=(X=-50.0,Y=0.0,Z=50.0),Normal=(X=-1.0,Y=-0.0,Z=0.0),ImpactNormal=(X=0.0,Y=0.0,Z=1.0),TraceStart=(X=-200.0,Y=0.0,Z=200.0),TraceEnd=(X=0.0,Y=0.0,Z=0.0))
[2015.07.26-03.09.54:117][  0]ImportText (LineTraceSingleByChannelTests): Missing closing parenthesis: (RootShapeAsset="/Engine/BasicShapes/Cube.Cube",HitResult=(Time=0.50,Location=(X=-100.000015,Y=0.0,Z=100.000015),ImpactPoint=(X=-50.0,Y=0.0,Z=50.0),Normal=(X=-1.0,Y=-0.0,Z=0.0),ImpactNormal=(X=0.0,Y=0.0,Z=1.0),TraceStart=(X=-200.0,Y=0.0,Z=200.0),TraceEnd=(X=0.0,Y=0.0,Z=0.0))
[2015.07.26-03.09.54:177][  0]LogMeshUtilities: No automatic mesh reduction module available
[2015.07.26-03.09.54:177][  0]LogMeshUtilities: No automatic mesh merging module available
[2015.07.26-03.09.54:793][  0]LogInit: WinSock: version 1.1 (2.2), MaxSocks=32767, MaxUdp=65467
[2015.07.26-03.09.56:593][  0]UdpMessaging: Initializing bridge on interface 0.0.0.0:0 to multicast group 230.0.0.1:6666.
[2015.07.26-03.09.57:359][  0]SourceControl: Info Source control is disabled
[2015.07.26-03.09.57:415][  0]SourceControl: Info Source control is disabled
[2015.07.26-03.09.57:440][  0]SourceControl: Info Source control is disabled
[2015.07.26-03.09.57:469][  0]SourceControl: Info Source control is disabled
[2015.07.26-03.09.57:929][  0]LogObj: 26287 objects as part of root set at end of initial load.
[2015.07.26-03.09.57:929][  0]LogUObjectAllocator: 5421848 out of 0 bytes used by permanent object pool.
[2015.07.26-03.09.58:063][  0]LogEngine: Initializing Engine...
[2015.07.26-03.09.58:067][  0]LogHMD: Can't find Oculus library dev build: is proper Runtime installed? Version: 0.6.0.0
[2015.07.26-03.09.58:074][  0]LogHMD:Warning: SteamVR failed to initialize.  Error: 100
[2015.07.26-03.09.58:318][  0]LogAIModule: Creating AISystem for world NewWorld
[2015.07.26-03.09.58:329][  0]LogInit: XAudio2 using '喇叭 (ASUS Xonar DS Audio Device)' : 2 channels at 44.1 kHz using 16 bits per sample (channel mask 0x3)
[2015.07.26-03.09.58:339][  0]LogInit: FAudioDevice initialized.
[2015.07.26-03.09.58:375][  0]LogDerivedDataCache: Saved boot cache 0.04s 53MB C:/Users/SCW/AppData/Local/UnrealEngine/4.8/DerivedDataCache/Boot.ddc.
[2015.07.26-03.09.58:384][  0]LogInit: Texture streaming: Disabled
[2015.07.26-03.09.58:436][  0]LogAnalytics: Creating configured Analytics provider AnalyticsET
[2015.07.26-03.09.58:436][  0]LogAnalytics: [UEEditor.Rocket.Release] APIServer = http://et2.epicgames.com/ET2/. AppVersion = 4.8.2-2614606+++depot+UE4-Releases+4.8
[2015.07.26-03.09.58:436][  0]LogAnalytics: [UEEditor.Rocket.Release] SetUserId 568b5a34404f889fb1b32ab5dcc7273c|171fa9009f6b4f02983f7d0ecd1f12ba|c0dd2cb7-895e-48cf-9e36-42424b144c9b
[2015.07.26-03.09.58:437][  0]LogAnalytics: [UEEditor.Rocket.Release] AnalyticsET::StartSession
[2015.07.26-03.09.58:481][  0]LogInit: Transaction tracking system initialized
[2015.07.26-03.09.58:813][  0]BlueprintLog: New page: Editor Load
[2015.07.26-03.09.58:883][  0]LogAssetRegistry: FAssetRegistry took 0.0108 seconds to start up
[2015.07.26-03.09.58:884][  0]LogDirectoryWatcher:Warning: Failed to begin reading directory changes for ../../../Engine/Plugins/Experimental/CharacterAI/Content/. Error: 0
[2015.07.26-03.10.00:120][  0]LogLinker:Warning: Asset '../../../Engine/Content/Tutorial/Mobile/SettingUpAndroidTutorial.uasset' has been saved with empty engine version. The asset will be loaded but may be incompatible.
[2015.07.26-03.10.00:366][  0]LogConsoleManager:Warning: Console variable 'r.VSync' wasn't set ('GameSetting' has a lower priority than 'SystemSettingsIni')
[2015.07.26-03.10.00:367][  0]LogConsoleResponse:Display: 
[2015.07.26-03.10.00:516][  0]LogCook:Display: Done creating registry. It took  0.00s.
[2015.07.26-03.10.00:915][  0]SourceControl: Info Source control is disabled
[2015.07.26-03.10.00:916][  0]Cmd: MAP LOAD FILE="D:/Users/SCW/Documents/Unreal Projects/Demo/Content/StarterContent/Maps/Minimal_Default.umap" TEMPLATE=0 SHOWPROGRESS=1 FEATURELEVEL=3
[2015.07.26-03.10.00:917][  0]LightingResults: New page: Lighting Build
[2015.07.26-03.10.00:939][  0]MapCheck: New page: Map Check
[2015.07.26-03.10.00:939][  0]LightingResults: New page: Lighting Build
[2015.07.26-03.10.00:951][  0]LogParticles: Destroying 0 GPU particle simulations for FXSystem 0x000000001E7289A0
[2015.07.26-03.10.01:963][  0]LogAIModule: Creating AISystem for world Minimal_Default
[2015.07.26-03.10.01:976][  0]LogEditorServer: Finished looking for orphan Actors (0.000 secs)
[2015.07.26-03.10.02:023][  0]Cmd: MAP CHECKDEP NOCLEARLOG
[2015.07.26-03.10.02:087][  0]MapCheck: Info Map check complete: 0 Error(s), 0 Warning(s), took 62.195ms to complete.
[2015.07.26-03.10.02:087][  0]LogFileHelpers: Loading map 'Minimal_Default' took 1.171
[2015.07.26-03.10.02:261][  0]LogCollectionManager: Loaded 0 collections in 0.003785 seconds
[2015.07.26-03.10.02:273][  0]LogContentBrowser: Native class hierarchy populated in 0.0124 seconds. Added 1795 classes and 303 folders.
[2015.07.26-03.10.02:397][  0]LogContentBrowser: Native class hierarchy updated for 'WidgetCarousel' in 0.0031 seconds. Added 0 classes and 0 folders.
[2015.07.26-03.10.02:494][  0]LogContentBrowser: Native class hierarchy updated for 'AddContentDialog' in 0.0029 seconds. Added 0 classes and 0 folders.
[2015.07.26-03.10.02:576][  0]LogContentBrowser: Native class hierarchy updated for 'SceneOutliner' in 0.0029 seconds. Added 1 classes and 2 folders.
[2015.07.26-03.10.02:766][  0]LogCrashTracker: Crashtracker disabled due to settings.
[2015.07.26-03.10.02:768][  0]LogD3D11RHI: InitD3DDevice
[2015.07.26-03.10.02:773][  0]LogUObjectGlobals:Warning: Failed to find object 'Class None.'
[2015.07.26-03.10.02:798][  0]LogLoad: Full Startup: 15.69 seconds (BP compile: 0.24 seconds)
[2015.07.26-03.10.03:232][  0]LogContentStreaming: Texture pool size is 0.000000MB
[2015.07.26-03.10.03:297][  0]LogContentStreaming: Texture pool size now 700 MB
[2015.07.26-03.10.03:537][  0]LogRenderer: Reallocating scene render targets to support 1208x584 (Frame:2).
[2015.07.26-03.10.07:911][ 14]LogAssetRegistry: Asset discovery search completed in 9.0396 seconds
[2015.07.26-03.10.34:141][222]LogD3D11RHI: InitD3DDevice
[2015.07.26-03.10.34:676][262]LogPlayLevel: PIE:  No blueprints needed recompiling
[2015.07.26-03.10.34:684][262]PIE: New page: PIE session: Minimal_Default (Jul 26, 2015, 7:10:34 PM)
[2015.07.26-03.10.34:685][262]LogPlayLevel: Creating play world package: /Game/StarterContent/Maps/UEDPIE_0_Minimal_Default
[2015.07.26-03.10.34:693][262]LogPlayLevel: PIE: StaticDuplicateObject took: (0.008052s)
[2015.07.26-03.10.34:695][262]LogAIModule: Creating AISystem for world Minimal_Default
[2015.07.26-03.10.34:697][262]LogPlayLevel: PIE: World Init took: (0.002288s)
[2015.07.26-03.10.34:697][262]LogPlayLevel: PIE: Created PIE world by copying editor world from /Game/StarterContent/Maps/Minimal_Default.Minimal_Default to /Game/StarterContent/Maps/UEDPIE_0_Minimal_Default.Minimal_Default (0.011864s)
[2015.07.26-03.10.34:747][262]LogInit: XAudio2 using '喇叭 (ASUS Xonar DS Audio Device)' : 2 channels at 44.1 kHz using 16 bits per sample (channel mask 0x3)
[2015.07.26-03.10.34:752][262]LogInit: FAudioDevice initialized.
[2015.07.26-03.10.35:156][262]LogWorld: Game class is 'BP_GameMode_C'
[2015.07.26-03.10.35:163][262]LogWorld: Bringing World /Game/StarterContent/Maps/UEDPIE_0_Minimal_Default.Minimal_Default up for play (max tick rate 0) at 2015.07.26-11.10.35
[2015.07.26-03.10.35:164][262]LogActor:Warning: GameSession /Game/StarterContent/Maps/UEDPIE_0_Minimal_Default.Minimal_Default:PersistentLevel.GameSession_0 has natively added scene component(s), but none of them were set as the actor's RootComponent - picking one arbitrarily
[2015.07.26-03.10.35:165][262]LogActor:Warning: GameNetworkManager /Game/StarterContent/Maps/UEDPIE_0_Minimal_Default.Minimal_Default:PersistentLevel.GameNetworkManager_0 has natively added scene component(s), but none of them were set as the actor's RootComponent - picking one arbitrarily
[2015.07.26-03.10.35:165][262]LogWorld: Bringing up level for play took: 0.005575
[2015.07.26-03.10.35:171][262]PIE: Info Play in editor start time for /Game/StarterContent/Maps/UEDPIE_0_Minimal_Default 0.274
[2015.07.26-03.10.39:850][800]LogActorComponent: UnregisterComponent: (/Engine/Transient.CharMoveComp) Not registered. Aborting.
[2015.07.26-03.10.39:866][800]LogParticles: Destroying 0 GPU particle simulations for FXSystem 0x0000000038811A80
[2015.07.26-03.10.49:541][129]LogD3D11RHI: InitD3DDevice
[2015.07.26-03.10.49:564][129]LogD3D11RHI: InitD3DDevice
[2015.07.26-03.10.49:578][129]LogLinker:Warning: Asset '../../../Engine/Content/ArtTools/RenderToTexture/Macros/RenderToTextureMacros.uasset' has been saved with empty engine version. The asset will be loaded but may be incompatible.
[2015.07.26-03.10.49:706][129]LogLinker:Warning: Asset '../../../Engine/Content/ArtTools/RenderToTexture/Enums/RenderToTexture_Enum.uasset' has been saved with empty engine version. The asset will be loaded but may be incompatible.
[2015.07.26-03.10.50:982][129]LogActor:Warning: GameNetworkManager /Engine/Transient.World_2:PersistentLevel.GameNetworkManager_1 has natively added scene component(s), but none of them were set as the actor's RootComponent - picking one arbitrarily
[2015.07.26-03.11.01:499][ 78]LogD3D11RHI: InitD3DDevice
[2015.07.26-03.11.02:402][138]LogD3D11RHI: InitD3DDevice
[2015.07.26-03.11.03:239][197]LogD3D11RHI: InitD3DDevice
[2015.07.26-03.11.03:251][197]LogD3D11RHI: InitD3DDevice
[2015.07.26-03.11.04:272][284]LogD3D11RHI: InitD3DDevice
[2015.07.26-03.11.27:163][ 37]LogD3D11RHI: InitD3DDevice
[2015.07.26-03.11.27:182][ 37]LogD3D11RHI: InitD3DDevice
[2015.07.26-03.11.28:506][108]LogD3D11RHI: InitD3DDevice
[2015.07.26-03.12.08:279][806]LogD3D11RHI: InitD3DDevice
[2015.07.26-03.12.08:282][806]Recompiling Demo...
[2015.07.26-03.12.08:282][806]Launching UnrealBuildTool... [C:/Program Files/Epic Games/4.8/Engine/Binaries/DotNET/UnrealBuildTool.exe Demo -ModuleWithSuffix Demo 4962 Win64 Development -editorrecompile -canskiplink "D:/Users/SCW/Documents/Unreal Projects/Demo/Demo.uproject" -rocket  -rocket]
[2015.07.26-03.12.08:284][806]Warning: Starting HotReload took  0.1s.
[2015.07.26-03.13.48:783][603]LogEditorViewport: Clicking on Actor (LMB): BP_Sky_Sphere_C (BP_Sky_Sphere)
[2015.07.26-03.13.56:320][974]Cmd: SELECT NONE
[2015.07.26-03.13.59:209][974]LogEditorViewport: Clicking on Actor (context menu): BP_Sky_Sphere_C (BP_Sky_Sphere)
[2015.07.26-03.13.59:999][974]LogD3D11RHI: InitD3DDevice
[2015.07.26-03.14.02:363][ 85]LogEditorViewport: Clicking on Actor (LMB): BP_Sky_Sphere_C (BP_Sky_Sphere)
[2015.07.26-03.14.22:354][699]CompilerResultsLog: New page: Compilation - Jul 26, 2015, 7:14:22 PM
[2015.07.26-03.14.22:356][699]CompilerResultsLog: Info Compiling game modules for hot reload
[2015.07.26-03.14.22:357][699]CompilerResultsLog: Info Parsing headers for DemoEditor
[2015.07.26-03.14.22:358][699]CompilerResultsLog: Info Reflection code generated for DemoEditor
[2015.07.26-03.14.22:358][699]CompilerResultsLog: Info Performing 2 actions (4 in parallel)
[2015.07.26-03.14.22:359][699]CompilerResultsLog: Info BasicPlayerController.cpp
[2015.07.26-03.14.22:360][699]CompilerResultsLog: Info [2/2] Link UE4Editor-Demo-4962.dll
[2015.07.26-03.14.22:361][699]CompilerResultsLog: Info    Creating library D:\Users\SCW\Documents\Unreal Projects\Demo\Intermediate/Build/Win64\UE4Editor\Development\UE4Editor-Demo-4962.lib and object D:\Users\SCW\Documents\Unreal Projects\Demo\Intermediate/Build/Win64\UE4Editor\Development\UE4Editor-Demo-4962.exp
[2015.07.26-03.14.22:361][699]CompilerResultsLog: Info -------- End Detailed Actions Stats -----------------------------------------------------------
[2015.07.26-03.14.22:362][699]CompilerResultsLog: Info Total build time: 133.61 seconds
[2015.07.26-03.14.22:363][699]LogMainFrame: MainFrame: Module compiling took 134.092 seconds
[2015.07.26-03.14.22:364][699]LogActorComponent: UnregisterComponent: (/Engine/Transient.CharMoveComp) Not registered. Aborting.
[2015.07.26-03.14.22:427][699]LogParticles: Destroying 0 GPU particle simulations for FXSystem 0x000000000E47E7A0
[2015.07.26-03.14.22:529][699]LogContentBrowser: Native class hierarchy updated for 'Demo' in 0.0073 seconds. Added 3 classes and 2 folders.
[2015.07.26-03.14.22:533][699]Warning: HotReload successful (0 functions remapped  0 scriptstructs remapped)
[2015.07.26-03.14.23:228][699]LogContentBrowser: Native class hierarchy populated in 0.0121 seconds. Added 1796 classes and 305 folders.
[2015.07.26-03.14.34:635][863]LogPlayLevel: PIE:  No blueprints needed recompiling
[2015.07.26-03.14.34:636][863]PIE: New page: PIE session: Minimal_Default (Jul 26, 2015, 7:14:34 PM)
[2015.07.26-03.14.34:638][863]LogPlayLevel: Creating play world package: /Game/StarterContent/Maps/UEDPIE_0_Minimal_Default
[2015.07.26-03.14.34:657][863]LogPlayLevel: PIE: StaticDuplicateObject took: (0.018178s)
[2015.07.26-03.14.34:661][863]LogAIModule: Creating AISystem for world Minimal_Default
[2015.07.26-03.14.34:664][863]LogPlayLevel: PIE: World Init took: (0.006125s)
[2015.07.26-03.14.34:665][863]LogPlayLevel: PIE: Created PIE world by copying editor world from /Game/StarterContent/Maps/Minimal_Default.Minimal_Default to /Game/StarterContent/Maps/UEDPIE_0_Minimal_Default.Minimal_Default (0.026532s)
[2015.07.26-03.14.34:665][863]LogActorComponent: UnregisterComponent: (/Engine/Transient.CharMoveComp) Not registered. Aborting.
[2015.07.26-03.14.34:740][863]LogInit: XAudio2 using '喇叭 (ASUS Xonar DS Audio Device)' : 2 channels at 44.1 kHz using 16 bits per sample (channel mask 0x3)
[2015.07.26-03.14.34:745][863]LogInit: FAudioDevice initialized.
[2015.07.26-03.14.34:795][863]LogWorld: Game class is 'BP_GameMode_C'
[2015.07.26-03.14.34:804][863]LogWorld: Bringing World /Game/StarterContent/Maps/UEDPIE_0_Minimal_Default.Minimal_Default up for play (max tick rate 0) at 2015.07.26-11.14.34
[2015.07.26-03.14.34:805][863]LogActor:Warning: GameSession /Game/StarterContent/Maps/UEDPIE_0_Minimal_Default.Minimal_Default:PersistentLevel.GameSession_1 has natively added scene component(s), but none of them were set as the actor's RootComponent - picking one arbitrarily
[2015.07.26-03.14.34:807][863]LogActor:Warning: GameNetworkManager /Game/StarterContent/Maps/UEDPIE_0_Minimal_Default.Minimal_Default:PersistentLevel.GameNetworkManager_2 has natively added scene component(s), but none of them were set as the actor's RootComponent - picking one arbitrarily
[2015.07.26-03.14.34:807][863]LogWorld: Bringing up level for play took: 0.008466
[2015.07.26-03.14.34:815][863]PIE: Info Play in editor start time for /Game/StarterContent/Maps/UEDPIE_0_Minimal_Default -0.073
[2015.07.26-03.14.38:834][224]LogParticles: Destroying 0 GPU particle simulations for FXSystem 0x0000000028C71D00
[2015.07.26-03.17.39:898][323]LogD3D11RHI: InitD3DDevice
[2015.07.26-03.17.39:901][323]Recompiling Demo...
[2015.07.26-03.17.39:902][323]Launching UnrealBuildTool... [C:/Program Files/Epic Games/4.8/Engine/Binaries/DotNET/UnrealBuildTool.exe Demo -ModuleWithSuffix Demo 431 Win64 Development -editorrecompile -canskiplink "D:/Users/SCW/Documents/Unreal Projects/Demo/Demo.uproject" -rocket  -rocket]
[2015.07.26-03.17.39:907][323]Warning: Starting HotReload took  0.0s.
[2015.07.26-03.19.20:614][196]CompilerResultsLog: New page: Compilation - Jul 26, 2015, 7:19:20 PM
[2015.07.26-03.19.20:618][196]CompilerResultsLog: Info Compiling game modules for hot reload
[2015.07.26-03.19.20:618][196]CompilerResultsLog: Info Parsing headers for DemoEditor
[2015.07.26-03.19.20:619][196]CompilerResultsLog: Info Reflection code generated for DemoEditor
[2015.07.26-03.19.20:620][196]CompilerResultsLog: Info Performing 4 actions (4 in parallel)
[2015.07.26-03.19.20:620][196]CompilerResultsLog: Info Demo.generated.cpp
[2015.07.26-03.19.20:621][196]CompilerResultsLog: Info BasicPlayerController.cpp
[2015.07.26-03.19.20:622][196]CompilerResultsLog: Info BasicCharacter.cpp
[2015.07.26-03.19.20:623][196]CompilerResultsLog:Error: Error d:\users\scw\documents\unreal projects\demo\source\demo\BasicPlayerController.h(26)  : error C2144: syntax error : 'void' should be preceded by ';'
[2015.07.26-03.19.20:623][196]CompilerResultsLog:Error: Error d:\users\scw\documents\unreal projects\demo\source\demo\BasicPlayerController.h(26)  : error C2144: syntax error : 'void' should be preceded by ';'
[2015.07.26-03.19.20:624][196]CompilerResultsLog:Error: Error D:\Users\SCW\Documents\Unreal Projects\Demo\Source\Demo\BasicPlayerController.h(26)  : error C2144: syntax error : 'void' should be preceded by ';'
[2015.07.26-03.19.20:625][196]CompilerResultsLog: Info -------- End Detailed Actions Stats -----------------------------------------------------------
[2015.07.26-03.19.20:626][196]CompilerResultsLog: Info ERROR: UBT ERROR: Failed to produce item: D:\Users\SCW\Documents\Unreal Projects\Demo\Binaries\Win64\UE4Editor-Demo-431.dll
[2015.07.26-03.19.20:626][196]CompilerResultsLog: Info Total build time: 100.25 seconds
[2015.07.26-03.19.20:627][196]LogMainFrame: MainFrame: Module compiling took 100.737 seconds
[2015.07.26-03.19.20:627][196]Warning: HotReload failed, recompile failed
[2015.07.26-03.19.53:903][393]LogPlayLevel: PIE:  No blueprints needed recompiling
[2015.07.26-03.19.53:903][393]PIE: New page: PIE session: Minimal_Default (Jul 26, 2015, 7:19:53 PM)
[2015.07.26-03.19.53:904][393]LogPlayLevel: Creating play world package: /Game/StarterContent/Maps/UEDPIE_0_Minimal_Default
[2015.07.26-03.19.53:944][393]LogPlayLevel: PIE: StaticDuplicateObject took: (0.039075s)
[2015.07.26-03.19.53:945][393]LogAIModule: Creating AISystem for world Minimal_Default
[2015.07.26-03.19.53:946][393]LogPlayLevel: PIE: World Init took: (0.002123s)
[2015.07.26-03.19.53:947][393]LogPlayLevel: PIE: Created PIE world by copying editor world from /Game/StarterContent/Maps/Minimal_Default.Minimal_Default to /Game/StarterContent/Maps/UEDPIE_0_Minimal_Default.Minimal_Default (0.042713s)
[2015.07.26-03.19.53:947][393]LogActorComponent: UnregisterComponent: (/Engine/Transient.CharMoveComp) Not registered. Aborting.
[2015.07.26-03.19.53:994][393]LogInit: XAudio2 using '喇叭 (ASUS Xonar DS Audio Device)' : 2 channels at 44.1 kHz using 16 bits per sample (channel mask 0x3)
[2015.07.26-03.19.53:998][393]LogInit: FAudioDevice initialized.
[2015.07.26-03.19.54:042][393]LogWorld: Game class is 'BP_GameMode_C'
[2015.07.26-03.19.54:050][393]LogWorld: Bringing World /Game/StarterContent/Maps/UEDPIE_0_Minimal_Default.Minimal_Default up for play (max tick rate 0) at 2015.07.26-11.19.54
[2015.07.26-03.19.54:050][393]LogActor:Warning: GameSession /Game/StarterContent/Maps/UEDPIE_0_Minimal_Default.Minimal_Default:PersistentLevel.GameSession_2 has natively added scene component(s), but none of them were set as the actor's RootComponent - picking one arbitrarily
[2015.07.26-03.19.54:051][393]LogActor:Warning: GameNetworkManager /Game/StarterContent/Maps/UEDPIE_0_Minimal_Default.Minimal_Default:PersistentLevel.GameNetworkManager_3 has natively added scene component(s), but none of them were set as the actor's RootComponent - picking one arbitrarily
[2015.07.26-03.19.54:052][393]LogWorld: Bringing up level for play took: 0.006502
[2015.07.26-03.19.54:056][393]PIE: Info Play in editor start time for /Game/StarterContent/Maps/UEDPIE_0_Minimal_Default -0.821
[2015