[2015.07.25-10.05.59:397][  0]Log file open, 07/25/15 18:05:59
[2015.07.25-10.05.59:397][  0]LogInit:Display: Running engine for game: Demo
[2015.07.25-10.05.59:397][  0]LogInit:Display: RandInit(1390653580) SRandInit(1390653580).
[2015.07.25-10.05.59:397][  0]LogTaskGraph: Started task graph with 4 named threads and 7 total threads.
[2015.07.25-10.05.59:398][  0]LogStats: Stats thread started
[2015.07.25-10.05.59:398][  0]LogInit: Version: 4.8.2-2614606+++depot+UE4-Releases+4.8
[2015.07.25-10.05.59:398][  0]LogInit: API Version: 2579680
[2015.07.25-10.05.59:399][  0]LogInit: Compiled (64-bit): Jul  8 2015 23:43:41
[2015.07.25-10.05.59:399][  0]LogInit: Compiled with Visual C++: 18.00.21005.01
[2015.07.25-10.05.59:399][  0]LogInit: Build Configuration: Development
[2015.07.25-10.05.59:399][  0]LogInit: Branch Name: ++depot+UE4-Releases+4.8
[2015.07.25-10.05.59:400][  0]LogInit: Command line: 
[2015.07.25-10.05.59:400][  0]LogInit: Base directory: C:/Program Files/Epic Games/4.8/Engine/Binaries/Win64/
[2015.07.25-10.05.59:400][  0]LogInit: Rocket: 1
[2015.07.25-10.05.59:429][  0]LogInit: Using libcurl 7.41.0
[2015.07.25-10.05.59:429][  0]LogInit:  - built for x86_64-pc-win32
[2015.07.25-10.05.59:430][  0]LogInit:  - supports SSL with WinSSL
[2015.07.25-10.05.59:430][  0]LogInit:  - other features:
[2015.07.25-10.05.59:430][  0]LogInit:      CURL_VERSION_SSL
[2015.07.25-10.05.59:430][  0]LogInit:      CURL_VERSION_IPV6
[2015.07.25-10.05.59:431][  0]LogInit:      CURL_VERSION_ASYNCHDNS
[2015.07.25-10.05.59:431][  0]LogInit:      CURL_VERSION_LARGEFILE
[2015.07.25-10.05.59:431][  0]LogInit:      CURL_VERSION_IDN
[2015.07.25-10.05.59:432][  0]LogInit:  CurlRequestOptions (configurable via config and command line):
[2015.07.25-10.05.59:432][  0]LogInit:  - bVerifyPeer = true  - Libcurl will verify peer certificate
[2015.07.25-10.05.59:432][  0]LogInit:  - bUseHttpProxy = false  - Libcurl will NOT use HTTP proxy
[2015.07.25-10.05.59:433][  0]LogInit:  - bDontReuseConnections = false  - Libcurl will reuse connections
[2015.07.25-10.05.59:433][  0]LogInit:  - CertBundlePath = nullptr  - Libcurl will use whatever was configured at build time.
[2015.07.25-10.05.59:458][  0]LogOnline:Warning: No default platform service specified for OnlineSubsystem
[2015.07.25-10.05.59:518][  0]LogInit: Presizing for 0 objects not considered by GC, pre-allocating 0 bytes.
[2015.07.25-10.05.59:529][  0]LogInit: Object subsystem initialized
[2015.07.25-10.05.59:531][  0]LogConsoleResponse:Warning: Skipping Unknown console variable: 'TranslucentSortAxis = (X=0.000000,Y=-1.000000,Z=0.000000)'
[2015.07.25-10.05.59:531][  0]LogConsoleResponse:Warning:   Found in ini file 'D:/Users/SCW/Documents/Unreal Projects/Demo/Saved/Config/Windows/Engine.ini', in section '[/Script/Engine.RendererSettings]'
[2015.07.25-10.05.59:532][  0]LogConsoleResponse:Warning: Skipping Unknown console variable: 'UIScaleRule = ShortestSide'
[2015.07.25-10.05.59:532][  0]LogConsoleResponse:Warning:   Found in ini file 'D:/Users/SCW/Documents/Unreal Projects/Demo/Saved/Config/Windows/Engine.ini', in section '[/Script/Engine.RendererSettings]'
[2015.07.25-10.05.59:532][  0]LogConsoleResponse:Warning: Skipping Unknown console variable: 'UIScaleCurve = (EditorCurveData=(Keys=),ExternalCurve=None)'
[2015.07.25-10.05.59:533][  0]LogConsoleResponse:Warning:   Found in ini file 'D:/Users/SCW/Documents/Unreal Projects/Demo/Saved/Config/Windows/Engine.ini', in section '[/Script/Engine.RendererSettings]'
[2015.07.25-10.05.59:533][  0]LogInit: Selected Device Profile: [Windows]
[2015.07.25-10.05.59:534][  0]LogInit: Applying CVar settings loaded from the selected device profile: [Windows]
[2015.07.25-10.05.59:552][  0]LogInit: Computer: SCW-PC
[2015.07.25-10.05.59:553][  0]LogInit: User: SCW
[2015.07.25-10.05.59:553][  0]LogInit: CPU Page size=4096, Cores=4
[2015.07.25-10.05.59:554][  0]LogInit: High frequency timer resolution =2.483750 MHz
[2015.07.25-10.05.59:554][  0]LogMemory: Memory total: Physical=8.0GB (8GB approx)
[2015.07.25-10.05.59:554][  0]LogMemory: Platform Memory Stats for Windows
[2015.07.25-10.05.59:555][  0]LogMemory: Process Physical Memory: 50.32 MB used, 50.32 MB peak
[2015.07.25-10.05.59:555][  0]LogMemory: Process Virtual Memory: 23.74 MB used, 23.74 MB peak
[2015.07.25-10.05.59:555][  0]LogMemory: Physical Memory: 5787.84 MB used, 8183.05 MB total
[2015.07.25-10.05.59:555][  0]LogMemory: Virtual Memory: 291.64 MB used, 8388608.00 MB total
[2015.07.25-10.05.59:668][  0]LogTextLocalizationManager: The requested culture ('zh_TW') has no localization data; falling back to 'en' for localization and internationalization data.
[2015.07.25-10.05.59:999][  0]LogTextLocalizationManager:Warning: Loaded localization resources contain conflicting entries for (Namespace:ContentBrowser, Key:ImportAssetToolTip):
Localization Resource: (C:/Program Files/Epic Games/4.8/Engine/Content/Localization/Editor/en/Editor.locres) Source String Hash: (-630476809) Localized String: (Import to {0}...)
Localization Resource: (C:/Program Files/Epic Games/4.8/Engine/Content/Localization/Editor/en/Editor.locres) Source String Hash: (1271782899) Localized String: (Imports an asset from file to this folder.)
[2015.07.25-10.06.00:688][  0]LogD3D11RHI: Found D3D11 adapter 0: NVIDIA GeForce GTX 560 Ti   (Feature Level 11_0)
[2015.07.25-10.06.00:688][  0]LogD3D11RHI: Adapter has 979MB of dedicated video memory, 0MB of dedicated system memory, and 3071MB of shared system memory, 2 output[s]
[2015.07.25-10.06.00:689][  0]LogD3D11RHI: Chosen D3D11 Adapter Id = 0
[2015.07.25-10.06.00:694][  0]LogD3D11RHI: InitD3DDevice
[2015.07.25-10.06.00:695][  0]LogD3D11RHI: !Direct3DDevice
[2015.07.25-10.06.00:695][  0]LogRHI: Texture pool is 685 MB (70% of 979 MB)
[2015.07.25-10.06.00:744][  0]LogD3D11RHI: Async texture creation enabled
[2015.07.25-10.06.00:762][  0]LogShaderCompilers:Display: Using Local Shader Compiler.
[2015.07.25-10.06.02:132][  0]LogTemp:Display: Loaded TP DesktopTargetPlatform
[2015.07.25-10.06.02:169][  0]LogTemp:Display: Loaded TP WindowsClientTargetPlatform
[2015.07.25-10.06.02:207][  0]LogTemp:Display: Loaded TP WindowsNoEditorTargetPlatform
[2015.07.25-10.06.02:243][  0]LogTemp:Display: Loaded TP WindowsServerTargetPlatform
[2015.07.25-10.06.02:283][  0]LogTemp:Display: Loaded TP WindowsTargetPlatform
[2015.07.25-10.06.02:310][  0]LogTemp:Display: Loaded TP AndroidTargetPlatform
[2015.07.25-10.06.02:337][  0]LogTemp:Display: Loaded TP Android_ASTCTargetPlatform
[2015.07.25-10.06.02:366][  0]LogTemp:Display: Loaded TP Android_ATCTargetPlatform
[2015.07.25-10.06.02:397][  0]LogTemp:Display: Loaded TP Android_DXTTargetPlatform
[2015.07.25-10.06.02:426][  0]LogTemp:Display: Loaded TP Android_ETC1TargetPlatform
[2015.07.25-10.06.02:457][  0]LogTemp:Display: Loaded TP Android_ETC2TargetPlatform
[2015.07.25-10.06.02:485][  0]LogTemp:Display: Loaded TP Android_PVRTCTargetPlatform
[2015.07.25-10.06.02:593][  0]LogTemp:Display: Loaded TP IOSTargetPlatform
[2015.07.25-10.06.02:619][  0]LogTemp:Display: Loaded TP LinuxNoEditorTargetPlatform
[2015.07.25-10.06.02:644][  0]LogTemp:Display: Loaded TP LinuxServerTargetPlatform
[2015.07.25-10.06.02:671][  0]LogTemp:Display: Loaded TP LinuxTargetPlatform
[2015.07.25-10.06.02:672][  0]LogTargetPlatformManager:Display: Building Assets For Windows
[2015.07.25-10.06.03:205][  0]LogDerivedDataCache:Display: Max Cache Size: 512 MB
[2015.07.25-10.06.03:419][  0]LogDerivedDataCache: Loaded boot cache 0.21s 53MB C:/Users/SCW/AppData/Local/UnrealEngine/4.8/DerivedDataCache/Boot.ddc.
[2015.07.25-10.06.03:419][  0]LogDerivedDataCache:Display: Loaded Boot cache: C:/Users/SCW/AppData/Local/UnrealEngine/4.8/DerivedDataCache/Boot.ddc
[2015.07.25-10.06.03:420][  0]LogDerivedDataCache: FDerivedDataBackendGraph:  Pak pak cache file D:/Users/SCW/Documents/Unreal Projects/Demo/DerivedDataCache/DDC.ddp not found, will not use a pak cache.
[2015.07.25-10.06.03:420][  0]LogDerivedDataCache: Unable to find inner node Pak for hierarchical cache Hierarchy.
[2015.07.25-10.06.03:420][  0]LogDerivedDataCache: FDerivedDataBackendGraph:  CompressedPak pak cache file D:/Users/SCW/Documents/Unreal Projects/Demo/DerivedDataCache/Compressed.ddp not found, will not use a pak cache.
[2015.07.25-10.06.03:421][  0]LogDerivedDataCache: Unable to find inner node CompressedPak for hierarchical cache Hierarchy.
[2015.07.25-10.06.03:649][  0]LogDerivedDataCache:Display: Pak cache opened for reading ../../../Engine/DerivedDataCache/Compressed.ddp.
[2015.07.25-10.06.03:662][  0]LogDerivedDataCache: Using Local data cache path C:/Users/SCW/AppData/Local/UnrealEngine/Common/DerivedDataCache: Writable
[2015.07.25-10.06.04:210][  0]LogInit: Selected Device Profile: [Windows]
[2015.07.25-10.06.04:221][  0]ImportText (ComponentSweepMultiTests): Missing closing parenthesis: (RootShapeAsset="/Engine/BasicShapes/Cube.Cube",ShapeType="TriggerCapsule",HitResult=(Time=0.50,Location=(X=-100.000015,Y=0.0,Z=100.000015),ImpactPoint=(X=-50.0,Y=0.0,Z=50.0),Normal=(X=-1.0,Y=-0.0,Z=0.0),ImpactNormal=(X=0.0,Y=0.0,Z=1.0),TraceStart=(X=-200.0,Y=0.0,Z=200.0),TraceEnd=(X=0.0,Y=0.0,Z=0.0))
[2015.07.25-10.06.04:222][  0]ImportText (LineTraceSingleByChannelTests): Missing closing parenthesis: (RootShapeAsset="/Engine/BasicShapes/Cube.Cube",HitResult=(Time=0.50,Location=(X=-100.000015,Y=0.0,Z=100.000015),ImpactPoint=(X=-50.0,Y=0.0,Z=50.0),Normal=(X=-1.0,Y=-0.0,Z=0.0),ImpactNormal=(X=0.0,Y=0.0,Z=1.0),TraceStart=(X=-200.0,Y=0.0,Z=200.0),TraceEnd=(X=0.0,Y=0.0,Z=0.0))
[2015.07.25-10.06.04:285][  0]LogMeshUtilities: No automatic mesh reduction module available
[2015.07.25-10.06.04:286][  0]LogMeshUtilities: No automatic mesh merging module available
[2015.07.25-10.06.04:906][  0]LogInit: WinSock: version 1.1 (2.2), MaxSocks=32767, MaxUdp=65467
[2015.07.25-10.06.07:625][  0]UdpMessaging: Initializing bridge on interface 0.0.0.0:0 to multicast group 230.0.0.1:6666.
[2015.07.25-10.06.08:601][  0]SourceControl: Info Source control is disabled
[2015.07.25-10.06.08:672][  0]SourceControl: Info Source control is disabled
[2015.07.25-10.06.08:706][  0]SourceControl: Info Source control is disabled
[2015.07.25-10.06.08:745][  0]SourceControl: Info Source control is disabled
[2015.07.25-10.06.09:377][  0]LogObj: 26286 objects as part of root set at end of initial load.
[2015.07.25-10.06.09:378][  0]LogUObjectAllocator: 5420728 out of 0 bytes used by permanent object pool.
[2015.07.25-10.06.09:539][  0]LogEngine: Initializing Engine...
[2015.07.25-10.06.09:542][  0]LogHMD: Can't find Oculus library dev build: is proper Runtime installed? Version: 0.6.0.0
[2015.07.25-10.06.09:557][  0]LogHMD:Warning: SteamVR failed to initialize.  Error: 100
[2015.07.25-10.06.09:847][  0]LogAIModule: Creating AISystem for world NewWorld
[2015.07.25-10.06.09:862][  0]LogInit: XAudio2 using '喇叭 (ASUS Xonar DS Audio Device)' : 2 channels at 44.1 kHz using 16 bits per sample (channel mask 0x3)
[2015.07.25-10.06.09:877][  0]LogInit: FAudioDevice initialized.
[2015.07.25-10.06.09:913][  0]LogDerivedDataCache: Saved boot cache 0.03s 53MB C:/Users/SCW/AppData/Local/UnrealEngine/4.8/DerivedDataCache/Boot.ddc.
[2015.07.25-10.06.09:922][  0]LogInit: Texture streaming: Disabled
[2015.07.25-10.06.10:099][  0]LogAnalytics: Creating configured Analytics provider AnalyticsET
[2015.07.25-10.06.10:100][  0]LogAnalytics: [UEEditor.Rocket.Release] APIServer = http://et2.epicgames.com/ET2/. AppVersion = 4.8.2-2614606+++depot+UE4-Releases+4.8
[2015.07.25-10.06.10:101][  0]LogAnalytics: [UEEditor.Rocket.Release] SetUserId 568b5a34404f889fb1b32ab5dcc7273c|171fa9009f6b4f02983f7d0ecd1f12ba|c0dd2cb7-895e-48cf-9e36-42424b144c9b
[2015.07.25-10.06.10:101][  0]LogAnalytics: [UEEditor.Rocket.Release] AnalyticsET::StartSession
[2015.07.25-10.06.10:146][  0]LogInit: Transaction tracking system initialized
[2015.07.25-10.06.10:542][  0]BlueprintLog: New page: Editor Load
[2015.07.25-10.06.10:622][  0]LogAssetRegistry: FAssetRegistry took 0.0140 seconds to start up
[2015.07.25-10.06.10:623][  0]LogDirectoryWatcher:Warning: Failed to begin reading directory changes for ../../../Engine/Plugins/Experimental/CharacterAI/Content/. Error: 0
[2015.07.25-10.06.12:588][  0]LogLinker:Warning: Asset '../../../Engine/Content/Tutorial/Mobile/SettingUpAndroidTutorial.uasset' has been saved with empty engine version. The asset will be loaded but may be incompatible.
[2015.07.25-10.06.12:912][  0]LogConsoleManager:Warning: Console variable 'r.VSync' wasn't set ('GameSetting' has a lower priority than 'SystemSettingsIni')
[2015.07.25-10.06.12:913][  0]LogConsoleResponse:Display: 
[2015.07.25-10.06.13:212][  0]LogCook:Display: Done creating registry. It took  0.00s.
[2015.07.25-10.06.13:737][  0]SourceControl: Info Source control is disabled
[2015.07.25-10.06.13:737][  0]Cmd: MAP LOAD FILE="D:/Users/SCW/Documents/Unreal Projects/Demo/Content/StarterContent/Maps/Minimal_Default.umap" TEMPLATE=0 SHOWPROGRESS=1 FEATURELEVEL=3
[2015.07.25-10.06.13:756][  0]LightingResults: New page: Lighting Build
[2015.07.25-10.06.13:781][  0]MapCheck: New page: Map Check
[2015.07.25-10.06.13:782][  0]LightingResults: New page: Lighting Build
[2015.07.25-10.06.13:792][  0]LogParticles: Destroying 0 GPU particle simulations for FXSystem 0x000000001F2F49A0
[2015.07.25-10.06.15:321][  0]LogAIModule: Creating AISystem for world Minimal_Default
[2015.07.25-10.06.15:343][  0]LogEditorServer: Finished looking for orphan Actors (0.000 secs)
[2015.07.25-10.06.15:378][  0]Cmd: MAP CHECKDEP NOCLEARLOG
[2015.07.25-10.06.15:453][  0]MapCheck: Info Map check complete: 0 Error(s), 0 Warning(s), took 73.314ms to complete.
[2015.07.25-10.06.15:453][  0]LogFileHelpers: Loading map 'Minimal_Default' took 1.716
[2015.07.25-10.06.15:652][  0]LogCollectionManager: Loaded 0 collections in 0.003128 seconds
[2015.07.25-10.06.15:667][  0]LogContentBrowser: Native class hierarchy populated in 0.0150 seconds. Added 1795 classes and 303 folders.
[2015.07.25-10.06.15:807][  0]LogContentBrowser: Native class hierarchy updated for 'WidgetCarousel' in 0.0030 seconds. Added 0 classes and 0 folders.
[2015.07.25-10.06.15:920][  0]LogContentBrowser: Native class hierarchy updated for 'AddContentDialog' in 0.0030 seconds. Added 0 classes and 0 folders.
[2015.07.25-10.06.16:115][  0]LogContentBrowser: Native class hierarchy updated for 'SceneOutliner' in 0.0030 seconds. Added 1 classes and 2 folders.
[2015.07.25-10.06.16:207][  0]LogCrashTracker: Crashtracker disabled due to settings.
[2015.07.25-10.06.16:214][  0]LogD3D11RHI: InitD3DDevice
[2015.07.25-10.06.16:221][  0]LogUObjectGlobals:Warning: Failed to find object 'Class None.'
[2015.07.25-10.06.16:248][  0]LogLoad: Full Startup: 19.94 seconds (BP compile: 0.24 seconds)
[2015.07.25-10.06.16:671][  0]LogContentStreaming: Texture pool size is 0.000000MB
[2015.07.25-10.06.16:741][  0]LogContentStreaming: Texture pool size now 700 MB
[2015.07.25-10.06.16:915][  0]LogRenderer: Reallocating scene render targets to support 1208x584 (Frame:2).
[2015.07.25-10.06.19:716][  9]LogAssetRegistry: Asset discovery search completed in 9.1075 seconds
[2015.07.25-10.07.02:311][380]LogD3D11RHI: InitD3DDevice
[2015.07.25-10.07.03:535][485]LogD3D11RHI: InitD3DDevice
[2015.07.25-10.07.03:745][508]LogD3D11RHI: InitD3DDevice
[2015.07.25-10.07.08:596][931]LogD3D11RHI: InitD3DDevice
[2015.07.25-10.07.10:838][114]LogD3D11RHI: InitD3DDevice
[2015.07.25-10.07.13:369][328]LogD3D11RHI: InitD3DDevice
[2015.07.25-10.07.13:782][360]LogD3D11RHI: InitD3DDevice
[2015.07.25-10.07.22:587][184]LogD3D11RHI: InitD3DDevice
[2015.07.25-10.07.22:848][213]LogD3D11RHI: InitD3DDevice
[2015.07.25-10.07.25:237][497]LogD3D11RHI: InitD3DDevice
[2015.07.25-10.07.25:257][498]LogD3D11RHI: InitD3DDevice
[2015.07.25-10.07.26:650][662]LogD3D11RHI: InitD3DDevice
[2015.07.25-10.07.28:269][855]LogD3D11RHI: InitD3DDevice
[2015.07.25-10.07.28:566][889]LogD3D11RHI: InitD3DDevice
[2015.07.25-10.07.28:599][891]LogD3D11RHI: InitD3DDevice
[2015.07.25-10.07.28:620][892]LogD3D11RHI: InitD3DDevice
[2015.07.25-10.07.28:641][893]LogD3D11RHI: InitD3DDevice
[2015.07.25-10.07.44:034][664]LogD3D11RHI: InitD3DDevice
[2015.07.25-10.07.44:059][665]LogD3D11RHI: InitD3DDevice
[2015.07.25-10.07.