[2015.07.25-14.10.12:596][  0]Log file open, 07/25/15 22:10:12
[2015.07.25-14.10.12:596][  0]LogInit:Display: Running engine for game: Demo
[2015.07.25-14.10.12:596][  0]LogInit:Display: RandInit(-867826428) SRandInit(-867826428).
[2015.07.25-14.10.12:597][  0]LogTaskGraph: Started task graph with 4 named threads and 7 total threads.
[2015.07.25-14.10.12:597][  0]LogStats: Stats thread started
[2015.07.25-14.10.12:597][  0]LogInit: Version: 4.8.2-2614606+++depot+UE4-Releases+4.8
[2015.07.25-14.10.12:598][  0]LogInit: API Version: 2579680
[2015.07.25-14.10.12:598][  0]LogInit: Compiled (64-bit): Jul  8 2015 23:43:41
[2015.07.25-14.10.12:598][  0]LogInit: Compiled with Visual C++: 18.00.21005.01
[2015.07.25-14.10.12:599][  0]LogInit: Build Configuration: Development
[2015.07.25-14.10.12:599][  0]LogInit: Branch Name: ++depot+UE4-Releases+4.8
[2015.07.25-14.10.12:599][  0]LogInit: Command line: 
[2015.07.25-14.10.12:600][  0]LogInit: Base directory: C:/Program Files/Epic Games/4.8/Engine/Binaries/Win64/
[2015.07.25-14.10.12:600][  0]LogInit: Rocket: 1
[2015.07.25-14.10.12:629][  0]LogInit: Using libcurl 7.41.0
[2015.07.25-14.10.12:629][  0]LogInit:  - built for x86_64-pc-win32
[2015.07.25-14.10.12:629][  0]LogInit:  - supports SSL with WinSSL
[2015.07.25-14.10.12:629][  0]LogInit:  - other features:
[2015.07.25-14.10.12:630][  0]LogInit:      CURL_VERSION_SSL
[2015.07.25-14.10.12:630][  0]LogInit:      CURL_VERSION_IPV6
[2015.07.25-14.10.12:630][  0]LogInit:      CURL_VERSION_ASYNCHDNS
[2015.07.25-14.10.12:631][  0]LogInit:      CURL_VERSION_LARGEFILE
[2015.07.25-14.10.12:631][  0]LogInit:      CURL_VERSION_IDN
[2015.07.25-14.10.12:631][  0]LogInit:  CurlRequestOptions (configurable via config and command line):
[2015.07.25-14.10.12:632][  0]LogInit:  - bVerifyPeer = true  - Libcurl will verify peer certificate
[2015.07.25-14.10.12:632][  0]LogInit:  - bUseHttpProxy = false  - Libcurl will NOT use HTTP proxy
[2015.07.25-14.10.12:632][  0]LogInit:  - bDontReuseConnections = false  - Libcurl will reuse connections
[2015.07.25-14.10.12:633][  0]LogInit:  - CertBundlePath = nullptr  - Libcurl will use whatever was configured at build time.
[2015.07.25-14.10.12:658][  0]LogOnline:Warning: No default platform service specified for OnlineSubsystem
[2015.07.25-14.10.12:712][  0]LogInit: Presizing for 0 objects not considered by GC, pre-allocating 0 bytes.
[2015.07.25-14.10.12:722][  0]LogInit: Object subsystem initialized
[2015.07.25-14.10.12:724][  0]LogConsoleResponse:Warning: Skipping Unknown console variable: 'TranslucentSortAxis = (X=0.000000,Y=-1.000000,Z=0.000000)'
[2015.07.25-14.10.12:724][  0]LogConsoleResponse:Warning:   Found in ini file 'D:/Users/SCW/Documents/Unreal Projects/Demo/Saved/Config/Windows/Engine.ini', in section '[/Script/Engine.RendererSettings]'
[2015.07.25-14.10.12:725][  0]LogConsoleResponse:Warning: Skipping Unknown console variable: 'UIScaleRule = ShortestSide'
[2015.07.25-14.10.12:725][  0]LogConsoleResponse:Warning:   Found in ini file 'D:/Users/SCW/Documents/Unreal Projects/Demo/Saved/Config/Windows/Engine.ini', in section '[/Script/Engine.RendererSettings]'
[2015.07.25-14.10.12:725][  0]LogConsoleResponse:Warning: Skipping Unknown console variable: 'UIScaleCurve = (EditorCurveData=(Keys=),ExternalCurve=None)'
[2015.07.25-14.10.12:726][  0]LogConsoleResponse:Warning:   Found in ini file 'D:/Users/SCW/Documents/Unreal Projects/Demo/Saved/Config/Windows/Engine.ini', in section '[/Script/Engine.RendererSettings]'
[2015.07.25-14.10.12:726][  0]LogInit: Selected Device Profile: [Windows]
[2015.07.25-14.10.12:727][  0]LogInit: Applying CVar settings loaded from the selected device profile: [Windows]
[2015.07.25-14.10.12:737][  0]LogInit: Computer: SCW-PC
[2015.07.25-14.10.12:737][  0]LogInit: User: SCW
[2015.07.25-14.10.12:737][  0]LogInit: CPU Page size=4096, Cores=4
[2015.07.25-14.10.12:737][  0]LogInit: High frequency timer resolution =2.483750 MHz
[2015.07.25-14.10.12:738][  0]LogMemory: Memory total: Physical=8.0GB (8GB approx)
[2015.07.25-14.10.12:738][  0]LogMemory: Platform Memory Stats for Windows
[2015.07.25-14.10.12:738][  0]LogMemory: Process Physical Memory: 50.63 MB used, 50.63 MB peak
[2015.07.25-14.10.12:739][  0]LogMemory: Process Virtual Memory: 22.46 MB used, 24.34 MB peak
[2015.07.25-14.10.12:739][  0]LogMemory: Physical Memory: 5593.20 MB used, 8183.05 MB total
[2015.07.25-14.10.12:739][  0]LogMemory: Virtual Memory: 290.52 MB used, 8388608.00 MB total
[2015.07.25-14.10.12:839][  0]LogTextLocalizationManager: The requested culture ('zh_TW') has no localization data; falling back to 'en' for localization and internationalization data.
[2015.07.25-14.10.13:161][  0]LogTextLocalizationManager:Warning: Loaded localization resources contain conflicting entries for (Namespace:ContentBrowser, Key:ImportAssetToolTip):
Localization Resource: (C:/Program Files/Epic Games/4.8/Engine/Content/Localization/Editor/en/Editor.locres) Source String Hash: (-630476809) Localized String: (Import to {0}...)
Localization Resource: (C:/Program Files/Epic Games/4.8/Engine/Content/Localization/Editor/en/Editor.locres) Source String Hash: (1271782899) Localized String: (Imports an asset from file to this folder.)
[2015.07.25-14.10.13:676][  0]LogD3D11RHI: Found D3D11 adapter 0: NVIDIA GeForce GTX 560 Ti   (Feature Level 11_0)
[2015.07.25-14.10.13:676][  0]LogD3D11RHI: Adapter has 979MB of dedicated video memory, 0MB of dedicated system memory, and 3071MB of shared system memory, 2 output[s]
[2015.07.25-14.10.13:676][  0]LogD3D11RHI: Chosen D3D11 Adapter Id = 0
[2015.07.25-14.10.13:681][  0]LogD3D11RHI: InitD3DDevice
[2015.07.25-14.10.13:682][  0]LogD3D11RHI: !Direct3DDevice
[2015.07.25-14.10.13:682][  0]LogRHI: Texture pool is 685 MB (70% of 979 MB)
[2015.07.25-14.10.13:730][  0]LogD3D11RHI: Async texture creation enabled
[2015.07.25-14.10.13:749][  0]LogShaderCompilers:Display: Using Local Shader Compiler.
[2015.07.25-14.10.14:979][  0]LogTemp:Display: Loaded TP DesktopTargetPlatform
[2015.07.25-14.10.15:014][  0]LogTemp:Display: Loaded TP WindowsClientTargetPlatform
[2015.07.25-14.10.15:048][  0]LogTemp:Display: Loaded TP WindowsNoEditorTargetPlatform
[2015.07.25-14.10.15:083][  0]LogTemp:Display: Loaded TP WindowsServerTargetPlatform
[2015.07.25-14.10.15:120][  0]LogTemp:Display: Loaded TP WindowsTargetPlatform
[2015.07.25-14.10.15:145][  0]LogTemp:Display: Loaded TP AndroidTargetPlatform
[2015.07.25-14.10.15:171][  0]LogTemp:Display: Loaded TP Android_ASTCTargetPlatform
[2015.07.25-14.10.15:201][  0]LogTemp:Display: Loaded TP Android_ATCTargetPlatform
[2015.07.25-14.10.15:229][  0]LogTemp:Display: Loaded TP Android_DXTTargetPlatform
[2015.07.25-14.10.15:258][  0]LogTemp:Display: Loaded TP Android_ETC1TargetPlatform
[2015.07.25-14.10.15:288][  0]LogTemp:Display: Loaded TP Android_ETC2TargetPlatform
[2015.07.25-14.10.15:319][  0]LogTemp:Display: Loaded TP Android_PVRTCTargetPlatform
[2015.07.25-14.10.15:424][  0]LogTemp:Display: Loaded TP IOSTargetPlatform
[2015.07.25-14.10.15:450][  0]LogTemp:Display: Loaded TP LinuxNoEditorTargetPlatform
[2015.07.25-14.10.15:474][  0]LogTemp:Display: Loaded TP LinuxServerTargetPlatform
[2015.07.25-14.10.15:500][  0]LogTemp:Display: Loaded TP LinuxTargetPlatform
[2015.07.25-14.10.15:501][  0]LogTargetPlatformManager:Display: Building Assets For Windows
[2015.07.25-14.10.15:993][  0]LogDerivedDataCache:Display: Max Cache Size: 512 MB
[2015.07.25-14.10.16:057][  0]LogDerivedDataCache: Loaded boot cache 0.06s 53MB C:/Users/SCW/AppData/Local/UnrealEngine/4.8/DerivedDataCache/Boot.ddc.
[2015.07.25-14.10.16:058][  0]LogDerivedDataCache:Display: Loaded Boot cache: C:/Users/SCW/AppData/Local/UnrealEngine/4.8/DerivedDataCache/Boot.ddc
[2015.07.25-14.10.16:058][  0]LogDerivedDataCache: FDerivedDataBackendGraph:  Pak pak cache file D:/Users/SCW/Documents/Unreal Projects/Demo/DerivedDataCache/DDC.ddp not found, will not use a pak cache.
[2015.07.25-14.10.16:059][  0]LogDerivedDataCache: Unable to find inner node Pak for hierarchical cache Hierarchy.
[2015.07.25-14.10.16:059][  0]LogDerivedDataCache: FDerivedDataBackendGraph:  CompressedPak pak cache file D:/Users/SCW/Documents/Unreal Projects/Demo/DerivedDataCache/Compressed.ddp not found, will not use a pak cache.
[2015.07.25-14.10.16:059][  0]LogDerivedDataCache: Unable to find inner node CompressedPak for hierarchical cache Hierarchy.
[2015.07.25-14.10.16:279][  0]LogDerivedDataCache:Display: Pak cache opened for reading ../../../Engine/DerivedDataCache/Compressed.ddp.
[2015.07.25-14.10.16:292][  0]LogDerivedDataCache: Using Local data cache path C:/Users/SCW/AppData/Local/UnrealEngine/Common/DerivedDataCache: Writable
[2015.07.25-14.10.16:610][  0]LogInit: Selected Device Profile: [Windows]
[2015.07.25-14.10.16:620][  0]ImportText (ComponentSweepMultiTests): Missing closing parenthesis: (RootShapeAsset="/Engine/BasicShapes/Cube.Cube",ShapeType="TriggerCapsule",HitResult=(Time=0.50,Location=(X=-100.000015,Y=0.0,Z=100.000015),ImpactPoint=(X=-50.0,Y=0.0,Z=50.0),Normal=(X=-1.0,Y=-0.0,Z=0.0),ImpactNormal=(X=0.0,Y=0.0,Z=1.0),TraceStart=(X=-200.0,Y=0.0,Z=200.0),TraceEnd=(X=0.0,Y=0.0,Z=0.0))
[2015.07.25-14.10.16:621][  0]ImportText (LineTraceSingleByChannelTests): Missing closing parenthesis: (RootShapeAsset="/Engine/BasicShapes/Cube.Cube",HitResult=(Time=0.50,Location=(X=-100.000015,Y=0.0,Z=100.000015),ImpactPoint=(X=-50.0,Y=0.0,Z=50.0),Normal=(X=-1.0,Y=-0.0,Z=0.0),ImpactNormal=(X=0.0,Y=0.0,Z=1.0),TraceStart=(X=-200.0,Y=0.0,Z=200.0),TraceEnd=(X=0.0,Y=0.0,Z=0.0))
[2015.07.25-14.10.16:682][  0]LogMeshUtilities: No automatic mesh reduction module available
[2015.07.25-14.10.16:682][  0]LogMeshUtilities: No automatic mesh merging module available
[2015.07.25-14.10.17:302][  0]LogInit: WinSock: version 1.1 (2.2), MaxSocks=32767, MaxUdp=65467
[2015.07.25-14.10.19:123][  0]UdpMessaging: Initializing bridge on interface 0.0.0.0:0 to multicast group 230.0.0.1:6666.
[2015.07.25-14.10.20:518][  0]SourceControl: Info Source control is disabled
[2015.07.25-14.10.20:592][  0]SourceControl: Info Source control is disabled
[2015.07.25-14.10.20:646][  0]SourceControl: Info Source control is disabled
[2015.07.25-14.10.20:700][  0]SourceControl: Info Source control is disabled
[2015.07.25-14.10.21:398][  0]LogObj: 26285 objects as part of root set at end of initial load.
[2015.07.25-14.10.21:398][  0]LogUObjectAllocator: 5419960 out of 0 bytes used by permanent object pool.
[2015.07.25-14.10.21:595][  0]LogEngine: Initializing Engine...
[2015.07.25-14.10.21:599][  0]LogHMD: Can't find Oculus library dev build: is proper Runtime installed? Version: 0.6.0.0
[2015.07.25-14.10.21:614][  0]LogHMD:Warning: SteamVR failed to initialize.  Error: 100
[2015.07.25-14.10.21:902][  0]LogAIModule: Creating AISystem for world NewWorld
[2015.07.25-14.10.21:917][  0]LogInit: XAudio2 using '喇叭 (ASUS Xonar DS Audio Device)' : 2 channels at 44.1 kHz using 16 bits per sample (channel mask 0x3)
[2015.07.25-14.10.21:964][  0]LogInit: FAudioDevice initialized.
[2015.07.25-14.10.21:999][  0]LogDerivedDataCache: Saved boot cache 0.03s 53MB C:/Users/SCW/AppData/Local/UnrealEngine/4.8/DerivedDataCache/Boot.ddc.
[2015.07.25-14.10.22:008][  0]LogInit: Texture streaming: Disabled
[2015.07.25-14.10.22:077][  0]LogAnalytics: Creating configured Analytics provider AnalyticsET
[2015.07.25-14.10.22:078][  0]LogAnalytics: [UEEditor.Rocket.Release] APIServer = http://et2.epicgames.com/ET2/. AppVersion = 4.8.2-2614606+++depot+UE4-Releases+4.8
[2015.07.25-14.10.22:079][  0]LogAnalytics: [UEEditor.Rocket.Release] SetUserId 568b5a34404f889fb1b32ab5dcc7273c|171fa9009f6b4f02983f7d0ecd1f12ba|c0dd2cb7-895e-48cf-9e36-42424b144c9b
[2015.07.25-14.10.22:080][  0]LogAnalytics: [UEEditor.Rocket.Release] AnalyticsET::StartSession
[2015.07.25-14.10.22:140][  0]LogInit: Transaction tracking system initialized
[2015.07.25-14.10.22:606][  0]BlueprintLog: New page: Editor Load
[2015.07.25-14.10.22:698][  0]LogAssetRegistry: FAssetRegistry took 0.0136 seconds to start up
[2015.07.25-14.10.22:700][  0]LogDirectoryWatcher:Warning: Failed to begin reading directory changes for ../../../Engine/Plugins/Experimental/CharacterAI/Content/. Error: 0
[2015.07.25-14.10.25:138][  0]LogLinker:Warning: Asset '../../../Engine/Content/Tutorial/Mobile/SettingUpAndroidTutorial.uasset' has been saved with empty engine version. The asset will be loaded but may be incompatible.
[2015.07.25-14.10.25:498][  0]LogConsoleManager:Warning: Console variable 'r.VSync' wasn't set ('GameSetting' has a lower priority than 'SystemSettingsIni')
[2015.07.25-14.10.25:499][  0]LogConsoleResponse:Display: 
[2015.07.25-14.10.25:725][  0]LogCook:Display: Done creating registry. It took  0.00s.
[2015.07.25-14.10.26:469][  0]SourceControl: Info Source control is disabled
[2015.07.25-14.10.26:469][  0]Cmd: MAP LOAD FILE="D:/Users/SCW/Documents/Unreal Projects/Demo/Content/StarterContent/Maps/Minimal_Default.umap" TEMPLATE=0 SHOWPROGRESS=1 FEATURELEVEL=3
[2015.07.25-14.10.26:520][  0]LightingResults: New page: Lighting Build
[2015.07.25-14.10.26:544][  0]MapCheck: New page: Map Check
[2015.07.25-14.10.26:544][  0]LightingResults: New page: Lighting Build
[2015.07.25-14.10.26:556][  0]LogParticles: Destroying 0 GPU particle simulations for FXSystem 0x0000000016DF89A0
[2015.07.25-14.10.28:098][  0]LogAIModule: Creating AISystem for world Minimal_Default
[2015.07.25-14.10.28:123][  0]LogEditorServer: Finished looking for orphan Actors (0.000 secs)
[2015.07.25-14.10.28:145][  0]Cmd: MAP CHECKDEP NOCLEARLOG
[2015.07.25-14.10.28:209][  0]MapCheck: Info Map check complete: 0 Error(s), 0 Warning(s), took 64.071ms to complete.
[2015.07.25-14.10.28:210][  0]LogFileHelpers: Loading map 'Minimal_Default' took 1.740
[2015.07.25-14.10.28:417][  0]LogCollectionManager: Loaded 0 collections in 0.003138 seconds
[2015.07.25-14.10.28:434][  0]LogContentBrowser: Native class hierarchy populated in 0.0152 seconds. Added 1795 classes and 303 folders.
[2015.07.25-14.10.28:588][  0]LogContentBrowser: Native class hierarchy updated for 'WidgetCarousel' in 0.0022 seconds. Added 0 classes and 0 folders.
[2015.07.25-14.10.28:712][  0]LogContentBrowser: Native class hierarchy updated for 'AddContentDialog' in 0.0021 seconds. Added 0 classes and 0 folders.
[2015.07.25-14.10.28:799][  0]LogContentBrowser: Native class hierarchy updated for 'SceneOutliner' in 0.0023 seconds. Added 1 classes and 2 folders.
[2015.07.25-14.10.28:906][  0]LogCrashTracker: Crashtracker disabled due to settings.
[2015.07.25-14.10.28:913][  0]LogD3D11RHI: InitD3DDevice
[2015.07.25-14.10.28:919][  0]LogUObjectGlobals:Warning: Failed to find object 'Class None.'
[2015.07.25-14.10.28:989][  0]LogLoad: Full Startup: 19.40 seconds (BP compile: 0.24 seconds)
[2015.07.25-14.10.29:409][  0]LogContentStreaming: Texture pool size is 0.000000MB
[2015.07.25-14.10.29:475][  0]LogContentStreaming: Texture pool size now 700 MB
[2015.07.25-14.10.29:653][  0]LogRenderer: Reallocating scene render targets to support 1208x584 (Frame:2).
[2015.07.25-14.10.32:421][  9]LogAssetRegistry: Asset discovery search completed in 9.7361 seconds
[2015.07.25-14.11.22:165][546]LogD3D11RHI: InitD3DDevice
[2015.07.25-14.11.22:379][560]LogPlayLevel: PIE:  No blueprints needed recompiling
[2015.07.25-14.11.22:388][560]PIE: New page: PIE session: Minimal_Default (Jul 26, 2015, 6:11:22 AM)
[2015.07.25-14.11.22:389][560]LogPlayLevel: Creating play world package: /Game/StarterContent/Maps/UEDPIE_0_Minimal_Default
[2015.07.25-14.11.22:398][560]LogPlayLevel: PIE: StaticDuplicateObject took: (0.007873s)
[2015.07.25-14.11.22:399][560]LogAIModule: Creating AISystem for world Minimal_Default
[2015.07.25-14.11.22:401][560]LogPlayLevel: PIE: World Init took: (0.002068s)
[2015.07.25-14.11.22:401][560]LogPlayLevel: PIE: Created PIE world by copying editor world from /Game/StarterContent/Maps/Minimal_Default.Minimal_Default to /Game/StarterContent/Maps/UEDPIE_0_Minimal_Default.Minimal_Default (0.011450s)
[2015.07.25-14.11.22:450][560]LogInit: XAudio2 using '喇叭 (ASUS Xonar DS Audio Device)' : 2 channels at 44.1 kHz using 16 bits per sample (channel mask 0x3)
[2015.07.25-14.11.22:454][560]LogInit: FAudioDevice initialized.
[2015.07.25-14.11.22:538][560]LogLinker:Warning: Can't find file '/Game/Blueprints/BP_PlayerChacterControl'
[2015.07.25-14.11.22:539][560]LogLinker:Warning: Can't find file for asset '/Game/Blueprints/BP_PlayerChacterControl' while loading D:/Users/SCW/Documents/Unreal Projects/Demo/Content/Blueprints/BP_GameMode.uasset.
[2015.07.25-14.11.22:540][560]LoadErrors:Error: Error /Game/Blueprints/BP_GameMode : Can't find file for asset. /Game/Blueprints/BP_PlayerChacterControl
[2015.07.25-14.11.22:541][560]LogLinker:Warning: Can't find file '/Game/Blueprints/BP_PlayerChacterControl'
[2015.07.25-14.11.22:541][560]LogLinker:Warning: Can't find file for asset '/Game/Blueprints/BP_PlayerChacterControl' while loading D:/Users/SCW/Documents/Unreal Projects/Demo/Content/Blueprints/BP_GameMode.uasset.
[2015.07.25-14.11.22:557][560]LogLinker:Warning: Can't find file '/Game/Blueprints/BP_PlayerChacterControl'
[2015.07.25-14.11.22:559][560]LogLinker:Warning: Can't find file for asset '/Game/Blueprints/BP_PlayerChacterControl' while loading NULL.
[2015.07.25-14.11.22:560][560]LogLinker:Warning: Can't find file '/Game/Blueprints/BP_PlayerChacterControl'
[2015.07.25-14.11.22:561][560]LogLinker:Warning: Can't find file for asset '/Game/Blueprints/BP_PlayerChacterControl' while loading NULL.
[2015.07.25-14.11.22:562][560]LogLinker:Warning: Can't find file '/Game/Blueprints/BP_PlayerChacterControl'
[2015.07.25-14.11.22:563][560]LogLinker:Warning: Can't find file for asset '/Game/Blueprints/BP_PlayerChacterControl' while loading NULL.
[2015.07.25-14.11.22:616][560]LogWorld: Game class is 'BP_GameMode_C'
[2015.07.25-14.11.22:624][560]LogWorld: Bringing World /Game/StarterContent/Maps/UEDPIE_0_Minimal_Default.Minimal_Default up for play (max tick rate 0) at 2015.07.25-22.11.22
[2015.07.25-14.11.22:624][560]LogActor:Warning: GameSession /Game/StarterContent/Maps/UEDPIE_0_Minimal_Default.Minimal_Default:PersistentLevel.GameSession_0 has natively added scene component(s), but none of them were set as the actor's RootComponent - picking one arbitrarily
[2015.07.25-14.11.22:625][560]LogActor:Warning: GameNetworkManager /Game/StarterContent/Maps/UEDPIE_0_Minimal_Default.Minimal_Default:PersistentLevel.GameNetworkManager_0 has natively added scene component(s), but none of them were set as the actor's RootComponent - picking one arbitrarily
[2015.07.25-14.11.22:625][560]LogWorld: Bringing up level for play took: 0.005669
[2015.07.25-14.11.22:629][560]PIE: Info Play in editor start time for /Game/StarterContent/Maps/UEDPIE_0_Minimal_Default -0.301
[2015.07.25-14.11.23:899][682]LogParticles: Destroying 0 GPU particle simulations for FXSystem 0x0000000003B20180
[2015.07.25-14.14.45:275][266]LogD3D11RHI: InitD3DDevice
[2015.07.25-14.14.45:277][266]Recompiling Demo...
[2015.07.25-14.14.45:278][266]Launching UnrealBuildTool... [C:/Program Files/Epic Games/4.8/Engine/Binaries/DotNET/UnrealBuildTool.exe Demo -ModuleWithSuffix Demo 1143 Win64 Development -editorrecompile -canskiplink "D:/Users/SCW/Documents/Unreal Projects/Demo/Demo.uproject" -rocket  -rocket]
[2015.07.25-14.14.45:280][266]Warning: Starting HotReload took  0.1s.
[2015.07.25-14.14.51:637][647]LogEditorViewport: Clicking on Actor (LMB): StaticMeshActor (Floor)
[2015.07.25-14.14.52:697][689]LogEditorViewport: Clicking on Actor (LMB): StaticMeshActor (Floor)
[2015.07.25-14.15.01:317][135]LogD3D11RHI: InitD3DDevice
[2015.07.25-14.15.01:346][135]LogD3D11RHI: InitD3DDevice
[2015.07.25-14.15.01:398][135]LogLinker:Warning: Asset '../../../Engine/Content/ArtTools/RenderToTexture/Macros/RenderToTextureMacros.uasset' has been saved with empty engine version. The asset will be loaded but may be incompatible.
[2015.07.25-14.15.01:488][135]LogLinker:Warning: Asset '../../../Engine/Content/ArtTools/RenderToTexture/Enums/RenderToTexture_Enum.uasset' has been saved with empty engine version. The asset will be loaded but may be incompatible.
[2015.07.25-14.15.05:790][248]LogD3D11RHI: InitD3DDevice
[2015.07.25-14.15.05:813][248]LogD3D11RHI: InitD3DDevice
[2015.07.25-14.15.39:291][471]LogD3D11RHI: InitD3DDevice
[20