[2015.07.25-07.10.18:986][  0]Log file open, 07/25/15 15:10:18
[2015.07.25-07.10.18:986][  0]LogInit:Display: Running engine for game: Demo
[2015.07.25-07.10.18:987][  0]LogInit:Display: RandInit(980695675) SRandInit(980695676).
[2015.07.25-07.10.18:987][  0]LogTaskGraph: Started task graph with 4 named threads and 7 total threads.
[2015.07.25-07.10.18:988][  0]LogStats: Stats thread started
[2015.07.25-07.10.18:988][  0]LogInit: Version: 4.8.2-2614606+++depot+UE4-Releases+4.8
[2015.07.25-07.10.18:988][  0]LogInit: API Version: 2579680
[2015.07.25-07.10.18:989][  0]LogInit: Compiled (64-bit): Jul  8 2015 23:43:41
[2015.07.25-07.10.18:989][  0]LogInit: Compiled with Visual C++: 18.00.21005.01
[2015.07.25-07.10.18:989][  0]LogInit: Build Configuration: Development
[2015.07.25-07.10.18:989][  0]LogInit: Branch Name: ++depot+UE4-Releases+4.8
[2015.07.25-07.10.18:990][  0]LogInit: Command line: 
[2015.07.25-07.10.18:990][  0]LogInit: Base directory: C:/Program Files/Epic Games/4.8/Engine/Binaries/Win64/
[2015.07.25-07.10.18:990][  0]LogInit: Rocket: 1
[2015.07.25-07.10.19:016][  0]LogInit: Using libcurl 7.41.0
[2015.07.25-07.10.19:017][  0]LogInit:  - built for x86_64-pc-win32
[2015.07.25-07.10.19:017][  0]LogInit:  - supports SSL with WinSSL
[2015.07.25-07.10.19:017][  0]LogInit:  - other features:
[2015.07.25-07.10.19:018][  0]LogInit:      CURL_VERSION_SSL
[2015.07.25-07.10.19:018][  0]LogInit:      CURL_VERSION_IPV6
[2015.07.25-07.10.19:018][  0]LogInit:      CURL_VERSION_ASYNCHDNS
[2015.07.25-07.10.19:018][  0]LogInit:      CURL_VERSION_LARGEFILE
[2015.07.25-07.10.19:019][  0]LogInit:      CURL_VERSION_IDN
[2015.07.25-07.10.19:019][  0]LogInit:  CurlRequestOptions (configurable via config and command line):
[2015.07.25-07.10.19:019][  0]LogInit:  - bVerifyPeer = true  - Libcurl will verify peer certificate
[2015.07.25-07.10.19:020][  0]LogInit:  - bUseHttpProxy = false  - Libcurl will NOT use HTTP proxy
[2015.07.25-07.10.19:020][  0]LogInit:  - bDontReuseConnections = false  - Libcurl will reuse connections
[2015.07.25-07.10.19:020][  0]LogInit:  - CertBundlePath = nullptr  - Libcurl will use whatever was configured at build time.
[2015.07.25-07.10.19:044][  0]LogOnline:Warning: No default platform service specified for OnlineSubsystem
[2015.07.25-07.10.19:097][  0]LogInit: Presizing for 0 objects not considered by GC, pre-allocating 0 bytes.
[2015.07.25-07.10.19:108][  0]LogInit: Object subsystem initialized
[2015.07.25-07.10.19:110][  0]LogConsoleResponse:Warning: Skipping Unknown console variable: 'TranslucentSortAxis = (X=0.000000,Y=-1.000000,Z=0.000000)'
[2015.07.25-07.10.19:110][  0]LogConsoleResponse:Warning:   Found in ini file 'D:/Users/SCW/Documents/Unreal Projects/Demo/Saved/Config/Windows/Engine.ini', in section '[/Script/Engine.RendererSettings]'
[2015.07.25-07.10.19:111][  0]LogConsoleResponse:Warning: Skipping Unknown console variable: 'UIScaleRule = ShortestSide'
[2015.07.25-07.10.19:111][  0]LogConsoleResponse:Warning:   Found in ini file 'D:/Users/SCW/Documents/Unreal Projects/Demo/Saved/Config/Windows/Engine.ini', in section '[/Script/Engine.RendererSettings]'
[2015.07.25-07.10.19:111][  0]LogConsoleResponse:Warning: Skipping Unknown console variable: 'UIScaleCurve = (EditorCurveData=(Keys=),ExternalCurve=None)'
[2015.07.25-07.10.19:111][  0]LogConsoleResponse:Warning:   Found in ini file 'D:/Users/SCW/Documents/Unreal Projects/Demo/Saved/Config/Windows/Engine.ini', in section '[/Script/Engine.RendererSettings]'
[2015.07.25-07.10.19:112][  0]LogInit: Selected Device Profile: [Windows]
[2015.07.25-07.10.19:113][  0]LogInit: Applying CVar settings loaded from the selected device profile: [Windows]
[2015.07.25-07.10.19:122][  0]LogInit: Computer: SCW-PC
[2015.07.25-07.10.19:123][  0]LogInit: User: SCW
[2015.07.25-07.10.19:123][  0]LogInit: CPU Page size=4096, Cores=4
[2015.07.25-07.10.19:123][  0]LogInit: High frequency timer resolution =2.483750 MHz
[2015.07.25-07.10.19:124][  0]LogMemory: Memory total: Physical=8.0GB (8GB approx)
[2015.07.25-07.10.19:124][  0]LogMemory: Platform Memory Stats for Windows
[2015.07.25-07.10.19:124][  0]LogMemory: Process Physical Memory: 50.46 MB used, 50.46 MB peak
[2015.07.25-07.10.19:124][  0]LogMemory: Process Virtual Memory: 23.74 MB used, 23.74 MB peak
[2015.07.25-07.10.19:125][  0]LogMemory: Physical Memory: 5486.92 MB used, 8183.05 MB total
[2015.07.25-07.10.19:125][  0]LogMemory: Virtual Memory: 291.64 MB used, 8388608.00 MB total
[2015.07.25-07.10.19:213][  0]LogTextLocalizationManager: The requested culture ('zh_TW') has no localization data; falling back to 'en' for localization and internationalization data.
[2015.07.25-07.10.19:531][  0]LogTextLocalizationManager:Warning: Loaded localization resources contain conflicting entries for (Namespace:ContentBrowser, Key:ImportAssetToolTip):
Localization Resource: (C:/Program Files/Epic Games/4.8/Engine/Content/Localization/Editor/en/Editor.locres) Source String Hash: (-630476809) Localized String: (Import to {0}...)
Localization Resource: (C:/Program Files/Epic Games/4.8/Engine/Content/Localization/Editor/en/Editor.locres) Source String Hash: (1271782899) Localized String: (Imports an asset from file to this folder.)
[2015.07.25-07.10.20:046][  0]LogD3D11RHI: Found D3D11 adapter 0: NVIDIA GeForce GTX 560 Ti   (Feature Level 11_0)
[2015.07.25-07.10.20:047][  0]LogD3D11RHI: Adapter has 979MB of dedicated video memory, 0MB of dedicated system memory, and 3071MB of shared system memory, 2 output[s]
[2015.07.25-07.10.20:049][  0]LogD3D11RHI: Chosen D3D11 Adapter Id = 0
[2015.07.25-07.10.20:062][  0]LogD3D11RHI: InitD3DDevice
[2015.07.25-07.10.20:063][  0]LogD3D11RHI: !Direct3DDevice
[2015.07.25-07.10.20:066][  0]LogRHI: Texture pool is 685 MB (70% of 979 MB)
[2015.07.25-07.10.20:121][  0]LogD3D11RHI: Async texture creation enabled
[2015.07.25-07.10.20:142][  0]LogShaderCompilers:Display: Using Local Shader Compiler.
[2015.07.25-07.10.21:384][  0]LogTemp:Display: Loaded TP DesktopTargetPlatform
[2015.07.25-07.10.21:420][  0]LogTemp:Display: Loaded TP WindowsClientTargetPlatform
[2015.07.25-07.10.21:456][  0]LogTemp:Display: Loaded TP WindowsNoEditorTargetPlatform
[2015.07.25-07.10.21:491][  0]LogTemp:Display: Loaded TP WindowsServerTargetPlatform
[2015.07.25-07.10.21:530][  0]LogTemp:Display: Loaded TP WindowsTargetPlatform
[2015.07.25-07.10.21:556][  0]LogTemp:Display: Loaded TP AndroidTargetPlatform
[2015.07.25-07.10.21:583][  0]LogTemp:Display: Loaded TP Android_ASTCTargetPlatform
[2015.07.25-07.10.21:611][  0]LogTemp:Display: Loaded TP Android_ATCTargetPlatform
[2015.07.25-07.10.21:642][  0]LogTemp:Display: Loaded TP Android_DXTTargetPlatform
[2015.07.25-07.10.21:670][  0]LogTemp:Display: Loaded TP Android_ETC1TargetPlatform
[2015.07.25-07.10.21:701][  0]LogTemp:Display: Loaded TP Android_ETC2TargetPlatform
[2015.07.25-07.10.21:729][  0]LogTemp:Display: Loaded TP Android_PVRTCTargetPlatform
[2015.07.25-07.10.21:833][  0]LogTemp:Display: Loaded TP IOSTargetPlatform
[2015.07.25-07.10.21:859][  0]LogTemp:Display: Loaded TP LinuxNoEditorTargetPlatform
[2015.07.25-07.10.21:883][  0]LogTemp:Display: Loaded TP LinuxServerTargetPlatform
[2015.07.25-07.10.21:911][  0]LogTemp:Display: Loaded TP LinuxTargetPlatform
[2015.07.25-07.10.21:912][  0]LogTargetPlatformManager:Display: Building Assets For Windows
[2015.07.25-07.10.22:429][  0]LogDerivedDataCache:Display: Max Cache Size: 512 MB
[2015.07.25-07.10.22:687][  0]LogDerivedDataCache: Loaded boot cache 0.26s 53MB C:/Users/SCW/AppData/Local/UnrealEngine/4.8/DerivedDataCache/Boot.ddc.
[2015.07.25-07.10.22:687][  0]LogDerivedDataCache:Display: Loaded Boot cache: C:/Users/SCW/AppData/Local/UnrealEngine/4.8/DerivedDataCache/Boot.ddc
[2015.07.25-07.10.22:688][  0]LogDerivedDataCache: FDerivedDataBackendGraph:  Pak pak cache file D:/Users/SCW/Documents/Unreal Projects/Demo/DerivedDataCache/DDC.ddp not found, will not use a pak cache.
[2015.07.25-07.10.22:688][  0]LogDerivedDataCache: Unable to find inner node Pak for hierarchical cache Hierarchy.
[2015.07.25-07.10.22:689][  0]LogDerivedDataCache: FDerivedDataBackendGraph:  CompressedPak pak cache file D:/Users/SCW/Documents/Unreal Projects/Demo/DerivedDataCache/Compressed.ddp not found, will not use a pak cache.
[2015.07.25-07.10.22:690][  0]LogDerivedDataCache: Unable to find inner node CompressedPak for hierarchical cache Hierarchy.
[2015.07.25-07.10.22:935][  0]LogDerivedDataCache:Display: Pak cache opened for reading ../../../Engine/DerivedDataCache/Compressed.ddp.
[2015.07.25-07.10.22:949][  0]LogDerivedDataCache: Using Local data cache path C:/Users/SCW/AppData/Local/UnrealEngine/Common/DerivedDataCache: Writable
[2015.07.25-07.10.23:481][  0]LogInit: Selected Device Profile: [Windows]
[2015.07.25-07.10.23:491][  0]ImportText (ComponentSweepMultiTests): Missing closing parenthesis: (RootShapeAsset="/Engine/BasicShapes/Cube.Cube",ShapeType="TriggerCapsule",HitResult=(Time=0.50,Location=(X=-100.000015,Y=0.0,Z=100.000015),ImpactPoint=(X=-50.0,Y=0.0,Z=50.0),Normal=(X=-1.0,Y=-0.0,Z=0.0),ImpactNormal=(X=0.0,Y=0.0,Z=1.0),TraceStart=(X=-200.0,Y=0.0,Z=200.0),TraceEnd=(X=0.0,Y=0.0,Z=0.0))
[2015.07.25-07.10.23:492][  0]ImportText (LineTraceSingleByChannelTests): Missing closing parenthesis: (RootShapeAsset="/Engine/BasicShapes/Cube.Cube",HitResult=(Time=0.50,Location=(X=-100.000015,Y=0.0,Z=100.000015),ImpactPoint=(X=-50.0,Y=0.0,Z=50.0),Normal=(X=-1.0,Y=-0.0,Z=0.0),ImpactNormal=(X=0.0,Y=0.0,Z=1.0),TraceStart=(X=-200.0,Y=0.0,Z=200.0),TraceEnd=(X=0.0,Y=0.0,Z=0.0))
[2015.07.25-07.10.23:552][  0]LogMeshUtilities: No automatic mesh reduction module available
[2015.07.25-07.10.23:553][  0]LogMeshUtilities: No automatic mesh merging module available
[2015.07.25-07.10.24:159][  0]LogInit: WinSock: version 1.1 (2.2), MaxSocks=32767, MaxUdp=65467
[2015.07.25-07.10.26:614][  0]UdpMessaging: Initializing bridge on interface 0.0.0.0:0 to multicast group 230.0.0.1:6666.
[2015.07.25-07.10.27:419][  0]SourceControl: Info Source control is disabled
[2015.07.25-07.10.27:492][  0]SourceControl: Info Source control is disabled
[2015.07.25-07.10.27:519][  0]SourceControl: Info Source control is disabled
[2015.07.25-07.10.27:550][  0]SourceControl: Info Source control is disabled
[2015.07.25-07.10.28:044][  0]LogObj: 26286 objects as part of root set at end of initial load.
[2015.07.25-07.10.28:045][  0]LogUObjectAllocator: 5420744 out of 0 bytes used by permanent object pool.
[2015.07.25-07.10.28:181][  0]LogEngine: Initializing Engine...
[2015.07.25-07.10.28:184][  0]LogHMD: Can't find Oculus library dev build: is proper Runtime installed? Version: 0.6.0.0
[2015.07.25-07.10.28:196][  0]LogHMD:Warning: SteamVR failed to initialize.  Error: 100
[2015.07.25-07.10.28:437][  0]LogAIModule: Creating AISystem for world NewWorld
[2015.07.25-07.10.28:448][  0]LogInit: XAudio2 using '喇叭 (ASUS Xonar DS Audio Device)' : 2 channels at 44.1 kHz using 16 bits per sample (channel mask 0x3)
[2015.07.25-07.10.28:460][  0]LogInit: FAudioDevice initialized.
[2015.07.25-07.10.28:496][  0]LogDerivedDataCache: Saved boot cache 0.03s 53MB C:/Users/SCW/AppData/Local/UnrealEngine/4.8/DerivedDataCache/Boot.ddc.
[2015.07.25-07.10.28:506][  0]LogInit: Texture streaming: Disabled
[2015.07.25-07.10.28:558][  0]LogAnalytics: Creating configured Analytics provider AnalyticsET
[2015.07.25-07.10.28:558][  0]LogAnalytics: [UEEditor.Rocket.Release] APIServer = http://et2.epicgames.com/ET2/. AppVersion = 4.8.2-2614606+++depot+UE4-Releases+4.8
[2015.07.25-07.10.28:559][  0]LogAnalytics: [UEEditor.Rocket.Release] SetUserId 568b5a34404f889fb1b32ab5dcc7273c|171fa9009f6b4f02983f7d0ecd1f12ba|c0dd2cb7-895e-48cf-9e36-42424b144c9b
[2015.07.25-07.10.28:559][  0]LogAnalytics: [UEEditor.Rocket.Release] AnalyticsET::StartSession
[2015.07.25-07.10.28:603][  0]LogInit: Transaction tracking system initialized
[2015.07.25-07.10.28:942][  0]BlueprintLog: New page: Editor Load
[2015.07.25-07.10.29:039][  0]LogAssetRegistry: FAssetRegistry took 0.0115 seconds to start up
[2015.07.25-07.10.29:040][  0]LogDirectoryWatcher:Warning: Failed to begin reading directory changes for ../../../Engine/Plugins/Experimental/CharacterAI/Content/. Error: 0
[2015.07.25-07.10.30:490][  0]LogLinker:Warning: Asset '../../../Engine/Content/Tutorial/Mobile/SettingUpAndroidTutorial.uasset' has been saved with empty engine version. The asset will be loaded but may be incompatible.
[2015.07.25-07.10.30:741][  0]LogConsoleManager:Warning: Console variable 'r.VSync' wasn't set ('GameSetting' has a lower priority than 'SystemSettingsIni')
[2015.07.25-07.10.30:742][  0]LogConsoleResponse:Display: 
[2015.07.25-07.10.30:902][  0]LogCook:Display: Done creating registry. It took  0.00s.
[2015.07.25-07.10.31:335][  0]SourceControl: Info Source control is disabled
[2015.07.25-07.10.31:335][  0]Cmd: MAP LOAD FILE="D:/Users/SCW/Documents/Unreal Projects/Demo/Content/StarterContent/Maps/Minimal_Default.umap" TEMPLATE=0 SHOWPROGRESS=1 FEATURELEVEL=3
[2015.07.25-07.10.31:344][  0]LightingResults: New page: Lighting Build
[2015.07.25-07.10.31:368][  0]MapCheck: New page: Map Check
[2015.07.25-07.10.31:368][  0]LightingResults: New page: Lighting Build
[2015.07.25-07.10.31:378][  0]LogParticles: Destroying 0 GPU particle simulations for FXSystem 0x000000001400C9A0
[2015.07.25-07.10.32:584][  0]LogAIModule: Creating AISystem for world Minimal_Default
[2015.07.25-07.10.32:599][  0]LogEditorServer: Finished looking for orphan Actors (0.000 secs)
[2015.07.25-07.10.32:633][  0]Cmd: MAP CHECKDEP NOCLEARLOG
[2015.07.25-07.10.32:697][  0]MapCheck: Info Map check complete: 0 Error(s), 0 Warning(s), took 63.309ms to complete.
[2015.07.25-07.10.32:698][  0]LogFileHelpers: Loading map 'Minimal_Default' took 1.362
[2015.07.25-07.10.32:875][  0]LogCollectionManager: Loaded 0 collections in 0.003047 seconds
[2015.07.25-07.10.32:887][  0]LogContentBrowser: Native class hierarchy populated in 0.0118 seconds. Added 1795 classes and 303 folders.
[2015.07.25-07.10.33:035][  0]LogContentBrowser: Native class hierarchy updated for 'WidgetCarousel' in 0.0019 seconds. Added 0 classes and 0 folders.
[2015.07.25-07.10.33:126][  0]LogContentBrowser: Native class hierarchy updated for 'AddContentDialog' in 0.0019 seconds. Added 0 classes and 0 folders.
[2015.07.25-07.10.33:171][  0]LogContentBrowser: Native class hierarchy updated for 'SceneOutliner' in 0.0019 seconds. Added 1 classes and 2 folders.
[2015.07.25-07.10.33:234][  0]LogCrashTracker: Crashtracker disabled due to settings.
[2015.07.25-07.10.33:236][  0]LogD3D11RHI: InitD3DDevice
[2015.07.25-07.10.33:240][  0]LogUObjectGlobals:Warning: Failed to find object 'Class None.'
[2015.07.25-07.10.33:262][  0]LogLoad: Full Startup: 17.20 seconds (BP compile: 0.24 seconds)
[2015.07.25-07.10.33:357][  0]LogContentStreaming: Texture pool size is 0.000000MB
[2015.07.25-07.10.33:419][  0]LogContentStreaming: Texture pool size now 700 MB
[2015.07.25-07.10.33:586][  0]LogRenderer: Reallocating scene render targets to support 1208x584 (Frame:2).
[2015.07.25-07.10.34:029][  8]LogAssetRegistry: Asset discovery search completed in 5.0022 seconds
[2015.07.25-07.10.36:472][255]LogD3D11RHI: InitD3DDevice
[2015.07.25-07.10.39:974][582]LogD3D11RHI: InitD3DDevice
[2015.07.25-07.10.40:314][611]LogD3D11RHI: InitD3DDevice
[2015.07.25-07.10.41:493][711]LogD3D11RHI: InitD3DDevice
[2015.07.25-07.10.42:143][755]LogD3D11RHI: InitD3DDevice
[2015.07.25-07.10.42:237][755]LogD3D11RHI: InitD3DDevice
[2015.07.25-07.11.09:955][696]LogD3D11RHI: InitD3DDevice
[2015.07.25-07.11.10:137][696]Running C:/Program Files/Epic Games/4.8/Engine/Binaries/DotNET/UnrealBuildTool.exe Demo Win64 Development -editorrecompile "D:/Users/SCW/Documents/Unreal Projects/Demo/Demo.uproject" -invalidatemakefilesonly -rocket
[2015.07.25-07.11.10:642][696]Invalidating makefiles only in this run.
[2015.07.25-07.11.10:770][696]LogD3D11RHI: InitD3DDevice
[2015.07.25-07.11.10:773][696]Recompiling Demo...
[2015.07.25-07.11.10:773][696]Launching UnrealBuildTool... [C:/Program Files/Epic Games/4.8/Engine/Binaries/DotNET/UnrealBuildTool.exe Demo -ModuleWithSuffix Demo 4515 Win64 Development -editorrecompile -canskiplink "D:/Users/SCW/Documents/Unreal Projects/Demo/Demo.uproject" -rocket  -rocket]
[2015.07.25-07.11.35:103][696]CompilerResultsLog: New page: Compilation - Jul 25, 2015, 11:11:35 PM
[2015.07.25-07.11.35:109][696]CompilerResultsLog: Info Compiling game modules for hot reload
[2015.07.25-07.11.35:110][696]CompilerResultsLog: Info Parsing headers for DemoEditor
[2015.07.25-07.11.35:110][696]CompilerResultsLog: Info Reflection code generated for DemoEditor
[2015.07.25-07.11.35:110][696]CompilerResultsLog: Info Performing 3 actions (4 in parallel)
[2015.07.25-07.11.35:111][696]CompilerResultsLog: Info Demo.generated.cpp
[2015.07.25-07.11.35:111][696]CompilerResultsLog: Info MyActorFactoryCharacter.cpp
[2015.07.25-07.11.35:111][696]CompilerResultsLog:Error: Error C:\Program Files\Epic Games\4.8\Engine\Source\Editor\UnrealEd\Classes\ActorFactories/ActorFactoryCharacter.h(9)  : error C2504: 'UActorFactory' : base class undefined
[2015.07.25-07.11.35:112][696]CompilerResultsLog:Error: Error C:\Program Files\Epic Games\4.8\Engine\Source\Editor\UnrealEd\Classes\ActorFactories/ActorFactoryCharacter.h(10)  : error C2146: syntax error : missing ';' before identifier 'Super'
[2015.07.25-07.11.35:112][696]CompilerResultsLog:Error: Error C:\Program Files\Epic Games\4.8\Engine\Source\Editor\UnrealEd\Classes\ActorFactories/ActorFactoryCharacter.h(10)  : error C4430: missing type specifier - int assumed. Note: C++ does not support default-int
[2015.07.25-07.11.35:112][696]CompilerResultsLog:Error: Error C:\Program Files\Epic Games\4.8\Engine\Source\Editor\UnrealEd\Classes\ActorFactories/ActorFactoryCharacter.h(9)  : error C2504: 'UActorFactory' : base class undefined
[2015.07.25-07.11.35:113][696]CompilerResultsLog:Error: Error C:\Program Files\Epic Games\4.8\Engine\Source\Editor\UnrealEd\Classes\ActorFactories/ActorFactoryCharacter.h(10)  : error C2146: syntax error : missing ';' before identifier 'Super'
[2015.07.25-07.11.35:113][696]CompilerResultsLog:Error: Error C:\Program Files\Epic Games\4.8\Engine\Source\Editor\UnrealEd\Classes\ActorFactories/ActorFactoryCharacter.h(10)  : error C4430: missing type specifier - int assumed. Note: C++ does not support default-int
[2015.07.25-07.11.35:114][696]CompilerResultsLog:Error: Error C:\Program Files\Epic Games\4.8\Engine\Source\Editor\UnrealEd\Classes\ActorFactories/ActorFactoryCharacter.h(10)  : error C3668: 'UActorFactoryCharacter::_getUObject' : method with override specifier 'override' did not override any base class methods
[2015.07.25-07.11.35:114][696]CompilerResultsLog:Error: Error C:\Program Files\Epic Games\4.8\Engine\Source\Editor\UnrealEd\Classes\ActorFactories/ActorFactoryCharacter.h(13)  : error C3668: 'UActorFactoryCharacter::CanCreateActorFrom' : method with override specifier 'override' did not override any base class methods
[2015.07.25-07.11.35:114][696]CompilerResultsLog:Error: Error C:\Program Files\Epic Games\4.8\Engine\Source\Editor\UnrealEd\Classes\ActorFactories/ActorFactoryCharacter.h(16)  : error C3668: 'UActorFactoryCharacter::SpawnActor' : method with override specifier 'override' did not override any base class methods
[2015.07.25-07.11.35:115][696]CompilerResultsLog:Error: Error C:\Program Files\Epic Games\4.8\Engine\Source\Editor\UnrealEd\Classes\ActorFactories/ActorFactoryCharacter.h(10)  : error C2440: 'return' : cannot convert from 'UActorFactoryCharacter *' to 'UObject *'
[2015.07.25-07.11.35:115][696]CompilerResultsLog: Info         Types pointed to are unrelated; conversion requires reinterpret_cast, C-style cast or function-style cast
[2015.07.25-07.11.35:116][696]CompilerResultsLog:Error: Error C:\Program Files\Epic Games\4.8\Engine\Source\Editor\UnrealEd\Classes\ActorFactories/ActorFactoryCharacter.h(10)  : error C3668: 'UActorFactoryCharacter::_getUObject' : method with override specifier 'override' did not override any base class methods
[2015.07.25-07.11.35:116][696]CompilerResultsLog:Error: Error C:\Program Files\Epic Games\4.8\Engine\Source\Editor\UnrealEd\Classes\ActorFactories/ActorFactoryCharacter.h(13)  : error C3668: 'UActorFactoryCharacter::CanCreateActorFrom' : method with override specifier 'override' did not override any base class methods
[2015.07.25-07.11.35:116][696]CompilerResultsLog:Error: Error C:\Program Files\Epic Games\4.8\Engine\Source\Editor\UnrealEd\Classes\ActorFactories/ActorFactoryCharacter.h(16)  : error C3668: 'UActorFactoryCharacter::SpawnActor' : method with override specifier 'override' did not override any base class methods
[2015.07.25-07.11.35:117][696]CompilerResultsLog:Error: Error C:\Program Files\Epic Games\4.8\Engine\Source\Editor\UnrealEd\Classes\ActorFactories/ActorFactoryCharacter.h(10)  : error C2440: 'return' : cannot convert from 'UActorFactoryCharacter *' to 'UObject *'
[2015.07.25-07.11.35:117][696]CompilerResultsLog: Info         Types pointed to are unrelated; conversion requires reinterpret_cast, C-style cast or function-style cast
[2015.07.25-07.11.35:118][696]CompilerResultsLog:Error: Error d:\users\scw\documents\unreal projects\demo\source\demo\MyActorFactoryCharacter.h(14)  : error C2440: 'return' : cannot convert from 'UMyActorFactoryCharacter *' to 'UObject *'
[2015.07.25-07.11.35:118][696]CompilerResultsLog: Info         Types pointed to are unrelated; conversion requires reinterpret_cast, C-style cast or function-style cast
[2015.07.25-07.11.35:118][696]CompilerResultsLog:Error: Error D:\Users\SCW\Documents\Unreal Projects\Demo\Source\Demo\MyActorFactoryCharacter.h(14)  : error C2440: 'return' : cannot convert from 'UMyActorFactoryCharacter *' to 'UObject *'
[2015.07.25-07.11.35:119][696]CompilerResultsLog: Info         Types pointed to are unrelated; conversion requires reinterpret_cast, C-style cast or function-style cast
[2015.07.25-07.11.35:119][696]CompilerResultsLog: Info -------- End Detailed Actions Stats -----------------------------------------------------------
[2015.07.25-07.11.35:120][696]CompilerResultsLog: Info ERROR: UBT ERROR: Failed to produce item: D:\Users\SCW\Documents\Unreal Projects\Demo\Binaries\Win64\UE4Editor-Demo-4515.dll
[2015.07.25-07.11.35:120][696]CompilerResultsLog: Info Total build time: 24.14 seconds
[2015.07.25-07.11.35:120][696]LogMainFrame: MainFrame: Module compiling took 24.358 seconds
[2015.07.25-07.11.35:121][696]Warning: HotReload failed, recompile failed
[2015.07.25-07.11.35:126][696]Warning: RebindPackages failed because the compiler could not be started.
[2015.07.25-07.11.35:138][696]LogD3D11RHI: InitD3DDevice
[2015.07.25-07.11.49:863][696]LogD3D11RHI: InitD3DDevice
[2015.07.25-07.13.09:373][570]Cmd: QUIT_EDITOR
[2015.07.25-07.13.09:720][570]LogExit: Preparing to exit.
[2015.07.25-07.13.10:664][570]LogExit: Editor shut down
[2015.07.25-07.13.10:665][570]LogExit: Transaction tracking system shut down
[2015.07.25-07.13.10:666][570]LogParticles: Destroying 0 GPU particle simulations for FXSystem 0x000000000E6884A0
[2015.07.25-07.13.10:666][570]LogParticles: Destroying 0 GPU particle simulations for FXSystem 0x00000000105C79C0
[2015.07.25-07.13.10:847][570]LogExit: Object subsystem successfully closed.
[2015.07.25-07.13.10:865][570]LogD3D11RHI: Shutdown
[2015.07.25-07.13.10:865][570]LogD3D11RHI: CleanupD3DDevice
[2015.07.25-07.13.11:197][570]LogD3D11RHI: ~FD3D11DynamicRHI
[2015.07.25-07.13.11:222][570]LogModuleManager: Shutting down and abandoning module CrashTracker (189)
[2015.07.25-07.13.11:222][570]LogModuleManager: Shutting down and abandoning module SceneOutliner (188)
[2015.07.25-07.13.11:222][570]LogModuleManager: Shutting down and abandoning module SuperSearch (187)
[2015.07.25-07.13.11:223][570]LogModuleManager: Shutting down and abandoning module WidgetCarousel (186)
[2015.07.25-07.13.11:223][570]LogModuleManager: Shutting down and abandoning module AddContentDialog (185)
[2015.07.25-07.13.11:224][570]LogModuleManager: Shutting down and abandoning module EditorWidgets (184)
[2015.07.25-07.13.11:224][570]LogModuleManager: Shutting down and abandoning module CollectionManager (183)
[2015.07.25-07.13.11:225][570]LogModuleManager: Shutting down and abandoning module StatsViewer (182)
[2015.07.25-07.13.11:225][570]LogModuleManager: Shutting down and abandoning module FoliageEdit (181)
[2015.07.25-07.13.11:225][570]LogModuleManager: Shutting down and abandoning module LandscapeEditor (180)
[2015.07.25-07.13.11:226][570]LogModuleManager: Shutting down and abandoning module ActorPickerMode (179)
[2015.07.25-07.13.11:226][570]LogModuleManager: Shutting down and abandoning module GeometryMode (178)
[2015.07.25-07.13.11:227][570]LogModuleManager: Shutting down and abandoning module TextureAlignMode (177)
[2015.07.25-07.13.11:227][570]LogModuleManager: Shutting down and abandoning module BspMode (176)
[2015.07.25-07.13.11:227][570]LogModuleManager: Shutting down and abandoning module PlacementMode (175)
[2015.07.25-07.13.11:227][570]LogModuleManager: Shutting down and abandoning module AutomationWorker (174)
[2015.07.25-07.13.11:228][570]LogModuleManager: Shutting down and abandoning module CharacterAI (173)
[2015.07.25-07.13.11:228][570]LogModuleManager: Shutting down and abandoning module SmartSnapping (172)
[2015.07.25-07.13.11:228][570]LogModuleManager: Shutting down and abandoning module ViewportSnapping (171)
[2015.07.25-07.13.11:229][570]LogModuleManager: Shutting down and abandoning module LogVisualizer (170)
[2015.07.25-07.13.11:229][570]LogModuleManager: Shutting down and abandoning module GameProjectGeneration (169)
[2015.07.25-07.13.11:229][570]LogModuleManager: Shutting down and abandoning module IntroTutorials (168)
[2015.07.25-07.13.11:230][570]LogModuleManager: Shutting down and abandoning module EditorLiveStreaming (167)
[2015.07.25-07.13.11:230][570]LogModuleManager: Shutting down and abandoning module IOSPlatformEditor (166)
[2015.07.25-07.13.11:230][570]LogModuleManager: Shutting down and abandoning module HTML5PlatformEditor (165)
[2015.07.25-07.13.11:231][570]LogModuleManager: Shutting down and abandoning module AndroidDeviceDetection (164)
[2015.07.25-07.13.11:333][570]LogModuleManager: Shutting down and abandoning module AndroidPlatformEditor (163)
[2015.07.25-07.13.11:333][570]LogModuleManager: Shutting down and abandoning module IOSRuntimeSettings (162)
[2015.07.25-07.13.11:334][570]LogModuleManager: Shutting down and abandoning module AndroidRuntimeSettings (161)
[2015.07.25-07.13.11:334][570]LogModuleManager: Shutting down and abandoning module MergeActors (160)
[2015.07.25-07.13.11:334][570]LogModuleManager: Shutting down and abandoning module SizeMap (159)
[2015.07.25-07.13.11:335][570]LogModuleManager: Shutting down and abandoning module TreeMap (158)
[2015.07.25-07.13.11:335][570]LogModuleManager: Shutting down and abandoning module ReferenceViewer (157)
[2015.07.25-07.13.11:336][570]LogModuleManager: Shutting down and abandoning module LocalizationDashboard (156)
[2015.07.25-07.13.11:336][570]LogModuleManager: Shutting down and abandoning module HardwareTargeting (155)
[2015.07.25-07.13.11:337][570]LogModuleManager: Shutting down and abandoning module DeviceProfileEditor (154)
[2015.07.25-07.13.11:337][570]LogModuleManager: Shutting down and abandoning module UndoHistory (153)
[2015.07.25-07.13.11:337][570]LogModuleManager: Shutting down and abandoning module GameplayTagsEditor (152)
[2015.07.25-07.13.11:338][570]LogModuleManager: Shutting down and abandoning module UserFeedback (151)
[2015.07.25-07.13.11:338][570]LogModuleManager: Shutting down and abandoning module XmlParser (150)
[2015.07.25-07.13.11:338][570]LogModuleManager: Shutting down and abandoning module Blutility (149)
[2015.07.25-07.13.11:339][570]LogModuleManager: Shutting down and abandoning module ProjectTargetPlatformEditor (148)
[2015.07.25-07.13.11:339][570]LogModuleManager: Shutting down and abandoning module ProjectSettingsViewer (147)
[2015.07.25-07.13.11:340][570]LogModuleManager: Shutting down and abandoning module InputBindingEditor (146)
[2015.07.25-07.13.11:340][570]LogModuleManager: Shutting down and abandoning module EditorSettingsViewer (145)
[2015.07.25-07.13.11:341][570]LogModuleManager: Shutting down and abandoning module SettingsEditor (144)
[2015.07.25-07.13.11:341][570]LogModuleManager: Shutting down and abandoning module ProjectLauncher (143)
[2015.07.25-07.13.11:341][570]LogModuleManager: Shutting down and abandoning module SessionFrontend (142)
[2015.07.25-07.13.11:342][570]LogModuleManager: Shutting down and abandoning module ProfilerClient (141)
[2015.07.25-07.13.11:342][570]LogModuleManager: Shutting down and abandoning module TargetDeviceServices (140)
[2015.07.25-07.13.11:342][570]LogModuleManager: Shutting down and abandoning module DeviceManager (139)
[2015.07.25-07.13.11:343][570]LogModuleManager: Shutting down and abandoning module AutomationController (138)
[2015.07.25-07.13.11:343][570]LogModuleManager: Shutting down and abandoning module AutomationWindow (137)
[2015.07.25-07.13.11:344][570]LogModuleManager: Shutting down and abandoning module Layers (136)
[2015.07.25-07.13.11:344][570]LogModuleManager: Shutting down and abandoning module ComponentVisualizers (135)
[2015.07.25-07.13.11:344][570]LogModuleManager: Shutting down and abandoning module DetailCustomizations (134)
[2015.07.25-07.13.11:345][570]LogModuleManager: Shutting down and abandoning module PackagesDialog (133)
[2015.07.25-07.13.11:345][570]LogModuleManager: Shutting down and abandoning module AssetRegistry (132)
[2015.07.25-07.13.11:470][570]LogModuleManager: Shutting down and abandoning module Persona (131)
[2015.07.25-07.13.11:471][570]LogModuleManager: Shutting down and abandoning module Kismet (130)
[2015.07.25-07.13.11:471][570]LogModuleManager: Shutting down and abandoning module GraphEditor (129)
[2015.07.25-07.13.11:472][570]LogModuleManager: Shutting down and abandoning module ClassViewer (128)
[2015.07.25-07.13.11:473][570]LogModuleManager: Shutting down and abandoning module Toolbox (127)
[2015.07.25-07.13.11:474][570]LogModuleManager: Shutting down and abandoning module ModuleUI (126)
[2015.07.25-07.13.11:474][570]LogModuleManager: Shutting down and abandoning module MovieSceneTools (125)
[2015.07.25-07.13.11:474][570]LogModuleManager: Shutting down and abandoning module OutputLog (124)
[2015.07.25-07.13.11:475][570]LogModuleManager: Shutting down and abandoning module GammaUI (123)
[2015.07.25-07.13.11:475][570]LogModuleManager: Shutting down and abandoning module Documentation (122)
[2015.07.25-07.13.11:475][570]LogModuleManager: Shutting down and abandoning module GameLiveStreaming (121)
[2015.07.25-07.13.11:476][570]LogModuleManager: Shutting down and abandoning module StreamingPauseRendering (120)
[2015.07.25-07.13.11:476][570]LogModuleManager: Shutting down and abandoning module AnalyticsET (119)
[2015.07.25-07.13.11:476][570]LogModuleManager: Shutting down and abandoning module Analytics (118)
[2015.07.25-07.13.11:477][570]LogModuleManager: Shutting down and abandoning module AITestSuite (117)
[2015.07.25-07.13.11:477][570]LogModuleManager: Shutting down and abandoning module GameplayDebugger (116)
[2015.07.25-07.13.11:477][570]LogModuleManager: Shutting down and abandoning module AIModule (115)
[2015.07.25-07.13.11:478][570]LogModuleManager: Shutting down and abandoning module ProfilerService (114)
[2015.07.25-07.13.11:628][570]LogModuleManager: Shutting down and abandoning module TaskGraph (113)
[2015.07.25-07.13.11:629][570]LogModuleManager: Shutting down and abandoning module SlateRemote (112)
[2015.07.25-07.13.11:630][570]LogModuleManager: Shutting down and abandoning module SteamVRController (111)
[2015.07.25-07.13.11:631][570]LogModuleManager: Shutting down and abandoning module SteamVR (110)
[2015.07.25-07.13.11:631][570]LogModuleManager: Shutting down and abandoning module ProceduralMeshComponent (109)
[2015.07.25-07.13.11:632][570]LogModuleManager: Shutting down and abandoning module OculusRift (108)
[2015.07.25-07.13.11:632][570]LogModuleManager: Shutting down and abandoning module LeapMotionController (107)
[2015.07.25-07.13.11:656][570]LogModuleManager: Shutting down and abandoning module CustomMeshComponent (106)
[2015.07.25-07.13.11:657][570]LogModuleManager: Shutting down and abandoning module CableComponent (105)
[2015.07.25-07.13.11:657][570]LogModuleManager: Shutting down and abandoning module MessagingDebugger (104)
[2015.07.25-07.13.11:658][570]LogModuleManager: Shutting down and abandoning module MediaPlayerEditor (103)
[2015.07.25-07.13.11:658][570]LogModuleManager: Shutting down and abandoning module SpeedTreeImporter (102)
[2015.07.25-07.13.11:658][570]LogModuleManager: Shutting down and abandoning module PluginBrowser (101)
[2015.07.25-07.13.11:659][570]LogModuleManager: Shutting down and abandoning module EpicSurvey (100)
[2015.07.25-07.13.11:659][570]LogModuleManager: Shutting down and abandoning module DesktopPlatform (99)
[2015.07.25-07.13.11:659][570]LogModuleManager: Shutting down and abandoning module VisualStudioSourceCodeAccess (98)
[2015.07.25-07.13.11:660][570]LogModuleManager: Shutting down and abandoning module UObjectPlugin (97)
[2015.07.25-07.13.11:660][570]LogModuleManager: Shutting down and abandoning module SubversionSourceControl (96)
[2015.07.25-07.13.11:660][570]LogModuleManager: Shutting down and abandoning module PerforceSourceControl (95)
[2015.07.25-07.13.11:661][570]LogModuleManager: Shutting down and abandoning module SourceControl (94)
[2015.07.25-07.13.11:661][570]LogModuleManager: Shutting down and abandoning module GitSourceControl (93)
[2015.07.25-07.13.11:662][570]LogModuleManager: Shutting down and abandoning module BlankPlugin (92)
[2015.07.25-07.13.11:662][570]LogModuleManager: Shutting down and abandoning module PaperTiledImporter (91)
[2015.07.25-07.13.11:662][570]LogModuleManager: Shutting down and abandoning module PaperSpriteSheetImporter (90)
[2015.07.25-07.13.11:663][570]LogModuleManager: Shutting down and abandoning module MeshPaint (89)
[2015.07.25-07.13.11:663][570]LogModuleManager: Shutting down and abandoning module SlateReflector (88)
[2015.07.25-07.13.11:663][570]LogModuleManager: Shutting down and abandoning module DirectoryWatcher (87)
[2015.07.25-07.13.11:664][570]LogModuleManager: Shutting down and abandoning module HotReload (86)
[2015.07.25-07.13.11:665][570]LogModuleManager: Shutting down and abandoning module MainFrame (85)
[2015.07.25-07.13.11:665][570]LogModuleManager: Shutting down and abandoning module LevelEditor (84)
[2015.07.25-07.13.11:666][570]LogModuleManager: Shutting down and abandoning module ContentBrowser (83)
[2015.07.25-07.13.11:667][570]LogModuleManager: Shutting down and abandoning module Paper2DEditor (82)
[2015.07.25-07.13.11:667][570]LogModuleManager: Shutting down and abandoning module Demo (81)
[2015.07.25-07.13.11:667][570]LogModuleManager: Shutting down and abandoning module UdpMessaging (80)
[2015.07.25-07.13.11:769][570]LogModuleManager: Shutting down and abandoning module Paper2D (79)
[2015.07.25-07.13.11:769][570]LogModuleManager: Shutting down and abandoning module WindowsMoviePlayer (78)
[2015.07.25-07.13.11:773][570]LogModuleManager: Shutting down and abandoning module Media (77)
[2015.07.25-07.13.11:774][570]LogModuleManager: Shutting down and abandoning module WmfMedia (76)
[2015.07.25-07.13.11:775][570]LogModuleManager: Shutting down and abandoning module OnlineBlueprintSupport (75)
[2015.07.25-07.13.11:776][570]LogModuleManager: Shutting down and abandoning module PropertyEditor (74)
[2015.07.25-07.13.11:776][570]LogModuleManager: Shutting down and abandoning module BehaviorTreeEditor (73)
[2015.07.25-07.13.11:776][570]LogModuleManager: Shutting down and abandoning module FunctionalTesting (72)
[2015.07.25-07.13.11:777][570]LogModuleManager: Shutting down and abandoning module CollisionAnalyzer (71)
[2015.07.25-07.13.11:777][570]LogModuleManager: Shutting down and abandoning module WorkspaceMenuStructure (70)
[2015.07.25-07.13.11:777][570]LogModuleManager: Shutting down and abandoning module MessageLog (69)
[2015.07.25-07.13.11:778][570]LogModuleManager: Shutting down and abandoning module Sequencer (68)
[2015.07.25-07.13.11:778][570]LogModuleManager: Shutting down and abandoning module AssetTools (67)
[2015.07.25-07.13.11:778][570]LogModuleManager: Shutting down and abandoning module UMGEditor (66)
[2015.07.25-07.13.11:779][570]LogModuleManager: Shutting down and abandoning module UMG (65)
[2015.07.25-07.13.11:779][570]LogModuleManager: Shutting down and abandoning module Slate (64)
[2015.07.25-07.13.11:779][570]LogModuleManager: Shutting down and abandoning module EditorStyle (63)
[2015.07.25-07.13.11:783][570]LogModuleManager: Shutting down and abandoning module SessionServices (62)
[2015.07.25-07.13.11:783][570]LogModuleManager: Shutting down and abandoning module SourceCodeAccess (61)
[2015.07.25-07.13.11:784][570]LogModuleManager: Shutting down and abandoning module HeadMountedDisplay (60)
[2015.07.25-07.13.11:784][570]LogModuleManager: Shutting down and abandoning module XAudio2 (59)
[2015.07.25-07.13.11:784][570]LogModuleManager: Shutting down and abandoning module Networking (57)
[2015.07.25-07.13.11:785][570]LogModuleManager: Shutting down and abandoning module Core (56)
[2015.07.25-07.13.11:785][570]LogModuleManager: Shutting down and abandoning module KismetCompiler (55)
[2015.07.25-07.13.11:785][570]LogModuleManager: Shutting down and abandoning module PhysXFormats (54)
[2015.07.25-07.13.11:786][570]LogModuleManager: Shutting down and abandoning module MeshUtilities (53)
[2015.07.25-07.13.11:786][570]LogModuleManager: Shutting down and abandoning module DerivedDataCache (52)
[2015.07.25-07.13.11:849][570]LogDerivedDataCache: Shutdown
[2015.07.25-07.13.11:849][570]LogModuleManager: Shutting down and abandoning module ShaderFormatOpenGL (51)
[2015.07.25-07.13.11:849][570]LogModuleManager: Shutting down and abandoning module ShaderFormatD3D (50)
[2015.07.25-07.13.11:850][570]LogModuleManager: Shutting down and abandoning module MetalShaderFormat (49)
[2015.07.25-07.13.11:850][570]LogModuleManager: Shutting down and abandoning module TextureFormatUncompressed (48)
[2015.07.25-07.13.11:850][570]LogModuleManager: Shutting down and abandoning module TextureFormatPVR (47)
[2015.07.25-07.13.11:851][570]LogModuleManager: Shutting down and abandoning module TextureFormatIntelISPCTexComp (46)
[2015.07.25-07.13.11:851][570]LogModuleManager: Shutting down and abandoning module TextureFormatDXT (45)
[2015.07.25-07.13.11:851][570]LogModuleManager: Shutting down and abandoning module ImageWrapper (44)
[2015.07.25-07.13.11:852][570]LogModuleManager: Shutting down and abandoning module TextureFormatASTC (43)
[2015.07.25-07.13.11:852][570]LogModuleManager: Shutting down and abandoning module TextureFormatAndroid (42)
[2015.07.25-07.13.11:852][570]LogModuleManager: Shutting down and abandoning module AudioFormatOpus (41)
[2015.07.25-07.13.11:853][570]LogModuleManager: Shutting down and abandoning module AudioFormatOgg (40)
[2015.07.25-07.13.11:853][570]LogModuleManager: Shutting down and abandoning module AudioFormatADPCM (39)
[2015.07.25-07.13.11:853][570]LogModuleManager: Shutting down and abandoning module LinuxTargetPlatform (38)
[2015.07.25-07.13.11:854][570]LogModuleManager: Shutting down and abandoning module LinuxServerTargetPlatform (37)
[2015.07.25-07.13.11:854][570]LogModuleManager: Shutting down and abandoning module LinuxNoEditorTargetPlatform (36)
[2015.07.25-07.13.11:854][570]LogModuleManager: Shutting down and abandoning module Messaging (35)
[2015.07.25-07.13.11:855][570]LogModuleManager: Shutting down and abandoning module IOSTargetPlatform (34)
[2015.07.25-07.13.11:855][570]LogModuleManager: Shutting down and abandoning module HTML5TargetPlatform (33)
[2015.07.25-07.13.11:855][570]LogModuleManager: Shutting down and abandoning module Android_PVRTCTargetPlatform (32)
[2015.07.25-07.13.11:856][570]LogModuleManager: Shutting down and abandoning module Android_ETC2TargetPlatform (31)
[2015.07.25-07.13.11:856][570]LogModuleManager: Shutting down and abandoning module Android_ETC1TargetPlatform (30)
[2015.07.25-07.13.11:856][570]LogModuleManager: Shutting down and abandoning module Android_DXTTargetPlatform (29)
[2015.07.25-07.13.11:856][570]LogModuleManager: Shutting down and abandoning module Android_ATCTargetPlatform (28)
[2015.07.25-07.13.11:857][570]LogModuleManager: Shutting down and abandoning module Android_ASTCTargetPlatform (27)
[2015.07.25-07.13.11:857][570]LogModuleManager: Shutting down and abandoning module AndroidTargetPlatform (26)
[2015.07.25-07.13.11:857][570]LogModuleManager: Shutting down and abandoning module WindowsTargetPlatform (25)
[2015.07.25-07.13.11:858][570]LogModuleManager: Shutting down and abandoning module WindowsServerTargetPlatform (24)
[2015.07.25-07.13.11:858][570]LogModuleManager: Shutting down and abandoning module WindowsNoEditorTargetPlatform (23)
[2015.07.25-07.13.11:858][570]LogModuleManager: Shutting down and abandoning module WindowsClientTargetPlatform (22)
[2015.07.25-07.13.11:859][570]LogModuleManager: Shutting down and abandoning module DesktopTargetPlatform (21)
[2015.07.25-07.13.11:859][570]LogModuleManager: Shutting down and abandoning module TargetPlatform (20)
[2015.07.25-07.13.11:859][570]LogModuleManager: Shutting down and abandoning module InputCore (19)
[2015.07.25-07.13.11:860][570]LogModuleManager: Shutting down and abandoning module Settings (18)
[2015.07.25-07.13.11:860][570]LogModuleManager: Shutting down and abandoning module OnlineSubsystem (16)
[2015.07.25-07.13.11:860][570]LogModuleManager: Shutting down and abandoning module HTTP (15)
[2015.07.25-07.13.11:861][570]LogModuleManager: Shutting down and abandoning module ExampleDeviceProfileSelector (14)
[2015.07.25-07.13.11:862][570]LogModuleManager: Shutting down and abandoning module TextureCompressor (13)
[2015.07.25-07.13.11:862][570]LogModuleManager: Shutting down and abandoning module ShaderCore (12)
[2015.07.25-07.13.11:863][570]LogModuleManager: Shutting down and abandoning module Landscape (11)
[2015.07.25-07.13.11:863][570]LogModuleManager: Shutting down and abandoning module SlateRHIRenderer (10)
[2015.07.25-07.13.11:867][570]LogModuleManager: Shutting down and abandoning module OpenGLDrv (9)
[2015.07.25-07.13.11:867][570]LogModuleManager: Shutting down and abandoning module D3D11RHI (8)
[2015.07.25-07.13.11:867][570]LogModuleManager: Shutting down and abandoning module Renderer (7)
[2015.07.25-07.13.11:868][570]LogModuleManager: Shutting down and abandoning module Engine (6)
[2015.07.25-07.13.11:868][570]LogModuleManager: Shutting down and abandoning module CoreUObject (5)
[2015.07.25-07.13.11:868][570]LogModuleManager: Shutting down and abandoning module NetworkFile (4)
[2015.07.25-07.13.11:869][570]LogModuleManager: Shutting down and abandoning module StreamingFile (3)
[2015.07.25-07.13.11:869][570]LogModuleManager: Shutting down and abandoning module SandboxFile (2)
[2015.07.25-07.13.11:869][570]LogModuleManager: Shutting down and abandoning module PakFile (1)
[2015.07.25-07.13.11:873][570]LogExit: Exiting.
[2015.07.25-07.13.11:874][570]Log file closed, 07/25/15 15:13:11
