[2015.07.26-03.32.20:976][  0]Log file open, 07/26/15 11:32:20
[2015.07.26-03.32.20:976][  0]LogInit:Display: Running engine for game: Demo
[2015.07.26-03.32.20:976][  0]LogInit:Display: RandInit(1738440804) SRandInit(1738440805).
[2015.07.26-03.32.20:976][  0]LogTaskGraph: Started task graph with 4 named threads and 7 total threads.
[2015.07.26-03.32.20:977][  0]LogStats: Stats thread started
[2015.07.26-03.32.20:977][  0]LogInit: Version: 4.8.2-2614606+++depot+UE4-Releases+4.8
[2015.07.26-03.32.20:977][  0]LogInit: API Version: 2579680
[2015.07.26-03.32.20:977][  0]LogInit: Compiled (64-bit): Jul  8 2015 23:43:41
[2015.07.26-03.32.20:978][  0]LogInit: Compiled with Visual C++: 18.00.21005.01
[2015.07.26-03.32.20:978][  0]LogInit: Build Configuration: Development
[2015.07.26-03.32.20:978][  0]LogInit: Branch Name: ++depot+UE4-Releases+4.8
[2015.07.26-03.32.20:979][  0]LogInit: Command line: 
[2015.07.26-03.32.20:979][  0]LogInit: Base directory: C:/Program Files/Epic Games/4.8/Engine/Binaries/Win64/
[2015.07.26-03.32.20:979][  0]LogInit: Rocket: 1
[2015.07.26-03.32.21:009][  0]LogInit: Using libcurl 7.41.0
[2015.07.26-03.32.21:010][  0]LogInit:  - built for x86_64-pc-win32
[2015.07.26-03.32.21:010][  0]LogInit:  - supports SSL with WinSSL
[2015.07.26-03.32.21:010][  0]LogInit:  - other features:
[2015.07.26-03.32.21:011][  0]LogInit:      CURL_VERSION_SSL
[2015.07.26-03.32.21:011][  0]LogInit:      CURL_VERSION_IPV6
[2015.07.26-03.32.21:011][  0]LogInit:      CURL_VERSION_ASYNCHDNS
[2015.07.26-03.32.21:011][  0]LogInit:      CURL_VERSION_LARGEFILE
[2015.07.26-03.32.21:011][  0]LogInit:      CURL_VERSION_IDN
[2015.07.26-03.32.21:011][  0]LogInit:  CurlRequestOptions (configurable via config and command line):
[2015.07.26-03.32.21:011][  0]LogInit:  - bVerifyPeer = true  - Libcurl will verify peer certificate
[2015.07.26-03.32.21:012][  0]LogInit:  - bUseHttpProxy = false  - Libcurl will NOT use HTTP proxy
[2015.07.26-03.32.21:012][  0]LogInit:  - bDontReuseConnections = false  - Libcurl will reuse connections
[2015.07.26-03.32.21:012][  0]LogInit:  - CertBundlePath = nullptr  - Libcurl will use whatever was configured at build time.
[2015.07.26-03.32.21:036][  0]LogOnline:Warning: No default platform service specified for OnlineSubsystem
[2015.07.26-03.32.21:091][  0]LogInit: Presizing for 0 objects not considered by GC, pre-allocating 0 bytes.
[2015.07.26-03.32.21:101][  0]LogInit: Object subsystem initialized
[2015.07.26-03.32.21:103][  0]LogConsoleResponse:Warning: Skipping Unknown console variable: 'TranslucentSortAxis = (X=0.000000,Y=-1.000000,Z=0.000000)'
[2015.07.26-03.32.21:103][  0]LogConsoleResponse:Warning:   Found in ini file 'D:/Users/SCW/Documents/Unreal Projects/Demo/Saved/Config/Windows/Engine.ini', in section '[/Script/Engine.RendererSettings]'
[2015.07.26-03.32.21:103][  0]LogConsoleResponse:Warning: Skipping Unknown console variable: 'UIScaleRule = ShortestSide'
[2015.07.26-03.32.21:104][  0]LogConsoleResponse:Warning:   Found in ini file 'D:/Users/SCW/Documents/Unreal Projects/Demo/Saved/Config/Windows/Engine.ini', in section '[/Script/Engine.RendererSettings]'
[2015.07.26-03.32.21:104][  0]LogConsoleResponse:Warning: Skipping Unknown console variable: 'UIScaleCurve = (EditorCurveData=(Keys=),ExternalCurve=None)'
[2015.07.26-03.32.21:104][  0]LogConsoleResponse:Warning:   Found in ini file 'D:/Users/SCW/Documents/Unreal Projects/Demo/Saved/Config/Windows/Engine.ini', in section '[/Script/Engine.RendererSettings]'
[2015.07.26-03.32.21:105][  0]LogInit: Selected Device Profile: [Windows]
[2015.07.26-03.32.21:105][  0]LogInit: Applying CVar settings loaded from the selected device profile: [Windows]
[2015.07.26-03.32.21:115][  0]LogInit: Computer: SCW-PC
[2015.07.26-03.32.21:115][  0]LogInit: User: SCW
[2015.07.26-03.32.21:116][  0]LogInit: CPU Page size=4096, Cores=4
[2015.07.26-03.32.21:116][  0]LogInit: High frequency timer resolution =2.483750 MHz
[2015.07.26-03.32.21:116][  0]LogMemory: Memory total: Physical=8.0GB (8GB approx)
[2015.07.26-03.32.21:117][  0]LogMemory: Platform Memory Stats for Windows
[2015.07.26-03.32.21:117][  0]LogMemory: Process Physical Memory: 52.62 MB used, 52.62 MB peak
[2015.07.26-03.32.21:117][  0]LogMemory: Process Virtual Memory: 24.52 MB used, 24.52 MB peak
[2015.07.26-03.32.21:117][  0]LogMemory: Physical Memory: 5357.36 MB used, 8183.05 MB total
[2015.07.26-03.32.21:118][  0]LogMemory: Virtual Memory: 292.58 MB used, 8388608.00 MB total
[2015.07.26-03.32.21:218][  0]LogTextLocalizationManager: The requested culture ('zh_TW') has no localization data; falling back to 'en' for localization and internationalization data.
[2015.07.26-03.32.21:538][  0]LogTextLocalizationManager:Warning: Loaded localization resources contain conflicting entries for (Namespace:ContentBrowser, Key:ImportAssetToolTip):
Localization Resource: (C:/Program Files/Epic Games/4.8/Engine/Content/Localization/Editor/en/Editor.locres) Source String Hash: (-630476809) Localized String: (Import to {0}...)
Localization Resource: (C:/Program Files/Epic Games/4.8/Engine/Content/Localization/Editor/en/Editor.locres) Source String Hash: (1271782899) Localized String: (Imports an asset from file to this folder.)
[2015.07.26-03.32.22:038][  0]LogD3D11RHI: Found D3D11 adapter 0: NVIDIA GeForce GTX 560 Ti   (Feature Level 11_0)
[2015.07.26-03.32.22:039][  0]LogD3D11RHI: Adapter has 979MB of dedicated video memory, 0MB of dedicated system memory, and 3071MB of shared system memory, 2 output[s]
[2015.07.26-03.32.22:039][  0]LogD3D11RHI: Chosen D3D11 Adapter Id = 0
[2015.07.26-03.32.22:044][  0]LogD3D11RHI: InitD3DDevice
[2015.07.26-03.32.22:045][  0]LogD3D11RHI: !Direct3DDevice
[2015.07.26-03.32.22:045][  0]LogRHI: Texture pool is 685 MB (70% of 979 MB)
[2015.07.26-03.32.22:087][  0]LogD3D11RHI: Async texture creation enabled
[2015.07.26-03.32.22:105][  0]LogShaderCompilers:Display: Using Local Shader Compiler.
[2015.07.26-03.32.23:332][  0]LogTemp:Display: Loaded TP DesktopTargetPlatform
[2015.07.26-03.32.23:366][  0]LogTemp:Display: Loaded TP WindowsClientTargetPlatform
[2015.07.26-03.32.23:401][  0]LogTemp:Display: Loaded TP WindowsNoEditorTargetPlatform
[2015.07.26-03.32.23:435][  0]LogTemp:Display: Loaded TP WindowsServerTargetPlatform
[2015.07.26-03.32.23:474][  0]LogTemp:Display: Loaded TP WindowsTargetPlatform
[2015.07.26-03.32.23:500][  0]LogTemp:Display: Loaded TP AndroidTargetPlatform
[2015.07.26-03.32.23:525][  0]LogTemp:Display: Loaded TP Android_ASTCTargetPlatform
[2015.07.26-03.32.23:553][  0]LogTemp:Display: Loaded TP Android_ATCTargetPlatform
[2015.07.26-03.32.23:582][  0]LogTemp:Display: Loaded TP Android_DXTTargetPlatform
[2015.07.26-03.32.23:610][  0]LogTemp:Display: Loaded TP Android_ETC1TargetPlatform
[2015.07.26-03.32.23:639][  0]LogTemp:Display: Loaded TP Android_ETC2TargetPlatform
[2015.07.26-03.32.23:667][  0]LogTemp:Display: Loaded TP Android_PVRTCTargetPlatform
[2015.07.26-03.32.23:766][  0]LogTemp:Display: Loaded TP IOSTargetPlatform
[2015.07.26-03.32.23:790][  0]LogTemp:Display: Loaded TP LinuxNoEditorTargetPlatform
[2015.07.26-03.32.23:812][  0]LogTemp:Display: Loaded TP LinuxServerTargetPlatform
[2015.07.26-03.32.23:838][  0]LogTemp:Display: Loaded TP LinuxTargetPlatform
[2015.07.26-03.32.23:839][  0]LogTargetPlatformManager:Display: Building Assets For Windows
[2015.07.26-03.32.24:330][  0]LogDerivedDataCache:Display: Max Cache Size: 512 MB
[2015.07.26-03.32.24:394][  0]LogDerivedDataCache: Loaded boot cache 0.06s 53MB C:/Users/SCW/AppData/Local/UnrealEngine/4.8/DerivedDataCache/Boot.ddc.
[2015.07.26-03.32.24:395][  0]LogDerivedDataCache:Display: Loaded Boot cache: C:/Users/SCW/AppData/Local/UnrealEngine/4.8/DerivedDataCache/Boot.ddc
[2015.07.26-03.32.24:395][  0]LogDerivedDataCache: FDerivedDataBackendGraph:  Pak pak cache file D:/Users/SCW/Documents/Unreal Projects/Demo/DerivedDataCache/DDC.ddp not found, will not use a pak cache.
[2015.07.26-03.32.24:396][  0]LogDerivedDataCache: Unable to find inner node Pak for hierarchical cache Hierarchy.
[2015.07.26-03.32.24:396][  0]LogDerivedDataCache: FDerivedDataBackendGraph:  CompressedPak pak cache file D:/Users/SCW/Documents/Unreal Projects/Demo/DerivedDataCache/Compressed.ddp not found, will not use a pak cache.
[2015.07.26-03.32.24:396][  0]LogDerivedDataCache: Unable to find inner node CompressedPak for hierarchical cache Hierarchy.
[2015.07.26-03.32.24:618][  0]LogDerivedDataCache:Display: Pak cache opened for reading ../../../Engine/DerivedDataCache/Compressed.ddp.
[2015.07.26-03.32.24:631][  0]LogDerivedDataCache: Using Local data cache path C:/Users/SCW/AppData/Local/UnrealEngine/Common/DerivedDataCache: Writable
[2015.07.26-03.32.24:965][  0]LogInit: Selected Device Profile: [Windows]
[2015.07.26-03.32.24:974][  0]ImportText (ComponentSweepMultiTests): Missing closing parenthesis: (RootShapeAsset="/Engine/BasicShapes/Cube.Cube",ShapeType="TriggerCapsule",HitResult=(Time=0.50,Location=(X=-100.000015,Y=0.0,Z=100.000015),ImpactPoint=(X=-50.0,Y=0.0,Z=50.0),Normal=(X=-1.0,Y=-0.0,Z=0.0),ImpactNormal=(X=0.0,Y=0.0,Z=1.0),TraceStart=(X=-200.0,Y=0.0,Z=200.0),TraceEnd=(X=0.0,Y=0.0,Z=0.0))
[2015.07.26-03.32.24:976][  0]ImportText (LineTraceSingleByChannelTests): Missing closing parenthesis: (RootShapeAsset="/Engine/BasicShapes/Cube.Cube",HitResult=(Time=0.50,Location=(X=-100.000015,Y=0.0,Z=100.000015),ImpactPoint=(X=-50.0,Y=0.0,Z=50.0),Normal=(X=-1.0,Y=-0.0,Z=0.0),ImpactNormal=(X=0.0,Y=0.0,Z=1.0),TraceStart=(X=-200.0,Y=0.0,Z=200.0),TraceEnd=(X=0.0,Y=0.0,Z=0.0))
[2015.07.26-03.32.25:037][  0]LogMeshUtilities: No automatic mesh reduction module available
[2015.07.26-03.32.25:037][  0]LogMeshUtilities: No automatic mesh merging module available
[2015.07.26-03.32.25:671][  0]LogInit: WinSock: version 1.1 (2.2), MaxSocks=32767, MaxUdp=65467
[2015.07.26-03.32.27:604][  0]UdpMessaging: Initializing bridge on interface 0.0.0.0:0 to multicast group 230.0.0.1:6666.
[2015.07.26-03.32.28:399][  0]SourceControl: Info Source control is disabled
[2015.07.26-03.32.28:456][  0]SourceControl: Info Source control is disabled
[2015.07.26-03.32.28:481][  0]SourceControl: Info Source control is disabled
[2015.07.26-03.32.28:511][  0]SourceControl: Info Source control is disabled
[2015.07.26-03.32.28:977][  0]LogObj: 26287 objects as part of root set at end of initial load.
[2015.07.26-03.32.28:977][  0]LogUObjectAllocator: 5421848 out of 0 bytes used by permanent object pool.
[2015.07.26-03.32.29:112][  0]LogEngine: Initializing Engine...
[2015.07.26-03.32.29:115][  0]LogHMD: Can't find Oculus library dev build: is proper Runtime installed? Version: 0.6.0.0
[2015.07.26-03.32.29:122][  0]LogHMD:Warning: SteamVR failed to initialize.  Error: 100
[2015.07.26-03.32.29:371][  0]LogAIModule: Creating AISystem for world NewWorld
[2015.07.26-03.32.29:382][  0]LogInit: XAudio2 using '喇叭 (ASUS Xonar DS Audio Device)' : 2 channels at 44.1 kHz using 16 bits per sample (channel mask 0x3)
[2015.07.26-03.32.29:391][  0]LogInit: FAudioDevice initialized.
[2015.07.26-03.32.29:425][  0]LogDerivedDataCache: Saved boot cache 0.03s 53MB C:/Users/SCW/AppData/Local/UnrealEngine/4.8/DerivedDataCache/Boot.ddc.
[2015.07.26-03.32.29:434][  0]LogInit: Texture streaming: Disabled
[2015.07.26-03.32.29:485][  0]LogAnalytics: Creating configured Analytics provider AnalyticsET
[2015.07.26-03.32.29:485][  0]LogAnalytics: [UEEditor.Rocket.Release] APIServer = http://et2.epicgames.com/ET2/. AppVersion = 4.8.2-2614606+++depot+UE4-Releases+4.8
[2015.07.26-03.32.29:486][  0]LogAnalytics: [UEEditor.Rocket.Release] SetUserId 568b5a34404f889fb1b32ab5dcc7273c|171fa9009f6b4f02983f7d0ecd1f12ba|c0dd2cb7-895e-48cf-9e36-42424b144c9b
[2015.07.26-03.32.29:486][  0]LogAnalytics: [UEEditor.Rocket.Release] AnalyticsET::StartSession
[2015.07.26-03.32.29:532][  0]LogInit: Transaction tracking system initialized
[2015.07.26-03.32.29:870][  0]BlueprintLog: New page: Editor Load
[2015.07.26-03.32.29:938][  0]LogAssetRegistry: FAssetRegistry took 0.0115 seconds to start up
[2015.07.26-03.32.29:939][  0]LogDirectoryWatcher:Warning: Failed to begin reading directory changes for ../../../Engine/Plugins/Experimental/CharacterAI/Content/. Error: 0
[2015.07.26-03.32.31:185][  0]LogLinker:Warning: Asset '../../../Engine/Content/Tutorial/Mobile/SettingUpAndroidTutorial.uasset' has been saved with empty engine version. The asset will be loaded but may be incompatible.
[2015.07.26-03.32.31:432][  0]LogConsoleManager:Warning: Console variable 'r.VSync' wasn't set ('GameSetting' has a lower priority than 'SystemSettingsIni')
[2015.07.26-03.32.31:433][  0]LogConsoleResponse:Display: 
[2015.07.26-03.32.31:592][  0]LogCook:Display: Done creating registry. It took  0.00s.
[2015.07.26-03.32.32:037][  0]SourceControl: Info Source control is disabled
[2015.07.26-03.32.32:037][  0]Cmd: MAP LOAD FILE="D:/Users/SCW/Documents/Unreal Projects/Demo/Content/StarterContent/Maps/Minimal_Default.umap" TEMPLATE=0 SHOWPROGRESS=1 FEATURELEVEL=3
[2015.07.26-03.32.32:039][  0]LightingResults: New page: Lighting Build
[2015.07.26-03.32.32:061][  0]MapCheck: New page: Map Check
[2015.07.26-03.32.32:062][  0]LightingResults: New page: Lighting Build
[2015.07.26-03.32.32:073][  0]LogParticles: Destroying 0 GPU particle simulations for FXSystem 0x000000001718C9A0
[2015.07.26-03.32.33:236][  0]LogAIModule: Creating AISystem for world Minimal_Default
[2015.07.26-03.32.33:251][  0]LogEditorServer: Finished looking for orphan Actors (0.000 secs)
[2015.07.26-03.32.33:272][  0]Cmd: MAP CHECKDEP NOCLEARLOG
[2015.07.26-03.32.33:336][  0]MapCheck: Info Map check complete: 0 Error(s), 0 Warning(s), took 62.537ms to complete.
[2015.07.26-03.32.33:336][  0]LogFileHelpers: Loading map 'Minimal_Default' took 1.299
[2015.07.26-03.32.33:502][  0]LogCollectionManager: Loaded 0 collections in 0.002925 seconds
[2015.07.26-03.32.33:513][  0]LogContentBrowser: Native class hierarchy populated in 0.0114 seconds. Added 1795 classes and 303 folders.
[2015.07.26-03.32.33:635][  0]LogContentBrowser: Native class hierarchy updated for 'WidgetCarousel' in 0.0030 seconds. Added 0 classes and 0 folders.
[2015.07.26-03.32.33:703][  0]LogContentBrowser: Native class hierarchy updated for 'AddContentDialog' in 0.0030 seconds. Added 0 classes and 0 folders.
[2015.07.26-03.32.33:755][  0]LogContentBrowser: Native class hierarchy updated for 'SceneOutliner' in 0.0030 seconds. Added 1 classes and 2 folders.
[2015.07.26-03.32.33:818][  0]LogCrashTracker: Crashtracker disabled due to settings.
[2015.07.26-03.32.33:820][  0]LogD3D11RHI: InitD3DDevice
[2015.07.26-03.32.33:824][  0]LogUObjectGlobals:Warning: Failed to find object 'Class None.'
[2015.07.26-03.32.33:846][  0]LogLoad: Full Startup: 15.86 seconds (BP compile: 0.24 seconds)
[2015.07.26-03.32.34:242][  0]LogContentStreaming: Texture pool size is 0.000000MB
[2015.07.26-03.32.34:300][  0]LogContentStreaming: Texture pool size now 700 MB
[2015.07.26-03.32.34:485][  0]LogRenderer: Reallocating scene render targets to support 1208x584 (Frame:2).
[2015.07.26-03.32.39:256][ 15]LogAssetRegistry: Asset discovery search completed in 9.3292 seconds
[2015.07.26-03.33.17:585][203]LogD3D11RHI: InitD3DDevice
[2015.07.26-03.33.18:058][233]LogPlayLevel: PIE:  No blueprints needed recompiling
[2015.07.26-03.33.18:062][233]PIE: New page: PIE session: Minimal_Default (Jul 26, 2015, 7:33:18 PM)
[2015.07.26-03.33.18:063][233]LogPlayLevel: Creating play world package: /Game/StarterContent/Maps/UEDPIE_0_Minimal_Default
[2015.07.26-03.33.18:071][233]LogPlayLevel: PIE: StaticDuplicateObject took: (0.007759s)
[2015.07.26-03.33.18:073][233]LogAIModule: Creating AISystem for world Minimal_Default
[2015.07.26-03.33.18:074][233]LogPlayLevel: PIE: World Init took: (0.001940s)
[2015.07.26-03.33.18:074][233]LogPlayLevel: PIE: Created PIE world by copying editor world from /Game/StarterContent/Maps/Minimal_Default.Minimal_Default to /Game/StarterContent/Maps/UEDPIE_0_Minimal_Default.Minimal_Default (0.011216s)
[2015.07.26-03.33.18:125][233]LogInit: XAudio2 using '喇叭 (ASUS Xonar DS Audio Device)' : 2 channels at 44.1 kHz using 16 bits per sample (channel mask 0x3)
[2015.07.26-03.33.18:129][233]LogInit: FAudioDevice initialized.
[2015.07.26-03.33.18:404][233]LogWorld: Game class is 'BP_GameMode_C'
[2015.07.26-03.33.18:413][233]LogWorld: Bringing World /Game/StarterContent/Maps/UEDPIE_0_Minimal_Default.Minimal_Default up for play (max tick rate 0) at 2015.07.26-11.33.18
[2015.07.26-03.33.18:413][233]LogActor:Warning: GameSession /Game/StarterContent/Maps/UEDPIE_0_Minimal_Default.Minimal_Default:PersistentLevel.GameSession_0 has natively added scene component(s), but none of them were set as the actor's RootComponent - picking one arbitrarily
[2015.07.26-03.33.18:414][233]LogActor:Warning: GameNetworkManager /Game/StarterContent/Maps/UEDPIE_0_Minimal_Default.Minimal_Default:PersistentLevel.GameNetworkManager_0 has natively added scene component(s), but none of them were set as the actor's RootComponent - picking one arbitrarily
[2015.07.26-03.33.18:415][233]LogWorld: Bringing up level for play took: 0.006241
[2015.07.26-03.33.18:420][233]PIE: Info Play in editor start time for /Game/StarterContent/Maps/UEDPIE_0_Minimal_Default -0.433
[2015.07.26-03.33.21:925][623]LogActorComponent: UnregisterComponent: (/Engine/Transient.CharMoveComp) Not registered. Aborting.
[2015.07.26-03.33.21:939][623]LogParticles: Destroying 0 GPU particle simulations for FXSystem 0x0000000032802160
[2015.07.26-03.33.29:439][845]LogD3D11RHI: InitD3DDevice
[2015.07.26-03.33.29:935][881]LogD3D11RHI: InitD3DDevice
[2015.07.26-03.33.31:084][ 17]LogD3D11RHI: InitD3DDevice
[2015.07.26-03.33.34:169][385]LogD3D11RHI: InitD3DDevice
[2015.07.26-03.33.35:482][493]LogD3D11RHI: InitD3DDevice
[2015.07.26-03.34.03:719][926]LogPlayLevel: PIE:  No blueprints needed recompiling
[2015.07.26-03.34.03:719][926]PIE: New page: PIE session: Minimal_Default (Jul 26, 2015, 7:34:03 PM)
[2015.07.26-03.34.03:720][926]LogPlayLevel: Creating play world package: /Game/StarterContent/Maps/UEDPIE_0_Minimal_Default
[2015.07.26-03.34.03:728][926]LogPlayLevel: PIE: StaticDuplicateObject took: (0.007830s)
[2015.07.26-03.34.03:730][926]LogAIModule: Creating AISystem for world Minimal_Default
[2015.07.26-03.34.03:731][926]LogPlayLevel: PIE: World Init took: (0.001912s)
[2015.07.26-03.34.03:731][926]LogPlayLevel: PIE: Created PIE world by copying editor world from /Game/StarterContent/Maps/Minimal_Default.Minimal_Default to /Game/StarterContent/Maps/UEDPIE_0_Minimal_Default.Minimal_Default (0.011334s)
[2015.07.26-03.34.03:732][926]LogActorComponent: UnregisterComponent: (/Engine/Transient.CharMoveComp) Not registered. Aborting.
[2015.07.26-03.34.03:760][926]LogInit: XAudio2 using '喇叭 (ASUS Xonar DS Audio Device)' : 2 channels at 44.1 kHz using 16 bits per sample (channel mask 0x3)
[2015.07.26-03.34.03:763][926]LogInit: FAudioDevice initialized.
[2015.07.26-03.34.03:803][926]LogWorld: Game class is 'BP_GameMode_C'
[2015.07.26-03.34.03:809][926]LogWorld: Bringing World /Game/StarterContent/Maps/UEDPIE_0_Minimal_Default.Minimal_Default up for play (max tick rate 0) at 2015.07.26-11.34.03
[2015.07.26-03.34.03:810][926]LogActor:Warning: GameSession /Game/StarterContent/Maps/UEDPIE_0_Minimal_Default.Minimal_Default:PersistentLevel.GameSession_1 has natively added scene component(s), but none of them were set as the actor's RootComponent - picking one arbitrarily
[2015.07.26-03.34.03:811][926]LogActor:Warning: GameNetworkManager /Game/StarterContent/Maps/UEDPIE_0_Minimal_Default.Minimal_Default:PersistentLevel.GameNetworkManager_1 has natively added scene component(s), but none of them were set as the actor's RootComponent - picking one arbitrarily
[2015.07.26-03.34.03:812][926]LogWorld: Bringing up level for play took: 0.006018
[2015.07.26-03.34.03:816][926]PIE: Info Play in editor start time for /Game/StarterContent/Maps/UEDPIE_0_Minimal_Default 0.965
[2015.07.26-03.34.16:877][470]LogParticles: Destroying 0 GPU particle simulations for FXSystem 0x000000000E23E7A0
[2015.07.26-03.34.23:748][649]LogPlayLevel: PIE:  No blueprints needed recompiling
[2015.07.26-03.34.23:748][649]PIE: New page: PIE session: Minimal_Default (Jul 26, 2015, 7:34:23 PM)
[2015.07.26-03.34.23:750][649]LogPlayLevel: Creating play world package: /Game/StarterContent/Maps/UEDPIE_0_Minimal_Default
[2015.07.26-03.34.23:759][649]LogPlayLevel: PIE: StaticDuplicateObject took: (0.008110s)
[2015.07.26-03.34.23:761][649]LogAIModule: Creating AISystem for world Minimal_Default
[2015.07.26-03.34.23:761][649]LogPlayLevel: PIE: World Init took: (0.002344s)
[2015.07.26-03.34.23:762][649]LogPlayLevel: PIE: Created PIE world by copying editor world from /Game/StarterContent/Maps/Minimal_Default.Minimal_Default to /Game/StarterContent/Maps/UEDPIE_0_Minimal_Default.Minimal_Default (0.012889s)
[2015.07.26-03.34.23:762][649]LogActorComponent: UnregisterComponent: (/Engine/Transient.CharMoveComp) Not registered. Aborting.
[2015.07.26-03.34.23:791][649]LogInit: XAudio2 using '喇叭 (ASUS Xonar DS Audio Device)' : 2 channels at 44.1 kHz using 16 bits per sample (channel mask 0x3)
[2015.07.26-03.34.23:795][649]LogInit: FAudioDevice initialized.
[2015.07.26-03.34.23:831][649]LogWorld: Game class is 'BP_GameMode_C'
[2015.07.26-03.34.23:838][649]LogWorld: Bringing World /Game/StarterContent/Maps/UEDPIE_0_Minimal_Default.Minimal_Default up for play (max tick rate 0) at 2015.07.26-11.34.23
[2015.07.26-03.34.23:838][649]LogActor:Warning: GameSession /Game/StarterContent/Maps/UEDPIE_0_Minimal_Default.Minimal_Default:PersistentLevel.GameSession_2 has natively added scene component(s), but none of them were set as the actor's RootComponent - picking one arbitrarily
[2015.07.26-03.34.23:839][649]LogActor:Warning: GameNetworkManager /Game/StarterContent/Maps/UEDPIE_0_Minimal_Default.Minimal_Default:PersistentLevel.GameNetworkManager_2 has natively added scene component(s), but none of them were set as the actor's RootComponent - picking one arbitrarily
[2015.07.26-03.34.23:840][649]LogWorld: Bringing up level for play took: 0.005622
[2015.07.26-03.34.23:844][649]PIE: Info Play in editor start time for /Game/StarterContent/Maps/UEDPIE_0_Minimal_Default 0.993
[2015.07.26-03.34.24:649][711]LogParticles: Destroying 0 GPU particle simulations for FXSystem 0x000000000E15B9C0
[2015.07.26-03.34.36:154][149]LogD3D11RHI: InitD3DDevice
[2015.07.26-03.34.36:331][168]LogD3D11RHI: InitD3DDevice
[2015.07.26-03.34.36:594][187]LogD3D11RHI: InitD3DDevice
[2015.07.26-03.34.36:935][203]LogD3D11RHI: InitD3DDevice
[2015.07.26-03.34.38:047][292]LogD3D11RHI: InitD3DDevice
[2015.07.26-03.35.34:453][163]LogD3D11RHI: InitD3DDevice
[2015.07.26-03.35.34:456][163]Recompiling Demo...
[2015.07.26-03.35.34:456][163]Launching UnrealBuildTool... [C:/Program Files/Epic Games/4.8/Engine/Binaries/DotNET/UnrealBuildTool.exe Demo -ModuleWithSuffix Demo 4711 Win64 Development -editorrecompile -canskiplink "D:/Users/SCW/Documents/Unreal Projects/Demo/Demo.uproject" -rocket  -rocket]
[2015.07.26-03.35.34:458][163]Warning: Starting HotReload took  0.0s.
[2015.07.26-03.35.59:688][343]CompilerResultsLog: New page: Compilation - Jul 26, 2015, 7:35:59 PM
[2015.07.26-03.35.59:689][343]CompilerResultsLog: Info Compiling game modules for hot reload
[2015.07.26-03.35.59:689][343]CompilerResultsLog: Info Parsing headers for DemoEditor
[2015.07.26-03.35.59:689][343]CompilerResultsLog: Info Reflection code generated for DemoEditor
[2015.07.26-03.35.59:690][343]CompilerResultsLog: Info Performing 2 actions (4 in parallel)
[2015.07.26-03.35.59:690][343]CompilerResultsLog: Info BasicPlayerController.cpp
[2015.07.26-03.35.59:690][343]CompilerResultsLog: Info [2/2] Link UE4Editor-Demo-4711.dll
[2015.07.26-03.35.59:691][343]CompilerResultsLog: Info    Creating library D:\Users\SCW\Documents\Unreal Projects\Demo\Intermediate/Build/Win64\UE4Editor\Development\UE4Editor-Demo-4711.lib and object D:\Users\SCW\Documents\Unreal Projects\Demo\Intermediate/Build/Win64\UE4Editor\Development\UE4Editor-Demo-4711.exp
[2015.07.26-03.35.59:691][343]CompilerResultsLog: Info -------- End Detailed Actions Stats -----------------------------------------------------------
[2015.07.26-03.35.59:692][343]CompilerResultsLog: Info Total build time: 25.01 seconds
[2015.07.26-03.35.59:692][343]LogMainFrame: MainFrame: Module compiling took 25.244 seconds
[2015.07.26-03.35.59:692][343]LogActorComponent: UnregisterComponent: (/Engine/Transient.CharMoveComp) Not registered. Aborting.
[2015.07.26-03.35.59:741][343]LogContentBrowser: Native class hierarchy updated for 'Demo' in 0.0019 seconds. Added 3 classes and 2 folders.
[2015.07.26-03.35.59:744][343]Warning: HotReload successful (0 functions remapped  0 scriptstructs remapped)
[2015.07.26-03.35.59:770][343]LogContentBrowser: Native class hierarchy populated in 0.0120 seconds. Added 1796 classes and 305 folders.
[2015.07.26-03.36.35:282][632]LogPlayLevel: PIE:  No blueprints needed recompiling
[2015.07.26-03.36.35:283][632]PIE: New page: PIE session: Minimal_Default (Jul 26, 2015, 7:36:35 PM)
[2015.07.26-03.36.35:284][632]LogPlayLevel: Creating play world package: /Game/StarterContent/Maps/UEDPIE_0_Minimal_Default
[2015.07.26-03.36.35:292][632]LogPlayLevel: PIE: StaticDuplicateObject took: (0.007683s)
[2015.07.26-03.36.35:294][632]LogAIModule: Creating AISystem for world Minimal_Default
[2015.07.26-03.36.35:295][632]LogPlayLevel: PIE: World Init took: (0.002253s)
[2015.07.26-03.36.35:296][632]LogPlayLevel: PIE: Created PIE world by copying editor world from /Game/StarterContent/Maps/Minimal_Default.Minimal_Default to /Game/StarterContent/Maps/UEDPIE_0_Minimal_Default.Minimal_Default (0.011635s)
[2015.07.26-03.36.35:296][632]LogActorComponent: UnregisterComponent: (/Engine/Transient.CharMoveComp) Not registered. Aborting.
[2015.07.26-03.36.35:324][632]LogInit: XAudio2 using '喇叭 (ASUS Xonar DS Audio Device)' : 2 channels at 44.1 kHz using 16 bits per sample (channel mask 0x3)
[2015.07.26-03.36.35:329][632]LogInit: FAudioDevice initialized.
[2015.07.26-03.36.35:369][632]LogWorld: Game class is 'BP_GameMode_C'
[2015.07.26-03.36.35:376][632]LogWorld: Bringing World /Game/StarterContent/Maps/UEDPIE_0_Minimal_Default.Minimal_Default up for play (max tick rate 0) at 2015.07.26-11.36.35
[2015.07.26-03.36.35:377][632]LogActor:Warning: GameSession /Game/StarterContent/Maps/UEDPIE_0_Minimal_Default.Minimal_Default:PersistentLevel.GameSession_3 has natively added scene component(s), but none of them were set as the actor's RootComponent - picking one arbitrarily
[2015.07.26-03.36.35:378][632]LogActor:Warning: GameNetworkManager /Game/StarterContent/Maps/UEDPIE_0_Minimal_Default.Minimal_Default:PersistentLevel.GameNetworkManager_3 has natively added scene component(s), but none of them were set as the actor's RootComponent - picking one arbitrarily
[2015.07.26-03.36.35:378][632]LogWorld: Bringing up level for play took: 0.005964
[2015.07.26-03.36.35:383][632]PIE: Info Play in editor start time for /Game/StarterContent/Maps/UEDPIE_0_Minimal_Default 0.535
[2015.07.26-03.36.56:393][105]LogParticles: Destroying 0 GPU particle simulations for FXSystem 0x000000001E8AD580
[2015.07.26-03.39.14:378][699]LogD3D11RHI: InitD3DDevice
[2015.07.26-03.39.14:381][699]Recompiling Demo...
[2015.07.26-03.39.14:382][699]Launching UnrealBuildTool... [C:/Program Files/Epic Games/4.8/Engine/Binaries/DotNET/UnrealBuildTool.exe Demo -ModuleWithSuffix Demo 832 Win64 Development -editorrecompile -canskiplink "D:/Users/SCW/Documents/Unreal Projects/Demo/Demo.uproject" -rocket  -rocket]
[2015.07.26-03.39.14:384][699]Warning: Starting HotReload took  0.0s.
[2015.07.26-03.39.39:519][856]CompilerResultsLog: New page: Compilation - Jul 26, 2015, 7:39:39 PM
[2015.07.26-03.39.39:520][856]CompilerResultsLog: Info Compiling game modules for hot reload
[2015.07.26-03.39.39:520][856]CompilerResultsLog: Info Parsing headers for DemoEditor
[2015.07.26-03.39.39:520][856]CompilerResultsLog: Info Reflection code generated for DemoEditor
[2015.07.26-03.39.39:521][856]CompilerResultsLog: Info Performing 2 actions (4 in parallel)
[2015.07.26-03.39.39:521][856]CompilerResultsLog: Info BasicPlayerController.cpp
[2015.07.26-03.39.39:521][856]CompilerResultsLog: Info [2/2] Link UE4Editor-Demo-832.dll
[2015.07.26-03.39.39:522][856]CompilerResultsLog: Info    Creating library D:\Users\SCW\Documents\Unreal Projects\Demo\Intermediate/Build/Win64\UE4Editor\Development\UE4Editor-Demo-832.lib and object D:\Users\SCW\Documents\Unreal Projects\Demo\Intermediate/Build/Win64\UE4Editor\Development\UE4Editor-Demo-832.exp
[2015.07.26-03.39.39:522][856]CompilerResultsLog: Info -------- End Detailed Actions Stats -----------------------------------------------------------
[2015.07.26-03.39.39:522][856]CompilerResultsLog: Info Total build time: 24.91 seconds
[2015.07.26-03.39.39:523][856]LogMainFrame: MainFrame: Module compiling took 25.150 seconds
[2015.07.26-03.39.39:523][856]LogActorComponent: UnregisterComponent: (/Engine/Transient.CharMoveComp) Not registered. Aborting.
[2015.07.26-03.39.39:574][856]LogContentBrowser: Native class hierarchy updated for 'Demo' in 0.0018 seconds. Added 3 classes and 2 folders.
[2015.07.26-03.39.39:577][856]Warning: HotReload successful (0 functions remapped  0 scriptstructs remapped)
[2015.07.26-03.39.39:603][856]LogContentBrowser: Native class hierarchy populated in 0.0126 seconds. Added 1796 classes and 305 folders.
[2015.07.26-03.39.51:885][893]LogD3D11RHI: InitD3DDevice
[2015.07.26-03.39.51:888][893]Recompiling Demo...
[2015.07.26-03.39.51:889][893]Launching UnrealBuildTool... [C:/Program Files/Epic Games/4.8/Engine/Binaries/DotNET/UnrealBuildTool.exe Demo -ModuleWithSuffix Demo 8523 Win64 Development -editorrecompile -canskiplink "D:/Users/SCW/Documents/Unreal Projects/Demo/Demo.uproject" -rocket  -rocket]
[2015.07.26-03.39.51:892][893]Warning: Starting HotReload took  0.0s.
[2015.07.26-03.40.00:923][435]CompilerResultsLog: New page: Compilation - Jul 26, 2015, 7:40:00 PM
[2015.07.26-03.40.00:924][435]CompilerResultsLog: Info Compiling game modules for hot reload
[2015.07.26-03.40.00:925][435]CompilerResultsLog: Info Target is up to date.
[2015.07.26-03.40.00:925][435]LogMainFrame: MainFrame: Module compiling took 9.050 seconds
[2015.07.26-03.40.03:840][612]LogEditorViewport: Clicking on Actor (LMB): BP_Sky_Sphere_C (BP_Sky_Sphere)
[2015.07.26-03.40.04:179][626]LogPlayLevel: PIE:  No blueprints needed recompiling
[2015.07.26-03.40.04:180][626]PIE: New page: PIE session: Minimal_Default (Jul 26, 2015, 7:40:04 PM)
[2015.07.26-03.40.04:181][626]LogPlayLevel: Creating play world package: /Game/StarterContent/Maps/UEDPIE_0_Minimal_Default
[2015.07.26-03.40.04:189][626]LogPlayLevel: PIE: StaticDuplicateObject took: (0.007121s)
[2015.07.26-03.40.04:190][626]LogAIModule: Creating AISystem for world Minimal_Default
[2015.07.26-03.40.04:191][626]LogPlayLevel: PIE: World Init took: (0.001914s)
[2015.07.26-03.40.04:192][626]LogPlayLevel: PIE: Created PIE world by copying editor world from /Game/StarterContent/Maps/Minimal_Default.Minimal_Default to /Game/StarterContent/Maps/UEDPIE_0_Minimal_Default.Minimal_Default (0.010474s)
[2015.07.26-03.40.04:220][626]LogInit: XAudio2 using '喇叭 (ASUS Xonar DS Audio Device)' : 2 channels at 44.1 kHz using 16 bits per sample (channel mask 0x3)
[2015.07.26-03.40.04:225][626]LogInit: FAudioDevice initialized.
[2015.07.26-03.40.04:264][626]LogWorld: Game class is 'BP_GameMode_C'
[2015.07.26-03.40.04:271][626]LogWorld: Bringing World /Game/StarterContent/Maps/UEDPIE_0_Minimal_Default.Minimal_Default up for play (max tick rate 0) at 2015.07.26-11.40.04
[2015.07.26-03.40.04:272][626]LogActor:Warning: GameSession /Game/StarterContent/Maps/UEDPIE_0_Minimal_Default.Minimal_Default:PersistentLevel.GameSession_4 has natively added scene component(s), but none of them were set as the actor's RootComponent - picking one arbitrarily
[2015.07.26-03.40.04:273][626]LogActor:Warning: GameNetworkManager /Game/StarterContent/Maps/UEDPIE_0_Minimal_Default.Minimal_Default:PersistentLevel.GameNetworkManager_4 has natively added scene component(s), but none of them were set as the actor's RootComponent - picking one arbitrarily
[2015.07.26-03.40.04:274][626]LogWorld: Bringing up level for play took: 0.006045
[2015.07.26-03.40.04:278][626]PIE: Info Play in editor start time for /Game/StarterContent/Maps/UEDPIE_0_Minimal_Default -0.562
[2015.07.26-03.40.08:022][845]LogParticles: Destroying 0 GPU particle simulations for FXSystem 0x0000000032FBFC40
[2015.07.26-03.40.36:825][641]LogEditorViewport: Clicking on Actor (LMB): BP_Sky_Sphere_C (BP_Sky_Sphere)
[2015.07.26-03.40.37:687][706]LogPlayLevel: PIE:  No blueprints needed recompiling
[2015.07.26-03.40.37:688][706]PIE: New page: PIE session: Minimal_Default (Jul 26, 2015, 7:40:37 PM)
[2015.07.26-03.40.37:689][706]LogPlayLevel: Creating play world package: /Game/StarterContent/Maps/UEDPIE_0_Minimal_Default
[2015.07.26-03.40.37:697][706]LogPlayLevel: PIE: StaticDuplicateObject took: (0.007282s)
[2015.07.26-03.40.37:698][706]LogAIModule: Creating AISystem for world Minimal_Default
[2015.07.26-03.40.37:700][706]LogPlayLevel: PIE: World Init took: (0.002411s)
[2015.07.26-03.40.37:700][706]LogPlayLevel: PIE: Created PIE world by copying editor world from /Game/StarterContent/Maps/Minimal_Default.Minimal_Default to /Game/StarterContent/Maps/UEDPIE_0_Minimal_Default.Minimal_Default (0.011387s)
[2015.07.26-03.40.37:729][706]LogInit: XAudio2 using '喇叭 (ASUS Xonar DS Audio Device)' : 2 channels at 44.1 kHz using 16 bits per sample (channel mask 0x3)
[2015.07.26-03.40.37:733][706]LogInit: FAudioDevice initialized.
[2015.07.26-03.40.37:773][706]LogWorld: Game class is 'BP_GameMode_C'
[2015.07.26-03.40.37:779][706]LogWorld: Bringing World /Game/StarterContent/Maps/UEDPIE_0_Minimal_Default.Minimal_Default up for play (max tick rate 0) at 2015.07.26-11.40.37
[2015.07.26-03.40.37:780][706]LogActor:Warning: GameSession /Game/StarterContent/Maps/UEDPIE_0_Minimal_Default.Minimal_Default:PersistentLevel.GameSession_5 has natively added scene component(s), but none of them were set as the actor's RootComponent - picking one arbitrarily
[2015.07.26-03.40.37:781][706]LogActor:Warning: GameNetworkManager /Game/StarterContent/Maps/UEDPIE_0_Minimal_Default.Minimal_Default:PersistentLevel.GameNetworkManager_5 has natively added scene component(s), but none of them were set as the actor's RootComponent - picking one arbitrarily
[2015.07.26-03.40.37:781][706]LogWorld: Bringing up level for play took: 0.005513
[2015.07.26-03.40.37:785][706]PIE: Info Play in editor start time for /Game/StarterContent/Maps/UEDPIE_0_Minimal_Default 0.947
[2015.07.26-03.40.38:344][749]LogParticles: Destroying 0 GPU particle simulations for FXSystem 0x000000002994DD00
[2015.07.26-03.40.39:160][806]LogPlayLevel: PIE:  No blueprints needed recompiling
[2015.07.26-03.40.39:161][806]PIE: New page: PIE session: Minimal_Default (Jul 26, 2015, 7:40:39 PM)
[2015.07.26-03.40.39:162][806]LogPlayLevel: Creating play world package: /Game/StarterContent/Maps/UEDPIE_0_Minimal_Default
[2015.07.26-03.40.39:171][806]LogPlayLevel: PIE: StaticDuplicateObject took: (0.008261s)
[2015.07.26-03.40.39:172][806]LogAIModule: Creating AISystem for world Minimal_Default
[2015.07.26-03.40.39:174][806]LogPlayLevel: PIE: World Init took: (0.002148s)
[2015.07.26-03.40.39:174][806]LogPlayLevel: PIE: Created PIE world by copying editor world from /Game/StarterContent/Maps/Minimal_Default.Minimal_Default to /Game/StarterContent/Maps/UEDPIE_0_Minimal_Default.Minimal_Default (0.012019s)
[2015.07.26-03.40.39:203][806]LogInit: XAudio2 using '喇叭 (ASUS Xonar DS Audio Device)' : 2 channels at 44.1 kHz using 16 bits per sample (channel mask 0x3)
[2015.07.26-03.40.39:207][806]LogInit: FAudioDevice initialized.
[2015.07.26-03.40.39:250][806]LogWorld: Game class is 'BP_GameMode_C'
[2015.07.26-03.40.39:256][806]LogWorld: Bringing World /Game/StarterContent/Maps/UEDPIE_0_Minimal_Default.Minimal_Default up for play (max tick rate 0) at 2015.07.26-11.40.39
[2015.07.26-03.40.39:257][806]LogActor:Warning: GameSession /Game/StarterContent/Maps/UEDPIE_0_Minimal_Default.Minimal_Default:PersistentLevel.GameSession_6 has natively added scene component(s), but none of them were set as the actor's RootComponent - picking one arbitrarily
[2015.07.26-03.40.39:258][806]LogActor:Warning: GameNetworkManager /Game/StarterContent/Maps/UEDPIE_0_Minimal_Default.Minimal_Default:PersistentLevel.GameNetworkManager_6 has natively added scene component(s), but none of them were set as the actor's RootComponent - picking one arbitrarily
[2015.07.26-03.40.39:258][806]LogWorld: Bringing up level for play took: 0.005715
[2015.07.26-03.40.39:262][806]PIE: Info Play in editor start time for /Game/StarterContent/Maps/UEDPIE_0_Minimal_Default 0.424
[2015.07.26-03.40.43:361][269]LogParticles: Destroying 0 GPU particle simulations for FXSystem 0x0000000032FBD4E0
[2015.07.26-03.43.12:706][838]LogD3D11RHI: InitD3DDevice
[2015.07.26-03.43.21:705][865]LogD3D11RHI: InitD3DDevice
[2015.07.26-03.43.21:879][865]LogActorComponent: UnregisterComponent: (/Engine/Transient.CharMoveComp) Not registered. Aborting.
[2015.07.26-03.43.21:904][865]LogFileHelpers: Editor autosave (incl. sublevels) for '/Game/StarterContent/Maps/Minimal_Default' took 0.025
[2015.07.26-03.43.40:135][ 14]LogD3D11RHI: InitD3DDevice
[2015.07.26-03.43.40:136][ 14]Recompiling Demo...
[2015.07.26-03.43.40:137][ 14]Launching UnrealBuildTool... [C:/Program Files/Epic Games/4.8/Engine/Binaries/DotNET/UnrealBuildTool.exe Demo -ModuleWithSuffix Demo 6175 Win64 Development -editorrecompile -canskiplink "D:/Users/SCW/Documents/Unreal Projects/Demo/Demo.uproject" -rocket  -rocket]
[2015.07.26-03.43.40:139][ 14]Warning: Starting HotReload took  0.0s.
[2015.07.26-03.44.06:681][231]CompilerResultsLog: New page: Compilation - Jul 26, 2015, 7:44:06 PM
[2015.07.26-03.44.06:682][231]CompilerResultsLog: Info Compiling game modules for hot reload
[2015.07.26-03.44.06:682][231]CompilerResultsLog: Info Parsing headers for DemoEditor
[2015.07.26-03.44.06:682][231]CompilerResultsLog: Info Reflection code generated for DemoEditor
[2015.07.26-03.44.06:683][231]CompilerResultsLog: Info Performing 2 actions (4 in parallel)
[2015.07.26-03.44.06:683][231]CompilerResultsLog: Info BasicPlayerController.cpp
[2015.07.26-03.44.06:683][231]CompilerResultsLog: Info [2/2] Link UE4Editor-Demo-6175.dll
[2015.07.26-03.44.06:684][231]CompilerResultsLog: Info    Creating library D:\Users\SCW\Documents\Unreal Projects\Demo\Intermediate/Build/Win64\UE4Editor\Development\UE4Editor-Demo-6175.lib and object D:\Users\SCW\Documents\Unreal Projects\Demo\Intermediate/Build/Win64\UE4Editor\Development\UE4Editor-Demo-6175.exp
[2015.07.26-03.44.06:684][231]CompilerResultsLog: Info -------- End Detailed Actions Stats -----------------------------------------------------------
[2015.07.26-03.44.06:684][231]CompilerResultsLog: Info Total build time: 26.24 seconds
[2015.07.26-03.44.06:685][231]LogMainFrame: MainFrame: Module compiling took 26.557 seconds
[2015.07.26-03.44.06:685][231]LogActorComponent: UnregisterComponent: (/Engine/Transient.CharMoveComp) Not registered. Aborting.
[2015.07.26-03.44.06:735][231]LogContentBrowser: Native class hierarchy updated for 'Demo' in 0.0020 seconds. Added 3 classes and 2 folders.
[2015.07.26-03.44.06:737][231]Warning: HotReload successful (0 functions remapped  0 scriptstructs remapped)
[2015.07.26-03.44.06:766][231]LogContentBrowser: Native class hierarchy populated in 0.0132 seconds. Added 1796 classes and 305 folders.
[2015.07.26-03.44.14:684][255]LogEditorViewport: Clicking on Actor (LMB): StaticMeshActor (Floor)
[2015.07.26-03.44.16:166][367]LogPlayLevel: PIE:  No blueprints needed recompiling
[2015.07.26-03.44.16:167][367]PIE: New page: PIE session: Minimal_Default (Jul 26, 2015, 7:44:16 PM)
[2015.07.26-03.44.16:168][367]LogPlayLevel: Creating play world package: /Game/StarterContent/Maps/UEDPIE_0_Minimal_Default
[2015.07.26-03.44.16:176][367]LogPlayLevel: PIE: StaticDuplicateObject took: (0.007375s)
[2015.07.26-03.44.16:177][367]LogAIModule: Creating AISystem for world Minimal_Default
[2015.07.26-03.44.16:178][367]LogPlayLevel: PIE: World Init took: (0.002045s)
[2015.07.26-03.44.16:179][367]LogPlayLevel: PIE: Created PIE world by copying editor world from /Game/StarterContent/Maps/Minimal_Default.Minimal_Default to /Game/StarterContent/Maps/UEDPIE_0_Minimal_Default.Minimal_Default (0.010968s)
[2015.07.26-03.44.16:208][367]LogInit: XAudio2 using '喇叭 (ASUS Xonar DS Audio Device)' : 2 channels at 44.1 kHz using 16 bits per sample (channel mask 0x3)
[2015.07.26-03.44.16:212][367]LogInit: FAudioDevice initialized.
[2015.07.26-03.44.16:249][367]LogWorld: Game class is 'BP_GameMode_C'
[2015.07.26-03.44.16:255][367]LogWorld: Bringing World /Game/StarterContent/Maps/UEDPIE_0_Minimal_Default.Minimal_Default up for play (max tick rate 0) at 2015.07.26-11.44.16
[2015.07.26-03.44.16:256][367]LogActor:Warning: GameSession /Game/StarterContent/Maps/UEDPIE_0_Minimal_Default.Minimal_Default:PersistentLevel.GameSession_7 has natively added scene component(s), but none of them were set as the actor's RootComponent - picking one arbitrarily
[2015.07.26-03.44.16:257][367]LogActor:Warning: GameNetworkManager /Game/StarterContent/Maps/UEDPIE_0_Minimal_Default.Minimal_Default:PersistentLevel.GameNetworkManager_7 has natively added scene component(s), but none of them were set as the actor's RootComponent - picking one arbitrarily
[2015.07.26-03.44.16:258][367]LogWorld: Bringing up level for play took: 0.006272
[2015.07.26-03.44.16:262][367]PIE: Info Play in editor start time for /Game/StarterContent/Maps/UEDPIE_0_Minimal_Default -0.569
[2015.07.26-03.44.18:335][596]LogParticles: Destroying 0 GPU particle simulations for FXSystem 0x0000000032FBFD80
[2015.07.26-03.44.45:448][912]LogD3D11RHI: InitD3DDevice
[2015.07.26-03.44.45:451][912]Recompiling Demo...
[2015.07.26-03.44.45:451][912]Launching UnrealBuildTool... [C:/Program Files/Epic Games/4.8/Engine/Binaries/DotNET/UnrealBuildTool.exe Demo -ModuleWithSuffix Demo 3138 Win64 Development -editorrecompile -canskiplink "D:/Users/SCW/Documents/Unreal Projects/Demo/Demo.uproject" -rocket  -rocket]
[2015.07.26-03.44.45:453][912]Warning: Starting HotReload took  0.0s.
[2015.07.26-03.45.17:000][266]CompilerResultsLog: New page: Compilation - Jul 26, 2015, 7:45:17 PM
[2015.07.26-03.45.17:001][266]CompilerResultsLog: Info Compiling game modules for hot reload
[2015.07.26-03.45.17:002][266]CompilerResultsLog: Info Parsing headers for DemoEditor
[2015.07.26-03.45.17:002][266]CompilerResultsLog: Info Reflection code generated for DemoEditor
[2015.07.26-03.45.17:003][266]CompilerResultsLog: Info Performing 2 actions (4 in parallel)
[2015.07.26-03.45.17:003][266]CompilerResultsLog: Info BasicPlayerController.cpp
[2015.07.26-03.45.17:003][266]CompilerResultsLog: Info [2/2] Link UE4Editor-Demo-3138.dll
[2015.07.26-03.45.17:004][266]CompilerResultsLog: Info    Creating library D:\Users\SCW\Documents\Unreal Projects\Demo\Intermediate/Build/Win64\UE4Editor\Development\UE4Editor-Demo-3138.lib and object D:\Users\SCW\Documents\Unreal Projects\Demo\Intermediate/Build/Win64\UE4Editor\Development\UE4Editor-Demo-3138.exp
[2015.07.26-03.45.17:004][266]CompilerResultsLog: Info -------- End Detailed Actions Stats -----------------------------------------------------------
[2015.07.26-03.45.17:005][266]CompilerResultsLog: Info Total build time: 31.34 seconds
[2015.07.26-03.45.17:005][266]LogMainFrame: MainFrame: Module compiling took 31.562 seconds
[2015.07.26-03.45.17:005][266]LogActorComponent: UnregisterComponent: (/Engine/Transient.CharMoveComp) Not registered. Aborting.
[2015.07.26-03.45.17:066][266]LogContentBrowser: Native class hierarchy updated for 'Demo' in 0.0018 seconds. Added 3 classes and 2 folders.
[2015.07.26-03.45.17:069][266]Warning: HotReload successful (0 functions remapped  0 scriptstructs remapped)
[2015.07.26-03.45.17:097][266]LogContentBrowser: Native class hierarchy populated in 0.0127 seconds. Added 1796 classes and 305 folders.
[2015.07.26-03.45.20:470][432]LogPlayLevel: PIE:  No blueprints needed recompiling
[2015.07.26-03.45.20:472][432]PIE: New page: PIE session: Minimal_Default (Jul 26, 2015, 7:45:20 PM)
[2015.07.26-03.45.20:475][432]LogPlayLevel: Creating play world package: /Game/StarterContent/Maps/UEDPIE_0_Minimal_Default
[2015.07.26-03.45.20:483][432]LogPlayLevel: PIE: StaticDuplicateObject took: (0.007493s)
[2015.07.26-03.45.20:485][432]LogAIModule: Creating AISystem for world Minimal_Default
[2015.07.26-03.45.20:486][432]LogPlayLevel: PIE: World Init took: (0.002131s)
[2015.07.26-03.45.20:487][432]LogPlayLevel: PIE: Created PIE world by copying editor world from /Game/StarterContent/Maps/Minimal_Default.Minimal_Default to /Game/StarterContent/Maps/UEDPIE_0_Minimal_Default.Minimal_Default (0.011476s)
[2015.07.26-03.45.20:487][432]LogActorComponent: UnregisterComponent: (/Engine/Transient.CharMoveComp) Not registered. Aborting.
[2015.07.26-03.45.20:519][432]LogInit: XAudio2 using '喇叭 (ASUS Xonar DS Audio Device)' : 2 channels at 44.1 kHz using 16 bits per sample (channel mask 0x3)
[2015.07.26-03.45.20:523][432]LogInit: FAudioDevice initialized.
[2015.07.26-03.45.20:564][432]LogWorld: Game class is 'BP_GameMode_C'
[2015.07.26-03.45.20:571][432]LogWorld: Bringing World /Game/StarterContent/Maps/UEDPIE_0_Minimal_Default.Minimal_Default up for play (max tick rate 0) at 2015.07.26-11.45.20
[2015.07.26-03.45.20:571][432]LogActor:Warning: GameSession /Game/StarterContent/Maps/UEDPIE_0_Minimal_Default.Minimal_Default:PersistentLevel.GameSession_8 has natively added scene component(s), but none of them were set as the actor's RootComponent - picking one arbitrarily
[2015.07.26-03.45.20:572][432]LogActor:Warning: GameNetworkManager /Game/StarterContent/Maps/UEDPIE_0_Minimal_Default.Minimal_Default:PersistentLevel.GameNetworkManager_8 has natively added scene component(s), but none of them were set as the actor's RootComponent - picking one arbitrarily
[2015.07.26-03.45.20:573][432]LogWorld: Bringing up level for play took: 0.005781
[2015.07.26-03.45.20:577][432]PIE: Info Play in editor start time for /Game/StarterContent/Maps/UEDPIE_0_Minimal_Default -0.252
[2015.07.26-03.45.23:056][570]LogParticles: Destroying 0 GPU particle simulations for FXSystem 0x000000001E8EB2E0
[2015.07.26-03.45.45:098][801]LogD3D11RHI: InitD3DDevice
[2015.07.26-03.45.45:101][801]Recompiling Demo...
[2015.07.26-03.45.45:101][801]Launching UnrealBuildTool... [C:/Program Files/Epic Games/4.8/Engine/Binaries/DotNET/UnrealBuildTool.exe Demo -ModuleWithSuffix Demo 4266 Win64 Development -editorrecompile -canskiplink "D:/Users/SCW/Documents/Unreal Projects/Demo/Demo.uproject" -rocket  -rocket]
[2015.07.26-03.45.45:103][801]Warning: Starting HotReload took  0.0s.
[2015.07.26-03.46.15:985][196]CompilerResultsLog: New page: Compilation - Jul 26, 2015, 7:46:15 PM
[2015.07.26-03.46.15:987][196]CompilerResultsLog: Info Compiling game modules for hot reload
[2015.07.26-03.46.15:988][196]CompilerResultsLog: Info Parsing headers for DemoEditor
[2015.07.26-03.46.15:988][196]CompilerResultsLog: Info Reflection code generated for DemoEditor
[2015.07.26-03.46.15:989][196]CompilerResultsLog: Info Performing 2 actions (4 in parallel)
[2015.07.26-03.46.15:989][196]CompilerResultsLog: Info BasicPlayerController.cpp
[2015.07.26-03.46.15:990][196]CompilerResultsLog: Info [2/2] Link UE4Editor-Demo-4266.dll
[2015.07.26-03.46.15:990][196]CompilerResultsLog: Info    Creating library D:\Users\SCW\Documents\Unreal Projects\Demo\Intermediate/Build/Win64\UE4Editor\Development\UE4Editor-Demo-4266.lib and object D:\Users\SCW\Documents\Unreal Projects\Demo\Intermediate/Build/Win64\UE4Editor\Development\UE4Editor-Demo-4266.exp
[2015.07.26-03.46.15:990][196]CompilerResultsLog: Info -------- End Detailed Actions Stats -----------------------------------------------------------
[2015.07.26-03.46.15:991][196]CompilerResultsLog: Info Total build time: 30.67 seconds
[2015.07.26-03.46.15:991][196]LogMainFrame: MainFrame: Module compiling took 30.898 seconds
[2015.07.26-03.46.15:992][196]LogActorComponent: UnregisterComponent: (/Engine/Transient.CharMoveComp) Not registered. Aborting.
[2015.07.26-03.46.16:050][196]LogContentBrowser: Native class hierarchy updated for 'Demo' in 0.0018 seconds. Added 3 classes and 2 folders.
[2015.07.26-03.46.16:052][196]Warning: HotReload successful (0 functions remapped  0 scriptstructs remapped)
[2015.07.26-03.46.16:080][196]LogContentBrowser: Native class hierarchy populated in 0.0123 seconds. Added 1796 classes and 305 folders.
[2015.07.26-03.46.20:136][344]LogPlayLevel: PIE:  No blueprints needed recompiling
[2015.07.26-03.46.20:136][344]PIE: New page: PIE session: Minimal_Default (Jul 26, 2015, 7:46:20 PM)
[2015.07.26-03.46.20:137][344]LogPlayLevel: Creating play world package: /Game/StarterContent/Maps/UEDPIE_0_Minimal_Default
[2015.07.26-03.46.20:149][344]LogPlayLevel: PIE: StaticDuplicateObject took: (0.010429s)
[2015.07.26-03.46.20:150][344]LogAIModule: Creating AISystem for world Minimal_Default
[2015.07.26-03.46.20:152][344]LogPlayLevel: PIE: World Init took: (0.002193s)
[2015.07.26-03.46.20:152][344]LogPlayLevel: PIE: Created PIE world by copying editor world from /Game/StarterContent/Maps/Minimal_Default.Minimal_Default to /Game/StarterContent/Maps/UEDPIE_0_Minimal_Default.Minimal_Default (0.014552s)
[2015.07.26-03.46.20:153][344]LogActorComponent: UnregisterComponent: (/Engine/Transient.CharMoveComp) Not registered. Aborting.
[2015.07.26-03.46.20:183][344]LogInit: XAudio2 using '喇叭 (ASUS Xonar DS Audio Device)' : 2 channels at 44.1 kHz using 16 bits per sample (channel mask 0x3)
[2015.07.26-03.46.20:188][344]LogInit: FAudioDevice initialized.
[2015.07.26-03.46.20:224][344]LogWorld: Game class is 'BP_GameMode_C'
[2015.07.26-03.46.20:231][344]LogWorld: Bringing World /Game/StarterContent/Maps/UEDPIE_0_Minimal_Default.Minimal_Default up for play (max tick rate 0) at 2015.07.26-11.46.20
[2015.07.26-03.46.20:231][344]LogActor:Warning: GameSession /Game/StarterContent/Maps/UEDPIE_0_Minimal_Default.Minimal_Default:PersistentLevel.GameSession_9 has natively added scene component(s), but none of them were set as the actor's RootComponent - picking one arbitrarily
[2015.07.26-03.46.20:232][344]LogActor:Warning: GameNetworkManager /Game/StarterContent/Maps/UEDPIE_0_Minimal_Default.Minimal_Default:PersistentLevel.GameNetworkManager_9 has natively added scene component(s), but none of them were set as the actor's RootComponent - picking one arbitrarily
[2015.07.26-03.46.20:233][344]LogWorld: Bringing up level for play took: 0.005476
[2015.07.26-03.46.20:237][344]PIE: Info Play in editor start time for /Game/StarterContent/Maps/UEDPIE_0_Minimal_Default -0.59
[2015.07.26-03.46.24:469][692]LogParticles: Destroying 0 GPU particle simulations for FXSystem 0x0000000014B25120
[2015.07.26-03.46.40:440][908]LogD3D11RHI: InitD3DDevice
[2015.07.26-03.46.40:442][908]Recompiling Demo...
[2015.07.26-03.46.40:442][908]Launching UnrealBuildTool... [C:/Program Files/Epic Games/4.8/Engine/Binaries/DotNET/UnrealBuildTool.exe Demo -ModuleWithSuffix Demo 636 Win64 Development -editorrecompile -canskiplink "D:/Users/SCW/Documents/Unreal Projects/Demo/Demo.uproject" -rocket  -rocket]
[2015.07.26-03.46.40:444][908]Warning: Starting HotReload took  0.0s.
[2015.07.26-03.47.07:880][431]CompilerResultsLog: New page: Compilation - Jul 26, 2015, 7:47:07 PM
[2015.07.26-03.47.07:881][431]CompilerResultsLog: Info Compiling game modules for hot reload
[2015.07.26-03.47.07:882][431]CompilerResultsLog: Info Parsing headers for DemoEditor
[2015.07.26-03.47.07:882][431]CompilerResultsLog: Info Reflection code generated for DemoEditor
[2015.07.26-03.47.07:883][431]CompilerResultsLog: Info Performing 2 actions (4 in parallel)
[2015.07.26-03.47.07:883][431]CompilerResultsLog: Info BasicPlayerController.cpp
[2015.07.26-03.47.07:884][431]CompilerResultsLog: Info [2/2] Link UE4Editor-Demo-636.dll
[2015.07.26-03.47.07:884][431]CompilerResultsLog: Info    Creating library D:\Users\SCW\Documents\Unreal Projects\Demo\Intermediate/Build/Win64\UE4Editor\Development\UE4Editor-Demo-636.lib and object D:\Users\SCW\Documents\Unreal Projects\Demo\Intermediate/Build/Win64\UE4Editor\Development\UE4Editor-Demo-636.exp
[2015.07.26-03.47.07:885][431]CompilerResultsLog: Info -------- End Detailed Actions Stats -----------------------------------------------------------
[2015.07.26-03.47.07:885][431]CompilerResultsLog: Info Total build time: 27.23 seconds
[2015.07.26-03.47.07:886][431]LogMainFrame: MainFrame: Module compiling took 27.451 seconds
[2015.07.26-03.47.07:886][431]LogActorComponent: UnregisterComponent