[2015.07.25-05.10.12:948][  0]Log file open, 07/25/15 13:10:12
[2015.07.25-05.10.12:948][  0]LogInit:Display: Running engine for game: Demo
[2015.07.25-05.10.12:949][  0]LogInit:Display: RandInit(260847906) SRandInit(260847906).
[2015.07.25-05.10.12:949][  0]LogTaskGraph: Started task graph with 4 named threads and 7 total threads.
[2015.07.25-05.10.12:950][  0]LogStats: Stats thread started
[2015.07.25-05.10.12:950][  0]LogInit: Version: 4.8.2-2614606+++depot+UE4-Releases+4.8
[2015.07.25-05.10.12:951][  0]LogInit: API Version: 2579680
[2015.07.25-05.10.12:951][  0]LogInit: Compiled (64-bit): Jul  8 2015 23:43:41
[2015.07.25-05.10.12:952][  0]LogInit: Compiled with Visual C++: 18.00.21005.01
[2015.07.25-05.10.12:953][  0]LogInit: Build Configuration: Development
[2015.07.25-05.10.12:953][  0]LogInit: Branch Name: ++depot+UE4-Releases+4.8
[2015.07.25-05.10.12:954][  0]LogInit: Command line: 
[2015.07.25-05.10.12:954][  0]LogInit: Base directory: C:/Program Files/Epic Games/4.8/Engine/Binaries/Win64/
[2015.07.25-05.10.12:955][  0]LogInit: Rocket: 1
[2015.07.25-05.10.12:993][  0]LogInit: Using libcurl 7.41.0
[2015.07.25-05.10.12:993][  0]LogInit:  - built for x86_64-pc-win32
[2015.07.25-05.10.12:993][  0]LogInit:  - supports SSL with WinSSL
[2015.07.25-05.10.12:994][  0]LogInit:  - other features:
[2015.07.25-05.10.12:994][  0]LogInit:      CURL_VERSION_SSL
[2015.07.25-05.10.12:994][  0]LogInit:      CURL_VERSION_IPV6
[2015.07.25-05.10.12:994][  0]LogInit:      CURL_VERSION_ASYNCHDNS
[2015.07.25-05.10.12:995][  0]LogInit:      CURL_VERSION_LARGEFILE
[2015.07.25-05.10.12:995][  0]LogInit:      CURL_VERSION_IDN
[2015.07.25-05.10.12:995][  0]LogInit:  CurlRequestOptions (configurable via config and command line):
[2015.07.25-05.10.12:996][  0]LogInit:  - bVerifyPeer = true  - Libcurl will verify peer certificate
[2015.07.25-05.10.12:996][  0]LogInit:  - bUseHttpProxy = false  - Libcurl will NOT use HTTP proxy
[2015.07.25-05.10.12:996][  0]LogInit:  - bDontReuseConnections = false  - Libcurl will reuse connections
[2015.07.25-05.10.12:997][  0]LogInit:  - CertBundlePath = nullptr  - Libcurl will use whatever was configured at build time.
[2015.07.25-05.10.13:021][  0]LogOnline:Warning: No default platform service specified for OnlineSubsystem
[2015.07.25-05.10.13:113][  0]LogInit: Presizing for 0 objects not considered by GC, pre-allocating 0 bytes.
[2015.07.25-05.10.13:124][  0]LogInit: Object subsystem initialized
[2015.07.25-05.10.13:125][  0]LogConsoleResponse:Warning: Skipping Unknown console variable: 'TranslucentSortAxis = (X=0.000000,Y=-1.000000,Z=0.000000)'
[2015.07.25-05.10.13:125][  0]LogConsoleResponse:Warning:   Found in ini file 'D:/Users/SCW/Documents/Unreal Projects/Demo/Saved/Config/Windows/Engine.ini', in section '[/Script/Engine.RendererSettings]'
[2015.07.25-05.10.13:125][  0]LogConsoleResponse:Warning: Skipping Unknown console variable: 'UIScaleRule = ShortestSide'
[2015.07.25-05.10.13:126][  0]LogConsoleResponse:Warning:   Found in ini file 'D:/Users/SCW/Documents/Unreal Projects/Demo/Saved/Config/Windows/Engine.ini', in section '[/Script/Engine.RendererSettings]'
[2015.07.25-05.10.13:126][  0]LogConsoleResponse:Warning: Skipping Unknown console variable: 'UIScaleCurve = (EditorCurveData=(Keys=),ExternalCurve=None)'
[2015.07.25-05.10.13:126][  0]LogConsoleResponse:Warning:   Found in ini file 'D:/Users/SCW/Documents/Unreal Projects/Demo/Saved/Config/Windows/Engine.ini', in section '[/Script/Engine.RendererSettings]'
[2015.07.25-05.10.13:127][  0]LogInit: Selected Device Profile: [Windows]
[2015.07.25-05.10.13:128][  0]LogInit: Applying CVar settings loaded from the selected device profile: [Windows]
[2015.07.25-05.10.13:144][  0]LogInit: Computer: SCW-PC
[2015.07.25-05.10.13:145][  0]LogInit: User: SCW
[2015.07.25-05.10.13:145][  0]LogInit: CPU Page size=4096, Cores=4
[2015.07.25-05.10.13:145][  0]LogInit: High frequency timer resolution =2.483750 MHz
[2015.07.25-05.10.13:146][  0]LogMemory: Memory total: Physical=8.0GB (8GB approx)
[2015.07.25-05.10.13:146][  0]LogMemory: Platform Memory Stats for Windows
[2015.07.25-05.10.13:146][  0]LogMemory: Process Physical Memory: 50.11 MB used, 50.11 MB peak
[2015.07.25-05.10.13:147][  0]LogMemory: Process Virtual Memory: 25.68 MB used, 25.68 MB peak
[2015.07.25-05.10.13:147][  0]LogMemory: Physical Memory: 5923.88 MB used, 8183.05 MB total
[2015.07.25-05.10.13:147][  0]LogMemory: Virtual Memory: 293.58 MB used, 8388608.00 MB total
[2015.07.25-05.10.13:268][  0]LogTextLocalizationManager: The requested culture ('zh_TW') has no localization data; falling back to 'en' for localization and internationalization data.
[2015.07.25-05.10.13:605][  0]LogTextLocalizationManager:Warning: Loaded localization resources contain conflicting entries for (Namespace:ContentBrowser, Key:ImportAssetToolTip):
Localization Resource: (C:/Program Files/Epic Games/4.8/Engine/Content/Localization/Editor/en/Editor.locres) Source String Hash: (-630476809) Localized String: (Import to {0}...)
Localization Resource: (C:/Program Files/Epic Games/4.8/Engine/Content/Localization/Editor/en/Editor.locres) Source String Hash: (1271782899) Localized String: (Imports an asset from file to this folder.)
[2015.07.25-05.10.14:303][  0]LogD3D11RHI: Found D3D11 adapter 0: NVIDIA GeForce GTX 560 Ti   (Feature Level 11_0)
[2015.07.25-05.10.14:303][  0]LogD3D11RHI: Adapter has 979MB of dedicated video memory, 0MB of dedicated system memory, and 3071MB of shared system memory, 2 output[s]
[2015.07.25-05.10.14:304][  0]LogD3D11RHI: Chosen D3D11 Adapter Id = 0
[2015.07.25-05.10.14:309][  0]LogD3D11RHI: InitD3DDevice
[2015.07.25-05.10.14:310][  0]LogD3D11RHI: !Direct3DDevice
[2015.07.25-05.10.14:310][  0]LogRHI: Texture pool is 685 MB (70% of 979 MB)
[2015.07.25-05.10.14:358][  0]LogD3D11RHI: Async texture creation enabled
[2015.07.25-05.10.14:376][  0]LogShaderCompilers:Display: Using Local Shader Compiler.
[2015.07.25-05.10.15:736][  0]LogTemp:Display: Loaded TP DesktopTargetPlatform
[2015.07.25-05.10.15:785][  0]LogTemp:Display: Loaded TP WindowsClientTargetPlatform
[2015.07.25-05.10.15:833][  0]LogTemp:Display: Loaded TP WindowsNoEditorTargetPlatform
[2015.07.25-05.10.15:879][  0]LogTemp:Display: Loaded TP WindowsServerTargetPlatform
[2015.07.25-05.10.15:933][  0]LogTemp:Display: Loaded TP WindowsTargetPlatform
[2015.07.25-05.10.15:965][  0]LogTemp:Display: Loaded TP AndroidTargetPlatform
[2015.07.25-05.10.15:999][  0]LogTemp:Display: Loaded TP Android_ASTCTargetPlatform
[2015.07.25-05.10.16:035][  0]LogTemp:Display: Loaded TP Android_ATCTargetPlatform
[2015.07.25-05.10.16:070][  0]LogTemp:Display: Loaded TP Android_DXTTargetPlatform
[2015.07.25-05.10.16:107][  0]LogTemp:Display: Loaded TP Android_ETC1TargetPlatform
[2015.07.25-05.10.16:141][  0]LogTemp:Display: Loaded TP Android_ETC2TargetPlatform
[2015.07.25-05.10.16:176][  0]LogTemp:Display: Loaded TP Android_PVRTCTargetPlatform
[2015.07.25-05.10.16:317][  0]LogTemp:Display: Loaded TP IOSTargetPlatform
[2015.07.25-05.10.16:347][  0]LogTemp:Display: Loaded TP LinuxNoEditorTargetPlatform
[2015.07.25-05.10.16:377][  0]LogTemp:Display: Loaded TP LinuxServerTargetPlatform
[2015.07.25-05.10.16:411][  0]LogTemp:Display: Loaded TP LinuxTargetPlatform
[2015.07.25-05.10.16:412][  0]LogTargetPlatformManager:Display: Building Assets For Windows
[2015.07.25-05.10.17:143][  0]LogDerivedDataCache:Display: Max Cache Size: 512 MB
[2015.07.25-05.10.17:424][  0]LogDerivedDataCache: Loaded boot cache 0.28s 55MB C:/Users/SCW/AppData/Local/UnrealEngine/4.8/DerivedDataCache/Boot.ddc.
[2015.07.25-05.10.17:425][  0]LogDerivedDataCache:Display: Loaded Boot cache: C:/Users/SCW/AppData/Local/UnrealEngine/4.8/DerivedDataCache/Boot.ddc
[2015.07.25-05.10.17:425][  0]LogDerivedDataCache: FDerivedDataBackendGraph:  Pak pak cache file D:/Users/SCW/Documents/Unreal Projects/Demo/DerivedDataCache/DDC.ddp not found, will not use a pak cache.
[2015.07.25-05.10.17:426][  0]LogDerivedDataCache: Unable to find inner node Pak for hierarchical cache Hierarchy.
[2015.07.25-05.10.17:426][  0]LogDerivedDataCache: FDerivedDataBackendGraph:  CompressedPak pak cache file D:/Users/SCW/Documents/Unreal Projects/Demo/DerivedDataCache/Compressed.ddp not found, will not use a pak cache.
[2015.07.25-05.10.17:426][  0]LogDerivedDataCache: Unable to find inner node CompressedPak for hierarchical cache Hierarchy.
[2015.07.25-05.10.17:655][  0]LogDerivedDataCache:Display: Pak cache opened for reading ../../../Engine/DerivedDataCache/Compressed.ddp.
[2015.07.25-05.10.17:668][  0]LogDerivedDataCache: Using Local data cache path C:/Users/SCW/AppData/Local/UnrealEngine/Common/DerivedDataCache: Writable
[2015.07.25-05.10.18:210][  0]LogInit: Selected Device Profile: [Windows]
[2015.07.25-05.10.18:221][  0]ImportText (ComponentSweepMultiTests): Missing closing parenthesis: (RootShapeAsset="/Engine/BasicShapes/Cube.Cube",ShapeType="TriggerCapsule",HitResult=(Time=0.50,Location=(X=-100.000015,Y=0.0,Z=100.000015),ImpactPoint=(X=-50.0,Y=0.0,Z=50.0),Normal=(X=-1.0,Y=-0.0,Z=0.0),ImpactNormal=(X=0.0,Y=0.0,Z=1.0),TraceStart=(X=-200.0,Y=0.0,Z=200.0),TraceEnd=(X=0.0,Y=0.0,Z=0.0))
[2015.07.25-05.10.18:222][  0]ImportText (LineTraceSingleByChannelTests): Missing closing parenthesis: (RootShapeAsset="/Engine/BasicShapes/Cube.Cube",HitResult=(Time=0.50,Location=(X=-100.000015,Y=0.0,Z=100.000015),ImpactPoint=(X=-50.0,Y=0.0,Z=50.0),Normal=(X=-1.0,Y=-0.0,Z=0.0),ImpactNormal=(X=0.0,Y=0.0,Z=1.0),TraceStart=(X=-200.0,Y=0.0,Z=200.0),TraceEnd=(X=0.0,Y=0.0,Z=0.0))
[2015.07.25-05.10.18:302][  0]LogMeshUtilities: No automatic mesh reduction module available
[2015.07.25-05.10.18:303][  0]LogMeshUtilities: No automatic mesh merging module available
[2015.07.25-05.10.18:975][  0]LogInit: WinSock: version 1.1 (2.2), MaxSocks=32767, MaxUdp=65467
[2015.07.25-05.10.22:226][  0]UdpMessaging: Initializing bridge on interface 0.0.0.0:0 to multicast group 230.0.0.1:6666.
[2015.07.25-05.10.23:510][  0]SourceControl: Info Source control is disabled
[2015.07.25-05.10.23:580][  0]SourceControl: Info Source control is disabled
[2015.07.25-05.10.23:622][  0]SourceControl: Info Source control is disabled
[2015.07.25-05.10.23:668][  0]SourceControl: Info Source control is disabled
[2015.07.25-05.10.24:277][  0]LogObj: 26283 objects as part of root set at end of initial load.
[2015.07.25-05.10.24:278][  0]LogUObjectAllocator: 5419208 out of 0 bytes used by permanent object pool.
[2015.07.25-05.10.24:464][  0]LogEngine: Initializing Engine...
[2015.07.25-05.10.24:468][  0]LogHMD: Can't find Oculus library dev build: is proper Runtime installed? Version: 0.6.0.0
[2015.07.25-05.10.24:480][  0]LogHMD:Warning: SteamVR failed to initialize.  Error: 100
[2015.07.25-05.10.24:740][  0]LogAIModule: Creating AISystem for world NewWorld
[2015.07.25-05.10.24:752][  0]LogInit: XAudio2 using '喇叭 (ASUS Xonar DS Audio Device)' : 2 channels at 44.1 kHz using 16 bits per sample (channel mask 0x3)
[2015.07.25-05.10.24:798][  0]LogInit: FAudioDevice initialized.
[2015.07.25-05.10.24:833][  0]LogDerivedDataCache: Saved boot cache 0.04s 53MB C:/Users/SCW/AppData/Local/UnrealEngine/4.8/DerivedDataCache/Boot.ddc.
[2015.07.25-05.10.24:844][  0]LogInit: Texture streaming: Disabled
[2015.07.25-05.10.24:914][  0]LogAnalytics: Creating configured Analytics provider AnalyticsET
[2015.07.25-05.10.24:914][  0]LogAnalytics: [UEEditor.Rocket.Release] APIServer = http://et2.epicgames.com/ET2/. AppVersion = 4.8.2-2614606+++depot+UE4-Releases+4.8
[2015.07.25-05.10.24:915][  0]LogAnalytics: [UEEditor.Rocket.Release] SetUserId 568b5a34404f889fb1b32ab5dcc7273c|171fa9009f6b4f02983f7d0ecd1f12ba|c0dd2cb7-895e-48cf-9e36-42424b144c9b
[2015.07.25-05.10.24:915][  0]LogAnalytics: [UEEditor.Rocket.Release] AnalyticsET::StartSession
[2015.07.25-05.10.24:970][  0]LogInit: Transaction tracking system initialized
[2015.07.25-05.10.25:416][  0]BlueprintLog: New page: Editor Load
[2015.07.25-05.10.25:500][  0]LogAssetRegistry: FAssetRegistry took 0.0115 seconds to start up
[2015.07.25-05.10.25:500][  0]LogDirectoryWatcher:Warning: Failed to begin reading directory changes for ../../../Engine/Plugins/Experimental/CharacterAI/Content/. Error: 0
[2015.07.25-05.10.27:360][  0]LogLinker:Warning: Asset '../../../Engine/Content/Tutorial/Mobile/SettingUpAndroidTutorial.uasset' has been saved with empty engine version. The asset will be loaded but may be incompatible.
[2015.07.25-05.10.27:675][  0]LogConsoleManager:Warning: Console variable 'r.VSync' wasn't set ('GameSetting' has a lower priority than 'SystemSettingsIni')
[2015.07.25-05.10.27:676][  0]LogConsoleResponse:Display: 
[2015.07.25-05.10.27:854][  0]LogCook:Display: Done creating registry. It took  0.00s.
[2015.07.25-05.10.28:423][  0]SourceControl: Info Source control is disabled
[2015.07.25-05.10.28:423][  0]Cmd: MAP LOAD FILE="D:/Users/SCW/Documents/Unreal Projects/Demo/Content/StarterContent/Maps/Minimal_Default.umap" TEMPLATE=0 SHOWPROGRESS=1 FEATURELEVEL=3
[2015.07.25-05.10.28:445][  0]LightingResults: New page: Lighting Build
[2015.07.25-05.10.28:469][  0]MapCheck: New page: Map Check
[2015.07.25-05.10.28:470][  0]LightingResults: New page: Lighting Build
[2015.07.25-05.10.28:481][  0]LogParticles: Destroying 0 GPU particle simulations for FXSystem 0x0000000018C289A0
[2015.07.25-05.10.29:574][  0]LogAIModule: Creating AISystem for world Minimal_Default
[2015.07.25-05.10.29:587][  0]LogEditorServer: Finished looking for orphan Actors (0.000 secs)
[2015.07.25-05.10.29:622][  0]Cmd: MAP CHECKDEP NOCLEARLOG
[2015.07.25-05.10.29:687][  0]MapCheck: Info Map check complete: 0 Error(s), 0 Warning(s), took 64.579ms to complete.
[2015.07.25-05.10.29:688][  0]LogFileHelpers: Loading map 'Minimal_Default' took 1.264
[2015.07.25-05.10.29:849][  0]LogCollectionManager: Loaded 0 collections in 0.003096 seconds
[2015.07.25-05.10.29:861][  0]LogContentBrowser: Native class hierarchy populated in 0.0113 seconds. Added 1794 classes and 303 folders.
[2015.07.25-05.10.30:022][  0]LogContentBrowser: Native class hierarchy updated for 'WidgetCarousel' in 0.0030 seconds. Added 0 classes and 0 folders.
[2015.07.25-05.10.30:145][  0]LogContentBrowser: Native class hierarchy updated for 'AddContentDialog' in 0.0029 seconds. Added 0 classes and 0 folders.
[2015.07.25-05.10.30:229][  0]LogContentBrowser: Native class hierarchy updated for 'SceneOutliner' in 0.0029 seconds. Added 1 classes and 2 folders.
[2015.07.25-05.10.30:308][  0]LogCrashTracker: Crashtracker disabled due to settings.
[2015.07.25-05.10.30:310][  0]LogD3D11RHI: InitD3DDevice
[2015.07.25-05.10.30:313][  0]LogUObjectGlobals:Warning: Failed to find object 'Class None.'
[2015.07.25-05.10.30:336][  0]LogLoad: Full Startup: 20.92 seconds (BP compile: 0.24 seconds)
[2015.07.25-05.10.30:425][  0]LogContentStreaming: Texture pool size is 0.000000MB
[2015.07.25-05.10.30:487][  0]LogContentStreaming: Texture pool size now 700 MB
[2015.07.25-05.10.30:654][  0]LogRenderer: Reallocating scene render targets to support 1208x584 (Frame:2).
[2015.07.25-05.10.33:763][ 10]LogAssetRegistry: Asset discovery search completed in 8.2754 seconds
[2015.07.25-05.10.56:088][ 77]LogD3D11RHI: InitD3DDevice
[2015.07.25-05.11.04:465][303]LogD3D11RHI: InitD3DDevice
[2015.07.25-05.11.06:458][517]LogD3D11RHI: InitD3DDevice
[2015.07.25-05.11.14:383][376]LogD3D11RHI: InitD3DDevice
[2015.07.25-05.11.15:264][445]LogD3D11RHI: InitD3DDevice
[2015.07.25-05.11.16:784][581]LogD3D11RHI: InitD3DDevice
[2015.07.25-05.11.17:812][677]LogD3D11RHI: InitD3DDevice
[2015.07.25-05.11.18:558][730]LogD3D11RHI: InitD3DDevice
[2015.07.25-05.11.20:891][904]LogD3D11RHI: InitD3DDevice
[2015.07.25-05.11.20:964][904]LogD3D11RHI: InitD3DDevice
[2015.07.25-05.15.57:741][920]LogD3D11RHI: InitD3DDevice
[2015.07.25-05.15.57:970][920]Running C:/Program Files/Epic Games/4.8/Engine/Binaries/DotNET/UnrealBuildTool.exe Demo Win64 Development -editorrecompile "D:/Users/SCW/Documents/Unreal Projects/Demo/Demo.uproject" -invalidatemakefilesonly -rocket
[2015.07.25-05.15.58:476][920]Invalidating makefiles only in this run.
[2015.07.25-05.15.58:937][920]LogD3D11RHI: InitD3DDevice
[2015.07.25-05.15.58:938][920]Recompiling Demo...
[2015.07.25-05.15.58:939][920]Launching UnrealBuildTool... [C:/Program Files/Epic Games/4.8/Engine/Binaries/DotNET/UnrealBuildTool.exe Demo -ModuleWithSuffix Demo 5380 Win64 Development -editorrecompile -canskiplink "D:/Users/SCW/Documents/Unreal Projects/Demo/Demo.uproject" -rocket  -rocket]
[2015.07.25-05.17.01:683][920]CompilerResultsLog: New page: Compilation - Jul 25, 2015, 9:17:01 PM
[2015.07.25-05.17.01:684][920]CompilerResultsLog: Info Compiling game modules for hot reload
[2015.07.25-05.17.01:684][920]CompilerResultsLog: Info Parsing headers for DemoEditor
[2015.07.25-05.17.01:685][920]CompilerResultsLog: Info Reflection code generated for DemoEditor
[2015.07.25-05.17.01:685][920]CompilerResultsLog: Info Performing 2 actions (4 in parallel)
[2015.07.25-05.17.01:685][920]CompilerResultsLog: Info CharacterControl.cpp
[2015.07.25-05.17.01:686][920]CompilerResultsLog: Info [2/2] Link UE4Editor-Demo-5380.dll
[2015.07.25-05.17.01:686][920]CompilerResultsLog: Info    Creating library D:\Users\SCW\Documents\Unreal Projects\Demo\Intermediate/Build/Win64\UE4Editor\Development\UE4Editor-Demo-5380.lib and object D:\Users\SCW\Documents\Unreal Projects\Demo\Intermediate/Build/Win64\UE4Editor\Development\UE4Editor-Demo-5380.exp
[2015.07.25-05.17.01:686][920]CompilerResultsLog: Info -------- End Detailed Actions Stats -----------------------------------------------------------
[2015.07.25-05.17.01:687][920]CompilerResultsLog: Info Total build time: 62.55 seconds
[2015.07.25-05.17.01:687][920]LogMainFrame: MainFrame: Module compiling took 62.760 seconds
[2015.07.25-05.17.01:758][920]LogContentBrowser: Native class hierarchy updated for 'Demo' in 0.0019 seconds. Added 2 classes and 2 folders.
[2015.07.25-05.17.01:761][920]Warning: HotReload successful (0 functions remapped  0 scriptstructs remapped)
[2015.07.25-05.17.01:790][920]LogContentBrowser: Native class hierarchy populated in 0.0123 seconds. Added 1795 classes and 305 folders.
[2015.07.25-05.17.01:791][920]Warning: HotReload operation took 63.2s.
[2015.07.25-05.17.01:797][920]LogD3D11RHI: InitD3DDevice
[2015.07.25-05.17.01:964][920]LogVSAccessor:Warning: Couldn't goto line number '0' in 'D:/Users/SCW/Documents/Unreal Projects/Demo/Source/Demo/CharacterControl.h'
[2015.07.25-05.17.02:058][920]LogVSAccessor:Warning: Couldn't goto line number '0' in 'D:/Users/SCW/Documents/Unreal Projects/Demo/Source/Demo/CharacterControl.cpp'
[2015.07.25-05.17.02:070][920]LogHotReload: New module detected: UE4Editor-Demo-5380.dll
[2015.07.25-05.17.02:104][921]LogHotReload: Starting Hot-Reload from IDE
[2015.07.25-05.17.02:110][921]LogD3D11RHI: InitD3DDevice
[2015.07.25-05.17.02:163][921]LogContentBrowser: Native class hierarchy updated for 'Demo' in 0.0017 seconds. Added 2 classes and 2 folders.
[2015.07.25-05.17.02:165][921]Warning: HotReload successful (0 functions remapped  0 scriptstructs remapped)
[2015.07.25-05.17.02:214][921]LogContentBrowser: Native class hierarchy populated in 0.0121 seconds. Added 1795 classes and 305 folders.
[2015.07.25-05.17.02:219][921]LogD3D11RHI: InitD3DDevice
[2015.07.25-05.18.41:390][444]LogD3D11RHI: InitD3DDevice
[2015.07.25-05.18.42:114][488]LogD3D11RHI: InitD3DDevice
[2015.07.25-05.18.43:248][568]LogD3D11RHI: InitD3DDevice
[2015.07.25-05.19.12:562][265]LogD3D11RHI: InitD3DDevice
[2015.07.25-05.19.12:564][265]Recompiling Demo...
[2015.07.25-05.19.12:565][265]Launching UnrealBuildTool... [C:/Program Files/Epic Games/4.8/Engine/Binaries/DotNET/UnrealBuildTool.exe Demo -ModuleWithSuffix Demo 675 Win64 Development -editorrecompile -canskiplink "D:/Users/SCW/Documents/Unreal Projects/Demo/Demo.uproject" -rocket  -rocket]
[2015.07.25-05.19.12:567][265]Warning: Starting HotReload took  0.0s.
[2015.07.25-05.19.21:448][772]CompilerResultsLog: New page: Compilation - Jul 25, 2015, 9:19:21 PM
[2015.07.25-05.19.21:449][772]CompilerResultsLog: Info Compiling game modules for hot reload
[2015.07.25-05.19.21:459][772]CompilerResultsLog: Info Target is up to date.
[2015.07.25-05.19.21:459][772]LogMainFrame: MainFrame: Module compiling took 8.903 seconds
[2015.07.25-05.19.21:879][795]LogD3D11RHI: InitD3DDevice
[2015.07.25-05.19.22:460][825]LogD3D11RHI: InitD3DDevice
[2015.07.25-05.19.22:585][831]LogD3D11RHI: InitD3DDevice
[2015.07.25-05.19.23:870][905]LogD3D11RHI: InitD3DDevice
[2015.07.25-05.19.24:207][922]LogD3D11RHI: InitD3DDevice
[2015.07.25-05.19.25:875][ 17]LogD3D11RHI: InitD3DDevice
[2015.07.25-05.19.57:699][421]LogD3D11RHI: InitD3DDevice
[2015.07.25-05.19.57:865][421]Running C:/Program Files/Epic Games/4.8/Engine/Binaries/DotNET/UnrealBuildTool.exe Demo Win64 Development -editorrecompile "D:/Users/SCW/Documents/Unreal Projects/Demo/Demo.uproject" -invalidatemakefilesonly -rocket
[2015.07.25-05.19.58:370][421]Invalidating makefiles only in this run.
[2015.07.25-05.19.58:485][421]LogD3D11RHI: InitD3DDevice
[2015.07.25-05.19.58:487][421]Recompiling Demo...
[2015.07.25-05.19.58:487][421]Launching UnrealBuildTool... [C:/Program Files/Epic Games/4.8/Engine/Binaries/DotNET/UnrealBuildTool.exe Demo -ModuleWithSuffix Demo 5518 Win64 Development -editorrecompile -canskiplink "D:/Users/SCW/Documents/Unreal Projects/Demo/Demo.uproject" -rocket  -rocket]
[2015.07.25-05.20.33:952][421]CompilerResultsLog: New page: Compilation - Jul 25, 2015, 9:20:33 PM
[2015.07.25-05.20.33:953][421]CompilerResultsLog: Info Compiling game modules for hot reload
[2015.07.25-05.20.33:953][421]CompilerResultsLog: Info Parsing headers for DemoEditor
[2015.07.25-05.20.33:953][421]CompilerResultsLog: Info Reflection code generated for DemoEditor
[2015.07.25-05.20.33:954][421]CompilerResultsLog: Info Performing 3 actions (4 in parallel)
[2015.07.25-05.20.33:954][421]CompilerResultsLog: Info Demo.generated.cpp
[2015.07.25-05.20.33:954][421]CompilerResultsLog: Info CharacterControl.cpp
[2015.07.25-05.20.33:955][421]CompilerResultsLog: Info [3/3] Link UE4Editor-Demo-5518.dll
[2015.07.25-05.20.33:955][421]CompilerResultsLog: Info    Creating library D:\Users\SCW\Documents\Unreal Projects\Demo\Intermediate/Build/Win64\UE4Editor\Development\UE4Editor-Demo-5518.lib and object D:\Users\SCW\Documents\Unreal Projects\Demo\Intermediate/Build/Win64\UE4Editor\Development\UE4Editor-Demo-5518.exp
[2015.07.25-05.20.33:956][421]CompilerResultsLog: Info -------- End Detailed Actions Stats -----------------------------------------------------------
[2015.07.25-05.20.33:956][421]CompilerResultsLog: Info Total build time: 35.29 seconds
[2015.07.25-05.20.33:956][421]LogMainFrame: MainFrame: Module compiling took 35.477 seconds
[2015.07.25-05.20.33:998][421]LogClass: Could not find existing class CharacterControl in package /Script/Demo for HotReload, assuming new class
[2015.07.25-05.20.34:005][421]LogContentBrowser: Native class hierarchy updated for 'Demo' in 0.0019 seconds. Added 3 classes and 2 folders.
[2015.07.25-05.20.34:008][421]Warning: HotReload successful (0 functions remapped  0 scriptstructs remapped)
[2015.07.25-05.20.34:034][421]LogContentBrowser: Native class hierarchy populated in 0.0126 seconds. Added 1796 classes and 305 folders.
[2015.07.25-05.20.34:036][421]Warning: HotReload operation took 35.6s.
[2015.07.25-05.20.34:041][421]LogD3D11RHI: InitD3DDevice
[2015.07.25-05.20.34:148][421]LogVSAccessor:Warning: Couldn't goto line number '0' in 'D:/Users/SCW/Documents/Unreal Projects/Demo/Source/Demo/CharacterControl.h'
[2015.07.25-05.20.34:253][421]LogVSAccessor:Warning: Couldn't goto line number '0' in 'D:/Users/SCW/Documents/Unreal Projects/Demo/Source/Demo/CharacterControl.cpp'
[2015.07.25-05.20.34:270][421]LogHotReload: New module detected: UE4Editor-Demo-5518.dll
[2015.07.25-05.20.34:302][422]LogHotReload: Starting Hot-Reload from IDE
[2015.07.25-05.20.34:308][422]LogD3D11RHI: InitD3DDevice
[2015.07.25-05.20.34:358][422]LogContentBrowser: Native class hierarchy updated for 'Demo' in 0.0020 seconds. Added 3 classes and 2 folders.
[2015.07.25-05.20.34:360][422]Warning: HotReload successful (0 functions remapped  0 scriptstructs remapped)
[2015.07.25-05.20.34:410][422]LogContentBrowser: Native class hierarchy populated in 0.0125 seconds. Added 1796 classes and 305 folders.
[2015.07.25-05.20.34:416][422]L