[2015.07.25-12.22.39:633][  0]Log file open, 07/25/15 20:22:39
[2015.07.25-12.22.39:633][  0]LogInit:Display: Running engine for game: Demo
[2015.07.25-12.22.39:633][  0]LogInit:Display: RandInit(284450232) SRandInit(284450232).
[2015.07.25-12.22.39:633][  0]LogTaskGraph: Started task graph with 4 named threads and 7 total threads.
[2015.07.25-12.22.39:633][  0]LogStats: Stats thread started
[2015.07.25-12.22.39:633][  0]LogInit: Version: 4.8.2-2614606+++depot+UE4-Releases+4.8
[2015.07.25-12.22.39:633][  0]LogInit: API Version: 2579680
[2015.07.25-12.22.39:633][  0]LogInit: Compiled (64-bit): Jul  8 2015 23:43:41
[2015.07.25-12.22.39:633][  0]LogInit: Compiled with Visual C++: 18.00.21005.01
[2015.07.25-12.22.39:633][  0]LogInit: Build Configuration: Development
[2015.07.25-12.22.39:633][  0]LogInit: Branch Name: ++depot+UE4-Releases+4.8
[2015.07.25-12.22.39:633][  0]LogInit: Command line:  
[2015.07.25-12.22.39:633][  0]LogInit: Base directory: C:/Program Files/Epic Games/4.8/Engine/Binaries/Win64/
[2015.07.25-12.22.39:633][  0]LogInit: Rocket: 1
[2015.07.25-12.22.39:655][  0]LogInit: Using libcurl 7.41.0
[2015.07.25-12.22.39:655][  0]LogInit:  - built for x86_64-pc-win32
[2015.07.25-12.22.39:655][  0]LogInit:  - supports SSL with WinSSL
[2015.07.25-12.22.39:655][  0]LogInit:  - other features:
[2015.07.25-12.22.39:655][  0]LogInit:      CURL_VERSION_SSL
[2015.07.25-12.22.39:655][  0]LogInit:      CURL_VERSION_IPV6
[2015.07.25-12.22.39:655][  0]LogInit:      CURL_VERSION_ASYNCHDNS
[2015.07.25-12.22.39:655][  0]LogInit:      CURL_VERSION_LARGEFILE
[2015.07.25-12.22.39:656][  0]LogInit:      CURL_VERSION_IDN
[2015.07.25-12.22.39:656][  0]LogInit:  CurlRequestOptions (configurable via config and command line):
[2015.07.25-12.22.39:656][  0]LogInit:  - bVerifyPeer = true  - Libcurl will verify peer certificate
[2015.07.25-12.22.39:656][  0]LogInit:  - bUseHttpProxy = false  - Libcurl will NOT use HTTP proxy
[2015.07.25-12.22.39:656][  0]LogInit:  - bDontReuseConnections = false  - Libcurl will reuse connections
[2015.07.25-12.22.39:656][  0]LogInit:  - CertBundlePath = nullptr  - Libcurl will use whatever was configured at build time.
[2015.07.25-12.22.39:674][  0]LogOnline:Warning: No default platform service specified for OnlineSubsystem
[2015.07.25-12.22.39:697][  0]LogInit: Presizing for 0 objects not considered by GC, pre-allocating 0 bytes.
[2015.07.25-12.22.39:708][  0]LogInit: Object subsystem initialized
[2015.07.25-12.22.39:708][  0]LogConsoleResponse:Warning: Skipping Unknown console variable: 'TranslucentSortAxis = (X=0.000000,Y=-1.000000,Z=0.000000)'
[2015.07.25-12.22.39:708][  0]LogConsoleResponse:Warning:   Found in ini file 'D:/Users/SCW/Documents/Unreal Projects/Demo/Saved/Config/Windows/Engine.ini', in section '[/Script/Engine.RendererSettings]'
[2015.07.25-12.22.39:708][  0]LogConsoleResponse:Warning: Skipping Unknown console variable: 'UIScaleRule = ShortestSide'
[2015.07.25-12.22.39:708][  0]LogConsoleResponse:Warning:   Found in ini file 'D:/Users/SCW/Documents/Unreal Projects/Demo/Saved/Config/Windows/Engine.ini', in section '[/Script/Engine.RendererSettings]'
[2015.07.25-12.22.39:708][  0]LogConsoleResponse:Warning: Skipping Unknown console variable: 'UIScaleCurve = (EditorCurveData=(Keys=),ExternalCurve=None)'
[2015.07.25-12.22.39:708][  0]LogConsoleResponse:Warning:   Found in ini file 'D:/Users/SCW/Documents/Unreal Projects/Demo/Saved/Config/Windows/Engine.ini', in section '[/Script/Engine.RendererSettings]'
[2015.07.25-12.22.39:709][  0]LogInit: Selected Device Profile: [Windows]
[2015.07.25-12.22.39:709][  0]LogInit: Applying CVar settings loaded from the selected device profile: [Windows]
[2015.07.25-12.22.39:718][  0]LogInit: Computer: SCW-PC
[2015.07.25-12.22.39:718][  0]LogInit: User: SCW
[2015.07.25-12.22.39:718][  0]LogInit: CPU Page size=4096, Cores=4
[2015.07.25-12.22.39:718][  0]LogInit: High frequency timer resolution =2.483750 MHz
[2015.07.25-12.22.39:718][  0]LogMemory: Memory total: Physical=8.0GB (8GB approx)
[2015.07.25-12.22.39:718][  0]LogMemory: Platform Memory Stats for Windows
[2015.07.25-12.22.39:718][  0]LogMemory: Process Physical Memory: 51.43 MB used, 51.43 MB peak
[2015.07.25-12.22.39:718][  0]LogMemory: Process Virtual Memory: 24.09 MB used, 24.80 MB peak
[2015.07.25-12.22.39:718][  0]LogMemory: Physical Memory: 4754.59 MB used, 8183.05 MB total
[2015.07.25-12.22.39:718][  0]LogMemory: Virtual Memory: 294.52 MB used, 8388608.00 MB total
[2015.07.25-12.22.39:769][  0]LogTextLocalizationManager: The requested culture ('zh_TW') has no localization data; falling back to 'en' for localization and internationalization data.
[2015.07.25-12.22.40:086][  0]LogTextLocalizationManager:Warning: Loaded localization resources contain conflicting entries for (Namespace:ContentBrowser, Key:ImportAssetToolTip):
Localization Resource: (C:/Program Files/Epic Games/4.8/Engine/Content/Localization/Editor/en/Editor.locres) Source String Hash: (-630476809) Localized String: (Import to {0}...)
Localization Resource: (C:/Program Files/Epic Games/4.8/Engine/Content/Localization/Editor/en/Editor.locres) Source String Hash: (1271782899) Localized String: (Imports an asset from file to this folder.)
[2015.07.25-12.22.40:704][  0]LogD3D11RHI: Found D3D11 adapter 0: NVIDIA GeForce GTX 560 Ti   (Feature Level 11_0)
[2015.07.25-12.22.40:704][  0]LogD3D11RHI: Adapter has 979MB of dedicated video memory, 0MB of dedicated system memory, and 3071MB of shared system memory, 2 output[s]
[2015.07.25-12.22.40:704][  0]LogD3D11RHI: Chosen D3D11 Adapter Id = 0
[2015.07.25-12.22.40:708][  0]LogD3D11RHI: InitD3DDevice
[2015.07.25-12.22.40:708][  0]LogD3D11RHI: !Direct3DDevice
[2015.07.25-12.22.40:708][  0]LogRHI: Texture pool is 685 MB (70% of 979 MB)
[2015.07.25-12.22.40:717][  0]LogD3D11RHI: Async texture creation enabled
[2015.07.25-12.22.40:735][  0]LogShaderCompilers:Display: Using Local Shader Compiler.
[2015.07.25-12.22.41:918][  0]LogTemp:Display: Loaded TP DesktopTargetPlatform
[2015.07.25-12.22.41:941][  0]LogTemp:Display: Loaded TP WindowsClientTargetPlatform
[2015.07.25-12.22.41:962][  0]LogTemp:Display: Loaded TP WindowsNoEditorTargetPlatform
[2015.07.25-12.22.41:983][  0]LogTemp:Display: Loaded TP WindowsServerTargetPlatform
[2015.07.25-12.22.42:006][  0]LogTemp:Display: Loaded TP WindowsTargetPlatform
[2015.07.25-12.22.42:025][  0]LogTemp:Display: Loaded TP AndroidTargetPlatform
[2015.07.25-12.22.42:043][  0]LogTemp:Display: Loaded TP Android_ASTCTargetPlatform
[2015.07.25-12.22.42:062][  0]LogTemp:Display: Loaded TP Android_ATCTargetPlatform
[2015.07.25-12.22.42:080][  0]LogTemp:Display: Loaded TP Android_DXTTargetPlatform
[2015.07.25-12.22.42:098][  0]LogTemp:Display: Loaded TP Android_ETC1TargetPlatform
[2015.07.25-12.22.42:117][  0]LogTemp:Display: Loaded TP Android_ETC2TargetPlatform
[2015.07.25-12.22.42:135][  0]LogTemp:Display: Loaded TP Android_PVRTCTargetPlatform
[2015.07.25-12.22.42:201][  0]LogTemp:Display: Loaded TP IOSTargetPlatform
[2015.07.25-12.22.42:218][  0]LogTemp:Display: Loaded TP LinuxNoEditorTargetPlatform
[2015.07.25-12.22.42:236][  0]LogTemp:Display: Loaded TP LinuxServerTargetPlatform
[2015.07.25-12.22.42:256][  0]LogTemp:Display: Loaded TP LinuxTargetPlatform
[2015.07.25-12.22.42:256][  0]LogTargetPlatformManager:Display: Building Assets For Windows
[2015.07.25-12.22.42:567][  0]LogDerivedDataCache:Display: Max Cache Size: 512 MB
[2015.07.25-12.22.42:628][  0]LogDerivedDataCache: Loaded boot cache 0.06s 53MB C:/Users/SCW/AppData/Local/UnrealEngine/4.8/DerivedDataCache/Boot.ddc.
[2015.07.25-12.22.42:628][  0]LogDerivedDataCache:Display: Loaded Boot cache: C:/Users/SCW/AppData/Local/UnrealEngine/4.8/DerivedDataCache/Boot.ddc
[2015.07.25-12.22.42:629][  0]LogDerivedDataCache: FDerivedDataBackendGraph:  Pak pak cache file D:/Users/SCW/Documents/Unreal Projects/Demo/DerivedDataCache/DDC.ddp not found, will not use a pak cache.
[2015.07.25-12.22.42:629][  0]LogDerivedDataCache: Unable to find inner node Pak for hierarchical cache Hierarchy.
[2015.07.25-12.22.42:629][  0]LogDerivedDataCache: FDerivedDataBackendGraph:  CompressedPak pak cache file D:/Users/SCW/Documents/Unreal Projects/Demo/DerivedDataCache/Compressed.ddp not found, will not use a pak cache.
[2015.07.25-12.22.42:629][  0]LogDerivedDataCache: Unable to find inner node CompressedPak for hierarchical cache Hierarchy.
[2015.07.25-12.22.42:846][  0]LogDerivedDataCache:Display: Pak cache opened for reading ../../../Engine/DerivedDataCache/Compressed.ddp.
[2015.07.25-12.22.42:858][  0]LogDerivedDataCache: Using Local data cache path C:/Users/SCW/AppData/Local/UnrealEngine/Common/DerivedDataCache: Writable
[2015.07.25-12.22.43:163][  0]LogInit: Selected Device Profile: [Windows]
[2015.07.25-12.22.43:172][  0]ImportText (ComponentSweepMultiTests): Missing closing parenthesis: (RootShapeAsset="/Engine/BasicShapes/Cube.Cube",ShapeType="TriggerCapsule",HitResult=(Time=0.50,Location=(X=-100.000015,Y=0.0,Z=100.000015),ImpactPoint=(X=-50.0,Y=0.0,Z=50.0),Normal=(X=-1.0,Y=-0.0,Z=0.0),ImpactNormal=(X=0.0,Y=0.0,Z=1.0),TraceStart=(X=-200.0,Y=0.0,Z=200.0),TraceEnd=(X=0.0,Y=0.0,Z=0.0))
[2015.07.25-12.22.43:172][  0]ImportText (LineTraceSingleByChannelTests): Missing closing parenthesis: (RootShapeAsset="/Engine/BasicShapes/Cube.Cube",HitResult=(Time=0.50,Location=(X=-100.000015,Y=0.0,Z=100.000015),ImpactPoint=(X=-50.0,Y=0.0,Z=50.0),Normal=(X=-1.0,Y=-0.0,Z=0.0),ImpactNormal=(X=0.0,Y=0.0,Z=1.0),TraceStart=(X=-200.0,Y=0.0,Z=200.0),TraceEnd=(X=0.0,Y=0.0,Z=0.0))
[2015.07.25-12.22.43:213][  0]LogMeshUtilities: No automatic mesh reduction module available
[2015.07.25-12.22.43:213][  0]LogMeshUtilities: No automatic mesh merging module available
[2015.07.25-12.22.43:753][  0]LogInit: WinSock: version 1.1 (2.2), MaxSocks=32767, MaxUdp=65467
[2015.07.25-12.22.45:147][  0]UdpMessaging: Initializing bridge on interface 0.0.0.0:0 to multicast group 230.0.0.1:6666.
[2015.07.25-12.22.45:658][  0]SourceControl: Info Source control is disabled
[2015.07.25-12.22.45:710][  0]SourceControl: Info Source control is disabled
[2015.07.25-12.22.45:726][  0]SourceControl: Info Source control is disabled
[2015.07.25-12.22.45:740][  0]SourceControl: Info Source control is disabled
[2015.07.25-12.22.46:071][  0]LogObj: 26288 objects as part of root set at end of initial load.
[2015.07.25-12.22.46:071][  0]LogUObjectAllocator: 5422088 out of 0 bytes used by permanent object pool.
[2015.07.25-12.22.46:172][  0]LogEngine: Initializing Engine...
[2015.07.25-12.22.46:175][  0]LogHMD: Can't find Oculus library dev build: is proper Runtime installed? Version: 0.6.0.0
[2015.07.25-12.22.46:177][  0]LogHMD:Warning: SteamVR failed to initialize.  Error: 100
[2015.07.25-12.22.46:394][  0]LogAIModule: Creating AISystem for world NewWorld
[2015.07.25-12.22.46:401][  0]LogInit: XAudio2 using '喇叭 (ASUS Xonar DS Audio Device)' : 2 channels at 44.1 kHz using 16 bits per sample (channel mask 0x3)
[2015.07.25-12.22.46:409][  0]LogInit: FAudioDevice initialized.
[2015.07.25-12.22.46:442][  0]LogDerivedDataCache: Saved boot cache 0.03s 53MB C:/Users/SCW/AppData/Local/UnrealEngine/4.8/DerivedDataCache/Boot.ddc.
[2015.07.25-12.22.46:451][  0]LogInit: Texture streaming: Disabled
[2015.07.25-12.22.46:486][  0]LogAnalytics: Creating configured Analytics provider AnalyticsET
[2015.07.25-12.22.46:487][  0]LogAnalytics: [UEEditor.Rocket.Release] APIServer = http://et2.epicgames.com/ET2/. AppVersion = 4.8.2-2614606+++depot+UE4-Releases+4.8
[2015.07.25-12.22.46:487][  0]LogAnalytics: [UEEditor.Rocket.Release] SetUserId 568b5a34404f889fb1b32ab5dcc7273c|171fa9009f6b4f02983f7d0ecd1f12ba|c0dd2cb7-895e-48cf-9e36-42424b144c9b
[2015.07.25-12.22.46:487][  0]LogAnalytics: [UEEditor.Rocket.Release] AnalyticsET::StartSession
[2015.07.25-12.22.46:521][  0]LogInit: Transaction tracking system initialized
[2015.07.25-12.22.46:709][  0]BlueprintLog: New page: Editor Load
[2015.07.25-12.22.46:756][  0]LogAssetRegistry: FAssetRegistry took 0.0109 seconds to start up
[2015.07.25-12.22.46:757][  0]LogDirectoryWatcher:Warning: Failed to begin reading directory changes for ../../../Engine/Plugins/Experimental/CharacterAI/Content/. Error: 0
[2015.07.25-12.22.47:572][  0]LogLinker:Warning: Asset '../../../Engine/Content/Tutorial/Mobile/SettingUpAndroidTutorial.uasset' has been saved with empty engine version. The asset will be loaded but may be incompatible.
[2015.07.25-12.22.47:816][  0]LogConsoleManager:Warning: Console variable 'r.VSync' wasn't set ('GameSetting' has a lower priority than 'SystemSettingsIni')
[2015.07.25-12.22.47:816][  0]LogConsoleResponse:Display: 
[2015.07.25-12.22.47:969][  0]LogCook:Display: Done creating registry. It took  0.00s.
[2015.07.25-12.22.48:246][  0]SourceControl: Info Source control is disabled
[2015.07.25-12.22.48:247][  0]Cmd: MAP LOAD FILE="D:/Users/SCW/Documents/Unreal Projects/Demo/Content/StarterContent/Maps/Minimal_Default.umap" TEMPLATE=0 SHOWPROGRESS=1 FEATURELEVEL=3
[2015.07.25-12.22.48:247][  0]LightingResults: New page: Lighting Build
[2015.07.25-12.22.48:270][  0]MapCheck: New page: Map Check
[2015.07.25-12.22.48:270][  0]LightingResults: New page: Lighting Build
[2015.07.25-12.22.48:281][  0]LogParticles: Destroying 0 GPU particle simulations for FXSystem 0x00000000146BC9A0
[2015.07.25-12.22.49:513][  0]LogAIModule: Creating AISystem for world Minimal_Default
[2015.07.25-12.22.49:525][  0]LogEditorServer: Finished looking for orphan Actors (0.000 secs)
[2015.07.25-12.22.49:547][  0]Cmd: MAP CHECKDEP NOCLEARLOG
[2015.07.25-12.22.49:618][  0]MapCheck: Info Map check complete: 0 Error(s), 0 Warning(s), took 70.126ms to complete.
[2015.07.25-12.22.49:619][  0]LogFileHelpers: Loading map 'Minimal_Default' took 1.372
[2015.07.25-12.22.49:752][  0]LogCollectionManager: Loaded 0 collections in 0.002694 seconds
[2015.07.25-12.22.49:763][  0]LogContentBrowser: Native class hierarchy populated in 0.0110 seconds. Added 1796 classes and 303 folders.
[2015.07.25-12.22.49:841][  0]LogContentBrowser: Native class hierarchy updated for 'WidgetCarousel' in 0.0022 seconds. Added 0 classes and 0 folders.
[2015.07.25-12.22.49:893][  0]LogContentBrowser: Native class hierarchy updated for 'AddContentDialog' in 0.0023 seconds. Added 0 classes and 0 folders.
[2015.07.25-12.22.49:924][  0]LogContentBrowser: Native class hierarchy updated for 'SceneOutliner' in 0.0025 seconds. Added 1 classes and 2 folders.
[2015.07.25-12.22.49:987][  0]LogCrashTracker: Crashtracker disabled due to settings.
[2015.07.25-12.22.49:989][  0]LogD3D11RHI: InitD3DDevice
[2015.07.25-12.22.49:992][  0]LogUObjectGlobals:Warning: Failed to find object 'Class None.'
[2015.07.25-12.22.50:014][  0]LogLoad: Full Startup: 13.11 seconds (BP compile: 0.31 seconds)
[2015.07.25-12.22.50:428][  0]LogContentStreaming: Texture pool size is 0.000000MB
[2015.07.25-12.22.50:488][  0]LogContentStreaming: Texture pool size now 700 MB
[2015.07.25-12.22.50:666][  0]LogRenderer: Reallocating scene render targets to support 1208x584 (Frame:2).
[2015.07.25-12.22.54:087][ 11]LogAssetRegistry: Asset discovery search completed in 7.3427 seconds
[2015.07.25-12.23.23:348][204]LogD3D11RHI: InitD3DDevice
[2015.07.25-12.23.28:058][576]LogD3D11RHI: InitD3DDevice
[2015.07.25-12.23.28:081][576]LogD3D11RHI: InitD3DDevice
[2015.07.25-12.23.28:145][576]LogLinker:Warning: Asset '../../../Engine/Content/ArtTools/RenderToTexture/Macros/RenderToTextureMacros.uasset' has been saved with empty engine version. The asset will be loaded but may be incompatible.
[2015.07.25-12.23.28:234][576]LogLinker:Warning: Asset '../../../Engine/Content/ArtTools/RenderToTexture/Enums/RenderToTexture_Enum.uasset' has been saved with empty engine version. The asset will be loaded but may be incompatible.
[2015.07.25-12.23.31:058][687]LogD3D11RHI: InitD3DDevice
[2015.07.25-12.23.31:076][687]LogD3D11RHI: InitD3DDevice
[2015.07.25-12.23.33:559][762]LogRenderer: Reallocating scene render targets to support 1208x912 (Frame:735).
[2015.07.25-12.23.37:970][976]LogD3D11RHI: InitD3DDevice
[2015.07.25-12.23.52:750][906]LogActorComponent: UnregisterComponent: (/Engine/Transient.CharMoveComp) Not registered. Aborting.
[2015.07.25-12.23.52:779][906]LogParticles: Destroying 0 GPU particle simulations for FXSystem 0x000000000F61A8E0
[2015.07.25-12.23.52:840][906]LogD3D11RHI: InitD3DDevice
[2015.07.25-12.23.53:111][906]LogSavePackage: Save=147.082031ms
[2015.07.25-12.23.53:111][906]LogSavePackage: Moving 'D:/Users/SCW/Documents/Unreal Projects/Demo/Saved/Minimal_DefaultA584E1B74A5C0282FF258AB43B165AE5.tmp' to 'D:/Users/SCW/Documents/Unreal Projects/Demo/Content/StarterContent/Maps/Minimal_Default.umap'
[2015.07.25-12.23.53:143][906]LogFileHelpers: Saving map 'Minimal_Default' took 0.293
[2015.07.25-12.23.53:149][906]Cmd: OBJ SAVEPACKAGE PACKAGE="/Game/Blueprints/BP_BasicCharacterControl" FILE="D:/Users/SCW/Documents/Unreal Projects/Demo/Content/Blueprints/BP_BasicCharacterControl.uasset" SILENT=true
[2015.07.25-12.23.53:173][906]LogSavePackage: Save=14.785304ms
[2015.07.25-12.23.53:173][906]LogSavePackage: Moving 'D:/Users/SCW/Documents/Unreal Projects/Demo/Saved/BP_BasicCharacterControl42C877AA4667E519C5D3768714121B66.tmp' to 'D:/Users/SCW/Documents/Unreal Projects/Demo/Content/Blueprints/BP_BasicCharacterControl.uasset'
[2015.07.25-12.23.53:571][923]BlueprintLog: New page: Compile BP_BasicCharacterControl
[2015.07.25-12.23.53:711][923]BlueprintEditorCompileResults: Info [0076.81] Compile of BP_BasicCharacterControl successful! [in 141 ms]
[2015.07.25-12.23.56:758][164]LogPlayLevel: PIE:  No blueprints needed recompiling
[2015.07.25-12.23.56:761][164]PIE: New page: PIE session: Minimal_Default (Jul 26, 2015, 4:23:56 AM)
[2015.07.25-12.23.56:761][164]LogPlayLevel: Creating play world package: /Game/StarterContent/Maps/UEDPIE_0_Minimal_Default
[2015.07.25-12.23.56:769][164]LogPlayLevel: PIE: StaticDuplicateObject took: (0.007504s)
[2015.07.25-12.23.56:770][164]LogAIModule: Creating AISystem for world Minimal_Default
[2015.07.25-12.23.56:770][164]LogPlayLevel: PIE: World Init took: (0.001666s)
[2015.07.25-12.23.56:771][164]LogPlayLevel: PIE: Created PIE world by copying editor world from /Game/StarterContent/Maps/Minimal_Default.Minimal_Default to /Game/StarterContent/Maps/UEDPIE_0_Minimal_Default.Minimal_Default (0.009416s)
[2015.07.25-12.23.56:791][164]LogParticles: Destroying 0 GPU particle simulations for FXSystem 0x000000000D4E5D00
[2015.07.25-12.23.56:810][164]LogInit: XAudio2 using '喇叭 (ASUS Xonar DS Audio Device)' : 2 channels at 44.1 kHz using 16 bits per sample (channel mask 0x3)
[2015.07.25-12.23.56:813][164]LogInit: FAudioDevice initialized.
[2015.07.25-12.23.56:946][164]LogWorld: Game class is 'BP_GameMode_C'
[2015.07.25-12.23.56:952][164]LogWorld: Bringing World /Game/StarterContent/Maps/UEDPIE_0_Minimal_Default.Minimal_Default up for play (max tick rate 0) at 2015.07.25-20.23.56
[2015.07.25-12.23.56:952][164]LogActor:Warning: GameSession /Game/StarterContent/Maps/UEDPIE_0_Minimal_Default.Minimal_Default:PersistentLevel.GameSession_0 has natively added scene component(s), but none of them were set as the actor's RootComponent - picking one arbitrarily
[2015.07.25-12.23.56:953][164]LogActor:Warning: GameNetworkManager /Game/StarterContent/Maps/UEDPIE_0_Minimal_Default.Minimal_Default:PersistentLevel.GameNetworkManager_0 has natively added scene component(s), but none of them were set as the actor's RootComponent - picking one arbitrarily
[2015.07.25-12.23.56:956][164]LogWorld: Bringing up level for play took: 0.007019
[2015.07.25-12.23.56:957][164]LogCrashTracker: 


[2015.07.25-12.24.01:916][164]LogCrashTracker: 


[2015.07.25-12.24.01:916][164]LogWindows: === Critical error: ===
Fatal error!

Unhandled Exception: EXCEPTION_ACCESS_VIOLATION reading address 0x00000100

UE4Editor-Demo.dll!ABasicharacterControl::PostInitializeComponents() {0x000007fec6af1eac} + 17 bytes [d:\users\scw\documents\unreal projects\demo\source\demo\basic
UE4Editor-Engine.dll!AActor::PostActorConstruction() {0x000007fed1169e2d} + 0 bytes [d:\buildfarm\buildmachine_++depot+ue4-releases+4.8\engine\sou
UE4Editor-Engine.dll!AActor::FinishSpawning() {0x000007fed1147518} + 0 bytes [d:\buildfarm\buildmachine_++depot+ue4-releases+4.8\engine\sou
UE4Editor-Engine.dll!AActor::PostSpawnInitialize() {0x000007fed116b4ba} + 0 bytes [d:\buildfarm\buildmachine_++depot+ue4-releases+4.8\engine\sou
UE4Editor-Engine.dll!UWorld::SpawnActor() {0x000007fed1510a43} + 0 bytes [d:\buildfarm\buildmachine_++depot+ue4-releases+4.8\engine\sou
UE4Editor-Engine.dll!AGameMode::SpawnDefaultPawnFor_Implementation() {0x000007fed1365892} + 54 bytes [d:\buildfarm\buildmachine_++depot+ue4-releases+4.8\engine\sou
UE4Editor-Engine.dll!AGameMode::execSpawnDefaultPawnFor() {0x000007fed11a8a18} + 184 bytes [d:\buildfarm\buildmachine_++depot+ue4-releases+4.8\engine\sou
UE4Editor-CoreUObject.dll!UFunction::Invoke() {0x000007fed4824b14} + 15 bytes [d:\buildfarm\buildmachine_++depot+ue4-releases+4.8\engine\sou
UE4Editor-CoreUObject.dll!UObject::ProcessEvent() {0x000007fed494e9cb} + 32 bytes [d:\buildfarm\buildmachine_++depot+ue4-releases+4.8\engine\sou
UE4Editor-Engine.dll!AActor::ProcessEvent() {0x000007fed116c3c1} + 0 bytes [d:\buildfarm\buildmachine_++depot+ue4-releases+4.8\engine\sou
UE4Editor-Engine.dll!AGameMode::SpawnDefaultPawnFor() {0x000007fed2323117} + 0 bytes [d:\buildfarm\buildmachine_++depot+ue4-releases+4.8\engine\int
UE4Editor-Engine.dll!AGameMode::RestartPlayer() {0x000007fed135c2b4} + 17 bytes [d:\buildfarm\buildmachine_++depot+ue4-releases+4.8\engine\sou
UE4Editor-Engine.dll!AGameMode::HandleMatchHasStarted() {0x000007fed1344edb} + 0 bytes [d:\buildfarm\buildmachine_++depot+ue4-releases+4.8\engine\sou
UE4Editor-Engine.dll!AGameMode::SetMatchState() {0x000007fed136240d} + 9 bytes [d:\buildfarm\buildmachine_++depot+ue4-releases+4.8\engine\sou
UE4Editor-Engine.dll!AGameMode::StartMatch() {0x000007fed13664d3} + 0 bytes [d:\buildfarm\buildmachine_++depot+ue4-releases+4.8\engine\sou
UE4Editor-Engine.dll!UWorld::BeginPlay() {0x000007fed19c551e} + 0 bytes [d:\buildfarm\buildmachine_++depot+ue4-releases+4.8\engine\sou
UE4Editor-Engine.dll!UGameInstance::StartPIEGameInstance() {0x000007fed1366c19} + 8 bytes [d:\buildfarm\buildmachine_++depot+ue4-releases+4.8\engine\sou
UE4Editor-UnrealEd.dll!UEditorEngine::CreatePIEGameInstance() {0x000007fecc62d253} + 0 bytes [d:\buildfarm\buildmachine_++depot+ue4-releases+4.8\engine\sou
UE4Editor-UnrealEd.dll!UEditorEngine::PlayInEditor() {0x000007fecc676a4f} + 0 bytes [d:\buildfarm\buildmachine_++depot+ue4-releases+4.8\engine\sou
UE4Editor-UnrealEd.dll!UEditorEngine::StartQueuedPlayMapRequest() {0x000007fecc6954a3} + 0 bytes [d:\buildfarm\buildmachine_++depot+ue4-releases+4.8\engine\sou
UE4Editor-UnrealEd.dll!UEditorEngine::Tick() {0x000007fecc4369d9} + 13 bytes [d:\buildfarm\buildmachine_++depot+ue4-releases+4.8\engine\sou
UE4Editor-UnrealEd.dll!UUnrealEdEngine::Tick() {0x000007fecc8f87d6} + 0 bytes [d:\buildfarm\buildmachine_++depot+ue4-releases+4.8\engine\sou
UE4Editor.exe!FEngineLoop::Tick() {0x000000013f7b42d1} + 0 bytes [d:\buildfarm\buildmachine_++depot+ue4-releases+4.8\engine\sou
UE4Editor.exe!GuardedMain() {0x000000013f7a49cc} + 0 bytes [d:\buildfarm\buildmachine_++depot+ue4-releases+4.8\engine\sou
UE4Editor.exe!GuardedMainWrapper() {0x000000013f7a4a4a} + 5 bytes [d:\buildfarm\buildmachine_++depot+ue4-releases+4.8\engine\sou
UE4Editor.exe!WinMain() {0x000000013f7b65c9} + 17 bytes [d:\buildfarm\buildmachine_++depot+ue4-releases+4.8\engine\sou
UE4Editor.exe!__tmainCRTStartup() {0x000000013f7b75d9} + 21 bytes [f:\dd\vctools\crt\crtw32\dllstuff\crtexe.c:618]
kernel32.dll {0x00000000776459cd} + 0 bytes
ntdll.dll {0x000000007787b891} + 0 bytes
ntdll.dll {0x000000007787b891} + 0 bytes

