[2015.07.25-05.46.57:247][  0]Log file open, 07/25/15 13:46:57
[2015.07.25-05.46.57:247][  0]LogInit:Display: Running engine for game: Demo
[2015.07.25-05.46.57:248][  0]LogInit:Display: RandInit(1441662980) SRandInit(1441662981).
[2015.07.25-05.46.57:248][  0]LogTaskGraph: Started task graph with 4 named threads and 7 total threads.
[2015.07.25-05.46.57:249][  0]LogStats: Stats thread started
[2015.07.25-05.46.57:249][  0]LogInit: Version: 4.8.2-2614606+++depot+UE4-Releases+4.8
[2015.07.25-05.46.57:249][  0]LogInit: API Version: 2579680
[2015.07.25-05.46.57:250][  0]LogInit: Compiled (64-bit): Jul  8 2015 23:43:41
[2015.07.25-05.46.57:250][  0]LogInit: Compiled with Visual C++: 18.00.21005.01
[2015.07.25-05.46.57:250][  0]LogInit: Build Configuration: Development
[2015.07.25-05.46.57:250][  0]LogInit: Branch Name: ++depot+UE4-Releases+4.8
[2015.07.25-05.46.57:251][  0]LogInit: Command line: 
[2015.07.25-05.46.57:251][  0]LogInit: Base directory: C:/Program Files/Epic Games/4.8/Engine/Binaries/Win64/
[2015.07.25-05.46.57:251][  0]LogInit: Rocket: 1
[2015.07.25-05.46.57:279][  0]LogInit: Using libcurl 7.41.0
[2015.07.25-05.46.57:280][  0]LogInit:  - built for x86_64-pc-win32
[2015.07.25-05.46.57:280][  0]LogInit:  - supports SSL with WinSSL
[2015.07.25-05.46.57:280][  0]LogInit:  - other features:
[2015.07.25-05.46.57:281][  0]LogInit:      CURL_VERSION_SSL
[2015.07.25-05.46.57:281][  0]LogInit:      CURL_VERSION_IPV6
[2015.07.25-05.46.57:282][  0]LogInit:      CURL_VERSION_ASYNCHDNS
[2015.07.25-05.46.57:282][  0]LogInit:      CURL_VERSION_LARGEFILE
[2015.07.25-05.46.57:282][  0]LogInit:      CURL_VERSION_IDN
[2015.07.25-05.46.57:283][  0]LogInit:  CurlRequestOptions (configurable via config and command line):
[2015.07.25-05.46.57:283][  0]LogInit:  - bVerifyPeer = true  - Libcurl will verify peer certificate
[2015.07.25-05.46.57:284][  0]LogInit:  - bUseHttpProxy = false  - Libcurl will NOT use HTTP proxy
[2015.07.25-05.46.57:284][  0]LogInit:  - bDontReuseConnections = false  - Libcurl will reuse connections
[2015.07.25-05.46.57:284][  0]LogInit:  - CertBundlePath = nullptr  - Libcurl will use whatever was configured at build time.
[2015.07.25-05.46.57:310][  0]LogOnline:Warning: No default platform service specified for OnlineSubsystem
[2015.07.25-05.46.57:405][  0]LogInit: Presizing for 0 objects not considered by GC, pre-allocating 0 bytes.
[2015.07.25-05.46.57:416][  0]LogInit: Object subsystem initialized
[2015.07.25-05.46.57:418][  0]LogConsoleResponse:Warning: Skipping Unknown console variable: 'TranslucentSortAxis = (X=0.000000,Y=-1.000000,Z=0.000000)'
[2015.07.25-05.46.57:418][  0]LogConsoleResponse:Warning:   Found in ini file 'D:/Users/SCW/Documents/Unreal Projects/Demo/Saved/Config/Windows/Engine.ini', in section '[/Script/Engine.RendererSettings]'
[2015.07.25-05.46.57:419][  0]LogConsoleResponse:Warning: Skipping Unknown console variable: 'UIScaleRule = ShortestSide'
[2015.07.25-05.46.57:419][  0]LogConsoleResponse:Warning:   Found in ini file 'D:/Users/SCW/Documents/Unreal Projects/Demo/Saved/Config/Windows/Engine.ini', in section '[/Script/Engine.RendererSettings]'
[2015.07.25-05.46.57:419][  0]LogConsoleResponse:Warning: Skipping Unknown console variable: 'UIScaleCurve = (EditorCurveData=(Keys=),ExternalCurve=None)'
[2015.07.25-05.46.57:420][  0]LogConsoleResponse:Warning:   Found in ini file 'D:/Users/SCW/Documents/Unreal Projects/Demo/Saved/Config/Windows/Engine.ini', in section '[/Script/Engine.RendererSettings]'
[2015.07.25-05.46.57:421][  0]LogInit: Selected Device Profile: [Windows]
[2015.07.25-05.46.57:421][  0]LogInit: Applying CVar settings loaded from the selected device profile: [Windows]
[2015.07.25-05.46.57:432][  0]LogInit: Computer: SCW-PC
[2015.07.25-05.46.57:432][  0]LogInit: User: SCW
[2015.07.25-05.46.57:433][  0]LogInit: CPU Page size=4096, Cores=4
[2015.07.25-05.46.57:433][  0]LogInit: High frequency timer resolution =2.483750 MHz
[2015.07.25-05.46.57:433][  0]LogMemory: Memory total: Physical=8.0GB (8GB approx)
[2015.07.25-05.46.57:434][  0]LogMemory: Platform Memory Stats for Windows
[2015.07.25-05.46.57:434][  0]LogMemory: Process Physical Memory: 49.93 MB used, 49.93 MB peak
[2015.07.25-05.46.57:434][  0]LogMemory: Process Virtual Memory: 25.55 MB used, 25.55 MB peak
[2015.07.25-05.46.57:435][  0]LogMemory: Physical Memory: 5745.95 MB used, 8183.05 MB total
[2015.07.25-05.46.57:435][  0]LogMemory: Virtual Memory: 293.58 MB used, 8388608.00 MB total
[2015.07.25-05.46.57:576][  0]LogTextLocalizationManager: The requested culture ('zh_TW') has no localization data; falling back to 'en' for localization and internationalization data.
[2015.07.25-05.46.57:916][  0]LogTextLocalizationManager:Warning: Loaded localization resources contain conflicting entries for (Namespace:ContentBrowser, Key:ImportAssetToolTip):
Localization Resource: (C:/Program Files/Epic Games/4.8/Engine/Content/Localization/Editor/en/Editor.locres) Source String Hash: (-630476809) Localized String: (Import to {0}...)
Localization Resource: (C:/Program Files/Epic Games/4.8/Engine/Content/Localization/Editor/en/Editor.locres) Source String Hash: (1271782899) Localized String: (Imports an asset from file to this folder.)
[2015.07.25-05.46.58:498][  0]LogD3D11RHI: Found D3D11 adapter 0: NVIDIA GeForce GTX 560 Ti   (Feature Level 11_0)
[2015.07.25-05.46.58:500][  0]LogD3D11RHI: Adapter has 979MB of dedicated video memory, 0MB of dedicated system memory, and 3071MB of shared system memory, 2 output[s]
[2015.07.25-05.46.58:500][  0]LogD3D11RHI: Chosen D3D11 Adapter Id = 0
[2015.07.25-05.46.58:513][  0]LogD3D11RHI: InitD3DDevice
[2015.07.25-05.46.58:515][  0]LogD3D11RHI: !Direct3DDevice
[2015.07.25-05.46.58:516][  0]LogRHI: Texture pool is 685 MB (70% of 979 MB)
[2015.07.25-05.46.58:596][  0]LogD3D11RHI: Async texture creation enabled
[2015.07.25-05.46.58:615][  0]LogShaderCompilers:Display: Using Local Shader Compiler.
[2015.07.25-05.47.00:006][  0]LogTemp:Display: Loaded TP DesktopTargetPlatform
[2015.07.25-05.47.00:056][  0]LogTemp:Display: Loaded TP WindowsClientTargetPlatform
[2015.07.25-05.47.00:106][  0]LogTemp:Display: Loaded TP WindowsNoEditorTargetPlatform
[2015.07.25-05.47.00:153][  0]LogTemp:Display: Loaded TP WindowsServerTargetPlatform
[2015.07.25-05.47.00:204][  0]LogTemp:Display: Loaded TP WindowsTargetPlatform
[2015.07.25-05.47.00:236][  0]LogTemp:Display: Loaded TP AndroidTargetPlatform
[2015.07.25-05.47.00:269][  0]LogTemp:Display: Loaded TP Android_ASTCTargetPlatform
[2015.07.25-05.47.00:304][  0]LogTemp:Display: Loaded TP Android_ATCTargetPlatform
[2015.07.25-05.47.00:340][  0]LogTemp:Display: Loaded TP Android_DXTTargetPlatform
[2015.07.25-05.47.00:375][  0]LogTemp:Display: Loaded TP Android_ETC1TargetPlatform
[2015.07.25-05.47.00:411][  0]LogTemp:Display: Loaded TP Android_ETC2TargetPlatform
[2015.07.25-05.47.00:445][  0]LogTemp:Display: Loaded TP Android_PVRTCTargetPlatform
[2015.07.25-05.47.00:583][  0]LogTemp:Display: Loaded TP IOSTargetPlatform
[2015.07.25-05.47.00:614][  0]LogTemp:Display: Loaded TP LinuxNoEditorTargetPlatform
[2015.07.25-05.47.00:644][  0]LogTemp:Display: Loaded TP LinuxServerTargetPlatform
[2015.07.25-05.47.00:677][  0]LogTemp:Display: Loaded TP LinuxTargetPlatform
[2015.07.25-05.47.00:678][  0]LogTargetPlatformManager:Display: Building Assets For Windows
[2015.07.25-05.47.01:402][  0]LogDerivedDataCache:Display: Max Cache Size: 512 MB
[2015.07.25-05.47.01:653][  0]LogDerivedDataCache: Loaded boot cache 0.25s 53MB C:/Users/SCW/AppData/Local/UnrealEngine/4.8/DerivedDataCache/Boot.ddc.
[2015.07.25-05.47.01:653][  0]LogDerivedDataCache:Display: Loaded Boot cache: C:/Users/SCW/AppData/Local/UnrealEngine/4.8/DerivedDataCache/Boot.ddc
[2015.07.25-05.47.01:654][  0]LogDerivedDataCache: FDerivedDataBackendGraph:  Pak pak cache file D:/Users/SCW/Documents/Unreal Projects/Demo/DerivedDataCache/DDC.ddp not found, will not use a pak cache.
[2015.07.25-05.47.01:654][  0]LogDerivedDataCache: Unable to find inner node Pak for hierarchical cache Hierarchy.
[2015.07.25-05.47.01:654][  0]LogDerivedDataCache: FDerivedDataBackendGraph:  CompressedPak pak cache file D:/Users/SCW/Documents/Unreal Projects/Demo/DerivedDataCache/Compressed.ddp not found, will not use a pak cache.
[2015.07.25-05.47.01:655][  0]LogDerivedDataCache: Unable to find inner node CompressedPak for hierarchical cache Hierarchy.
[2015.07.25-05.47.01:885][  0]LogDerivedDataCache:Display: Pak cache opened for reading ../../../Engine/DerivedDataCache/Compressed.ddp.
[2015.07.25-05.47.01:899][  0]LogDerivedDataCache: Using Local data cache path C:/Users/SCW/AppData/Local/UnrealEngine/Common/DerivedDataCache: Writable
[2015.07.25-05.47.02:456][  0]LogInit: Selected Device Profile: [Windows]
[2015.07.25-05.47.02:466][  0]ImportText (ComponentSweepMultiTests): Missing closing parenthesis: (RootShapeAsset="/Engine/BasicShapes/Cube.Cube",ShapeType="TriggerCapsule",HitResult=(Time=0.50,Location=(X=-100.000015,Y=0.0,Z=100.000015),ImpactPoint=(X=-50.0,Y=0.0,Z=50.0),Normal=(X=-1.0,Y=-0.0,Z=0.0),ImpactNormal=(X=0.0,Y=0.0,Z=1.0),TraceStart=(X=-200.0,Y=0.0,Z=200.0),TraceEnd=(X=0.0,Y=0.0,Z=0.0))
[2015.07.25-05.47.02:467][  0]ImportText (LineTraceSingleByChannelTests): Missing closing parenthesis: (RootShapeAsset="/Engine/BasicShapes/Cube.Cube",HitResult=(Time=0.50,Location=(X=-100.000015,Y=0.0,Z=100.000015),ImpactPoint=(X=-50.0,Y=0.0,Z=50.0),Normal=(X=-1.0,Y=-0.0,Z=0.0),ImpactNormal=(X=0.0,Y=0.0,Z=1.0),TraceStart=(X=-200.0,Y=0.0,Z=200.0),TraceEnd=(X=0.0,Y=0.0,Z=0.0))
[2015.07.25-05.47.02:545][  0]LogMeshUtilities: No automatic mesh reduction module available
[2015.07.25-05.47.02:545][  0]LogMeshUtilities: No automatic mesh merging module available
[2015.07.25-05.47.03:222][  0]LogInit: WinSock: version 1.1 (2.2), MaxSocks=32767, MaxUdp=65467
[2015.07.25-05.47.06:523][  0]UdpMessaging: Initializing bridge on interface 0.0.0.0:0 to multicast group 230.0.0.1:6666.
[2015.07.25-05.47.07:814][  0]SourceControl: Info Source control is disabled
[2015.07.25-05.47.07:900][  0]SourceControl: Info Source control is disabled
[2015.07.25-05.47.07:944][  0]SourceControl: Info Source control is disabled
[2015.07.25-05.47.07:990][  0]SourceControl: Info Source control is disabled
[2015.07.25-05.47.08:625][  0]LogObj: 26286 objects as part of root set at end of initial load.
[2015.07.25-05.47.08:625][  0]LogUObjectAllocator: 5420728 out of 0 bytes used by permanent object pool.
[2015.07.25-05.47.08:815][  0]LogEngine: Initializing Engine...
[2015.07.25-05.47.08:818][  0]LogHMD: Can't find Oculus library dev build: is proper Runtime installed? Version: 0.6.0.0
[2015.07.25-05.47.08:834][  0]LogHMD:Warning: SteamVR failed to initialize.  Error: 100
[2015.07.25-05.47.09:104][  0]LogAIModule: Creating AISystem for world NewWorld
[2015.07.25-05.47.09:117][  0]LogInit: XAudio2 using '喇叭 (ASUS Xonar DS Audio Device)' : 2 channels at 44.1 kHz using 16 bits per sample (channel mask 0x3)
[2015.07.25-05.47.09:132][  0]LogInit: FAudioDevice initialized.
[2015.07.25-05.47.09:167][  0]LogDerivedDataCache: Saved boot cache 0.03s 53MB C:/Users/SCW/AppData/Local/UnrealEngine/4.8/DerivedDataCache/Boot.ddc.
[2015.07.25-05.47.09:177][  0]LogInit: Texture streaming: Disabled
[2015.07.25-05.47.09:245][  0]LogAnalytics: Creating configured Analytics provider AnalyticsET
[2015.07.25-05.47.09:246][  0]LogAnalytics: [UEEditor.Rocket.Release] APIServer = http://et2.epicgames.com/ET2/. AppVersion = 4.8.2-2614606+++depot+UE4-Releases+4.8
[2015.07.25-05.47.09:246][  0]LogAnalytics: [UEEditor.Rocket.Release] SetUserId 568b5a34404f889fb1b32ab5dcc7273c|171fa9009f6b4f02983f7d0ecd1f12ba|c0dd2cb7-895e-48cf-9e36-42424b144c9b
[2015.07.25-05.47.09:247][  0]LogAnalytics: [UEEditor.Rocket.Release] AnalyticsET::StartSession
[2015.07.25-05.47.09:300][  0]LogInit: Transaction tracking system initialized
[2015.07.25-05.47.09:739][  0]BlueprintLog: New page: Editor Load
[2015.07.25-05.47.09:823][  0]LogAssetRegistry: FAssetRegistry took 0.0116 seconds to start up
[2015.07.25-05.47.09:824][  0]LogDirectoryWatcher:Warning: Failed to begin reading directory changes for ../../../Engine/Plugins/Experimental/CharacterAI/Content/. Error: 0
[2015.07.25-05.47.11:885][  0]LogLinker:Warning: Asset '../../../Engine/Content/Tutorial/Mobile/SettingUpAndroidTutorial.uasset' has been saved with empty engine version. The asset will be loaded but may be incompatible.
[2015.07.25-05.47.12:209][  0]LogConsoleManager:Warning: Console variable 'r.VSync' wasn't set ('GameSetting' has a lower priority than 'SystemSettingsIni')
[2015.07.25-05.47.12:210][  0]LogConsoleResponse:Display: 
[2015.07.25-05.47.12:384][  0]LogCook:Display: Done creating registry. It took  0.00s.
[2015.07.25-05.47.13:084][  0]SourceControl: Info Source control is disabled
[2015.07.25-05.47.13:085][  0]Cmd: MAP LOAD FILE="D:/Users/SCW/Documents/Unreal Projects/Demo/Content/StarterContent/Maps/Minimal_Default.umap" TEMPLATE=0 SHOWPROGRESS=1 FEATURELEVEL=3
[2015.07.25-05.47.13:105][  0]LightingResults: New page: Lighting Build
[2015.07.25-05.47.13:127][  0]MapCheck: New page: Map Check
[2015.07.25-05.47.13:127][  0]LightingResults: New page: Lighting Build
[2015.07.25-05.47.13:139][  0]LogParticles: Destroying 0 GPU particle simulations for FXSystem 0x0000000016D3C9A0
[2015.07.25-05.47.14:413][  0]LogAIModule: Creating AISystem for world Minimal_Default
[2015.07.25-05.47.14:428][  0]LogEditorServer: Finished looking for orphan Actors (0.000 secs)
[2015.07.25-05.47.14:462][  0]Cmd: MAP CHECKDEP NOCLEARLOG
[2015.07.25-05.47.14:524][  0]MapCheck: Info Map check complete: 0 Error(s), 0 Warning(s), took 61.599ms to complete.
[2015.07.25-05.47.14:525][  0]LogFileHelpers: Loading map 'Minimal_Default' took 1.439
[2015.07.25-05.47.14:714][  0]LogCollectionManager: Loaded 0 collections in 0.002986 seconds
[2015.07.25-05.47.14:726][  0]LogContentBrowser: Native class hierarchy populated in 0.0113 seconds. Added 1795 classes and 303 folders.
[2015.07.25-05.47.14:863][  0]LogContentBrowser: Native class hierarchy updated for 'WidgetCarousel' in 0.0017 seconds. Added 0 classes and 0 folders.
[2015.07.25-05.47.15:080][  0]LogContentBrowser: Native class hierarchy updated for 'AddContentDialog' in 0.0036 seconds. Added 0 classes and 0 folders.
[2015.07.25-05.47.15:169][  0]LogContentBrowser: Native class hierarchy updated for 'SceneOutliner' in 0.0022 seconds. Added 1 classes and 2 folders.
[2015.07.25-05.47.15:244][  0]LogCrashTracker: Crashtracker disabled due to settings.
[2015.07.25-05.47.15:246][  0]LogD3D11RHI: InitD3DDevice
[2015.07.25-05.47.15:250][  0]LogUObjectGlobals:Warning: Failed to find object 'Class None.'
[2015.07.25-05.47.15:273][  0]LogLoad: Full Startup: 21.23 seconds (BP compile: 0.24 seconds)
[2015.07.25-05.47.15:361][  0]LogContentStreaming: Texture pool size is 0.000000MB
[2015.07.25-05.47.15:422][  0]LogContentStreaming: Texture pool size now 700 MB
[2015.07.25-05.47.15:590][  0]LogRenderer: Reallocating scene render targets to support 1208x584 (Frame:2).
[2015.07.25-05.47.16:037][  8]LogAssetRegistry: Asset discovery search completed in 6.2257 seconds
[2015.07.25-05.47.17:106][126]LogD3D11RHI: InitD3DDevice
[2015.07.25-05.47.17:813][180]LogD3D11RHI: InitD3DDevice
[2015.07.25-05.47.18:273][217]LogD3D11RHI: InitD3DDevice
[2015.07.25-05.47.23:794][748]LogD3D11RHI: InitD3DDevice
[2015.07.25-05.47.39:674][282]LogD3D11RHI: InitD3DDevice
[2015.07.25-05.47.39:744][282]LogD3D11RHI: InitD3DDevice
[2015.07.25-05.47.55:559][389]LogD3D11RHI: InitD3DDevice
[2015.07.25-05.47.55:743][389]Running C:/Program Files/Epic Games/4.8/Engine/Binaries/DotNET/UnrealBuildTool.exe Demo Win64 Development -editorrecompile "D:/Users/SCW/Documents/Unreal Projects/Demo/Demo.uproject" -invalidatemakefilesonly -rocket
[2015.07.25-05.47.56:249][389]Invalidating makefiles only in this run.
[2015.07.25-05.47.56:372][389]LogD3D11RHI: InitD3DDevice
[2015.07.25-05.47.56:374][389]Recompiling Demo...
[2015.07.25-05.47.56:374][389]Launching UnrealBuildTool... [C:/Program Files/Epic Games/4.8/Engine/Binaries/DotNET/UnrealBuildTool.exe Demo -ModuleWithSuffix Demo 617 Win64 Development -editorrecompile -canskiplink "D:/Users/SCW/Documents/Unreal Projects/Demo/Demo.uproject" -rocket  -rocket]
[2015.07.25-05.48.21:669][389]CompilerResultsLog: New page: Compilation - Jul 25, 2015, 9:48:21 PM
[2015.07.25-05.48.21:670][389]CompilerResultsLog: Info Compiling game modules for hot reload
[2015.07.25-05.48.21:670][389]CompilerResultsLog: Info Parsing headers for DemoEditor
[2015.07.25-05.48.21:671][389]CompilerResultsLog: Info Reflection code generated for DemoEditor
[2015.07.25-05.48.21:671][389]CompilerResultsLog: Info Performing 2 actions (4 in parallel)
[2015.07.25-05.48.21:671][389]CompilerResultsLog: Info CharacterCreater.cpp
[2015.07.25-05.48.21:672][389]CompilerResultsLog: Info [2/2] Link UE4Editor-Demo-617.dll
[2015.07.25-05.48.21:672][389]CompilerResultsLog: Info    Creating library D:\Users\SCW\Documents\Unreal Projects\Demo\Intermediate/Build/Win64\UE4Editor\Development\UE4Editor-Demo-617.lib and object D:\Users\SCW\Documents\Unreal Projects\Demo\Intermediate/Build/Win64\UE4Editor\Development\UE4Editor-Demo-617.exp
[2015.07.25-05.48.21:672][389]CompilerResultsLog: Info -------- End Detailed Actions Stats -----------------------------------------------------------
[2015.07.25-05.48.21:673][389]CompilerResultsLog: Info Total build time: 25.10 seconds
[2015.07.25-05.48.21:673][389]LogMainFrame: MainFrame: Module compiling took 25.309 seconds
[2015.07.25-05.48.21:741][389]LogContentBrowser: Native class hierarchy updated for 'Demo' in 0.0018 seconds. Added 3 classes and 2 folders.
[2015.07.25-05.48.21:743][389]Warning: HotReload successful (0 functions remapped  0 scriptstructs remapped)
[2015.07.25-05.48.21:770][389]LogContentBrowser: Native class hierarchy populated in 0.0119 seconds. Added 1796 classes and 305 folders.
[2015.07.25-05.48.21:772][389]Warning: HotReload operation took 25.4s.
[2015.07.25-05.48.21:781][389]LogD3D11RHI: InitD3DDevice
[2015.07.25-05.48.21:911][389]LogVSAccessor:Warning: Couldn't goto line number '0' in 'D:/Users/SCW/Documents/Unreal Projects/Demo/Source/Demo/CharacterCreater.h'
[2015.07.25-05.48.21:995][389]LogVSAccessor:Warning: Couldn't goto line number '0' in 'D:/Users/SCW/Documents/Unreal Projects/Demo/Source/Demo/CharacterCreater.cpp'
[2015.07.25-05.48.22:006][389]LogHotReload: New module detected: UE4Editor-Demo-617.dll
[2015.07.25-05.48.22:037][390]LogHotReload: Starting Hot-Reload from IDE
[2015.07.25-05.48.22:042][390]LogD3D11RHI: InitD3DDevice
[2015.07.25-05.48.22:099][390]LogContentBrowser: Native class hierarchy updated for 'Demo' in 0.0020 seconds. Added 3 classes and 2 folders.
[2015.07.25-05.48.22:102][390]Warning: HotReload successful (0 functions remapped  0 scriptstructs remapped)
[2015.07.25-05.48.22:153][390]LogContentBrowser: Native class hierarchy populated in 0.0120 seconds. Added 1796 classes and 305 folders.
[2015.07.25-05.48.22:158][390]LogD3D11RHI: InitD3DDevice
[2015.07.25-05.54.47:347][714]LogD3D11RHI: InitD3DDevice
[2015.07.25-05.54.49:809][938]LogD3D11RHI: InitD3DDevice
[2015.07.25-05.54.53:328][256]LogD3D11RHI: InitD3DDevice
[2015.07.25-06.10.23:976][339]LogD3D11RHI: InitD3DDevice
[2015.07.25-06.10.23:979][339]Recompiling Demo...
[2015.07.25-06.10.23:980][339]Launching UnrealBuildTool... [C:/Program Files/Epic Games/4.8/Engine/Binaries/DotNET/UnrealBuildTool.exe Demo -ModuleWithSuffix Demo 4247 Win64 Development -editorrecompile -canskiplink "D:/Users/SCW/Documents/Unreal Projects/Demo/Demo.uproject" -rocket  -rocket]
[2015.07.25-06.10.23:983][339]Warning: Starting HotReload took  0.0s.
[2015.07.25-06.11.24:060][ 72]CompilerResultsLog: New page: Compilation - Jul 25, 2015, 10:11:24 PM
[2015.07.25-06.11.24:062][ 72]CompilerResultsLog: Info Compiling game modules for hot reload
[2015.07.25-06.11.24:063][ 72]CompilerResultsLog: Info Parsing headers for DemoEditor
[2015.07.25-06.11.24:063][ 72]CompilerResultsLog: Info Reflection code generated for DemoEditor
[2015.07.25-06.11.24:064][ 72]CompilerResultsLog: Info Performing 4 actions (4 in parallel)
[2015.07.25-06.11.24:064][ 72]CompilerResultsLog: Info CharacterCreater.cpp
[2015.07.25-06.11.24:064][ 72]CompilerResultsLog: Info BasicCharacterControl.cpp
[2015.07.25-06.11.24:065][ 72]CompilerResultsLog: Info Demo.generated.cpp
[2015.07.25-06.11.24:065][ 72]CompilerResultsLog:Error: Error D:\Users\SCW\Documents\Unreal Projects\Demo\Source\Demo\CharacterCreater.cpp(4)  : fatal error C1083: Cannot open include file: 'BasicCharacterCreater.h': No such file or directory
[2015.07.25-06.11.24:066][ 72]CompilerResultsLog:Error: Error d:\users\scw\documents\unreal projects\demo\source\demo\BasicCharacterControl.h(20)  : error C2079: 'ABasicharacterControl::m_CharacterCreater' uses undefined class 'CharacterCreater'
[2015.07.25-06.11.24:066][ 72]CompilerResultsLog:Error: Error D:\Users\SCW\Documents\Unreal Projects\Demo\Source\Demo\BasicCharacterControl.h(20)  : error C2079: 'ABasicharacterControl::m_CharacterCreater' uses undefined class 'CharacterCreater'
[2015.07.25-06.11.24:067][ 72]CompilerResultsLog:Error: Error D:\Users\SCW\Documents\Unreal Projects\Demo\Source\Demo\BasicCharacterControl.cpp(24)  : error C2228: left of '.CreateCharacter' must have class/struct/union
[2015.07.25-06.11.24:067][ 72]CompilerResultsLog: Info         type is 'int'
[2015.07.25-06.11.24:067][ 72]CompilerResultsLog:Error: Error D:\Users\SCW\Documents\Unreal Projects\Demo\Source\Demo\BasicCharacterControl.cpp(25)  : error C2440: '=' : cannot convert from 'BasicCharacter *' to 'USceneComponent *'
[2015.07.25-06.11.24:068][ 72]CompilerResultsLog: Info         Types pointed to are unrelated; conversion requires reinterpret_cast, C-style cast or function-style cast
[2015.07.25-06.11.24:068][ 72]CompilerResultsLog: Info -------- End Detailed Actions Stats -----------------------------------------------------------
[2015.07.25-06.11.24:069][ 72]CompilerResultsLog: Info ERROR: UBT ERROR: Failed to produce item: D:\Users\SCW\Documents\Unreal Projects\Demo\Binaries\Win64\UE4Editor-Demo-4247.dll
[2015.07.25-06.11.24:069][ 72]CompilerResultsLog: Info Total build time: 59.55 seconds
[2015.07.25-06.11.24:069][ 72]LogMainFrame: MainFrame: Module compiling took 60.099 seconds
[2015.07.25-06.11.24:070][ 72]Warning: HotReload failed, recompile failed
[2015.07.25-06.11.30:067][156]LogD3D11RHI: InitD3DDevice
[2015.07.25-06.11.55:348][898]LogD3D11RHI: InitD3DDevice
[2015.07.25-06.11.55:351][898]Recompiling Demo...
[2015.07.25-06.11.55:352][898]Launching UnrealBuildTool... [C:/Program Files/Epic Games/4.8/Engine/Binaries/DotNET/UnrealBuildTool.exe Demo -ModuleWithSuffix Demo 860 Win64 Development -editorrecompile -canskiplink "D:/Users/SCW/Documents/Unreal Projects/Demo/Demo.uproject" -rocket  -rocket]
[2015.07.25-06.11.55:354][898]Warning: Starting HotReload took  0.0s.
[2015.07.25-06.12.23:979][418]CompilerResultsLog: New page: Compilation - Jul 25, 2015, 10:12:23 PM
[2015.07.25-06.12.23:986][418]CompilerResultsLog: Info Compiling game modules for hot reload
[2015.07.25-06.12.23:986][418]CompilerResultsLog: Info Parsing headers for DemoEditor
[2015.07.25-06.12.23:986][418]CompilerResultsLog: Info Reflection code generated for DemoEditor
[2015.07.25-06.12.23:987][418]CompilerResultsLog: Info Performing 4 actions (4 in parallel)
[2015.07.25-06.12.23:987][418]CompilerResultsLog: Info Demo.generated.cpp
[2015.07.25-06.12.23:988][418]CompilerResultsLog: Info BasicCharacterControl.cpp
[2015.07.25-06.12.23:988][418]CompilerResultsLog: Info BasicCharacterCreater.cpp
[2015.07.25-06.12.23:988][418]CompilerResultsLog:Error: Error d:\users\scw\documents\unreal projects\demo\source\demo\BasicCharacterControl.h(20)  : error C2079: 'ABasicharacterControl::m_CharacterCreater' uses undefined class 'CharacterCreater'
[2015.07.25-06.12.23:989][418]CompilerResultsLog:Error: Error d:\users\scw\documents\unreal projects\demo\source\demo\BasicCharacterCreater.h(21)  : error C2143: syntax error : missing ';' before '*'
[2015.07.25-06.12.23:989][418]CompilerResultsLog:Error: Error d:\users\scw\documents\unreal projects\demo\source\demo\BasicCharacterCreater.h(21)  : error C2433: 'BasicCharacterCreater::BasicCharater' : 'virtual' not permitted on data declarations
[2015.07.25-06.12.23:990][418]CompilerResultsLog:Error: Error d:\users\scw\documents\unreal projects\demo\source\demo\BasicCharacterCreater.h(21)  : error C4430: missing type specifier - int assumed. Note: C++ does not support default-int
[2015.07.25-06.12.23:990][418]CompilerResultsLog:Error: Error d:\users\scw\documents\unreal projects\demo\source\demo\BasicCharacterCreater.h(21)  : error C4183: 'CreateCharacter': missing return type; assumed to be a member function returning 'int'
[2015.07.25-06.12.23:991][418]CompilerResultsLog:Error: Error D:\Users\SCW\Documents\Unreal Projects\Demo\Source\Demo\BasicCharacterControl.cpp(24)  : error C2228: left of '.CreateCharacter' must have class/struct/union
[2015.07.25-06.12.23:991][418]CompilerResultsLog: Info         type is 'int'
[2015.07.25-06.12.23:991][418]CompilerResultsLog:Error: Error D:\Users\SCW\Documents\Unreal Projects\Demo\Source\Demo\BasicCharacterControl.cpp(25)  : error C2440: '=' : cannot convert from 'BasicCharacter *' to 'USceneComponent *'
[2015.07.25-06.12.23:992][418]CompilerResultsLog: Info         Types pointed to are unrelated; conversion requires reinterpret_cast, C-style cast or function-style cast
[2015.07.25-06.12.23:992][418]CompilerResultsLog:Error: Error D:\Users\SCW\Documents\Unreal Projects\Demo\Source\Demo\BasicCharacterControl.h(20)  : error C2079: 'ABasicharacterControl::m_CharacterCreater' uses undefined class 'CharacterCreater'
[2015.07.25-06.12.23:993][418]CompilerResultsLog:Error: Error D:\Users\SCW\Documents\Unreal Projects\Demo\Source\Demo\BasicCharacterCreater.cpp(14)  : error C2143: syntax error : missing ';' before '*'
[2015.07.25-06.12.23:993][418]CompilerResultsLog:Error: Error D:\Users\SCW\Documents\Unreal Projects\Demo\Source\Demo\BasicCharacterCreater.cpp(14)  : error C4430: missing type specifier - int assumed. Note: C++ does not support default-int
[2015.07.25-06.12.23:994][418]CompilerResultsLog:Error: Error D:\Users\SCW\Documents\Unreal Projects\Demo\Source\Demo\BasicCharacterCreater.cpp(15)  : error C4430: missing type specifier - int assumed. Note: C++ does not support default-int
[2015.07.25-06.12.23:994][418]CompilerResultsLog:Error: Error D:\Users\SCW\Documents\Unreal Projects\Demo\Source\Demo\BasicCharacterCreater.cpp(16)  : error C2227: left of '->SpawnActor' must point to class/struct/union/generic type
[2015.07.25-06.12.23:995][418]CompilerResultsLog: Info         type is 'unknown-type'
[2015.07.25-06.12.23:995][418]CompilerResultsLog:Error: Error D:\Users\SCW\Documents\Unreal Projects\Demo\Source\Demo\BasicCharacterCreater.cpp(16)  : error C2065: 'ABullet' : undeclared identifier
[2015.07.25-06.12.23:996][418]CompilerResultsLog:Error: Error D:\Users\SCW\Documents\Unreal Projects\Demo\Source\Demo\BasicCharacterCreater.cpp(16)  : error C3861: 'GetWorld': identifier not found
[2015.07.25-06.12.23:996][418]CompilerResultsLog: Info -------- End Detailed Actions Stats -----------------------------------------------------------
[2015.07.25-06.12.23:997][418]CompilerResultsLog: Info ERROR: UBT ERROR: Failed to produce item: D:\Users\SCW\Documents\Unreal Projects\Demo\Binaries\Win64\UE4Editor-Demo-860.dll
[2015.07.25-06.12.23:997][418]CompilerResultsLog: Info Total build time: 28.40 seconds
[2015.07.25-06.12.23:997][418]LogMainFrame: MainFrame: Module compiling took 28.655 seconds
[2015.07.25-06.12.23:998][418]Warning: HotReload failed, recompile failed
[2015.07.25-06.12.37:188][291]LogD3D11RHI: InitD3DDevice
[2015.07.25-06.13.42:347][496]LogD3D11RHI: InitD3DDevice
[2015.07.25-06.13.42:349][496]Recompiling Demo...
[2015.07.25-06.13.42:350][496]Launching UnrealBuildTool... [C:/Program Files/Epic Games/4.8/Engine/Binaries/DotNET/UnrealBuildTool.exe Demo -ModuleWithSuffix Demo 3154 Win64 Development -editorrecompile -canskiplink "D:/Users/SCW/Documents/Unreal Projects/Demo/Demo.uproject" -rocket  -rocket]
[2015.07.25-06.13.42:353][496]Warning: Starting HotReload took  0.0s.
[2015.07.25-06.14.10:412][423]CompilerResultsLog: New page: Compilation - Jul 25, 2015, 10:14:10 PM
[2015.07.25-06.14.10:418][423]CompilerResultsLog: Info Compiling game modules for hot reload
[2015.07.25-06.14.10:418][423]CompilerResultsLog: Info Parsing headers for DemoEditor
[2015.07.25-06.14.10:418][423]CompilerResultsLog: Info Reflection code generated for DemoEditor
[2015.07.25-06.14.10:419][423]CompilerResultsLog: Info Performing 4 actions (4 in parallel)
[2015.07.25-06.14.10:419][423]CompilerResultsLog: Info Demo.generated.cpp
[2015.07.25-06.14.10:420][423]CompilerResultsLog: Info BasicCharacterControl.cpp
[2015.07.25-06.14.10:420][423]CompilerResultsLog: Info BasicCharacterCreater.cpp
[2015.07.25-06.14.10:421][423]CompilerResultsLog:Error: Error d:\users\scw\documents\unreal projects\demo\source\demo\BasicCharacterCreater.h(21)  : error C2143: syntax error : missing ';' before '*'
[2015.07.25-06.14.10:421][423]CompilerResultsLog:Error: Error d:\users\scw\documents\unreal projects\demo\source\demo\BasicCharacterCreater.h(21)  : error C2433: 'BasicCharacterCreater::BasicCharater' : 'virtual' not permitted on data declarations
[2015.07.25-06.14.10:422][423]CompilerResultsLog:Error: Error d:\users\scw\documents\unreal projects\demo\source\demo\BasicCharacterCreater.h(21)  : error C4430: missing type specifier - int assumed. Note: C++ does not support default-int
[2015.07.25-06.14.10:422][423]CompilerResultsLog:Error: Error d:\users\scw\documents\unreal projects\demo\source\demo\BasicCharacterCreater.h(21)  : error C4183: 'CreateCharacter': missing return type; assumed to be a member function returning 'int'
[2015.07.25-06.14.10:422][423]CompilerResultsLog:Error: Error D:\Users\SCW\Documents\Unreal Projects\Demo\Source\Demo\BasicCharacterCreater.cpp(14)  : error C2143: syntax error : missing ';' before '*'
[2015.07.25-06.14.10:423][423]CompilerResultsLog:Error: Error D:\Users\SCW\Documents\Unreal Projects\Demo\Source\Demo\BasicCharacterCreater.cpp(14)  : error C4430: missing type specifier - int assumed. Note: C++ does not support default-int
[2015.07.25-06.14.10:423][423]CompilerResultsLog:Error: Error D:\Users\SCW\Documents\Unreal Projects\Demo\Source\Demo\BasicCharacterCreater.cpp(15)  : error C4430: missing type specifier - int assumed. Note: C++ does not support default-int
[2015.07.25-06.14.10:423][423]CompilerResultsLog:Error: Error D:\Users\SCW\Documents\Unreal Projects\Demo\Source\Demo\BasicCharacterCreater.cpp(16)  : error C2227: left of '->SpawnActor' must point to class/struct/union/generic type
[2015.07.25-06.14.10:424][423]CompilerResultsLog: Info         type is 'unknown-type'
[2015.07.25-06.14.10:424][423]CompilerResultsLog:Error: Error D:\Users\SCW\Documents\Unreal Projects\Demo\Source\Demo\BasicCharacterCreater.cpp(16)  : error C2065: 'ABullet' : undeclared identifier
[2015.07.25-06.14.10:425][423]CompilerResultsLog:Error: Error D:\Users\SCW\Documents\Unreal Projects\Demo\Source\Demo\BasicCharacterCreater.cpp(16)  : error C3861: 'GetWorld': identifier not found
[2015.07.25-06.14.10:425][423]CompilerResultsLog:Error: Error d:\users\scw\documents\unreal projects\demo\source\demo\BasicCharacterControl.h(20)  : error C2146: syntax error : missing ';' before identifier 'm_CharacterCreater'
[2015.07.25-06.14.10:425][423]CompilerResultsLog:Error: Error d:\users\scw\documents\unreal projects\demo\source\demo\BasicCharacterControl.h(20)  : error C4430: missing type specifier - int assumed. Note: C++ does not support default-int
[2015.07.25-06.14.10:426][423]CompilerResultsLog:Error: Error D:\Users\SCW\Documents\Unreal Projects\Demo\Source\Demo\BasicCharacterControl.h(20)  : error C2146: syntax error : missing ';' before identifier 'm_CharacterCreater'
[2015.07.25-06.14.10:426][423]CompilerResultsLog:Error: Error D:\Users\SCW\Documents\Unreal Projects\Demo\Source\Demo\BasicCharacterControl.h(20)  : error C4430: missing type specifier - int assumed. Note: C++ does not support default-int
[2015.07.25-06.14.10:427][423]CompilerResultsLog:Error: Error D:\Users\SCW\Documents\Unreal Projects\Demo\Source\Demo\BasicCharacterControl.cpp(24)  : error C2065: 'm_CharacterCreater' : undeclared identifier
[2015.07.25-06.14.10:427][423]CompilerResultsLog:Error: Error D:\Users\SCW\Documents\Unreal Projects\Demo\Source\Demo\BasicCharacterControl.cpp(24)  : error C2228: left of '.CreateCharacter' must have class/struct/union
[2015.07.25-06.14.10:427][423]CompilerResultsLog: Info         type is 'unknown-type'
[2015.07.25-06.14.10:428][423]CompilerResultsLog:Error: Error D:\Users\SCW\Documents\Unreal Projects\Demo\Source\Demo\BasicCharacterControl.cpp(25)  : error C2440: '=' : cannot convert from 'BasicCharacter *' to 'USceneComponent *'
[2015.07.25-06.14.10:428][423]CompilerResultsLog: Info         Types pointed to are unrelated; conversion requires reinterpret_cast, C-style cast or function-style cast
[2015.07.25-06.14.10:429][423]CompilerResultsLog: Info -------- End Detailed Actions Stats -----------------------------------------------------------
[2015.07.25-06.14.10:429][423]CompilerResultsLog: Info ERROR: UBT ERROR: Failed to produce item: D:\Users\SCW\Documents\Unreal Projects\Demo\Binaries\Win64\UE4Editor-Demo-3154.dll
[2015.07.25-06.14.10:429][423]CompilerResultsLog: Info Total build time: 27.63 seconds
[2015.07.25-06.14.10:430][423]LogMainFrame: MainFrame: Module compiling took 28.089 seconds
[2015.07.25-06.14.10:430][423]Warning: HotReload failed, recompile failed
[2015.07.25-06.14.27:858][566]LogD3D11RHI: InitD3DDevice
[2015.07.25-06.15.07:177][481]Cmd: QUIT_EDITOR
[2015.07.25-06.15.07:545][481]LogExit: Preparing to exit.
[2015.07.25-06.15.08:620][481]LogExit: Editor shut down
[2015.07.25-06.15.08:622][481]LogExit: Transaction tracking system shut down
[2015.07.25-06.15.08:624][481]LogParticles: Destroying 0 GPU particle simulations for FXSystem 0x0000000025C031A0
[2015.07.25-06.15.08:890][481]LogParticles: Destroying 0 GPU particle simulations for FXSystem 0x000000002AF17380
[2015.07.25-06.15.08:891][481]LogExit: Object subsystem successfully closed.
[2015.07.25-06.15.08:949][481]LogD3D11RHI: Shutdown
[2015.07.25-06.15.08:950][481]LogD3D11RHI: CleanupD3DDevice
[2015.07.25-06.15.09:244][481]LogD3D11RHI: ~FD3D11DynamicRHI
[2015.07.25-06.15.09:272][481]LogModuleManager: Shutting down and abandoning module CrashTracker (189)
[2015.07.25-06.15.09:273][481]LogModuleManager: Shutting down and abandoning module SceneOutliner (188)
[2015.07.25-06.15.09:274][481]LogModuleManager: Shutting down and abandoning module SuperSearch (187)
[2015.07.25-06.15.09:274][481]LogModuleManager: Shutting down and abandoning module WidgetCarousel (186)
[2015.07.25-06.15.09:275][481]LogModuleManager: Shutting down and abandoning module AddContentDialog (185)
[2015.07.25-06.15.09:277][481]LogModuleManager: Shutting down and abandoning module EditorWidgets (184)
[2015.07.25-06.15.09:277][481]LogModuleManager: Shutting down and abandoning module CollectionManager (183)
[2015.07.25-06.15.09:278][481]LogModuleManager: Shutting down and abandoning module StatsViewer (182)
[2015.07.25-06.15.09:280][481]LogModuleManager: Shutting down and abandoning module FoliageEdit (181)
[2015.07.25-06.15.09:280][481]LogModuleManager: Shutting down and abandoning module LandscapeEditor (180)
[2015.07.25-06.15.09:282][481]LogModuleManager: Shutting down and abandoning module ActorPickerMode (179)
[2015.07.25-06.15.09:282][481]LogModuleManager: Shutting down and abandoning module GeometryMode (178)
[2015.07.25-06.15.09:282][481]LogModuleManager: Shutting down and abandoning module TextureAlignMode (177)
[2015.07.25-06.15.09:283][481]LogModuleManager: Shutting down and abandoning module BspMode (176)
[2015.07.25-06.15.09:283][481]LogModuleManager: Shutting down and abandoning module PlacementMode (175)
[2015.07.25-06.15.09:284][481]LogModuleManager: Shutting down and abandoning module AutomationWorker (174)
[2015.07.25-06.15.09:284][481]LogModuleManager: Shutting down and abandoning module CharacterAI (173)
[2015.07.25-06.15.09:284][481]LogModuleManager: Shutting down and abandoning module SmartSnapping (172)
[2015.07.25-06.15.09:284][481]LogModuleManager: Shutting down and abandoning module ViewportSnapping (171)
[2015.07.25-06.15.09:285][481]LogModuleManager: Shutting down and abandoning module LogVisualizer (170)
[2015.07.25-06.15.09:286][481]LogModuleManager: Shutting down and abandoning module GameProjectGeneration (169)
[2015.07.25-06.15.09:287][481]LogModuleManager: Shutting down and abandoning module IntroTutorials (168)
[2015.07.25-06.15.09:289][481]LogModuleManager: Shutting down and abandoning module EditorLiveStreaming (167)
[2015.07.25-06.15.09:289][481]LogModuleManager: Shutting down and abandoning module IOSPlatformEditor (166)
[2015.07.25-06.15.09:290][481]LogModuleManager: Shutting down and abandoning module HTML5PlatformEditor (165)
[2015.07.25-06.15.09:290][481]LogModuleManager: Shutting down and abandoning module AndroidDeviceDetection (164)
[2015.07.25-06.15.09:681][481]LogModuleManager: Shutting down and abandoning module AndroidPlatformEditor (163)
[2015.07.25-06.15.09:682][481]LogModuleManager: Shutting down and abandoning module IOSRuntimeSettings (162)
[2015.07.25-06.15.09:682][481]LogModuleManager: Shutting down and abandoning module AndroidRuntimeSettings (161)
[2015.07.25-06.15.09:683][481]LogModuleManager: Shutting down and abandoning module MergeActors (160)
[2015.07.25-06.15.09:685][481]LogModuleManager: Shutting down and abandoning module SizeMap (159)
[2015.07.25-06.15.09:685][481]LogModuleManager: Shutting down and abandoning module TreeMap (158)
[2015.07.25-06.15.09:687][481]LogModuleManager: Shutting down and abandoning module ReferenceViewer (157)
[2015.07.25-06.15.09:688][481]LogModuleManager: Shutting down and abandoning module LocalizationDashboard (156)
[2015.07.25-06.15.09:689][481]LogModuleManager: Shutting down and abandoning module HardwareTargeting (155)
[2015.07.25-06.15.09:690][481]LogModuleManager: Shutting down and abandoning module DeviceProfileEditor (154)
[2015.07.25-06.15.09:691][481]LogModuleManager: Shutting down and abandoning module UndoHistory (153)
[2015.07.25-06.15.09:692][481]LogModuleManager: Shutting down and abandoning module GameplayTagsEditor (152)
[2015.07.25-06.15.09:693][481]LogModuleManager: Shutting down and abandoning module UserFeedback (151)
[2015.07.25-06.15.09:693][481]LogModuleManager: Shutting down and abandoning module XmlParser (150)
[2015.07.25-06.15.09:694][481]LogModuleManager: Shutting down and abandoning module Blutility (149)
[2015.07.25-06.15.09:695][481]LogModuleManager: Shutting down and abandoning module ProjectTargetPlatformEditor (148)
[2015.07.25-06.15.09:696][481]LogModuleManager: Shutting down and abandoning module ProjectSettingsViewer (147)
[2015.07.25-06.15.09:697][481]LogModuleManager: Shutting down and abandoning module InputBindingEditor (146)
[2015.07.25-06.15.09:699][481]LogModuleManager: Shutting down and abandoning module EditorSettingsViewer (145)
[2015.07.25-06.15.09:700][481]LogModuleManager: Shutting down and abandoning module SettingsEditor (144)
[2015.07.25-06.15.09:702][481]LogModuleManager: Shutting down and abandoning module ProjectLauncher (143)
[2015.07.25-06.15.09:703][481]LogModuleManager: Shutting down and abandoning module SessionFrontend (142)
[2015.07.25-06.15.09:704][481]LogModuleManager: Shutting down and abandoning module ProfilerClient (141)
[2015.07.25-06.15.09:705][481]LogModuleManager: Shutting down and abandoning module TargetDeviceServices (140)
[2015.07.25-06.15.09:706][481]LogModuleManager: Shutting down and abandoning module DeviceManager (139)
[2015.07.25-06.15.09:707][481]LogModuleManager: Shutting down and abandoning module AutomationController (138)
[2015.07.25-06.15.09:708][481]LogModuleManager: Shutting down and abandoning module AutomationWindow (137)
[2015.07.25-06.15.09:708][481]LogModuleManager: Shutting down and abandoning module Layers (136)
[2015.07.25-06.15.09:711][481]LogModuleManager: Shutting down and abandoning module ComponentVisualizers (135)
[2015.07.25-06.15.09:712][481]LogModuleManager: Shutting down and abandoning module DetailCustomizations (134)
[2015.07.25-06.15.09:714][481]LogModuleManager: Shutting down and abandoning module PackagesDialog (133)
[2015.07.25-06.15.09:716][481]LogModuleManager: Shutting down and abandoning module AssetRegistry (132)
[2015.07.25-06.15.09:797][481]LogModuleManager: Shutting down and abandoning module Persona (131)
[2015.07.25-06.15.09:800][481]LogModuleManager: Shutting down and abandoning module Kismet (130)
[2015.07.25-06.15.09:801][481]LogModuleManager: Shutting down and abandoning module GraphEditor (129)
[2015.07.25-06.15.09:804][481]LogModuleManager: Shutting down and abandoning module ClassViewer (128)
[2015.07.25-06.15.09:805][481]LogModuleManager: Shutting down and abandoning module Toolbox (127)
[2015.07.25-06.15.09:806][481]LogModuleManager: Shutting down and abandoning module ModuleUI (126)
[2015.07.25-06.15.09:806][481]LogModuleManager: Shutting down and abandoning module MovieSceneTools (125)
[2015.07.25-06.15.09:808][481]LogModuleManager: Shutting down and abandoning module OutputLog (124)
[2015.07.25-06.15.09:808][481]LogModuleManager: Shutting down and abandoning module GammaUI (123)
[2015.07.25-06.15.09:809][481]LogModuleManager: Shutting down and abandoning module Documentation (122)
[2015.07.25-06.15.09:809][481]LogModuleManager: Shutting down and abandoning module GameLiveStreaming (121)
[2015.07.25-06.15.09:810][481]LogModuleManager: Shutting down and abandoning module StreamingPauseRendering (120)
[2015.07.25-06.15.09:810][481]LogModuleManager: Shutting down and abandoning module AnalyticsET (119)
[2015.07.25-06.15.09:810][481]LogModuleManager: Shutting down and abandoning module Analytics (118)
[2015.07.25-06.15.09:811][481]LogModuleManager: Shutting down and abandoning module AITestSuite (117)
[2015.07.25-06.15.09:811][481]LogModuleManager: Shutting down and abandoning module GameplayDebugger (116)
[2015.07.25-06.15.09:812][481]LogModuleManager: Shutting down and abandoning module AIModule (115)
[2015.07.25-06.15.09:813][481]LogModuleManager: Shutting down and abandoning module ProfilerService (114)
[2015.07.25-06.15.09:963][481]LogModuleManager: Shutting down and abandoning module TaskGraph (113)
[2015.07.25-06.15.09:965][481]LogModuleManager: Shutting down and abandoning module SlateRemote (112)
[2015.07.25-06.15.09:965][481]LogModuleManager: Shutting down and abandoning module SteamVRController (111)
[2015.07.25-06.15.09:966][481]LogModuleManager: Shutting down and abandoning module SteamVR (110)
[2015.07.25-06.15.09:966][481]LogModuleManager: Shutting down and abandoning module ProceduralMeshComponent (109)
[2015.07.25-06.15.09:966][481]LogModuleManager: Shutting down and abandoning module OculusRift (108)
[2015.07.25-06.15.09:967][481]LogModuleManager: Shutting down and abandoning module LeapMotionController (107)
[2015.07.25-06.15.09:990][481]LogModuleManager: Shutting down and abandoning module CustomMeshComponent (106)
[2015.07.25-06.15.09:990][481]LogModuleManager: Shutting down and abandoning module CableComponent (105)
[2015.07.25-06.15.09:991][481]LogModuleManager: Shutting down and abandoning module MessagingDebugger (104)
[2015.07.25-06.15.09:993][481]LogModuleManager: Shutting down and abandoning module MediaPlayerEditor (103)
[2015.07.25-06.15.09:995][481]LogModuleManager: Shutting down and abandoning module SpeedTreeImporter (102)
[2015.07.25-06.15.09:996][481]LogModuleManager: Shutting down and abandoning module PluginBrowser (101)
[2015.07.25-06.15.09:997][481]LogModuleManager: Shutting down and abandoning module EpicSurvey (100)
[2015.07.25-06.15.09:998][481]LogModuleManager: Shutting down and abandoning module DesktopPlatform (99)
[2015.07.25-06.15.09:999][481]LogModuleManager: Shutting down and abandoning module VisualStudioSourceCodeAccess (98)
[2015.07.25-06.15.10:000][481]LogModuleManager: Shutting down and abandoning module UObjectPlugin (97)
[2015.07.25-06.15.10:000][481]LogModuleManager: Shutting down and abandoning module SubversionSourceControl (96)
[2015.07.25-06.15.10:001][481]LogModuleManager: Shutting down and abandoning module PerforceSourceControl (95)
[2015.07.25-06.15.10:002][481]LogModuleManager: Shutting down and abandoning module SourceControl (94)
[2015.07.25-06.15.10:004][481]LogModuleManager: Shutting down and abandoning module GitSourceControl (93)
[2015.07.25-06.15.10:005][481]LogModuleManager: Shutting down and abandoning module BlankPlugin (92)
[2015.07.25-06.15.10:006][481]LogModuleManager: Shutting down and abandoning module PaperTiledImporter (91)
[2015.07.25-06.15.10:006][481]LogModuleManager: Shutting down and abandoning module PaperSpriteSheetImporter (90)
[2015.07.25-06.15.10:006][481]LogModuleManager: Shutting down and abandoning module MeshPaint (89)
[2015.07.25-06.15.10:007][481]LogModuleManager: Shutting down and abandoning module SlateReflector (88)
[2015.07.25-06.15.10:009][481]LogModuleManager: Shutting down and abandoning module DirectoryWatcher (87)
[2015.07.25-06.15.10:010][481]LogModuleManager: Shutting down and abandoning module HotReload (86)
[2015.07.25-06.15.10:011][481]LogModuleManager: Shutting down and abandoning module MainFrame (85)
[2015.07.25-06.15.10:011][481]LogModuleManager: Shutting down and abandoning module LevelEditor (84)
[2015.07.25-06.15.10:014][481]LogModuleManager: Shutting down and abandoning module ContentBrowser (83)
[2015.07.25-06.15.10:015][481]LogModuleManager: Shutting down and abandoning module Paper2DEditor (82)
[2015.07.25-06.15.10:017][481]LogModuleManager: Shutting down and abandoning module Demo (81)
[2015.07.25-06.15.10:017][481]LogModuleManager: Shutting down and abandoning module UdpMessaging (80)
[2015.07.25-06.15.10:119][481]LogModuleManager: Shutting down and abandoning module Paper2D (79)
[2015.07.25-06.15.10:120][481]LogModuleManager: Shutting down and abandoning module WindowsMoviePlayer (78)
[2015.07.25-06.15.10:125][481]LogModuleManager: Shutting down and abandoning module Media (77)
[2015.07.25-06.15.10:126][481]LogModuleManager: Shutting down and abandoning module WmfMedia (76)
[2015.07.25-06.15.10:129][481]LogModuleManager: Shutting down and abandoning module OnlineBlueprintSupport (75)
[2015.07.25-06.15.10:129][481]LogModuleManager: Shutting down and abandoning module PropertyEditor (74)
[2015.07.25-06.15.10:130][481]LogModuleManager: Shutting down and abandoning module BehaviorTreeEditor (73)
[2015.07.25-06.15.10:132][481]LogModuleManager: Shutting down and abandoning module FunctionalTesting (72)
[2015.07.25-06.15.10:133][481]LogModuleManager: Shutting down and abandoning module CollisionAnalyzer (71)
[2015.07.25-06.15.10:135][481]LogModuleManager: Shutting down and abandoning module WorkspaceMenuStructure (70)
[2015.07.25-06.15.10:135][481]LogModuleManager: Shutting down and abandoning module MessageLog (69)
[2015.07.25-06.15.10:136][481]LogModuleManager: Shutting down and abandoning module Sequencer (68)
[2015.07.25-06.15.10:138][481]LogModuleManager: Shutting down and abandoning module AssetTools (67)
[2015.07.25-06.15.10:141][481]LogModuleManager: Shutting down and abandoning module UMGEditor (66)
[2015.07.25-06.15.10:143][481]LogModuleManager: Shutting down and abandoning module UMG (65)
[2015.07.25-06.15.10:144][481]LogModuleManager: Shutting down and abandoning module Slate (64)
[2015.07.25-06.15.10:144][481]LogModuleManager: Shutting down and abandoning module EditorStyle (63)
[2015.07.25-06.15.10:149][481]LogModuleManager: Shutting down and abandoning module SessionServices (62)
[2015.07.25-06.15.10:150][481]LogModuleManager: Shutting down and abandoning module SourceCodeAccess (61)
[2015.07.25-06.15.10:150][481]LogModuleManager: Shutting down and abandoning module HeadMountedDisplay (60)
[2015.07.25-06.15.10:151][481]LogModuleManager: Shutting down and abandoning module XAudio2 (59)
[2015.07.25-06.15.10:151][481]LogModuleManager: Shutting down and abandoning module Networking (57)
[2015.07.25-06.15.10:151][481]LogModuleManager: Shutting down and abandoning module Core (56)
[2015.07.25-06.15.10:152][481]LogModuleManager: Shutting down and abandoning module KismetCompiler (55)
[2015.07.25-06.15.10:153][481]LogModuleManager: Shutting down and abandoning module PhysXFormats (54)
[2015.07.25-06.15.10:154][481]LogModuleManager: Shutting down and abandoning module MeshUtilities (53)
[2015.07.25-06.15.10:156][481]LogModuleManager: Shutting down and abandoning module DerivedDataCache (52)
[2015.07.25-06.15.10:180][481]LogDerivedDataCache: Shutdown
[2015.07.25-06.15.10:181][481]LogModuleManager: Shutting down and abandoning module ShaderFormatOpenGL (51)
[2015.07.25-06.15.10:182][481]LogModuleManager: Shutting down and abandoning module ShaderFormatD3D (50)
[2015.07.25-06.15.10:183][481]LogModuleManager: Shutting down and abandoning module MetalShaderFormat (49)
[2015.07.25-06.15.10:184][481]LogModuleManager: Shutting down and abandoning module TextureFormatUncompressed (48)
[2015.07.25-06.15.10:185][481]LogModuleManager: Shutting down and abandoning module TextureFormatPVR (47)
[2015.07.25-06.15.10:186][481]LogModuleManager: Shutting down and abandoning module TextureFormatIntelISPCTexComp (46)
[2015.07.25-06.15.10:187][481]LogModuleManager: Shutting down and abandoning module TextureFormatDXT (45)
[2015.07.25-06.15.10:188][481]LogModuleManager: Shutting down and abandoning module ImageWrapper (44)
[2015.07.25-06.15.10:189][481]LogModuleManager: Shutting down and abandoning module TextureFormatASTC (43)
[2015.07.25-06.15.10:190][481]LogModuleManager: Shutting down and abandoning module TextureFormatAndroid (42)
[2015.07.25-06.15.10:190][481]LogModuleManager: Shutting down and abandoning module AudioFormatOpus (41)
[2015.07.25-06.15.10:192][481]LogModuleManager: Shutting down and abandoning module AudioFormatOgg (40)
[2015.07.25-06.15.10:193][481]LogModuleManager: Shutting down and abandoning module AudioFormatADPCM (39)
[2015.07.25-06.15.10:193][481]LogModuleManager: Shutting down and abandoning module LinuxTargetPlatform (38)
[2015.07.25-06.15.10:194][481]LogModuleManager: Shutting down and abandoning module LinuxServerTargetPlatform (37)
[2015.07.25-06.15.10:195][481]LogModuleManager: Shutting down and abandoning module LinuxNoEditorTargetPlatform (36)
[2015.07.25-06.15.10:196][481]LogModuleManager: Shutting down and abandoning module Messaging (35)
[2015.07.25-06.15.10:197][481]LogModuleManager: Shutting down and abandoning module IOSTargetPlatform (34)
[2015.07.25-06.15.10:197][481]LogModuleManager: Shutting down and abandoning module HTML5TargetPlatform (33)
[2015.07.25-06.15.10:198][481]LogModuleManager: Shutting down and abandoning module Android_PVRTCTargetPlatform (32)
[2015.07.25-06.15.10:198][481]LogModuleManager: Shutting down and abandoning module Android_ETC2TargetPlatform (31)
[2015.07.25-06.15.10:199][481]LogModuleManager: Shutting down and abandoning module Android_ETC1TargetPlatform (30)
[2015.07.25-06.15.10:200][481]LogModuleManager: Shutting down and abandoning module Android_DXTTargetPlatform (29)
[2015.07.25-06.15.10:200][481]LogModuleManager: Shutting down and abandoning module Android_ATCTargetPlatform (28)
[2015.07.25-06.15.10:201][481]LogModuleManager: Shutting down and abandoning module Android_ASTCTargetPlatform (27)
[2015.07.25-06.15.10:201][481]LogModuleManager: Shutting down and abandoning module AndroidTargetPlatform (26)
[2015.07.25-06.15.10:202][481]LogModuleManager: Shutting down and abandoning module WindowsTargetPlatform (25)
[2015.07.25-06.15.10:203][481]LogModuleManager: Shutting down and abandoning module WindowsServerTargetPlatform (24)
[2015.07.25-06.15.10:203][481]LogModuleManager: Shutting down and abandoning module WindowsNoEditorTargetPlatform (23)
[2015.07.25-06.15.10:204][481]LogModuleManager: Shutting down and abandoning module WindowsClientTargetPlatform (22)
[2015.07.25-06.15.10:205][481]LogModuleManager: Shutting down and abandoning module DesktopTargetPlatform (21)
[2015.07.25-06.15.10:205][481]LogModuleManager: Shutting down and abandoning module TargetPlatform (20)
[2015.07.25-06.15.10:206][481]LogModuleManager: Shutting down and abandoning module InputCore (19)
[2015.07.25-06.15.10:206][481]LogModuleManager: Shutting down and abandoning module Settings (18)
[2015.07.25-06.15.10:207][481]LogModuleManager: Shutting down and abandoning module OnlineSubsystem (16)
[2015.07.25-06.15.10:208][481]LogModuleManager: Shutting down and abandoning module HTTP (15)
[2015.07.25-06.15.10:208][481]LogModuleManager: Shutting down and abandoning module ExampleDeviceProfileSelector (14)
[2015.07.25-06.15.10:209][481]LogModuleManager: Shutting down and abandoning module TextureCompressor (13)
[2015.07.25-06.15.10:211][481]LogModuleManager: Shutting down and abandoning module ShaderCore (12)
[2015.07.25-06.15.10:211][481]LogModuleManager: Shutting down and abandoning module Landscape (11)
[2015.07.25-06.15.10:212][481]LogModuleManager: Shutting down and abandoning module SlateRHIRenderer (10)
[2015.07.25-06.15.10:216][481]LogModuleManager: Shutting down and abandoning module OpenGLDrv (9)
[2015.07.25-06.15.10:217][481]LogModuleManager: Shutting down and abandoning module D3D11RHI (8)
[2015.07.25-06.15.10:218][481]LogModuleManager: Shutting down and abandoning module Renderer (7)
[2015.07.25-06.15.10:218][481]LogModuleManager: Shutting down and abandoning module Engine (6)
[2015.07.25-06.15.10:218][481]LogModuleManager: Shutting down and abandoning module CoreUObject (5)
[2015.07.25-06.15.10:219][481]LogModuleManager: Shutting down and abandoning module NetworkFile (4)
[2015.07.25-06.15.10:220][481]LogModuleManager: Shutting down and abandoning module StreamingFile (3)
[2015.07.25-06.15.10:221][481]LogModuleManager: Shutting down and abandoning module SandboxFile (2)
[2015.07.25-06.15.10:222][481]LogModuleManager: Shutting down and abandoning module PakFile (1)
[2015.07.25-06.15.10:227][481]LogExit: Exiting.
[2015.07.25-06.15.10:229][481]Log file closed, 07/25/15 14:15:10
