[2015.07.25-11.40.45:433][  0]Log file open, 07/25/15 19:40:45
[2015.07.25-11.40.45:433][  0]LogInit:Display: Running engine for game: Demo
[2015.07.25-11.40.45:433][  0]LogInit:Display: RandInit(-1666982296) SRandInit(-1666982295).
[2015.07.25-11.40.45:434][  0]LogTaskGraph: Started task graph with 4 named threads and 7 total threads.
[2015.07.25-11.40.45:434][  0]LogStats: Stats thread started
[2015.07.25-11.40.45:434][  0]LogInit: Version: 4.8.2-2614606+++depot+UE4-Releases+4.8
[2015.07.25-11.40.45:435][  0]LogInit: API Version: 2579680
[2015.07.25-11.40.45:435][  0]LogInit: Compiled (64-bit): Jul  8 2015 23:43:41
[2015.07.25-11.40.45:435][  0]LogInit: Compiled with Visual C++: 18.00.21005.01
[2015.07.25-11.40.45:436][  0]LogInit: Build Configuration: Development
[2015.07.25-11.40.45:436][  0]LogInit: Branch Name: ++depot+UE4-Releases+4.8
[2015.07.25-11.40.45:436][  0]LogInit: Command line: 
[2015.07.25-11.40.45:437][  0]LogInit: Base directory: C:/Program Files/Epic Games/4.8/Engine/Binaries/Win64/
[2015.07.25-11.40.45:437][  0]LogInit: Rocket: 1
[2015.07.25-11.40.45:467][  0]LogInit: Using libcurl 7.41.0
[2015.07.25-11.40.45:468][  0]LogInit:  - built for x86_64-pc-win32
[2015.07.25-11.40.45:468][  0]LogInit:  - supports SSL with WinSSL
[2015.07.25-11.40.45:468][  0]LogInit:  - other features:
[2015.07.25-11.40.45:468][  0]LogInit:      CURL_VERSION_SSL
[2015.07.25-11.40.45:469][  0]LogInit:      CURL_VERSION_IPV6
[2015.07.25-11.40.45:469][  0]LogInit:      CURL_VERSION_ASYNCHDNS
[2015.07.25-11.40.45:469][  0]LogInit:      CURL_VERSION_LARGEFILE
[2015.07.25-11.40.45:470][  0]LogInit:      CURL_VERSION_IDN
[2015.07.25-11.40.45:471][  0]LogInit:  CurlRequestOptions (configurable via config and command line):
[2015.07.25-11.40.45:472][  0]LogInit:  - bVerifyPeer = true  - Libcurl will verify peer certificate
[2015.07.25-11.40.45:472][  0]LogInit:  - bUseHttpProxy = false  - Libcurl will NOT use HTTP proxy
[2015.07.25-11.40.45:473][  0]LogInit:  - bDontReuseConnections = false  - Libcurl will reuse connections
[2015.07.25-11.40.45:473][  0]LogInit:  - CertBundlePath = nullptr  - Libcurl will use whatever was configured at build time.
[2015.07.25-11.40.45:498][  0]LogOnline:Warning: No default platform service specified for OnlineSubsystem
[2015.07.25-11.40.45:599][  0]LogInit: Presizing for 0 objects not considered by GC, pre-allocating 0 bytes.
[2015.07.25-11.40.45:616][  0]LogInit: Object subsystem initialized
[2015.07.25-11.40.45:625][  0]LogConsoleResponse:Warning: Skipping Unknown console variable: 'TranslucentSortAxis = (X=0.000000,Y=-1.000000,Z=0.000000)'
[2015.07.25-11.40.45:625][  0]LogConsoleResponse:Warning:   Found in ini file 'D:/Users/SCW/Documents/Unreal Projects/Demo/Saved/Config/Windows/Engine.ini', in section '[/Script/Engine.RendererSettings]'
[2015.07.25-11.40.45:626][  0]LogConsoleResponse:Warning: Skipping Unknown console variable: 'UIScaleRule = ShortestSide'
[2015.07.25-11.40.45:626][  0]LogConsoleResponse:Warning:   Found in ini file 'D:/Users/SCW/Documents/Unreal Projects/Demo/Saved/Config/Windows/Engine.ini', in section '[/Script/Engine.RendererSettings]'
[2015.07.25-11.40.45:626][  0]LogConsoleResponse:Warning: Skipping Unknown console variable: 'UIScaleCurve = (EditorCurveData=(Keys=),ExternalCurve=None)'
[2015.07.25-11.40.45:626][  0]LogConsoleResponse:Warning:   Found in ini file 'D:/Users/SCW/Documents/Unreal Projects/Demo/Saved/Config/Windows/Engine.ini', in section '[/Script/Engine.RendererSettings]'
[2015.07.25-11.40.45:634][  0]LogInit: Selected Device Profile: [Windows]
[2015.07.25-11.40.45:634][  0]LogInit: Applying CVar settings loaded from the selected device profile: [Windows]
[2015.07.25-11.40.45:661][  0]LogInit: Computer: SCW-PC
[2015.07.25-11.40.45:662][  0]LogInit: User: SCW
[2015.07.25-11.40.45:662][  0]LogInit: CPU Page size=4096, Cores=4
[2015.07.25-11.40.45:662][  0]LogInit: High frequency timer resolution =2.483750 MHz
[2015.07.25-11.40.45:663][  0]LogMemory: Memory total: Physical=8.0GB (8GB approx)
[2015.07.25-11.40.45:663][  0]LogMemory: Platform Memory Stats for Windows
[2015.07.25-11.40.45:663][  0]LogMemory: Process Physical Memory: 50.89 MB used, 50.89 MB peak
[2015.07.25-11.40.45:664][  0]LogMemory: Process Virtual Memory: 23.45 MB used, 23.45 MB peak
[2015.07.25-11.40.45:664][  0]LogMemory: Physical Memory: 3969.19 MB used, 8183.05 MB total
[2015.07.25-11.40.45:664][  0]LogMemory: Virtual Memory: 291.52 MB used, 8388608.00 MB total
[2015.07.25-11.40.45:890][  0]LogTextLocalizationManager: The requested culture ('zh_TW') has no localization data; falling back to 'en' for localization and internationalization data.
[2015.07.25-11.40.46:217][  0]LogTextLocalizationManager:Warning: Loaded localization resources contain conflicting entries for (Namespace:ContentBrowser, Key:ImportAssetToolTip):
Localization Resource: (C:/Program Files/Epic Games/4.8/Engine/Content/Localization/Editor/en/Editor.locres) Source String Hash: (-630476809) Localized String: (Import to {0}...)
Localization Resource: (C:/Program Files/Epic Games/4.8/Engine/Content/Localization/Editor/en/Editor.locres) Source String Hash: (1271782899) Localized String: (Imports an asset from file to this folder.)
[2015.07.25-11.40.46:961][  0]LogD3D11RHI: Found D3D11 adapter 0: NVIDIA GeForce GTX 560 Ti   (Feature Level 11_0)
[2015.07.25-11.40.46:962][  0]LogD3D11RHI: Adapter has 979MB of dedicated video memory, 0MB of dedicated system memory, and 3071MB of shared system memory, 2 output[s]
[2015.07.25-11.40.46:962][  0]LogD3D11RHI: Chosen D3D11 Adapter Id = 0
[2015.07.25-11.40.46:968][  0]LogD3D11RHI: InitD3DDevice
[2015.07.25-11.40.46:969][  0]LogD3D11RHI: !Direct3DDevice
[2015.07.25-11.40.46:969][  0]LogRHI: Texture pool is 685 MB (70% of 979 MB)
[2015.07.25-11.40.47:012][  0]LogD3D11RHI: Async texture creation enabled
[2015.07.25-11.40.47:044][  0]LogShaderCompilers:Display: Using Local Shader Compiler.
[2015.07.25-11.40.48:417][  0]LogTemp:Display: Loaded TP DesktopTargetPlatform
[2015.07.25-11.40.48:468][  0]LogTemp:Display: Loaded TP WindowsClientTargetPlatform
[2015.07.25-11.40.48:515][  0]LogTemp:Display: Loaded TP WindowsNoEditorTargetPlatform
[2015.07.25-11.40.48:563][  0]LogTemp:Display: Loaded TP WindowsServerTargetPlatform
[2015.07.25-11.40.48:617][  0]LogTemp:Display: Loaded TP WindowsTargetPlatform
[2015.07.25-11.40.48:649][  0]LogTemp:Display: Loaded TP AndroidTargetPlatform
[2015.07.25-11.40.48:683][  0]LogTemp:Display: Loaded TP Android_ASTCTargetPlatform
[2015.07.25-11.40.48:718][  0]LogTemp:Display: Loaded TP Android_ATCTargetPlatform
[2015.07.25-11.40.48:755][  0]LogTemp:Display: Loaded TP Android_DXTTargetPlatform
[2015.07.25-11.40.48:790][  0]LogTemp:Display: Loaded TP Android_ETC1TargetPlatform
[2015.07.25-11.40.48:826][  0]LogTemp:Display: Loaded TP Android_ETC2TargetPlatform
[2015.07.25-11.40.48:861][  0]LogTemp:Display: Loaded TP Android_PVRTCTargetPlatform
[2015.07.25-11.40.49:008][  0]LogTemp:Display: Loaded TP IOSTargetPlatform
[2015.07.25-11.40.49:040][  0]LogTemp:Display: Loaded TP LinuxNoEditorTargetPlatform
[2015.07.25-11.40.49:069][  0]LogTemp:Display: Loaded TP LinuxServerTargetPlatform
[2015.07.25-11.40.49:103][  0]LogTemp:Display: Loaded TP LinuxTargetPlatform
[2015.07.25-11.40.49:104][  0]LogTargetPlatformManager:Display: Building Assets For Windows
[2015.07.25-11.40.49:837][  0]LogDerivedDataCache:Display: Max Cache Size: 512 MB
[2015.07.25-11.40.50:106][  0]LogDerivedDataCache: Loaded boot cache 0.27s 53MB C:/Users/SCW/AppData/Local/UnrealEngine/4.8/DerivedDataCache/Boot.ddc.
[2015.07.25-11.40.50:107][  0]LogDerivedDataCache:Display: Loaded Boot cache: C:/Users/SCW/AppData/Local/UnrealEngine/4.8/DerivedDataCache/Boot.ddc
[2015.07.25-11.40.50:107][  0]LogDerivedDataCache: FDerivedDataBackendGraph:  Pak pak cache file D:/Users/SCW/Documents/Unreal Projects/Demo/DerivedDataCache/DDC.ddp not found, will not use a pak cache.
[2015.07.25-11.40.50:107][  0]LogDerivedDataCache: Unable to find inner node Pak for hierarchical cache Hierarchy.
[2015.07.25-11.40.50:108][  0]LogDerivedDataCache: FDerivedDataBackendGraph:  CompressedPak pak cache file D:/Users/SCW/Documents/Unreal Projects/Demo/DerivedDataCache/Compressed.ddp not found, will not use a pak cache.
[2015.07.25-11.40.50:108][  0]LogDerivedDataCache: Unable to find inner node CompressedPak for hierarchical cache Hierarchy.
[2015.07.25-11.40.50:340][  0]LogDerivedDataCache:Display: Pak cache opened for reading ../../../Engine/DerivedDataCache/Compressed.ddp.
[2015.07.25-11.40.50:353][  0]LogDerivedDataCache: Using Local data cache path C:/Users/SCW/AppData/Local/UnrealEngine/Common/DerivedDataCache: Writable
[2015.07.25-11.40.51:127][  0]LogInit: Selected Device Profile: [Windows]
[2015.07.25-11.40.51:147][  0]ImportText (ComponentSweepMultiTests): Missing closing parenthesis: (RootShapeAsset="/Engine/BasicShapes/Cube.Cube",ShapeType="TriggerCapsule",HitResult=(Time=0.50,Location=(X=-100.000015,Y=0.0,Z=100.000015),ImpactPoint=(X=-50.0,Y=0.0,Z=50.0),Normal=(X=-1.0,Y=-0.0,Z=0.0),ImpactNormal=(X=0.0,Y=0.0,Z=1.0),TraceStart=(X=-200.0,Y=0.0,Z=200.0),TraceEnd=(X=0.0,Y=0.0,Z=0.0))
[2015.07.25-11.40.51:148][  0]ImportText (LineTraceSingleByChannelTests): Missing closing parenthesis: (RootShapeAsset="/Engine/BasicShapes/Cube.Cube",HitResult=(Time=0.50,Location=(X=-100.000015,Y=0.0,Z=100.000015),ImpactPoint=(X=-50.0,Y=0.0,Z=50.0),Normal=(X=-1.0,Y=-0.0,Z=0.0),ImpactNormal=(X=0.0,Y=0.0,Z=1.0),TraceStart=(X=-200.0,Y=0.0,Z=200.0),TraceEnd=(X=0.0,Y=0.0,Z=0.0))
[2015.07.25-11.40.51:241][  0]LogMeshUtilities: No automatic mesh reduction module available
[2015.07.25-11.40.51:242][  0]LogMeshUtilities: No automatic mesh merging module available
[2015.07.25-11.40.52:097][  0]LogInit: WinSock: version 1.1 (2.2), MaxSocks=32767, MaxUdp=65467
[2015.07.25-11.40.55:214][  0]UdpMessaging: Initializing bridge on interface 0.0.0.0:0 to multicast group 230.0.0.1:6666.
[2015.07.25-11.40.56:587][  0]SourceControl: Info Source control is disabled
[2015.07.25-11.40.56:659][  0]SourceControl: Info Source control is disabled
[2015.07.25-11.40.56:708][  0]SourceControl: Info Source control is disabled
[2015.07.25-11.40.56:756][  0]SourceControl: Info Source control is disabled
[2015.07.25-11.40.57:427][  0]LogObj: 26286 objects as part of root set at end of initial load.
[2015.07.25-11.40.57:427][  0]LogUObjectAllocator: 5420728 out of 0 bytes used by permanent object pool.
[2015.07.25-11.40.57:647][  0]LogEngine: Initializing Engine...
[2015.07.25-11.40.57:652][  0]LogHMD: Can't find Oculus library dev build: is proper Runtime installed? Version: 0.6.0.0
[2015.07.25-11.40.57:666][  0]LogHMD:Warning: SteamVR failed to initialize.  Error: 100
[2015.07.25-11.40.57:979][  0]LogAIModule: Creating AISystem for world NewWorld
[2015.07.25-11.40.58:000][  0]LogInit: XAudio2 using '喇叭 (ASUS Xonar DS Audio Device)' : 2 channels at 44.1 kHz using 16 bits per sample (channel mask 0x3)
[2015.07.25-11.40.58:045][  0]LogInit: FAudioDevice initialized.
[2015.07.25-11.40.58:080][  0]LogDerivedDataCache: Saved boot cache 0.03s 53MB C:/Users/SCW/AppData/Local/UnrealEngine/4.8/DerivedDataCache/Boot.ddc.
[2015.07.25-11.40.58:089][  0]LogInit: Texture streaming: Disabled
[2015.07.25-11.40.58:157][  0]LogAnalytics: Creating configured Analytics provider AnalyticsET
[2015.07.25-11.40.58:159][  0]LogAnalytics: [UEEditor.Rocket.Release] APIServer = http://et2.epicgames.com/ET2/. AppVersion = 4.8.2-2614606+++depot+UE4-Releases+4.8
[2015.07.25-11.40.58:159][  0]LogAnalytics: [UEEditor.Rocket.Release] SetUserId 568b5a34404f889fb1b32ab5dcc7273c|171fa9009f6b4f02983f7d0ecd1f12ba|c0dd2cb7-895e-48cf-9e36-42424b144c9b
[2015.07.25-11.40.58:160][  0]LogAnalytics: [UEEditor.Rocket.Release] AnalyticsET::StartSession
[2015.07.25-11.40.58:219][  0]LogInit: Transaction tracking system initialized
[2015.07.25-11.40.58:727][  0]BlueprintLog: New page: Editor Load
[2015.07.25-11.40.58:820][  0]LogAssetRegistry: FAssetRegistry took 0.0132 seconds to start up
[2015.07.25-11.40.58:822][  0]LogDirectoryWatcher:Warning: Failed to begin reading directory changes for ../../../Engine/Plugins/Experimental/CharacterAI/Content/. Error: 0
[2015.07.25-11.41.01:233][  0]LogLinker:Warning: Asset '../../../Engine/Content/Tutorial/Mobile/SettingUpAndroidTutorial.uasset' has been saved with empty engine version. The asset will be loaded but may be incompatible.
[2015.07.25-11.41.01:630][  0]LogConsoleManager:Warning: Console variable 'r.VSync' wasn't set ('GameSetting' has a lower priority than 'SystemSettingsIni')
[2015.07.25-11.41.01:631][  0]LogConsoleResponse:Display: 
[2015.07.25-11.41.01:879][  0]LogCook:Display: Done creating registry. It took  0.00s.
[2015.07.25-11.41.02:635][  0]SourceControl: Info Source control is disabled
[2015.07.25-11.41.02:638][  0]Cmd: MAP LOAD FILE="D:/Users/SCW/Documents/Unreal Projects/Demo/Content/StarterContent/Maps/Minimal_Default.umap" TEMPLATE=0 SHOWPROGRESS=1 FEATURELEVEL=3
[2015.07.25-11.41.02:695][  0]LightingResults: New page: Lighting Build
[2015.07.25-11.41.02:728][  0]MapCheck: New page: Map Check
[2015.07.25-11.41.02:728][  0]LightingResults: New page: Lighting Build
[2015.07.25-11.41.02:746][  0]LogParticles: Destroying 0 GPU particle simulations for FXSystem 0x000000001E6189A0
[2015.07.25-11.41.04:860][  0]LogAIModule: Creating AISystem for world Minimal_Default
[2015.07.25-11.41.04:901][  0]LogEditorServer: Finished looking for orphan Actors (0.000 secs)
[2015.07.25-11.41.04:968][  0]Cmd: MAP CHECKDEP NOCLEARLOG
[2015.07.25-11.41.05:074][  0]MapCheck: Info Map check complete: 0 Error(s), 0 Warning(s), took 105.433ms to complete.
[2015.07.25-11.41.05:075][  0]LogFileHelpers: Loading map 'Minimal_Default' took 2.437
[2015.07.25-11.41.05:299][  0]LogCollectionManager: Loaded 0 collections in 0.003127 seconds
[2015.07.25-11.41.05:315][  0]LogContentBrowser: Native class hierarchy populated in 0.0154 seconds. Added 1795 classes and 303 folders.
[2015.07.25-11.41.05:497][  0]LogContentBrowser: Native class hierarchy updated for 'WidgetCarousel' in 0.0031 seconds. Added 0 classes and 0 folders.
[2015.07.25-11.41.05:627][  0]LogContentBrowser: Native class hierarchy updated for 'AddContentDialog' in 0.0029 seconds. Added 0 classes and 0 folders.
[2015.07.25-11.41.05:720][  0]LogContentBrowser: Native class hierarchy updated for 'SceneOutliner' in 0.0031 seconds. Added 1 classes and 2 folders.
[2015.07.25-11.41.05:851][  0]LogCrashTracker: Crashtracker disabled due to settings.
[2015.07.25-11.41.05:859][  0]LogD3D11RHI: InitD3DDevice
[2015.07.25-11.41.05:866][  0]LogUObjectGlobals:Warning: Failed to find object 'Class None.'
[2015.07.25-11.41.05:892][  0]LogLoad: Full Startup: 24.31 seconds (BP compile: 0.35 seconds)
[2015.07.25-11.41.06:328][  0]LogContentStreaming: Texture pool size is 0.000000MB
[2015.07.25-11.41.06:403][  0]LogContentStreaming: Texture pool size now 700 MB
[2015.07.25-11.41.06:588][  0]LogRenderer: Reallocating scene render targets to support 1208x584 (Frame:2).
[2015.07.25-11.41.09:383][  9]LogAssetRegistry: Asset discovery search completed in 10.5756 seconds
[2015.07.25-11.44.25:128][825]LogD3D11RHI: InitD3DDevice
[2015.07.25-11.44.25:354][839]LogPlayLevel: PIE:  No blueprints needed recompiling
[2015.07.25-11.44.25:366][839]PIE: New page: PIE session: Minimal_Default (Jul 26, 2015, 3:44:25 AM)
[2015.07.25-11.44.25:367][839]LogPlayLevel: Creating play world package: /Game/StarterContent/Maps/UEDPIE_0_Minimal_Default
[2015.07.25-11.44.25:375][839]LogPlayLevel: PIE: StaticDuplicateObject took: (0.007634s)
[2015.07.25-11.44.25:376][839]LogAIModule: Creating AISystem for world Minimal_Default
[2015.07.25-11.44.25:377][839]LogPlayLevel: PIE: World Init took: (0.001923s)
[2015.07.25-11.44.25:378][839]LogPlayLevel: PIE: Created PIE world by copying editor world from /Game/StarterContent/Maps/Minimal_Default.Minimal_Default to /Game/StarterContent/Maps/UEDPIE_0_Minimal_Default.Minimal_Default (0.011272s)
[2015.07.25-11.44.25:378][839]LogActorComponent: UnregisterComponent: (/Engine/Transient.CharMoveComp) Not registered. Aborting.
[2015.07.25-11.44.25:440][839]LogInit: XAudio2 using '喇叭 (ASUS Xonar DS Audio Device)' : 2 channels at 44.1 kHz using 16 bits per sample (channel mask 0x3)
[2015.07.25-11.44.25:444][839]LogInit: FAudioDevice initialized.
[2015.07.25-11.44.25:500][839]LogWorld: Game class is 'DemoGameMode'
[2015.07.25-11.44.25:511][839]LogWorld: Bringing World /Game/StarterContent/Maps/UEDPIE_0_Minimal_Default.Minimal_Default up for play (max tick rate 0) at 2015.07.25-19.44.25
[2015.07.25-11.44.25:512][839]LogActor:Warning: GameSession /Game/StarterContent/Maps/UEDPIE_0_Minimal_Default.Minimal_Default:PersistentLevel.GameSession_0 has natively added scene component(s), but none of them were set as the actor's RootComponent - picking one arbitrarily
[2015.07.25-11.44.25:513][839]LogActor:Warning: GameNetworkManager /Game/StarterContent/Maps/UEDPIE_0_Minimal_Default.Minimal_Default:PersistentLevel.GameNetworkManager_0 has natively added scene component(s), but none of them were set as the actor's RootComponent - picking one arbitrarily
[2015.07.25-11.44.25:524][839]LogWorld: Bringing up level for play took: 0.015948
[2015.07.25-11.44.25:531][839]PIE: Info Play in editor start time for /Game/StarterContent/Maps/UEDPIE_0_Minimal_Default 0.321
[2015.07.25-11.44.28:817][200]LogParticles: Destroying 0 GPU particle simulations for FXSystem 0x0000000025D253A0
[2015.07.25-11.44.30:185][342]LogPlayLevel: PIE:  No blueprints needed recompiling
[2015.07.25-11.44.30:186][342]PIE: New page: PIE session: Minimal_Default (Jul 26, 2015, 3:44:30 AM)
[2015.07.25-11.44.30:187][342]LogPlayLevel: Creating play world package: /Game/StarterContent/Maps/UEDPIE_0_Minimal_Default
[2015.07.25-11.44.30:195][342]LogPlayLevel: PIE: StaticDuplicateObject took: (0.007552s)
[2015.07.25-11.44.30:197][342]LogAIModule: Creating AISystem for world Minimal_Default
[2015.07.25-11.44.30:198][342]LogPlayLevel: PIE: World Init took: (0.002076s)
[2015.07.25-11.44.30:198][342]LogPlayLevel: PIE: Created PIE world by copying editor world from /Game/StarterContent/Maps/Minimal_Default.Minimal_Default to /Game/StarterContent/Maps/UEDPIE_0_Minimal_Default.Minimal_Default (0.011424s)
[2015.07.25-11.44.30:225][342]LogInit: XAudio2 using '喇叭 (ASUS Xonar DS Audio Device)' : 2 channels at 44.1 kHz using 16 bits per sample (channel mask 0x3)
[2015.07.25-11.44.30:229][342]LogInit: FAudioDevice initialized.
[2015.07.25-11.44.30:268][342]LogWorld: Game class is 'DemoGameMode'
[2015.07.25-11.44.30:275][342]LogWorld: Bringing World /Game/StarterContent/Maps/UEDPIE_0_Minimal_Default.Minimal_Default up for play (max tick rate 0) at 2015.07.25-19.44.30
[2015.07.25-11.44.30:276][342]LogActor:Warning: GameSession /Game/StarterContent/Maps/UEDPIE_0_Minimal_Default.Minimal_Default:PersistentLevel.GameSession_1 has natively added scene component(s), but none of them were set as the actor's RootComponent - picking one arbitrarily
[2015.07.25-11.44.30:277][342]LogActor:Warning: GameNetworkManager /Game/StarterContent/Maps/UEDPIE_0_Minimal_Default.Minimal_Default:PersistentLevel.GameNetworkManager_1 has natively added scene component(s), but none of them were set as the actor's RootComponent - picking one arbitrarily
[2015.07.25-11.44.30:280][342]LogWorld: Bringing up level for play took: 0.008840
[2015.07.25-11.44.30:283][342]PIE: Info Play in editor start time for /Game/StarterContent/Maps/UEDPIE_0_Minimal_Default 1.074
[2015.07.25-11.44.36:140][ 18]LogParticles: Destroying 0 GPU particle simulations for FXSystem 0x000000000E3299E0
[2015.07.25-11.44.43:307][656]LogD3D11RHI: InitD3DDevice
[2015.07.25-11.44.43:333][656]LogD3D11RHI: InitD3DDevice
[2015.07.25-11.44.43:388][656]LogLinker:Warning: Asset '../../../Engine/Content/ArtTools/RenderToTexture/Macros/RenderToTextureMacros.uasset' has been saved with empty engine version. The asset will be loaded but may be incompatible.
[2015.07.25-11.44.43:476][656]LogLinker:Warning: Asset '../../../Engine/Content/ArtTools/RenderToTexture/Enums/RenderToTexture_Enum.uasset' has been saved with empty engine version. The asset will be loaded but may be incompatible.
[2015.07.25-11.44.46:462][771]LogD3D11RHI: InitD3DDevice
[2015.07.25-11.44.46:481][771]LogD3D11RHI: InitD3DDevice
[2015.07.25-11.44.53:992][206]LogRenderer: Reallocating scene render targets to support 1208x912 (Frame:2721).
[2015.07.25-11.45.16:992][930]LogD3D11RHI: InitD3DDevice
[2015.07.25-11.45.31:616][ 10]LogD3D11RHI: InitD3DDevice
[2015.07.25-11.45.33:717][ 98]LogActorComponent: UnregisterComponent: (/Engine/Transient.CharMoveComp) Not registered. Aborting.
[2015.07.25-11.45.36:187][212]BlueprintLog: New page: Compile BP_BasicCharacterControl
[2015.07.25-11.45.36:297][212]LogParticles: Destroying 0 GPU particle simulations for FXSystem 0x000000000FF300E0
[2015.07.25-11.45.36:342][212]BlueprintEditorCompileResults: Info [0294.77] Compile of BP_BasicCharacterControl successful! [in 154 ms]
[2015.07.25-11.45.38:662][318]LogD3D11RHI: InitD3DDevice
[2015.07.25-11.45.39:534][356]LogD3D11RHI: InitD3DDevice
[2015.07.25-11.45.40:526][401]LogD3D11RHI: InitD3DDevice
[2015.07.25-11.45.43:966][640]LogPlayLevel: PIE:  No blueprints needed recompiling
[2015.07.25-11.45.43:967][640]PIE: New page: PIE session: Minimal_Default (Jul 26, 2015, 3:45:43 AM)
[2015.07.25-11.45.43:968][640]LogPlayLevel: Creating play world package: /Game/StarterContent/Maps/UEDPIE_0_Minimal_Default
[2015.07.25-11.45.43:977][640]LogPlayLevel: PIE: StaticDuplicateObject took: (0.008630s)
[2015.07.25-11.45.43:978][640]LogAIModule: Creating AISystem for world Minimal_Default
[2015.07.25-11.45.43:980][640]LogPlayLevel: PIE: World Init took: (0.001875s)
[2015.07.25-11.45.43:980][640]LogPlayLevel: PIE: Created PIE world by copying editor world from /Game/StarterContent/Maps/Minimal_Default.Minimal_Default to /Game/StarterContent/Maps/UEDPIE_0_Minimal_Default.Minimal_Default (0.011928s)
[2015.07.25-11.45.44:020][640]LogInit: XAudio2 using '喇叭 (ASUS Xonar DS Audio Device)' : 2 channels at 44.1 kHz using 16 bits per sample (channel mask 0x3)
[2015.07.25-11.45.44:024][640]LogInit: FAudioDevice initialized.
[2015.07.25-11.45.44:075][640]LogWorld: Game class is 'DemoGameMode'
[2015.07.25-11.45.44:085][640]LogWorld: Bringing World /Game/StarterContent/Maps/UEDPIE_0_Minimal_Default.Minimal_Default up for play (max tick rate 0) at 2015.07.25-19.45.44
[2015.07.25-11.45.44:086][640]LogActor:Warning: GameSession /Game/StarterContent/Maps/UEDPIE_0_Minimal_Default.Minimal_Default:PersistentLevel.GameSession_2 has natively added scene component(s), but none of them were set as the actor's RootComponent - picking one arbitrarily
[2015.07.25-11.45.44:087][640]LogActor:Warning: GameNetworkManager /Game/StarterContent/Maps/UEDPIE_0_Minimal_Default.Minimal_Default:PersistentLevel.GameNetworkManager_2 has natively added scene component(s), but none of them were set as the actor's RootComponent - picking one arbitrarily
[2015.07.25-11.45.44:094][640]LogWorld: Bringing up level for play took: 0.014596
[2015.07.25-11.45.44:098][640]PIE: Info Play in editor start time for /Game/StarterContent/Maps/UEDPIE_0_Minimal_Default 0.892
[2015.07.25-11.45.50:028][321]LogParticles: Destroying 0 GPU particle simulations for FXSystem 0x00000000304D2160
[2015.07.25-11.46.28:038][697]LogPlayLevel: PIE:  No blueprints needed recompiling
[2015.07.25-11.46.28:039][697]PIE: New page: PIE session: Minimal_Default (Jul 26, 2015, 3:46:28 AM)
[2015.07.25-11.46.28:040][697]LogPlayLevel: Creating play world package: /Game/StarterContent/Maps/UEDPIE_0_Minimal_Default
[2015.07.25-11.46.28:047][697]LogPlayLevel: PIE: StaticDuplicateObject took: (0.008025s)
[2015.07.25-11.46.28:049][697]LogAIModule: Creating AISystem for world Minimal_Default
[2015.07.25-11.46.28:050][697]LogPlayLevel: PIE: World Init took: (0.002022s)
[2015.07.25-11.46.28:050][697]LogPlayLevel: PIE: Created PIE world by copying editor world from /Game/StarterContent/Maps/Minimal_Default.Minimal_Default to /Game/StarterContent/Maps/UEDPIE_0_Minimal_Default.Minimal_Default (0.011598s)
[2015.07.25-11.46.28:087][697]LogInit: XAudio2 using '喇叭 (ASUS Xonar DS Audio Device)' : 2 channels at 44.1 kHz using 16 bits per sample (channel mask 0x3)
[2015.07.25-11.46.28:091][697]LogInit: FAudioDevice initialized.
[2015.07.25-11.46.28:127][697]LogWorld: Game class is 'DemoGameMode'
[2015.07.25-11.46.28:134][697]LogWorld: Bringing World /Game/StarterContent/Maps/UEDPIE_0_Minimal_Default.Minimal_Default up for play (max tick rate 0) at 2015.07.25-19.46.28
[2015.07.25-11.46.28:135][697]LogActor:Warning: GameSession /Game/StarterContent/Maps/UEDPIE_0_Minimal_Default.Minimal_Default:PersistentLevel.GameSession_3 has natively added scene component(s), but none of them were set as the actor's RootComponent - picking one arbitrarily
[2015.07.25-11.46.28:136][697]LogActor:Warning: GameNetworkManager /Game/StarterContent/Maps/UEDPIE_0_Minimal_Default.Minimal_Default:PersistentLevel.GameNetworkManager_3 has natively added scene component(s), but none of them were set as the actor's RootComponent - picking one arbitrarily
[2015.07.25-11.46.28:139][697]LogWorld: Bringing up level for play took: 0.008481
[2015.07.25-11.46.28:142][697]PIE: Info Play in editor start time for /Game/StarterContent/Maps/UEDPIE_0_Minimal_Default 0.936
[2015.07.25-11.46.31:853][124]LogParticles: Destroying 0 GPU particle simulations for FXSystem 0x000000000EC4C2C0
[2015.07.25-11.46.37:129][471]LogD3D11RHI: InitD3DDevice
[2015.07.25-11.46.39:873][742]LogD3D11RHI: InitD3DDevice
[2015.07.25-11.47.03:939][120]LogD3D11RHI: InitD3DDevice
[2015.07.25-11.47.07:360][357]LogActorComponent: UnregisterComponent: (/Engine/Transient.CharMoveComp) Not registered. Aborting.
[2015.07.25-11.47.10:273][546]LogActorComponent: UnregisterComponent: (/Engine/Transient.CharacterMovementComponent_0) Not registered. Aborting.
[2015.07.25-11.47.10:295][546]LogParticles: Destroying 0 GPU particle simulations for FXSystem 0x00000000188214E0
[2015.07.25-11.47.10:317][546]LogD3D11RHI: InitD3DDevice
[2015.07.25-11.47.10:601][546]LogSavePackage: Save=146.829590ms
[2015.07.25-11.47.10:601][546]LogSavePackage: Moving 'D:/Users/SCW/Documents/Unreal Projects/Demo/Saved/Minimal_Default841302E2415E3ED1ED79E6AE44A51DAB.tmp' to 'D:/Users/SCW/Documents/Unreal Projects/Demo/Content/StarterContent/Maps/Minimal_Default.umap'
[2015.07.25-11.47.10:631][546]LogFileHelpers: Saving map 'Minimal_Default' took 0.296
[2015.07.25-11.47.10:660][546]Cmd: OBJ SAVEPACKAGE PACKAGE="/Game/Blueprints/BP_BasicCharacterControl" FILE="D:/Users/SCW/Documents/Unreal Projects/Demo/Content/Blueprints/BP_BasicCharacterControl.uasset" SILENT=true
[2015.07.25-11.47.10:689][546]LogSavePackage: Save=25.768696ms
[2015.07.25-11.47.10:690][546]LogSavePackage: Moving 'D:/Users/SCW/Documents/Unreal Projects/Demo/Saved/BP_BasicCharacterControlE9C511154F220DEA90C437B6E7E73068.tmp' to 'D:/Users/SCW/Documents/Unreal Projects/Demo/Content/Blueprints/BP_BasicCharacterControl.uasset'
[2015.07.25-11.47.10:718][546]Cmd: OBJ SAVEPACKAGE PACKAGE="/Game/Blueprints/BP_BasicCharacter" FILE="D:/Users/SCW/Documents/Unreal Projects/Demo/Content/Blueprints/BP_BasicCharacter.uasset" SILENT=true
[2015.07.25-11.47.10:753][546]LogSavePackage: Save=32.311222ms
[2015.07.25-11.47.10:754][546]LogSavePackage: Moving 'D:/Users/SCW/Documents/Unreal Projects/Demo/Saved/BP_BasicCharacter1820C24A4000E4ED1E0B71B19AE2553E.tmp' to 'D:/Users/SCW/Documents/Unreal Projects/Demo/Content/Blueprints/BP_BasicCharacter.uasset'
[2015.07.25-11.47.11:219][581]LogPlayLevel: PIE:  No blueprints needed recompiling
[2015.07.25-11.47.11:220][581]PIE: New page: PIE session: Minimal_Default (Jul 26, 2015, 3:47:11 AM)
[2015.07.25-11.47.11:220][581]LogPlayLevel: Creating play world package: /Game/StarterContent/Maps/UEDPIE_0_Minimal_Default
[2015.07.25-11.47.11:229][581]LogPlayLevel: PIE: StaticDuplicateObject took: (0.008390s)
[2015.07.25-11.47.11:232][581]LogAIModule: Creating AISystem for world Minimal_Default
[2015.07.25-11.47.11:233][581]LogPlayLevel: PIE: World Init took: (0.002336s)
[2015.07.25-11.47.11:234][581]LogPlayLevel: PIE: Created PIE world by copying editor world from /Game/StarterContent/Maps/Minimal_Default.Minimal_Default to /Game/StarterContent/Maps/UEDPIE_0_Minimal_Default.Minimal_Default (0.012911s)
[2015.07.25-11.47.11:234][581]LogActorComponent: UnregisterComponent: (/Engine/Transient.CharMoveComp) Not registered. Aborting.
[2015.07.25-11.47.11:276][581]LogInit: XAudio2 using '喇叭 (ASUS Xonar DS Audio Device)' : 2 channels at 44.1 kHz using 16 bits per sample (channel mask 0x3)
[2015.07.25-11.47.11:280][581]LogInit: FAudioDevice initialized.
[2015.07.25-11.47.11:322][581]LogWorld: Game class is 'DemoGameMode'
[2015.07.25-11.47.11:329][581]LogWorld: Bringing World /Game/StarterContent/Maps/UEDPIE_0_Minimal_Default.Minimal_Default up for play (max tick rate 0) at 2015.07.25-19.47.11
[2015.07.25-11.47.11:330][581]LogActor:Warning: GameSession /Game/StarterContent/Maps/UEDPIE_0_Minimal_Default.Minimal_Default:PersistentLevel.GameSession_4 has natively added scene component(s), but none of them were set as the actor's RootComponent - picking one arbitrarily
[2015.07.25-11.47.11:331][581]LogActor:Warning: GameNetworkManager /Game/StarterContent/Maps/UEDPIE_0_Minimal_Default.Minimal_Default:PersistentLevel.GameNetworkManager_4 has natively added scene component(s), but none of them were set as the actor's RootComponent - picking one arbitrarily
[2015.07.25-11.47.11:333][581]LogWorld: Bringing up level for play took: 0.008059
[2015.07.25-11.47.11:336][581]PIE: Info Play in editor start time for /Game/StarterContent/Maps/UEDPIE_0_Minimal_Default 0.132
[2015.07.25-11.47.18:008][357]LogParticles: Destroying 0 GPU particle simulations for FXSystem 0x0000000003994360
[2015.07.25-11.47.21:501][580]BlueprintLog: New page: Compile BP_BasicCharacter
[2015.07.25-11.47.21:667][580]BlueprintEditorCompileResults: Info [0400.10] Compile of BP_BasicCharacter successful! [in 164 ms]
[2015.07.25-11.47.23:388][692]LogPlayLevel: PIE:  No blueprints needed recompiling
[2015.07.25-11.47.23:389][692]PIE: New page: PIE session: Minimal_Default (Jul 26, 2015, 3:47:23 AM)
[2015.07.25-11.47.23:390][692]LogPlayLevel: Creating play world package: /Game/StarterContent/Maps/UEDPIE_0_Minimal_Default
[2015.07.25-11.47.23:399][692]LogPlayLevel: PIE: StaticDuplicateObject took: (0.008540s)
[2015.07.25-11.47.23:401][692]LogAIModule: Creating AISystem for world Minimal_Default
[2015.07.25-11.47.23:402][692]LogPlayLevel: PIE: World Init took: (0.001959s)
[2015.07.25-11.47.23:402][692]LogPlayLevel: PIE: Created PIE world by copying editor world from /Game/StarterContent/Maps/Minimal_Default.Minimal_Default to /Game/StarterContent/Maps/UEDPIE_0_Minimal_Default.Minimal_Default (0.012090s)
[2015.07.25-11.47.23:403][692]LogActorComponent: UnregisterComponent: (/Engine/Transient.CharMoveComp) Not registered. Aborting.
[2015.07.25-11.47.23:441][692]LogInit: XAudio2 using '喇叭 (ASUS Xonar DS Audio Device)' : 2 channels at 44.1 kHz using 16 bits per sample (channel mask 0x3)
[2015.07.25-11.47.23:445][692]LogInit: FAudioDevice initialized.
[2015.07.25-11.47.23:483][692]LogWorld: Game class is 'DemoGameMode'
[2015.07.25-11.47.23:490][692]LogWorld: Bringing World /Game/StarterContent/Maps/UEDPIE_0_Minimal_Default.Minimal_Default up for play (max tick rate 0) at 2015.07.25-19.47.23
[2015.07.25-11.47.23:491][692]LogActor:Warning: GameSession /Game/StarterContent/Maps/UEDPIE_0_Minimal_Default.Minimal_Default:PersistentLevel.GameSession_5 has natively added scene component(s), but none of them were set as the actor's RootComponent - picking one arbitrarily
[2015.07.25-11.47.23:491][692]LogActor:Warning: GameNetworkManager /Game/StarterContent/Maps/UEDPIE_0_Minimal_Default.Minimal_Default:PersistentLevel.GameNetworkManager_5 has natively added scene component(s), but none of them were set as the actor's RootComponent - picking one arbitrarily
[2015.07.25-11.47.23:495][692]LogWorld: Bringing up level for play took: 0.008449
[2015.07.25-11.47.23:498][692]PIE: Info Play in editor start time for /Game/StarterContent/Maps/UEDPIE_0_Minimal_Default 0.293
[2015.07.25-11.47.25:706][943]LogParticles: Destroying 0 GPU particle simulations for FXSystem 0x000000000C698540
[2015.07.25-11.47.26:381][ 19]LogEditorViewport: Clicking on Actor (LMB): BP_BasicCharacterControl_C (BP_BasicCharacterControl)
[2015.07.25-11.47.34:233][663]LogPlayLevel: PIE:  No blueprints needed recompiling
[2015.07.25-11.47.34:234][663]PIE: New page: PIE session: Minimal_Default (Jul 26, 2015, 3:47:34 AM)
[2015.07.25-11.47.34:235][663]LogPlayLevel: Creating play world package: /Game/StarterContent/Maps/UEDPIE_0_Minimal_Default
[2015.07.25-11.47.34:244][663]LogPlayLevel: PIE: StaticDuplicateObject took: (0.007723s)
[2015.07.25-11.47.34:245][663]LogAIModule: Creating AISystem for world Minimal_Default
[2015.07.25-11.47.34:247][663]LogPlayLevel: PIE: World Init took: (0.002077s)
[2015.07.25-11.47.34:247][663]LogPlayLevel: PIE: Created PIE world by copying editor world from /Game/StarterContent/Maps/Minimal_Default.Minimal_Default to /Game/StarterContent/Maps/UEDPIE_0_Minimal_Default.Minimal_Default (0.011593s)
[2015.07.25-11.47.34:247][663]LogActorComponent: UnregisterComponent: (/Engine/Transient.CharMoveComp) Not registered. Aborting.
[2015.07.25-11.47.34:285][663]LogInit: XAudio2 using '喇叭 (ASUS Xonar DS Audio Device)' : 2 channels at 44.1 kHz using 16 bits per sample (channel mask 0x3)
[2015.07.25-11.47.34:289][663]LogInit: FAudioDevice initialized.
[2015.07.25-11.47.34:329][663]LogWorld: Game class is 'DemoGameMode'
[2015.07.25-11.47.34:335][663]LogWorld: Bringing World /Game/StarterContent/Maps/UEDPIE_0_Minimal_Default.Minimal_Default up for play (max tick rate 0) at 2015.07.25-19.47.34
[2015.07.25-11.47.34:336][663]LogActor:Warning: GameSession /Game/StarterContent/Maps/UEDPIE_0_Minimal_Default.Minimal_Default:PersistentLevel.GameSession_6 has natively added scene component(s), but none of them were set as the actor's RootComponent - picking one arbitrarily
[2015.07.25-11.47.34:337][663]LogActor:Warning: GameNetworkManager /Game/StarterContent/Maps/UEDPIE_0_Minimal_Default.Minimal_Default:PersistentLevel.GameNetworkManager_6 has natively added scene component(s), but none of them were set as the actor's RootComponent - picking one arbitrarily
[2015.07.25-11.47.34:339][663]LogWorld: Bringing up level for play took: 0.008278
[2015.07.25-11.47.34:343][663]PIE: Info Play in editor start time for /Game/StarterContent/Maps/UEDPIE_0_Minimal_Default -0.861
[2015.07.25-11.47.35:949][843]LogParticles: Destroying 0 GPU particle simulations for FXSystem 0x0000000039D060C0
[2015.07.25-11.54.02:561][620]LogD3D11RHI: InitD3DDevice
[2015.07.25-11.54.32:063][102]LogEditorTransaction: Undo Set actor scale
[2015.07.25-11.54.32:097][102]LogD3D11RHI: InitD3DDevice
[2015.07.25-11.54.33:096][180]LogEditorTransaction: Undo Set actor scale
[2015.07.25-11.54.33:564][212]LogEditorTransaction: Undo Set actor scale
[2015.07.25-11.54.42:782][105]BlueprintLog: New page: Compile BP_BasicCharacterControl
[2015.07.25-11.54.42:874][105]LogActorComponent: UnregisterComponent: (/Engine/Transient.CharMoveComp) Not registered. Aborting.
[2015.07.25-11.54.42:935][105]BlueprintEditorCompileResults: Info [0841.38] Compile of BP_BasicCharacterControl successful! [in 152 ms]
[2015.07.25-11.54.45:333][254]LogPlayLevel: PIE:  No blueprints needed recompiling
[2015.07.25-11.54.45:334][254]PIE: New page: PIE session: Minimal_Default (Jul 26, 2015, 3:54:45 AM)
[2015.07.25-11.54.45:335][254]LogPlayLevel: Creating play world package: /Game/StarterContent/Maps/UEDPIE_0_Minimal_Default
[2015.07.25-11.54.45:343][254]LogPlayLevel: PIE: StaticDuplicateObject took: (0.007805s)
[2015.07.25-11.54.45:345][254]LogAIModule: Creating AISystem for world Minimal_Default
[2015.07.25-11.54.45:346][254]LogPlayLevel: PIE: World Init took: (0.002445s)
[2015.07.25-11.54.45:347][254]LogPlayLevel: PIE: Created PIE world by copying editor world from /Game/StarterContent/Maps/Minimal_Default.Minimal_Default to /Game/StarterContent/Maps/UEDPIE_0_Minimal_Default.Minimal_Default (0.012165s)
[2015.07.25-11.54.45:387][254]LogInit: XAudio2 using '喇叭 (ASUS Xonar DS Audio Device)' : 2 channels at 44.1 kHz using 16 bits per sample (channel mask 0x3)
[2015.07.25-11.54.45:391][254]LogInit: FAudioDevice initialized.
[2015.07.25-11.54.45:434][254]LogWorld: Game class is 'DemoGameMode'
[2015.07.25-11.54.45:440][254]LogWorld: Bringing World /Game/StarterContent/Maps/UEDPIE_0_Minimal_Default.Minimal_Default up for play (max tick rate 0) at 2015.07.25-19.54.45
[2015.07.25-11.54.45:441][254]LogActor:Warning: GameSession /Game/StarterContent/Maps/UEDPIE_0_Minimal_Default.Minimal_Default:PersistentLevel.GameSession_7 has natively added scene component(s), but none of them were set as the actor's RootComponent - picking one arbitrarily
[2015.07.25-11.54.45:442][254]LogActor:Warning: GameNetworkManager /Game/StarterContent/Maps/UEDPIE_0_Minimal_Default.Minimal_Default:PersistentLevel.GameNetworkManager_7 has natively added scene component(s), but none of them were set as the actor's RootComponent - picking one arbitrarily
[2015.07.25-11.54.45:444][254]LogWorld: Bringing up level for play took: 0.007843
[2015.07.25-11.54.45:448][254]PIE: Info Play in editor start time for /Game/StarterContent/Maps/UEDPIE_0_Minimal_Default 0.258
[2015.07.25-11.54.47:539][485]LogParticles: Destroying 0 GPU particle simulations for FXSystem 0x0000000039D047C0
[2015.07.25-11.55.09:856][821]LogD3D11RHI: InitD3DDevice
[2015.07.25-11.55.14:339][104]LogPlayLevel: PIE:  No blueprints needed recompiling
[2015.07.25-11.55.14:339][104]PIE: New page: PIE session: Minimal_Default (Jul 26, 2015, 3:55:14 AM)
[2015.07.25-11.55.14:340][104]LogPlayLevel: Creating play world package: /Game/StarterContent/Maps/UEDPIE_0_Minimal_Default
[2015.07.25-11.55.14:349][104]LogPlayLevel: PIE: StaticDuplicateObject took: (0.007932s)
[2015.07.25-11.55.14:350][104]LogAIModule: Creating AISystem for world Minimal_Default
[2015.07.25-11.55.14:351][104]LogPlayLevel: PIE: World Init took: (0.001951s)
[2015.07.25-11.55.14:352][104]LogPlayLevel: PIE: Created PIE world by copying editor world from /Game/StarterContent/Maps/Minimal_Default.Minimal_Default to /Game/StarterContent/Maps/UEDPIE_0_Minimal_Default.Minimal_Default (0.011404s)
[2015.07.25-11.55.14:352][104]LogActorComponent: UnregisterComponent: (/Engine/Transient.CharMoveComp) Not registered. Aborting.
[2015.07.25-11.55.14:391][104]LogInit: XAudio2 using '喇叭 (ASUS Xonar DS Audio Device)' : 2 channels at 44.1 kHz using 16 bits per sample (channel mask 0x3)
[2015.07.25-11.55.14:395][104]LogInit: FAudioDevice initialized.
[2015.07.25-11.55.14:436][104]LogWorld: Game class is 'DemoGameMode'
[2015.07.25-11.55.14:443][104]LogWorld: Bringing World /Game/StarterContent/Maps/UEDPIE_0_Minimal_Default.Minimal_Default up for play (max tick rate 0) at 2015.07.25-19.55.14
[2015.07.25-11.55.14:444][104]LogActor:Warning: GameSession /Game/StarterContent/Maps/UEDPIE_0_Minimal_Default.Minimal_Default:PersistentLevel.GameSession_8 has natively added scene component(s), but none of them were set as the actor's RootComponent - picking one arbitrarily
[2015.07.25-11.55.14:445][104]LogActor:Warning: GameNetworkManager /Game/StarterContent/Maps/UEDPIE_0_Minimal_Default.Minimal_Default:PersistentLevel.GameNetworkManager_8 has natively added scene component(s), but none of them were set as the actor's RootComponent - picking one arbitrarily
[2015.07.25-11.55.14:448][104]LogWorld: Bringing up level for play took: 0.008301
[2015.07.25-11.55.14:451][104]PIE: Info Play in editor start time for /Game/StarterContent/Maps/UEDPIE_0_Minimal_Default -0.738
[2015.07.25-11.55.19:096][643]LogParticles: Destroying 0 GPU particle simulations for FXSystem 0x000000000C6982C0
[2015.07.25-11.55.23:187][900]BlueprintLog: New page: Compile BP_BasicCharacter
[2015.07.25-11.55.23:356][900]BlueprintEditorCompileResults: Info [0881.80] Compile of BP_BasicCharacter successful! [in 167 ms]
[2015.07.25-11.55.26:244][101]LogPlayLevel: PIE:  No blueprints needed recompiling
[2015.07.25-11.55.26:244][101]PIE: New page: PIE session: Minimal_Default (Jul 26, 2015, 3:55:26 AM)
[2015.07.25-11.55.26:245][101]LogPlayLevel: Creating play world package: /Game/StarterContent/Maps/UEDPIE_0_Minimal_Default
[2015.07.25-11.55.26:253][101]LogPlayLevel: PIE: StaticDuplicateObject took: (0.008494s)
[2015.07.25-11.55.26:255][101]LogAIModule: Creating AISystem for world Minimal_Default
[2015.07.25-11.55.26:256][101]LogPlayLevel: PIE: World Init took: (0.002174s)
[2015.07.25-11.55.26:257][101]LogPlayLevel: PIE: Created PIE world by copying editor world from /Game/StarterContent/Maps/Minimal_Default.Minimal_Default to /Game/StarterContent/Maps/UEDPIE_0_Minimal_Default.Minimal_Default (0.012354s)
[2015.07.25-11.55.26:257][101]LogActorComponent: UnregisterComponent: (/Engine/Transient.CharMoveComp) Not registered. Aborting.
[2015.07.25-11.55.26:295][101]LogInit: XAudio2 using '喇叭 (ASUS Xonar DS Audio Device)' : 2 channels at 44.1 kHz using 16 bits per sample (channel mask 0x3)
[2015.07.25-11.55.26:299][101]LogInit: FAudioDevice initialized.
[2015.07.25-11.55.26:341][101]LogWorld: Game class is 'DemoGameMode'
[2015.07.25-11.55.26:348][101]LogWorld: Bringing World /Game/StarterContent/Maps/UEDPIE_0_Minimal_Default.Minimal_Default up for play (max tick rate 0) at 2015.07.25-19.55.26
[2015.07.25-11.55.26:348][101]LogActor:Warning: GameSession /Game/StarterContent/Maps/UEDPIE_0_Minimal_Default.Minimal_Default:PersistentLevel.GameSession_9 has natively added scene component(s), but none of them were set as the actor's RootComponent - picking one arbitrarily
[2015.07.25-11.55.26:349][101]LogActor:Warning: GameNetworkManager /Game/StarterContent/Maps/UEDPIE_0_Minimal_Default.Minimal_Default:PersistentLevel.GameNetworkManager_9 has natively added scene component(s), but none of them were set as the actor's RootComponent - picking one arbitrarily
[2015.07.25-11.55.26:353][101]LogWorld: Bringing up level for play took: 0.008325
[2015.07.25-11.55.26:356][101]PIE: Info Play in editor start time for /Game/StarterContent/Maps/UEDPIE_0_Minimal_Default -0.833
[2015.07.25-11.55.29:417][455]LogParticles: Destroying 0 GPU particle simulations for FXSystem 0x000000005EB22B60
[2015.07.25-11.55.31:791][613]LogD3D11RHI: InitD3DDevice
[2015.07.25-11.55.35:252][845]BlueprintLog: New page: Compile BP_BasicCharacterControl
[2015.07.25-11.55.35:398][845]BlueprintEditorCompileResults: Info [0893.84] Compile of BP_BasicCharacterControl successful! [in 144 ms]
[2015.07.25-11.55.36:698][911]LogPlayLevel: PIE:  No blueprints needed recompiling
[2015.07.25-11.55.36:699][911]PIE: New page: PIE session: Minimal_Default (Jul 26, 2015, 3:55:36 AM)
[2015.07.25-11.55.36:700][911]LogPlayLevel: Creating play world package: /Game/StarterContent/Maps/UEDPIE_0_Minimal_Default
[2015.07.25-11.55.36:708][911]LogPlayLevel: PIE: StaticDuplicateObject took: (0.008207s)
[2015.07.25-11.55.36:710][911]LogAIModule: Creating AISystem for world Minimal_Default
[2015.07.25-11.55.36:711][911]LogPlayLevel: PIE: World Init took: (0.002093s)
[2015.07.25-11.55.36:711][911]LogPlayLevel: PIE: Created PIE world by copying editor world from /Game/StarterContent/Maps/Minimal_Default.Minimal_Default to /Game/StarterContent/Maps/UEDPIE_0_Minimal_Default.Minimal_Default (0.012048s)
[2015.07.25-11.55.36:752][911]LogInit: XAudio2 using '喇叭 (ASUS Xonar DS Audio Device)' : 2 channels at 44.1 kHz using 16 bits per sample (channel mask 0x3)
[2015.07.25-11.55.36:756][911]LogInit: FAudioDevice initialized.
[2015.07.25-11.55.36:794][911]LogWorld: Game class is 'DemoGameMode'
[2015.07.25-11.55.36:800][911]LogWorld: Bringing World /Game/StarterContent/Maps/UEDPIE_0_Minimal_Default.Minimal_Default up for play (max tick rate 0) at 2015.07.25-19.55.36
[2015.07.25-11.55.36:801][911]LogActor:Warning: GameSession /Game/StarterContent/Maps/UEDPIE_0_Minimal_Default.Minimal_Default:PersistentLevel.GameSession_10 has natively added scene component(s), but none of them were set as the actor's RootComponent - picking one arbitrarily
[2015.07.25-11.55.36:802][911]LogActor:Warning: GameNetworkManager /Game/StarterContent/Maps/UEDPIE_0_Minimal_Default.Minimal_Default:PersistentLevel.GameNetworkManager_10 has natively added scene component(s), but none of them were set as the actor's RootComponent - picking one arbitrarily
[2015.07.25-11.55.36:805][911]LogWorld: Bringing up level for play took: 0.008647
[2015.07.25-11.55.36:809][911]PIE: Info Play in editor start time for /Game/StarterContent/Maps/UEDPIE_0_Minimal_Default -0.38
[2015.07.25-11.55.40:314][318]LogParticles: Destroying 0 GPU particle simulations for FXSystem 0x0000000043499EE0
[2015.07.25-11.57.26:177][270]LogD3D11RHI: InitD3DDevice
[2015.07.25-11.57.35:176][297]LogD3D11RHI: InitD3DDevice
[2015.07.25-11.57.35:368][297]LogActorComponent: UnregisterComponent: (/Engine/Transient.CharMoveComp) Not registered. Aborting.
[2015.07.25-11.57.35:582][297]LogSavePackage: Save=163.629990ms
[2015.07.25-11.57.35:583][297]LogSavePackage: Moving 'D:/Users/SCW/Documents/Unreal Projects/Demo/Saved/Minimal_Default_Auto1671FA5D940C5A10C91B1C399F15C2624.tmp' to 'D:/Users/SCW/Documents/Unreal Projects/Demo/Saved/Autosaves/Game/StarterContent/Maps/Minimal_Default_Auto1.umap'
[2015.07.25-11.57.35:585][297]LogFileHelpers: Editor autosave (incl. sublevels) for '/Game/StarterContent/Maps/Minimal_Default' took 0.217
[2015.07.25-11.57.35:585][297]LogFileHelpers: Editor autosave (incl. sublevels) for all levels took 0.217
[2015.07.25-11.57.35:592][297]OBJ SavePackage: Generating thumbnails for [1] asset(s) in package [/Game/Blueprints/BP_BasicCharacterControl] ([1] browsable assets)...
[2015.07.25-11.57.35:613][297]OBJ SavePackage:     Rendered thumbnail for [Blueprint /Game/Blueprints/BP_BasicCharacterControl.BP_BasicCharacterControl]
[2015.07.25-11.57.35:614][297]OBJ SavePackage: Finished generating thumbnails for package [/Game/Blueprints/BP_BasicCharacterControl]
[2015.07.25-11.57.35:644][297]LogSavePackage: Save=27.163363ms
[2015.07.25-11.57.35:644][297]LogSavePackage: Moving 'D:/Users/SCW/Documents/Unreal Projects/Demo/Saved/BP_BasicCharacterControl_Auto111BE480947C91267E1D335A38796CE44.tmp' to 'D:/Users/SCW/Documents/Unreal Projects/Demo/Saved/Autosaves/Game/Blueprints/BP_BasicCharacterControl_Auto1.uasset'
[2015.07.25-11.57.35:650][297]OBJ SavePackage: Generating thumbnails for [1] asset(s) in package [/Game/Blueprints/BP_BasicCharacter] ([1] browsable assets)...
[2015.07.25-11.57.35:671][297]OBJ SavePackage:     Rendered thumbnail for [Blueprint /Game/Blueprints/BP_BasicCharacter.BP_BasicCharacter]
[2015.07.25-11.57.35:671][297]OBJ SavePackage: Finished generating thumbnails for package [/Game/Blueprints/BP_BasicCharacter]
[2015.07.25-11.57.35:712][297]LogSavePackage: Save=37.037140ms
[2015.07.25-11.57.35:712][297]LogSavePackage: Moving 'D:/Users/SCW/Documents/Unreal Projects/Demo/Saved/BP_BasicCharacter_Auto1BFAE851B436D638CFA3F7BB2B1884523.tmp' to 'D:/Users/SCW/Documents/Unreal Projects/Demo/Saved/Autosaves/Game/Blueprints/BP_BasicCharacter_Auto1.uasset'
[2015.07.25-11.57.35:713][297]LogFileHelpers: Auto-saving content packages took 0.126
[2015.07.25-12.04.06:805][536]LogD3D11RHI: InitD3DDevice
[2015.07.25-12.04.06:807][536]Recompiling Demo...
[2015.07.25-12.04.06:808][536]Launching UnrealBuildTool... [C:/Program Files/Epic Games/4.8/Engine/Binaries/DotNET/UnrealBuildTool.exe Demo -ModuleWithSuffix Demo 359 Win64 Development -editorrecompile -canskiplink "D:/Users/SCW/Documents/Unreal Projects/Demo/Demo.uproject" -rocket  -rocket]
[2015.07.25-12.04.06:810][536]Warning: Starting HotReload took  0.1s.
[2015.07.25-12.04.12:186][832]LogActorComponent: UnregisterComponent: (/Engine/Transient.CharMoveComp) Not registered. Aborting.
[2015.07.25-12.04.12:237][832]LogD3D11RHI: InitD3DDevice
[2015.07.25-12.04.12:516][832]LogSavePackage: Save=151.736282ms
[2015.07.25-12.04.12:517][832]LogSavePackage: Moving 'D:/Users/SCW/Documents/Unreal Projects/Demo/Saved/Minimal_DefaultE40130624DD43D38916DF1B5CECC8DCE.tmp' to 'D:/Users/SCW/Documents/Unreal Projects/Demo/Content/StarterContent/Maps/Minimal_Default.umap'
[2015.07.25-12.04.12:545][832]LogFileHelpers: Saving map 'Minimal_Default' took 0.300
[2015.07.25-12.04.12:553][832]Cmd: OBJ SAVEPACKAGE PACKAGE="/Game/Blueprints/BP_BasicCharacterControl" FILE="D:/Users/SCW/Documents/Unreal Projects/Demo/Content/Blueprints/BP_BasicCharacterControl.uasset" SILENT=true
[2015.07.25-12.04.12:573][832]LogSavePackage: Save=14.866231ms
[2015.07.25-12.04.12:573][832]LogSavePackage: Moving 'D:/Users/SCW/Documents/Unreal Projects/Demo/Saved/BP_BasicCharacterControlEF4946494EF635180F183FA204FD0AA7.tmp' to 'D:/Users/SCW/Documents/Unreal Projects/Demo/Content/Blueprints/BP_BasicCharacterControl.uasset'
[2015.07.25-12.04.12:583][832]Cmd: OBJ SAVEPACKAGE PACKAGE="/Game/Blueprints/BP_BasicCharacter" FILE="D:/Users/SCW/Documents/Unreal Projects/Demo/Content/Blueprints/BP_BasicCharacter.uasset" SILENT=true
[2015.07.25-12.04.12:607][832]LogSavePackage: Save=19.813992ms
[2015.07.25-12.04.12:607][832]LogSavePackage: Moving 'D:/Users/SCW/Documents/Unreal Projects/Demo/Saved/BP_BasicCharacterFC4F07C54E6EBD58058D0082AADBB9B6.tmp' to 'D:/Users/SCW/Documents/Unreal Projects/Demo/Content/Blueprints/BP_BasicCharacter.uasset'
[2015.07.25-12.04.31:652][888]LogD3D11RHI: InitD3DDevice
[2015.07.25-12.04.38:627][260]BlueprintLog: New page: Compile BP_BasicCharacterControl
[2015.07.25-12.04.38:759][260]BlueprintEditorCompileResults: Info [1437.22] Compile of BP_BasicCharacterControl successful! [in 130 ms]
[2015.07.25-12.04.41:648][400]LogD3D11RHI: InitD3DDevice
[2015.07.25-12.04.41:914][400]LogSavePackage: Save=145.209061ms
[2015.07.25-12.04.41:915][400]LogSavePackage: Moving 'D:/Users/SCW/Documents/Unreal Projects/Demo/Saved/Minimal_Default139104BB43674D81A2E6CE97A0C553EF.tmp' to 'D:/Users/SCW/Documents/Unreal Projects/Demo/Content/StarterContent/Maps/Minimal_Default.umap'
[2015.07.25-12.04.41:938][400]LogFileHelpers: Saving map 'Minimal_Default' took 0.283
[2015.07.25-12.04.41:964][400]Cmd: OBJ SAVEPACKAGE PACKAGE="/Game/Blueprints/BP_BasicCharacterControl" FILE="D:/Users/SCW/Documents/Unreal Projects/Demo/Content/Blueprints/BP_BasicCharacterControl.uasset" SILENT=true
[2015.07.25-12.04.41:995][400]LogSavePackage: Save=27.273275ms
[2015.07.25-12.04.41:995][400]LogSavePackage: Moving 'D:/Users/SCW/Documents/Unreal Projects/Demo/Saved/BP_BasicCharacterControl25D428624076B320ADD2BC8E74BCF3A8.tmp' to 'D:/Users/SCW/Documents/Unreal Projects/Demo/Content/Blueprints/BP_BasicCharacterControl.uasset'
[2015.07.25-12.04.42:000][400]CompilerResultsLog: New page: Compilation - Jul 26, 2015, 4:04:42 AM
[2015.07.25-12.04.42:001][400]CompilerResultsLog: Info Compiling game modules for hot reload
[2015.07.25-12.04.42:001][400]CompilerResultsLog: Info Parsing headers for DemoEditor
[2015.07.25-12.04.42:002][400]CompilerResultsLog: Info Reflection code generated for DemoEditor
[2015.07.25-12.04.42:002][400]CompilerResultsLog: Info Performing 2 actions (4 in parallel)
[2015.07.25-12.04.42:002][400]CompilerResultsLog: Info BasicCharacterControl.cpp
[2015.07.25-12.04.42:003][400]CompilerResultsLog: Info [2/2] Link UE4Editor-Demo-359.dll
[2015.07.25-12.04.42:003][400]CompilerResultsLog: Info    Creating library D:\Users\SCW\Documents\Unreal Projects\Demo\Intermediate/Build/Win64\UE4Editor\Development\UE4Editor-Demo-359.lib and object D:\Users\SCW\Documents\Unreal Projects\Demo\Intermediate/Build/Win64\UE4Editor\Development\UE4Editor-Demo-359.exp
[2015.07.25-12.04.42:003][400]CompilerResultsLog: Info -------- End Detailed Actions Stats -----------------------------------------------------------
[2015.07.25-12.04.42:004][400]CompilerResultsLog: Info Total build time: 34.61 seconds
[2015.07.25-12.04.42:004][400]LogMainFrame: MainFrame: Module compiling took 35.205 seconds
[2015.07.25-12.04.42:072][400]LogContentBrowser: Native class hierarchy updated for 'Demo' in 0.0018 seconds. Added 3 classes and 2 folders.
[2015.07.25-12.04.42:076][400]Warning: HotReload successful (0 functions remapped  0 scriptstructs remapped)
[2015.07.25-12.04.42:709][400]LogContentBrowser: Native class hierarchy populated in 0.0116 seconds. Added 1796 classes and 305 folders.
[2015.07.25-12.04.44:477][485]LogPlayLevel: PIE:  No blueprints needed recompiling
[2015.07.25-12.04.44:478][485]PIE: New page: PIE session: Minimal_Default (Jul 26, 2015, 4:04:44 AM)
[2015.07.25-12.04.44:479][485]LogPlayLevel: Creating play world package: /Game/StarterContent/Maps/UEDPIE_0_Minimal_Default
[2015.07.25-12.04.44:487][485]LogPlayLevel: PIE: StaticDuplicateObject took: (0.007785s)
[2015.07.25-12.04.44:488][485]LogAIModule: Creating AISystem for world Minimal_Default
[2015.07.25-12.04.44:490][485]LogPlayLevel: PIE: World Init took: (0.001916s)
[2015.07.25-12.04.44:490][485]LogPlayLevel: PIE: Created PIE world by copying editor world from /Game/StarterContent/Maps/Minimal_Default.Minimal_Default to /Game/StarterContent/Maps/UEDPIE_0_Minimal_Default.Minimal_Default (0.011277s)
[2015.07.25-12.04.44:547][485]LogInit: XAudio2 using '喇叭 (ASUS Xonar DS Audio Device)' : 2 channels at 44.1 kHz using 16 bits per sample (channel mask 0x3)
[2015.07.25-12.04.44:551][485]LogInit: FAudioDevice initialized.
[2015.07.25-12.04.44:590][485]LogWorld: Game class is 'DemoGameMode'
[2015.07.25-12.04.44:597][485]LogWorld: Bringing World /Game/StarterContent/Maps/UEDPIE_0_Minimal_Default.Minimal_Default up for play (max tick rate 0) at 2015.07.25-20.04.44
[2015.07.25-12.04.44:597][485]LogActor:Warning: GameSession /Game/StarterContent/Maps/UEDPIE_0_Minimal_Default.Minimal_Default:PersistentLevel.GameSession_11 has natively added scene component(s), but none of them were set as the actor's RootComponent - picking one arbitrarily
[2015.07.25-12.04.44:598][485]LogActor:Warning: GameNetworkManager /Game/StarterContent/Maps/UEDPIE_0_Minimal_Default.Minimal_Default:PersistentLevel.GameNetworkManager_11 has natively added scene component(s), but none of them were set as the actor's RootComponent - picking one arbitrarily
[2015.07.25-12.04.44:601][485]LogWorld: Bringing up level for play took: 0.008269
[2015.07.25-12.04.44:604][485]PIE: Info Play in editor start time for /Game/StarterContent/Maps/UEDPIE_0_Minimal_Default -0.568
[2015.07.25-12.04.50:264][868]LogParticles: Destroying 0 GPU particle simulations for FXSystem 0x000000002E6EDF80
[2015.07.25-12.04.55:874][419]LogSCSEditor:Warning: Calling UpdateTree() from Tick() more frequently than expected due to invalid tree node state. This might be a performance issue.
[2015.07.25-12.04.56:788][465]LogD3D11RHI: InitD3DDevice
[2015.07.25-12.04.57:104][465]LogSavePackage: Save=185.778763ms
[2015.07.25-12.04.57:105][465]LogSavePackage: Moving 'D:/Users/SCW/Documents/Unreal Projects/Demo/Saved/Minimal_Default8FA6714E443944F94FCAE6A3AFC341B7.tmp' to 'D:/Users/SCW/Documents/Unreal Projects/Demo/Content/StarterContent/Maps/Minimal_Default.umap'
[2015.07.25-12.04.57:132][465]LogFileHelpers: Saving map 'Minimal_Default' took 0.338
[2015.07.25-12.04.57:140][465]Cmd: OBJ SAVEPACKAGE PACKAGE="/Game/Blueprints/BP_BasicCharacterControl" FILE="D:/Users/SCW/Documents/Unreal Projects/Demo/Content/Blueprints/BP_BasicCharacterControl.uasset" SILENT=true
[2015.07.25-12.04.57:155][465]LogSavePackage: Save=12.244389ms
[2015.07.25-12.04.57:156][465]LogSavePackage: Moving 'D:/Users/SCW/Documents/Unreal Projects/Demo/Saved/BP_BasicCharacterControlFD5C79DA4BB816DAC9EE66959244C851.tmp' to 'D:/Users/SCW/Documents/Unreal Projects/Demo/Content/Blueprints/BP_BasicCharacterControl.uasset'
[2015.07.25-12.04.57:643][490]LogPlayLevel: PIE:  No blueprints needed recompiling
[2015.07.25-12.04.57:644][490]PIE: New page: PIE session: Minimal_Default (Jul 26, 2015, 4:04:57 AM)
[2015.07.25-12.04.57:644][490]LogPlayLevel: Creating play world package: /Game/StarterContent/Maps/UEDPIE_0_Minimal_Default
[2015.07.25-12.04.57:653][490]LogPlayLevel: PIE: StaticDuplicateObject took: (0.007986s)
[2015.07.25-12.04.57:655][490]LogAIModule: Creating AISystem for world Minimal_Default
[2015.07.25-12.04.57:656][490]LogPlayLevel: PIE: World Init took: (0.002016s)
[2015.07.25-12.04.57:656][490]LogPlayLevel: PIE: Created PIE world by copying editor world from /Game/StarterContent/Maps/Minimal_Default.Minimal_Default to /Game/StarterContent/Maps/UEDPIE_0_Minimal_Default.Minimal_Default (0.011767s)
[2015.07.25-12.04.57:706][490]LogInit: XAudio2 using '喇叭 (ASUS Xonar DS Audio Device)' : 2 channels at 44.1 kHz using 16 bits per sample (channel mask 0x3)
[2015.07.25-12.04.57:708][490]LogInit: FAudioDevice initialized.
[2015.07.25-12.04.57:750][490]LogWorld: Game class is 'DemoGameMode'
[2015.07.25-12.04.57:758][490]LogWorld: Bringing World /Game/StarterContent/Maps/UEDPIE_0_Minimal_Default.Minimal_Default up for play (max tick rate 0) at 2015.07.25-20.04.57
[2015.07.25-12.04.57:758][490]LogActor:Warning: GameSession /Game/StarterContent/Maps/UEDPIE_0_Minimal_Default.Minimal_Default:PersistentLevel.GameSession_12 has natively added scene component(s), but none of them were set as the actor's RootComponent - picking one arbitrarily
[2015.07.25-12.04.57:759][490]LogActor:Warning: GameNetworkManager /Game/StarterContent/Maps/UEDPIE_0_Minimal_Default.Minimal_Default:PersistentLevel.GameNetworkManager_12 has natively added scene component(s), but none of them were set as the actor's RootComponent - picking one arbitrarily
[2015.07.25-12.04.57:762][490]LogWorld: Bringing up level for play took: 0.008431
[2015.07.25-12.04.57:765][490]PIE: Info Play in editor start time for /Game/StarterContent/Maps/UEDPIE_0_Minimal_Default 0.593
[2015.07.25-12.05.04:197][238]LogParticles: Destroying 0 GPU particle simulations for FXSystem 0x000000001BFDB4C0
[2015.07.25-12.05.05:316][349]LogEditorViewport: Clicking on Actor (LMB): StaticMeshActor (Floor2)
[2015.07.25-12.05.06:957][486]Cmd: DELETE
[2015.07.25-12.05.06:958][486]Cmd: ACTOR DELETE
[2015.07.25-12.05.06:960][486]LogEditorActor: Deleted Actor: StaticMeshActor
[2015.07.25-12.05.07:015][486]LogEditorActor: Deleted 1 Actors (0.056 secs)
[2015.07.25-12.05.09:829][677]BlueprintLog: New page: Compile BP_BasicCharacterControl
[2015.07.25-12.05.09:981][677]BlueprintEditorCompileResults: Info [1468.44] Compile of BP_BasicCharacterControl successful! [in 151 ms]
[2015.07.25-12.05.14:606][ 70]LogActorComponent: UnregisterComponent: (/Engine/Transient.CharMoveComp) Not registered. Aborting.
[2015.07.25-12.05.14:657][ 70]LogD3D11RHI: InitD3DDevice
[2015.07.25-12.05.14:952][ 70]LogSavePackage: Save=159.303879ms
[2015.07.25-12.05.14:952][ 70]LogSavePackage: Moving 'D:/Users/SCW/Documents/Unreal Projects/Demo/Saved/Minimal_Default3EE8D17F4F74B29807BA159EC763ACA0.tmp' to 'D:/Users/SCW/Documents/Unreal Projects/Demo/Content/StarterContent/Maps/Minimal_Default.umap'
[2015.07.25-12.05.14:976][ 70]LogFileHelpers: Saving map 'Minimal_Default' took 0.314
[2015.07.25-12.07.22:593][558]LogD3D11RHI: InitD3DDevice
[2015.07.25-12.07.22:597][558]Recompiling Demo...
[2015.07.25-12.07.22:597][558]Launching UnrealBuildTool... [C:/Program Files/Epic Games/4.8/Engine/Binaries/DotNET/UnrealBuildTool.exe Demo -ModuleWithSuffix Demo 4536 Win64 Development -editorrecompile -canskiplink "D:/Users/SCW/Documents/Unreal Projects/Demo/Demo.uproject" -rocket  -rocket]
[2015.07.25-12.07.22:602][558]Warning: Starting HotReload took  0.0s.
[2015.07.25-12.09.11:336][921]CompilerResultsLog: New page: Compilation - Jul 26, 2015, 4:09:11 AM
[2015.07.25-12.09.11:338][921]CompilerResultsLog: Info Compiling game modules for hot reload
[2015.07.25-12.09.11:338][921]CompilerResultsLog: Info Parsing headers for DemoEditor
[2015.07.25-12.09.11:339][921]CompilerResultsLog: Info Reflection code generated for DemoEditor
[2015.07.25-12.09.11:340][921]CompilerResultsLog: Info Performing 2 actions (4 in parallel)
[2015.07.25-12.09.11:340][921]CompilerResultsLog: Info BasicCharacterControl.cpp
[2015.07.25-12.09.11:341][921]CompilerResultsLog: Info [2/2] Link UE4Editor-Demo-4536.dll
[2015.07.25-12.09.11:342][921]CompilerResultsLog: Info    Creating library D:\Users\SCW\Documents\Unreal Projects\Demo\Intermediate/Build/Win64\UE4Editor\Development\UE4Editor-Demo-4536.lib and object D:\Users\SCW\Documents\Unreal Projects\Demo\Intermediate/Build/Win64\UE4Editor\Development\UE4Editor-Demo-4536.exp
[2015.07.25-12.09.11:342][921]CompilerResultsLog: Info -------- End Detailed Actions Stats -----------------------------------------------------------
[2015.07.25-12.09.11:343][921]CompilerResultsLog: Info Total build time: 108.40 seconds
[2015.07.25-12.09.11:344][921]LogMainFrame: MainFrame: Module compiling took 108.759 seconds
[2015.07.25-12.09.11:345][921]LogActorComponent: UnregisterComponent: (/Engine/Transient.CharMoveComp) Not registered. Aborting.
[2015.07.25-12.09.11:439][921]LogContentBrowser: Native class hierarchy updated for 'Demo' in 0.0019 seconds. Added 3 classes and 2 folders.
[2015.07.25-12.09.11:444][921]Warning: HotReload successful (0 functions remapped  0 scriptstructs remapped)
[2015.07.25-12.09.12:102][921]LogContentBrowser: Native class hierarchy populated in 0.0119 seconds. Added 1796 classes and 305 folders.
[2015.07.25-12.09.35:163][991]LogEditorViewport: Clicking on Actor (LMB): BP_Sky_Sphere_C (BP_Sky_Sphere)
[2015.07.25-12.09.35:867][ 28]LogPlayLevel: PIE:  No blueprints needed recompiling
[2015.07.25-12.09.35:867][ 28]PIE: New page: PIE session: Minimal_Default (Jul 26, 2015, 4:09:35 AM)
[2015.07.25-12.09.35:868][ 28]LogPlayLevel: Creating play world package: /Game/StarterContent/Maps/UEDPIE_0_Minimal_Default
[2015.07.25-12.09.35:884][ 28]LogPlayLevel: PIE: StaticDuplicateObject took: (0.016264s)
[2015.07.25-12.09.35:886][ 28]LogAIModule: Creating AISystem for world Minimal_Default
[2015.07.25-12.09.35:887][ 28]LogPlayLevel: PIE: World Init took: (0.002006s)
[2015.07.25-12.09.35:888][ 28]LogPlayLevel: PIE: Created PIE world by copying editor world from /Game/StarterContent/Maps/Minimal_Default.Minimal_Default to /Game/StarterContent/Maps/UEDPIE_0_Minimal_Default.Minimal_Default (0.019776s)
[2015.07.25-12.09.35:968][ 28]LogInit: XAudio2 using '喇叭 (ASUS Xonar DS Audio Device)' : 2 channels at 44.1 kHz using 16 bits per sample (channel mask 0x3)
[2015.07.25-12.09.35:972][ 28]LogInit: FAudioDevice initialized.
[2015.07.25-12.09.36:011][ 28]LogWorld: Game class is 'DemoGameMode'
[2015.07.25-12.09.36:018][ 28]LogWorld: Bringing World /Game/StarterContent/Maps/UEDPIE_0_Minimal_Default.Minimal_Default up for play (max tick rate 0) at 2015.07.25-20.09.36
[2015.07.25-12.09.36:018][ 28]LogActor:Warning: GameSession /Game/StarterContent/Maps/UEDPIE_0_Minimal_Default.Minimal_Default:PersistentLevel.GameSession_13 has natively added scene component(s), but none of them were set as the actor's RootComponent - picking one arbitrarily
[2015.07.25-12.09.36:019][ 28]LogActor:Warning: GameNetworkManager /Game/StarterContent/Maps/UEDPIE_0_Minimal_Default.Minimal_Default:PersistentLevel.GameNetworkManager_13 has natively added scene component(s), but none of them were set as the actor's RootComponent - picking one arbitrarily
[2015.07.25-12.09.36:023][ 28]LogWorld: Bringing up level for play took: 0.008972
[2015.07.25-12.09.36:026][ 28]PIE: Info Play in editor start time for /Game/StarterContent/Maps/UEDPIE_0_Minimal_Default 0.862
[2015.07.25-12.09.38:067][236]LogParticles: Destroying 0 GPU particle simulations for FXSystem 0x000000005DF1DE40
[2015.07.25-12.09.57:686][481]LogD3D11RHI: InitD3DDevice
[2015.07.25-12.09.57:689][481]Recompiling Demo...
[2015.07.25-12.09.57:689][481]Launching UnrealBuildTool... [C:/Program Files/Epic Games/4.8/Engine/Binaries/DotNET/UnrealBuildTool.exe Demo -ModuleWithSuffix Demo 992 Win64 Development -editorrecompile -canskiplink "D:/Users/SCW/Documents/Unreal Projects/Demo/Demo.uproject" -rocket  -rocket]
[2015.07.25-12.09.57:694][481]Warning: Starting HotReload took  0.0s.
[2015.07.25-12.10.43:242][786]CompilerResultsLog: New page: Compilation - Jul 26, 2015, 4:10:43 AM
[2015.07.25-12.10.43:243][786]CompilerResultsLog: Info Compiling game modules for hot reload
[2015.07.25-12.10.43:244][786]CompilerResultsLog: Info Parsing headers for DemoEditor
[2015.07.25-12.10.43:244][786]CompilerResultsLog: Info Reflection code generated for DemoEditor
[2015.07.25-12.10.43:245][786]CompilerResultsLog: Info Performing 2 actions (4 in parallel)
[2015.07.25-12.10.43:245][786]CompilerResultsLog: Info BasicCharacterControl.cpp
[2015.07.25-12.10.43:246][786]CompilerResultsLog: Info [2/2] Link UE4Editor-Demo-992.dll
[2015.07.25-12.10.43:247][786]CompilerResultsLog: Info    Creating library D:\Users\SCW\Documents\Unreal Projects\Demo\Intermediate/Build/Win64\UE4Editor\Development\UE4Editor-Demo-992.lib and object D:\Users\SCW\Documents\Unreal Projects\Demo\Intermediate/Build/Win64\UE4Editor\Development\UE4Editor-Demo-992.exp
[2015.07.25-12.10.43:247][786]CompilerResultsLog: Info -------- End Detailed Actions Stats -----------------------------------------------------------
[2015.07.25-12.10.43:248][786]CompilerResultsLog: Info Total build time: 45.10 seconds
[2015.07.25-12.10.43:248][786]LogMainFrame: MainFrame: Module compiling took 45.569 seconds
[2015.07.25-12.10.43:249][786]LogActorComponent: UnregisterComponent: (/Engine/Transient.CharMoveComp) Not registered. Aborting.
[2015.07.25-12.10.43:405][786]LogContentBrowser: Native class hierarchy updated for 'Demo' in 0.0020 seconds. Added 3 classes and 2 folders.
[2015.07.25-12.10.43:410][786]Warning: HotReload successful (0 functions remapped  0 scriptstructs remapped)
[2015.07.25-12.10.44:041][786]LogContentBrowser: Native class hierarchy populated in 0.0117 seconds. Added 1796 classes and 305 folders.
[2015.07.25-12.11.32:751][ 79]LogPlayLevel: PIE:  No blueprints needed recompiling
[2015.07.25-12.11.32:751][ 79]PIE: New page: PIE session: Minimal_Default (Jul 26, 2015, 4:11:32 AM)
[2015.07.25-12.11.32:752][ 79]LogPlayLevel: Creating play world package: /Game/StarterContent/Maps/UEDPIE_0_Minimal_Default
[2015.07.25-12.11.32:760][ 79]LogPlayLevel: PIE: StaticDuplicateObject took: (0.007666s)
[2015.07.25-12.11.32:762][ 79]LogAIModule: Creating AISystem for world Minimal_Default
[2015.07.25-12.11.32:763][ 79]LogPlayLevel: PIE: World Init took: (0.002179s)
[2015.07.25-12.11.32:764][ 79]LogPlayLevel: PIE: Created PIE world by copying editor world from /Game/StarterContent/Maps/Minimal_Default.Minimal_Default to /Game/StarterContent/Maps/UEDPIE_0_Minimal_Default.Minimal_Default (0.011371s)
[2015.07.25-12.11.32:764][ 79]LogActorComponent: UnregisterComponent: (/Engine/Transient.CharMoveComp) Not registered. Aborting.
[2015.07.25-12.11.32:846][ 79]LogInit: XAudio2 using '喇叭 (ASUS Xonar DS Audio Device)' : 2 channels at 44.1 kHz using 16 bits per sample (channel mask 0x3)
[2015.07.25-12.11.32:850][ 79]LogInit: FAudioDevice initialized.
[2015.07.25-12.11.32:889][ 79]LogWorld: Game class is 'DemoGameMode'
[2015.07.25-12.11.32:897][ 79]LogWorld: Bringing World /Game/StarterContent/Maps/UEDPIE_0_Minimal_Default.Minimal_Default up for play (max tick rate 0) at 2015.07.25-20.11.32
[2015.07.25-12.11.32:897][ 79]LogActor:Warning: GameSession /Game/StarterContent/Maps/UEDPIE_0_Minimal_Default.Minimal_Default:PersistentLevel.GameSession_14 has natively added scene component(s), but none of them were set as the actor's RootComponent - picking one arbitrarily
[2015.07.25-12.11.32:898][ 79]LogActor:Warning: GameNetworkManager /Game/StarterContent/Maps/UEDPIE_0_Minimal_Default.Minimal_Default:PersistentLevel.GameNetworkManager_14 has natively added scene component(s), but none of them were set as the actor's RootComponent - picking one arbitrarily
[2015.07.25-12.11.32:901][ 79]LogWorld: Bringing up level for play took: 0.009334
[2015.07.25-12.11.32:905][ 79]PIE: Info Play in editor start time for /Game/StarterContent/Maps/UEDPIE_0_Minimal_Default -0.256
[2015.07.25-12.11.35:809][336]LogParticles: Destroying 0 GPU particle simulations for FXSystem 0x0000000049D122A0
[2015.07.25-12.11.59:307][851]LogActorComponent: UnregisterComponent: (/Engine/Transient.CharMoveComp) Not registered. Aborting.
[2015.07.25-12.11.59:360][851]LogD3D11RHI: InitD3DDevice
[2015.07.25-12.11.59:390][851]Cmd: OBJ SAVEPACKAGE PACKAGE="/Game/Blueprints/BP_BasicCharacter" FILE="D:/Users/SCW/Documents/Unreal Projects/Demo/Content/Blueprints/BP_BasicCharacter.uasset" SILENT=true
[2015.07.25-12.11.59:507][851]LogSavePackage: Save=57.468346ms
[2015.07.25-12.11.59:508][851]LogSavePackage: Moving 'D:/Users/SCW/Documents/Unreal Projects/Demo/Saved/BP_BasicCharacterAAE5CB4A4F88293606C4CC90EAEF8C85.tmp' to 'D:/Users/SCW/Documents/Unreal Projects/Demo/Content/Blueprints/BP_BasicCharacter.uasset'
[2015.07.25-12.12.01:643][  4]LogPlayLevel: PIE:  No blueprints needed recompiling
[2015.07.25-12.12.01:644][  4]PIE: New page: PIE session: Minimal_Default (Jul 26, 2015, 4:12:01 AM)
[2015.07.25-12.12.01:644][  4]LogPlayLevel: Creating play world package: /Game/StarterContent/Maps/UEDPIE_0_Minimal_Default
[2015.07.25-12.12.01:653][  4]LogPlayLevel: PIE: StaticDuplicateObject took: (0.007890s)
[2015.07.25-12.12.01:654][  4]LogAIModule: Creating AISystem for world Minimal_Default
[2015.07.25-12.12.01:656][  4]LogPlayLevel: PIE: World Init took: (0.002022s)
[2015.07.25-12.12.01:656][  4]LogPlayLevel: PIE: Created PIE world by copying editor world from /Game/StarterContent/Maps/Minimal_Default.Minimal_Default to /Game/StarterContent/Maps/UEDPIE_0_Minimal_Default.Minimal_Default (0.011537s)
[2015.07.25-12.12.01:657][  4]LogActorComponent: UnregisterComponent: (/Engine/Transient.CharacterMovementComponent_1) Not registered. Aborting.
[2015.07.25-12.12.01:702][  4]LogInit: XAudio2 using '喇叭 (ASUS Xonar DS Audio Device)' : 2 channels at 44.1 kHz using 16 bits per sample (channel mask 0x3)
[2015.07.25-12.12.01:705][  4]LogInit: FAudioDevice initialized.
[2015.07.25-12.12.01:745][  4]LogWorld: Game class is 'DemoGameMode'
[2015.07.25-12.12.01:751][  4]LogWorld: Bringing World /Game/StarterContent/Maps/UEDPIE_0_Minimal_Default.Minimal_Default up for play (max tick rate 0) at 2015.07.25-20.12.01
[2015.07.25-12.12.01:752][  4]LogActor:Warning: GameSession /Game/StarterContent/Maps/UEDPIE_0_Minimal_Default.Minimal_Default:PersistentLevel.GameSession_15 has natively added scene component(s), but none of them were set as the actor's RootComponent - picking one arbitrarily
[2015.07.25-12.12.01:753][  4]LogActor:Warning: GameNetworkManager /Game/StarterContent/Maps/UEDPIE_0_Minimal_Default.Minimal_Default:PersistentLevel.GameNetworkManager_15 has natively added scene component(s), but none of them were set as the actor's RootComponent - picking one arbitrarily
[2015.07.25-12.12.01:756][  4]LogWorld: Bringing up level for play took: 0.009472
[2015.07.25-12.12.01:760][  4]PIE: Info Play in editor start time for /Game/StarterContent/Maps/UEDPIE_0_Minimal_Default 0.6
[2015.07.25-12.12.07:761][706]LogParticles: Destroying 0 GPU particle simulations for FXSystem 0x000000005B8BE8E0
[2015.07.25-12.12.21:673][136]BlueprintLog: New page: Compile BP_BasicCharacter
[2015.07.25-12.12.21:806][136]LogActorComponent: UnregisterComponent: (/Engine/Transient.CharacterMovementComponent_2) Not registered. Aborting.
[2015.07.25-12.12.21:869][136]BlueprintEditorCompileResults: Info [1900.34] Compile of BP_BasicCharacter successful! [in 194 ms]
[2015.07.25-12.12.23:272][210]LogPlayLevel: PIE:  No blueprints needed recompiling
[2015.07.25-12.12.23:272][210]PIE: New page: PIE session: Minimal_Default (Jul 26, 2015, 4:12:23 AM)
[2015.07.25-12.12.23:273][210]LogPlayLevel: Creating play world package: /Game/StarterContent/Maps/UEDPIE_0_Minimal_Default
[2015.07.25-12.12.23:282][210]LogPlayLevel: PIE: StaticDuplicateObject took: (0.007872s)
[2015.07.25-12.12.23:283][210]LogAIModule: Creating AISystem for world Minimal_Default
[2015.07.25-12.12.23:285][210]LogPlayLevel: PIE: World Init took: (0.002142s)
[2015.07.25-12.12.23:285][210]LogPlayLevel: PIE: Created PIE world by copying editor world from /Game/StarterContent/Maps/Minimal_Default.Minimal_Default to /Game/StarterContent/Maps/UEDPIE_0_Minimal_Default.Minimal_Default (0.011861s)
[2015.07.25-12.12.23:286][210]LogActorComponent: UnregisterComponent: (/Engine/Transient.CharacterMovementComponent_3) Not registered. Aborting.
[2015.07.25-12.12.23:335][210]LogInit: XAudio2 using '喇叭 (ASUS Xonar DS Audio Device)' : 2 channels at 44.1 kHz using 16 bits per sample (channel mask 0x3)
[2015.07.25-12.12.23:339][210]LogInit: FAudioDevice initialized.
[2015.07.25-12.12.23:380][210]LogWorld: Game class is 'DemoGameMode'
[2015.07.25-12.12.23:387][210]LogWorld: Bringing World /Game/StarterContent/Maps/UEDPIE_0_Minimal_Default.Minimal_Default up for play (max tick rate 0) at 2015.07.25-20.12.23
[2015.07.25-12.12.23:388][210]LogActor:Warning: GameSession /Game/StarterContent/Maps/UEDPIE_0_Minimal_Default.Minimal_Default:PersistentLevel.GameSession_16 has natively added scene component(s), but none of them were set as the actor's RootComponent - picking one arbitrarily
[2015.07.25-12.12.23:389][210]LogActor:Warning: GameNetworkManager /Game/StarterContent/Maps/UEDPIE_0_Minimal_Default.Minimal_Default:PersistentLevel.GameNetworkManager_16 has natively added scene component(s), but none of them were set as the actor's RootComponent - picking one arbitrarily
[2015.07.25-12.12.23:392][210]LogWorld: Bringing up level for play took: 0.009361
[2015.07.25-12.12.23:396][210]PIE: Info Play in editor start time for /Game/StarterContent/Maps/UEDPIE_0_Minimal_Default 0.237
[2015.07.25-12.12.26:122][517]LogParticles: Destroying 0 GPU particle simulations for FXSystem 0x000000004198E660
[2015.07.25-12.12.32:046][107]BlueprintLog: New page: Compile BP_BasicCharacter
[2015.07.25-12.12.32:175][107]LogActorComponent: UnregisterComponent: (/Engine/Transient.CharacterMovementComponent_4) Not registered. Aborting.
[2015.07.25-12.12.32:238][107]BlueprintEditorCompileResults: Info [1910.71] Compile of BP_BasicCharacter successful! [in 191 ms]
[2015.07.25-12.12.33:702][213]LogPlayLevel: PIE:  No blueprints needed recompiling
[2015.07.25-12.12.33:703][213]PIE: New page: PIE session: Minimal_Default (Jul 26, 2015, 4:12:33 AM)
[2015.07.25-12.12.33:703][213]LogPlayLevel: Creating play world package: /Game/StarterContent/Maps/UEDPIE_0_Minimal_Default
[2015.07.25-12.12.33:711][213]LogPlayLevel: PIE: StaticDuplicateObject took: (0.008366s)
[2015.07.25-12.12.33:713][213]LogAIModule: Creating AISystem for world Minimal_Default
[2015.07.25-12.12.33:714][213]LogPlayLevel: PIE: World Init took: (0.002027s)
[2015.07.25-12.12.33:715][213]LogPlayLevel: PIE: Created PIE world by copying editor world from /Game/StarterContent/Maps/Minimal_Default.Minimal_Default to /Game/StarterContent/Maps/UEDPIE_0_Minimal_Default.Minimal_Default (0.011915s)
[2015.07.25-12.12.33:715][213]LogActorComponent: UnregisterComponent: (/Engine/Transient.CharacterMovementComponent_5) Not registered. Aborting.
[2015.07.25-12.12.33:763][213]LogInit: XAudio2 using '喇叭 (ASUS Xonar DS Audio Device)' : 2 channels at 44.1 kHz using 16 bits per sample (channel mask 0x3)
[2015.07.25-12.12.33:767][213]LogInit: FAudioDevice initialized.
[2015.07.25-12.12.33:804][213]LogWorld: Game class is 'DemoGameMode'
[2015.07.25-12.12.33:811][213]LogWorld: Bringing World /Game/StarterContent/Maps/UEDPIE_0_Minimal_Default.Minimal_Default up for play (max tick rate 0) at 2015.07.25-20.12.33
[2015.07.25-12.12.33:812][213]LogActor:Warning: GameSession /Game/StarterContent/Maps/UEDPIE_0_Minimal_Default.Minimal_Default:PersistentLevel.GameSession_17 has natively added scene component(s), but none of them were set as the actor's RootComponent - picking one arbitrarily
[2015.07.25-12.12.33:813][213]LogActor:Warning: GameNetworkManager /Game/StarterContent/Maps/UEDPIE_0_Minimal_Default.Minimal_Default:PersistentLevel.GameNetworkManager_17 has natively added scene component(s), but none of them were set as the actor's RootComponent - picking one arbitrarily
[2015.07.25-12.12.33:816][213]LogWorld: Bringing up level for play took: 0.009164
[2015.07.25-12.12.33:820][213]PIE: Info Play in editor start time for /Game/StarterContent/Maps/UEDPIE_0_Minimal_Default 0.661
[2015.07.25-12.12.52:903][487]LogParticles: Destroying 0 GPU particle simulations for FXSystem 0x000000000E32A200
[2015.07.25-12.12.55:108][639]LogD3D11RHI: InitD3DDevice
[2015.07.25-12.12.55:139][639]Cmd: OBJ SAVEPACKAGE PACKAGE="/Game/Blueprints/BP_BasicCharacter" FILE="D:/Users/SCW/Documents/Unreal Projects/Demo/Content/Blueprints/BP_BasicCharacter.uasset" SILENT=true
[2015.07.25-12.12.55:176][639]LogSavePackage: Save=33.294010ms
[2015.07.25-12.12.55:176][639]LogSavePackage: Moving 'D:/Users/SCW/Documents/Unreal Projects/Demo/Saved/BP_BasicCharacterAE640FDD4A0EE90EB674BF90D0F72FD5.tmp' to 'D:/Users/SCW/Documents/Unreal Projects/Demo/Content/Blueprints/BP_BasicCharacter.uasset'
[2015.07.25-12.13.24:188][318]LogD3D11RHI: InitD3DDevice
[2015.07.25-12.13.24:527][344]LogD3D11RHI: InitD3DDevice
[2015.07.25-12.13.26:442][453]LogD3D11RHI: InitD3DDevice
[2015.07.25-12.13.27:374][496]LogD3D11RHI: InitD3DDevice
[2015.07.25-12.13.27:464][496]LogD3D11RHI: InitD3DDevice
[2015.07.25-12.13.52:185][469]LogD3D11RHI: InitD3DDevice
[2015.07.25-12.13.52:573][469]Running C:/Program Files/Epic Games/4.8/Engine/Binaries/DotNET/UnrealBuildTool.exe Demo Win64 Development -editorrecompile "D:/Users/SCW/Documents/Unreal Projects/Demo/Demo.uproject" -invalidatemakefilesonly -rocket
[2015.07.25-12.13.53:080][469]Invalidating makefiles only in this run.
[2015.07.25-12.13.53:203][469]LogD3D11RHI: InitD3DDevice
[2015.07.25-12.13.53:205][469]Recompiling Demo...
[2015.07.25-12.13.53:206][469]Launching UnrealBuildTool... [C:/Program Files/Epic Games/4.8/Engine/Binaries/DotNET/UnrealBuildTool.exe Demo -ModuleWithSuffix Demo 2517 Win64 Development -editorrecompile -canskiplink "D:/Users/SCW/Documents/Unreal Projects/Demo/Demo.uproject" -rocket  -rocket]
[2015.07.25-12.14.31:984][469]CompilerResultsLog: New page: Compilation - Jul 26, 2015, 4:14:31 AM
[2015.07.25-12.14.31:985][469]CompilerResultsLog: Info Compiling game modules for hot reload
[2015.07.25-12.14.31:985][469]CompilerResultsLog: Info Parsing headers for DemoEditor
[2015.07.25-12.14.31:985][469]CompilerResultsLog: Info Reflection code generated for DemoEditor
[2015.07.25-12.14.31:986][469]CompilerResultsLog: Info Performing 4 actions (4 in parallel)
[2015.07.25-12.14.31:986][469]CompilerResultsLog: Info PlayerCharacterControl.cpp
[2015.07.25-12.14.31:986][469]CompilerResultsLog: Info Demo.generated.cpp
[2015.07.25-12.14.31:987][469]CompilerResultsLog: Info BasicCharacterControl.cpp
[2015.07.25-12.14.31:987][469]CompilerResultsLog: Info [4/4] Link UE4Editor-Demo-2517.dll
[2015.07.25-12.14.31:988][469]CompilerResultsLog: Info    Creating library D:\Users\SCW\Documents\Unreal Projects\Demo\Intermediate/Build/Win64\UE4Editor\Development\UE4Editor-Demo-2517.lib and object D:\Users\SCW\Documents\Unreal Projects\Demo\Intermediate/Build/Win64\UE4Editor\Development\UE4Editor-Demo-2517.exp
[2015.07.25-12.14.31:988][469]CompilerResultsLog: Info -------- End Detailed Actions Stats -----------------------------------------------------------
[2015.07.25-12.14.31:988][469]CompilerResultsLog: Info Total build time: 38.60 seconds
[2015.07.25-12.14.31:989][469]LogMainFrame: MainFrame: Module compiling took 38.793 seconds
[2015.07.25-12.14.31:989][469]LogActorComponent: UnregisterComponent: (/Engine/Transient.CharacterMovementComponent_6) Not registered. Aborting.
[2015.07.25-12.14.32:061][469]LogClass: Could not find existing class PlayerCharacterControl in package /Script/Demo for HotReload, assuming new class
[2015.07.25-12.14.32:072][469]LogContentBrowser: Native class hierarchy updated for 'Demo' in 0.0019 seconds. Added 4 classes and 2 folders.
[2015.07.25-12.14.32:077][469]Warning: HotReload successful (0 functions remapped  0 scriptstructs remapped)
[2015.07.25-12.14.32:704][469]LogContentBrowser: Native class hierarchy populated in 0.0120 seconds. Added 1797 classes and 305 folders.
[2015.07.25-12.14.32:706][469]Warning: HotReload operation took 39.5s.
[2015.07.25-12.14.32:712][469]LogD3D11RHI: InitD3DDevice
[2015.07.25-12.14.32:846][469]LogVSAccessor:Warning: Couldn't goto line number '0' in 'D:/Users/SCW/Documents/Unreal Projects/Demo/Source/Demo/PlayerCharacterControl.h'
[2015.07.25-12.14.32:969][469]LogVSAccessor:Warning: Couldn't goto line number '0' in 'D:/Users/SCW/Documents/Unreal Projects/Demo/Source/Demo/PlayerCharacterControl.cpp'
[2015.07.25-12.14.32:994][469]LogHotReload: New module detected: UE4Editor-Demo-2517.dll
[2015.07.25-12.14.33:031][470]LogHotReload: Starting Hot-Reload from IDE
[2015.07.25-12.14.33:037][470]LogD3D11RHI: InitD3DDevice
[2015.07.25-12.14.33:142][470]LogContentBrowser: Native class hierarchy updated for 'Demo' in 0.0019 seconds. Added 4 classes and 2 folders.
[2015.07.25-12.14.33:148][470]Warning: HotReload successful (0 functions remapped  0 scriptstructs remapped)
[2015.07.25-12.14.33:799][470]LogContentBrowser: Native class hierarchy populated in 0.0116 seconds. Added 1797 classes and 305 folders.
[2015.07.25-12.14.33:805][470]LogD3D11RHI: InitD3DDevice
[2015.07.25-12.15.08:209][665]LogD3D11RHI: InitD3DDevice
[2015.07.25-12.15.08:609][685]LogD3D11RHI: InitD3DDevice
[2015.07.25-12.15.09:116][708]LogD3D11RHI: InitD3DDevice
[2015.07.25-12.15.14:458][936]LogD3D11RHI: InitD3DDevice
[2015.07.25-12.15.14:835][959]LogD3D11RHI: InitD3DDevice
[2015.07.25-12.15.15:033][964]LogD3D11RHI: InitD3DDevice
[2015.07.25-12.15.15:590][ 11]LogD3D11RHI: InitD3DDevice
[2015.07.25-12.15.16:701][ 75]LogD3D11RHI: InitD3DDevice
[2015.07.25-12.15.58:102][ 63]LogD3D11RHI: InitD3DDevice
[2015.07.25-12.16.02:003][312]LogD3D11RHI: InitD3DDevice
[2015.07.25-12.16.12:180][960]LogD3D11RHI: InitD3DDevice
[2015.07.25-12.16.17:002][225]LogD3D11RHI: InitD3DDevice
[2015.07.25-12.16.39:581][863]LogD3D11RHI: InitD3DDevice
[2015.07.25-12.16.39:755][877]LogD3D11RHI: InitD3DDevice
[2015.07.25-12.16.40:805][936]LogD3D11RHI: InitD3DDevice
[2015.07.25-12.16.40:819][936]LogD3D11RHI: InitD3DDevice
[2015.07.25-12.16.48:527][514]LogD3D11RHI: InitD3DDevice
[2015.07.25-12.16.48:907][514]LogActor:Warning: GameNetworkManager /Engine/Transient.World_9:PersistentLevel.GameNetworkManager_18 has natively added scene component(s), but none of them were set as the actor's RootComponent - picking one arbitrarily
[2015.07.25-12.16.49:650][597]LogActorComponent: UnregisterComponent: (/Engine/Transient.CharacterMovementComponent_7) Not registered. Aborting.
[2015.07.25-12.16.49:704][597]LogD3D11RHI: InitD3DDevice
[2015.07.25-12.16.49:713][597]Cmd: OBJ SAVEPACKAGE PACKAGE="/Game/Blueprints/BP_GameMode" FILE="D:/Users/SCW/Documents/Unreal Projects/Demo/Content/Blueprints/BP_GameMode.uasset" SILENT=true
[2015.07.25-12.16.49:730][597]LogSavePackage: Save=14.396377ms
[2015.07.25-12.16.49:730][597]LogSavePackage: Moving 'D:/Users/SCW/Documents/Unreal Projects/Demo/Saved/BP_GameMode51D0683A4132089BC78F37BEEBA1A379.tmp' to 'D:/Users/SCW/Documents/Unreal Projects/Demo/Content/Blueprints/BP_GameMode.uasset'
[2015.07.25-12.16.52:335][878]LogD3D11RHI: InitD3DDevice
[2015.07.25-12.17.02:777][751]LogD3D11RHI: InitD3DDevice
[2015.07.25-12.17.02:790][751]Cmd: OBJ SAVEPACKAGE PACKAGE="/Game/Blueprints/BP_GameMode" FILE="D:/Users/SCW/Documents/Unreal Projects/Demo/Content/Blueprints/BP_GameMode.uasset" SILENT=true
[2015.07.25-12.17.02:806][751]LogSavePackage: Save=12.640966ms
[2015.07.25-12.17.02:806][751]LogSavePackage: Moving 'D:/Users/SCW/Documents/Unreal Projects/Demo/Saved/BP_GameModeFD1440294145CFC7BE1325A7A66C0F82.tmp' to 'D:/Users/SCW/Documents/Unreal Projects/Demo/Content/Blueprints/BP_GameMode.uasset'
[2015.07.25-12.17.04:427][848]LogPlayLevel: PIE:  No blueprints needed recompiling
[2015.07.25-12.17.04:427][848]PIE: New page: PIE session: Minimal_Default (Jul 26, 2015, 4:17:04 AM)
[2015.07.25-12.17.04:428][848]LogPlayLevel: Creating play world package: /Game/StarterContent/Maps/UEDPIE_0_Minimal_Default
[2015.07.25-12.17.04:436][848]LogPlayLevel: PIE: StaticDuplicateObject took: (0.007535s)
[2015.07.25-12.17.04:438][848]LogAIModule: Creating AISystem for world Minimal_Default
[2015.07.25-12.17.04:439][848]LogPlayLevel: PIE: World Init took: (0.002035s)
[2015.07.25-12.17.04:440][848]LogPlayLevel: PIE: Created PIE world by copying editor world from /Game/StarterContent/Maps/Minimal_Default.Minimal_Default to /Game/StarterContent/Maps/UEDPIE_0_Minimal_Default.Minimal_Default (0.011237s)
[2015.07.25-12.17.04:487][848]LogInit: XAudio2 using '喇叭 (ASUS Xonar DS Audio Device)' : 2 channels at 44.1 kHz using 16 bits per sample (channel mask 0x3)
[2015.07.25-12.17.04:491][848]LogInit: FAudioDevice initialized.
[2015.07.25-12.17.04:529][848]LogWorld: Game class is 'DemoGameMode'
[2015.07.25-12.17.04:537][848]LogWorld: Bringing World /Game/StarterContent/Maps/UEDPIE_0_Minimal_Default.Minimal_Default up for play (max tick rate 0) at 2015.07.25-20.17.04
[2015.07.25-12.17.04:537][848]LogActor:Warning: GameSession /Game/Star