[2015.07.25-06.33.13:629][  0]Log file open, 07/25/15 14:33:13
[2015.07.25-06.33.13:629][  0]LogInit:Display: Running engine for game: Demo
[2015.07.25-06.33.13:629][  0]LogInit:Display: RandInit(-252775491) SRandInit(-252775491).
[2015.07.25-06.33.13:629][  0]LogTaskGraph: Started task graph with 4 named threads and 7 total threads.
[2015.07.25-06.33.13:630][  0]LogStats: Stats thread started
[2015.07.25-06.33.13:631][  0]LogInit: Version: 4.8.2-2614606+++depot+UE4-Releases+4.8
[2015.07.25-06.33.13:631][  0]LogInit: API Version: 2579680
[2015.07.25-06.33.13:632][  0]LogInit: Compiled (64-bit): Jul  8 2015 23:43:41
[2015.07.25-06.33.13:632][  0]LogInit: Compiled with Visual C++: 18.00.21005.01
[2015.07.25-06.33.13:632][  0]LogInit: Build Configuration: Development
[2015.07.25-06.33.13:633][  0]LogInit: Branch Name: ++depot+UE4-Releases+4.8
[2015.07.25-06.33.13:633][  0]LogInit: Command line: 
[2015.07.25-06.33.13:633][  0]LogInit: Base directory: C:/Program Files/Epic Games/4.8/Engine/Binaries/Win64/
[2015.07.25-06.33.13:633][  0]LogInit: Rocket: 1
[2015.07.25-06.33.13:665][  0]LogInit: Using libcurl 7.41.0
[2015.07.25-06.33.13:665][  0]LogInit:  - built for x86_64-pc-win32
[2015.07.25-06.33.13:665][  0]LogInit:  - supports SSL with WinSSL
[2015.07.25-06.33.13:665][  0]LogInit:  - other features:
[2015.07.25-06.33.13:666][  0]LogInit:      CURL_VERSION_SSL
[2015.07.25-06.33.13:666][  0]LogInit:      CURL_VERSION_IPV6
[2015.07.25-06.33.13:666][  0]LogInit:      CURL_VERSION_ASYNCHDNS
[2015.07.25-06.33.13:666][  0]LogInit:      CURL_VERSION_LARGEFILE
[2015.07.25-06.33.13:666][  0]LogInit:      CURL_VERSION_IDN
[2015.07.25-06.33.13:667][  0]LogInit:  CurlRequestOptions (configurable via config and command line):
[2015.07.25-06.33.13:668][  0]LogInit:  - bVerifyPeer = true  - Libcurl will verify peer certificate
[2015.07.25-06.33.13:668][  0]LogInit:  - bUseHttpProxy = false  - Libcurl will NOT use HTTP proxy
[2015.07.25-06.33.13:669][  0]LogInit:  - bDontReuseConnections = false  - Libcurl will reuse connections
[2015.07.25-06.33.13:669][  0]LogInit:  - CertBundlePath = nullptr  - Libcurl will use whatever was configured at build time.
[2015.07.25-06.33.13:695][  0]LogOnline:Warning: No default platform service specified for OnlineSubsystem
[2015.07.25-06.33.13:798][  0]LogInit: Presizing for 0 objects not considered by GC, pre-allocating 0 bytes.
[2015.07.25-06.33.13:816][  0]LogInit: Object subsystem initialized
[2015.07.25-06.33.13:825][  0]LogConsoleResponse:Warning: Skipping Unknown console variable: 'TranslucentSortAxis = (X=0.000000,Y=-1.000000,Z=0.000000)'
[2015.07.25-06.33.13:826][  0]LogConsoleResponse:Warning:   Found in ini file 'D:/Users/SCW/Documents/Unreal Projects/Demo/Saved/Config/Windows/Engine.ini', in section '[/Script/Engine.RendererSettings]'
[2015.07.25-06.33.13:826][  0]LogConsoleResponse:Warning: Skipping Unknown console variable: 'UIScaleRule = ShortestSide'
[2015.07.25-06.33.13:826][  0]LogConsoleResponse:Warning:   Found in ini file 'D:/Users/SCW/Documents/Unreal Projects/Demo/Saved/Config/Windows/Engine.ini', in section '[/Script/Engine.RendererSettings]'
[2015.07.25-06.33.13:827][  0]LogConsoleResponse:Warning: Skipping Unknown console variable: 'UIScaleCurve = (EditorCurveData=(Keys=),ExternalCurve=None)'
[2015.07.25-06.33.13:827][  0]LogConsoleResponse:Warning:   Found in ini file 'D:/Users/SCW/Documents/Unreal Projects/Demo/Saved/Config/Windows/Engine.ini', in section '[/Script/Engine.RendererSettings]'
[2015.07.25-06.33.13:834][  0]LogInit: Selected Device Profile: [Windows]
[2015.07.25-06.33.13:834][  0]LogInit: Applying CVar settings loaded from the selected device profile: [Windows]
[2015.07.25-06.33.13:848][  0]LogInit: Computer: SCW-PC
[2015.07.25-06.33.13:849][  0]LogInit: User: SCW
[2015.07.25-06.33.13:849][  0]LogInit: CPU Page size=4096, Cores=4
[2015.07.25-06.33.13:850][  0]LogInit: High frequency timer resolution =2.483750 MHz
[2015.07.25-06.33.13:850][  0]LogMemory: Memory total: Physical=8.0GB (8GB approx)
[2015.07.25-06.33.13:850][  0]LogMemory: Platform Memory Stats for Windows
[2015.07.25-06.33.13:851][  0]LogMemory: Process Physical Memory: 50.15 MB used, 50.15 MB peak
[2015.07.25-06.33.13:851][  0]LogMemory: Process Virtual Memory: 23.61 MB used, 23.61 MB peak
[2015.07.25-06.33.13:851][  0]LogMemory: Physical Memory: 6170.48 MB used, 8183.05 MB total
[2015.07.25-06.33.13:851][  0]LogMemory: Virtual Memory: 291.64 MB used, 8388608.00 MB total
[2015.07.25-06.33.14:080][  0]LogTextLocalizationManager: The requested culture ('zh_TW') has no localization data; falling back to 'en' for localization and internationalization data.
[2015.07.25-06.33.14:415][  0]LogTextLocalizationManager:Warning: Loaded localization resources contain conflicting entries for (Namespace:ContentBrowser, Key:ImportAssetToolTip):
Localization Resource: (C:/Program Files/Epic Games/4.8/Engine/Content/Localization/Editor/en/Editor.locres) Source String Hash: (-630476809) Localized String: (Import to {0}...)
Localization Resource: (C:/Program Files/Epic Games/4.8/Engine/Content/Localization/Editor/en/Editor.locres) Source String Hash: (1271782899) Localized String: (Imports an asset from file to this folder.)
[2015.07.25-06.33.15:161][  0]LogD3D11RHI: Found D3D11 adapter 0: NVIDIA GeForce GTX 560 Ti   (Feature Level 11_0)
[2015.07.25-06.33.15:161][  0]LogD3D11RHI: Adapter has 979MB of dedicated video memory, 0MB of dedicated system memory, and 3071MB of shared system memory, 2 output[s]
[2015.07.25-06.33.15:162][  0]LogD3D11RHI: Chosen D3D11 Adapter Id = 0
[2015.07.25-06.33.15:167][  0]LogD3D11RHI: InitD3DDevice
[2015.07.25-06.33.15:168][  0]LogD3D11RHI: !Direct3DDevice
[2015.07.25-06.33.15:169][  0]LogRHI: Texture pool is 685 MB (70% of 979 MB)
[2015.07.25-06.33.15:219][  0]LogD3D11RHI: Async texture creation enabled
[2015.07.25-06.33.15:256][  0]LogShaderCompilers:Display: Using Local Shader Compiler.
[2015.07.25-06.33.16:669][  0]LogTemp:Display: Loaded TP DesktopTargetPlatform
[2015.07.25-06.33.16:719][  0]LogTemp:Display: Loaded TP WindowsClientTargetPlatform
[2015.07.25-06.33.16:768][  0]LogTemp:Display: Loaded TP WindowsNoEditorTargetPlatform
[2015.07.25-06.33.16:816][  0]LogTemp:Display: Loaded TP WindowsServerTargetPlatform
[2015.07.25-06.33.16:869][  0]LogTemp:Display: Loaded TP WindowsTargetPlatform
[2015.07.25-06.33.16:902][  0]LogTemp:Display: Loaded TP AndroidTargetPlatform
[2015.07.25-06.33.16:937][  0]LogTemp:Display: Loaded TP Android_ASTCTargetPlatform
[2015.07.25-06.33.16:972][  0]LogTemp:Display: Loaded TP Android_ATCTargetPlatform
[2015.07.25-06.33.17:009][  0]LogTemp:Display: Loaded TP Android_DXTTargetPlatform
[2015.07.25-06.33.17:044][  0]LogTemp:Display: Loaded TP Android_ETC1TargetPlatform
[2015.07.25-06.33.17:081][  0]LogTemp:Display: Loaded TP Android_ETC2TargetPlatform
[2015.07.25-06.33.17:117][  0]LogTemp:Display: Loaded TP Android_PVRTCTargetPlatform
[2015.07.25-06.33.17:260][  0]LogTemp:Display: Loaded TP IOSTargetPlatform
[2015.07.25-06.33.17:291][  0]LogTemp:Display: Loaded TP LinuxNoEditorTargetPlatform
[2015.07.25-06.33.17:322][  0]LogTemp:Display: Loaded TP LinuxServerTargetPlatform
[2015.07.25-06.33.17:356][  0]LogTemp:Display: Loaded TP LinuxTargetPlatform
[2015.07.25-06.33.17:357][  0]LogTargetPlatformManager:Display: Building Assets For Windows
[2015.07.25-06.33.18:107][  0]LogDerivedDataCache:Display: Max Cache Size: 512 MB
[2015.07.25-06.33.18:370][  0]LogDerivedDataCache: Loaded boot cache 0.26s 53MB C:/Users/SCW/AppData/Local/UnrealEngine/4.8/DerivedDataCache/Boot.ddc.
[2015.07.25-06.33.18:370][  0]LogDerivedDataCache:Display: Loaded Boot cache: C:/Users/SCW/AppData/Local/UnrealEngine/4.8/DerivedDataCache/Boot.ddc
[2015.07.25-06.33.18:371][  0]LogDerivedDataCache: FDerivedDataBackendGraph:  Pak pak cache file D:/Users/SCW/Documents/Unreal Projects/Demo/DerivedDataCache/DDC.ddp not found, will not use a pak cache.
[2015.07.25-06.33.18:371][  0]LogDerivedDataCache: Unable to find inner node Pak for hierarchical cache Hierarchy.
[2015.07.25-06.33.18:371][  0]LogDerivedDataCache: FDerivedDataBackendGraph:  CompressedPak pak cache file D:/Users/SCW/Documents/Unreal Projects/Demo/DerivedDataCache/Compressed.ddp not found, will not use a pak cache.
[2015.07.25-06.33.18:372][  0]LogDerivedDataCache: Unable to find inner node CompressedPak for hierarchical cache Hierarchy.
[2015.07.25-06.33.18:612][  0]LogDerivedDataCache:Display: Pak cache opened for reading ../../../Engine/DerivedDataCache/Compressed.ddp.
[2015.07.25-06.33.18:625][  0]LogDerivedDataCache: Using Local data cache path C:/Users/SCW/AppData/Local/UnrealEngine/Common/DerivedDataCache: Writable
[2015.07.25-06.33.19:407][  0]LogInit: Selected Device Profile: [Windows]
[2015.07.25-06.33.19:427][  0]ImportText (ComponentSweepMultiTests): Missing closing parenthesis: (RootShapeAsset="/Engine/BasicShapes/Cube.Cube",ShapeType="TriggerCapsule",HitResult=(Time=0.50,Location=(X=-100.000015,Y=0.0,Z=100.000015),ImpactPoint=(X=-50.0,Y=0.0,Z=50.0),Normal=(X=-1.0,Y=-0.0,Z=0.0),ImpactNormal=(X=0.0,Y=0.0,Z=1.0),TraceStart=(X=-200.0,Y=0.0,Z=200.0),TraceEnd=(X=0.0,Y=0.0,Z=0.0))
[2015.07.25-06.33.19:428][  0]ImportText (LineTraceSingleByChannelTests): Missing closing parenthesis: (RootShapeAsset="/Engine/BasicShapes/Cube.Cube",HitResult=(Time=0.50,Location=(X=-100.000015,Y=0.0,Z=100.000015),ImpactPoint=(X=-50.0,Y=0.0,Z=50.0),Normal=(X=-1.0,Y=-0.0,Z=0.0),ImpactNormal=(X=0.0,Y=0.0,Z=1.0),TraceStart=(X=-200.0,Y=0.0,Z=200.0),TraceEnd=(X=0.0,Y=0.0,Z=0.0))
[2015.07.25-06.33.19:523][  0]LogMeshUtilities: No automatic mesh reduction module available
[2015.07.25-06.33.19:524][  0]LogMeshUtilities: No automatic mesh merging module available
[2015.07.25-06.33.20:412][  0]LogInit: WinSock: version 1.1 (2.2), MaxSocks=32767, MaxUdp=65467
[2015.07.25-06.33.23:688][  0]UdpMessaging: Initializing bridge on interface 0.0.0.0:0 to multicast group 230.0.0.1:6666.
[2015.07.25-06.33.25:129][  0]SourceControl: Info Source control is disabled
[2015.07.25-06.33.25:206][  0]SourceControl: Info Source control is disabled
[2015.07.25-06.33.25:255][  0]SourceControl: Info Source control is disabled
[2015.07.25-06.33.25:305][  0]SourceControl: Info Source control is disabled
[2015.07.25-06.33.26:003][  0]LogObj: 26286 objects as part of root set at end of initial load.
[2015.07.25-06.33.26:004][  0]LogUObjectAllocator: 5420744 out of 0 bytes used by permanent object pool.
[2015.07.25-06.33.26:228][  0]LogEngine: Initializing Engine...
[2015.07.25-06.33.26:233][  0]LogHMD: Can't find Oculus library dev build: is proper Runtime installed? Version: 0.6.0.0
[2015.07.25-06.33.26:246][  0]LogHMD:Warning: SteamVR failed to initialize.  Error: 100
[2015.07.25-06.33.26:572][  0]LogAIModule: Creating AISystem for world NewWorld
[2015.07.25-06.33.26:594][  0]LogInit: XAudio2 using '喇叭 (ASUS Xonar DS Audio Device)' : 2 channels at 44.1 kHz using 16 bits per sample (channel mask 0x3)
[2015.07.25-06.33.26:644][  0]LogInit: FAudioDevice initialized.
[2015.07.25-06.33.26:680][  0]LogDerivedDataCache: Saved boot cache 0.04s 53MB C:/Users/SCW/AppData/Local/UnrealEngine/4.8/DerivedDataCache/Boot.ddc.
[2015.07.25-06.33.26:691][  0]LogInit: Texture streaming: Disabled
[2015.07.25-06.33.26:762][  0]LogAnalytics: Creating configured Analytics provider AnalyticsET
[2015.07.25-06.33.26:763][  0]LogAnalytics: [UEEditor.Rocket.Release] APIServer = http://et2.epicgames.com/ET2/. AppVersion = 4.8.2-2614606+++depot+UE4-Releases+4.8
[2015.07.25-06.33.26:763][  0]LogAnalytics: [UEEditor.Rocket.Release] SetUserId 568b5a34404f889fb1b32ab5dcc7273c|171fa9009f6b4f02983f7d0ecd1f12ba|c0dd2cb7-895e-48cf-9e36-42424b144c9b
[2015.07.25-06.33.26:764][  0]LogAnalytics: [UEEditor.Rocket.Release] AnalyticsET::StartSession
[2015.07.25-06.33.26:826][  0]LogInit: Transaction tracking system initialized
[2015.07.25-06.33.27:400][  0]BlueprintLog: New page: Editor Load
[2015.07.25-06.33.27:496][  0]LogAssetRegistry: FAssetRegistry took 0.0139 seconds to start up
[2015.07.25-06.33.27:497][  0]LogDirectoryWatcher:Warning: Failed to begin reading directory changes for ../../../Engine/Plugins/Experimental/CharacterAI/Content/. Error: 0
[2015.07.25-06.33.30:875][  0]LogLinker:Warning: Asset '../../../Engine/Content/Tutorial/Mobile/SettingUpAndroidTutorial.uasset' has been saved with empty engine version. The asset will be loaded but may be incompatible.
[2015.07.25-06.33.31:322][  0]LogConsoleManager:Warning: Console variable 'r.VSync' wasn't set ('GameSetting' has a lower priority than 'SystemSettingsIni')
[2015.07.25-06.33.31:323][  0]LogConsoleResponse:Display: 
[2015.07.25-06.33.31:551][  0]LogCook:Display: Done creating registry. It took  0.00s.
[2015.07.25-06.33.32:223][  0]SourceControl: Info Source control is disabled
[2015.07.25-06.33.32:226][  0]Cmd: MAP LOAD FILE="D:/Users/SCW/Documents/Unreal Projects/Demo/Content/StarterContent/Maps/Minimal_Default.umap" TEMPLATE=0 SHOWPROGRESS=1 FEATURELEVEL=3
[2015.07.25-06.33.32:238][  0]LightingResults: New page: Lighting Build
[2015.07.25-06.33.32:268][  0]MapCheck: New page: Map Check
[2015.07.25-06.33.32:269][  0]LightingResults: New page: Lighting Build
[2015.07.25-06.33.32:289][  0]LogParticles: Destroying 0 GPU particle simulations for FXSystem 0x000000001E9189A0
[2015.07.25-06.33.33:786][  0]LogAIModule: Creating AISystem for world Minimal_Default
[2015.07.25-06.33.33:825][  0]LogEditorServer: Finished looking for orphan Actors (0.000 secs)
[2015.07.25-06.33.33:861][  0]Cmd: MAP CHECKDEP NOCLEARLOG
[2015.07.25-06.33.33:926][  0]MapCheck: Info Map check complete: 0 Error(s), 0 Warning(s), took 64.613ms to complete.
[2015.07.25-06.33.33:927][  0]LogFileHelpers: Loading map 'Minimal_Default' took 1.702
[2015.07.25-06.33.34:200][  0]LogCollectionManager: Loaded 0 collections in 0.003117 seconds
[2015.07.25-06.33.34:216][  0]LogContentBrowser: Native class hierarchy populated in 0.0154 seconds. Added 1795 classes and 303 folders.
[2015.07.25-06.33.34:396][  0]LogContentBrowser: Native class hierarchy updated for 'WidgetCarousel' in 0.0031 seconds. Added 0 classes and 0 folders.
[2015.07.25-06.33.34:527][  0]LogContentBrowser: Native class hierarchy updated for 'AddContentDialog' in 0.0032 seconds. Added 0 classes and 0 folders.
[2015.07.25-06.33.34:620][  0]LogContentBrowser: Native class hierarchy updated for 'SceneOutliner' in 0.0032 seconds. Added 1 classes and 2 folders.
[2015.07.25-06.33.34:738][  0]LogCrashTracker: Crashtracker disabled due to settings.
[2015.07.25-06.33.34:745][  0]LogD3D11RHI: InitD3DDevice
[2015.07.25-06.33.34:750][  0]LogUObjectGlobals:Warning: Failed to find object 'Class None.'
[2015.07.25-06.33.34:776][  0]LogLoad: Full Startup: 24.93 seconds (BP compile: 0.34 seconds)
[2015.07.25-06.33.34:883][  0]LogContentStreaming: Texture pool size is 0.000000MB
[2015.07.25-06.33.34:959][  0]LogContentStreaming: Texture pool size now 700 MB
[2015.07.25-06.33.35:144][  0]LogRenderer: Reallocating scene render targets to support 1208x584 (Frame:2).
[2015.07.25-06.33.35:646][  8]LogAssetRegistry: Asset discovery search completed in 8.1629 seconds
[2015.07.25-06.35.04:991][508]LogD3D11RHI: InitD3DDevice
[2015.07.25-06.35.09:382][943]Cmd: QUIT_EDITOR
[2015.07.25-06.35.09:752][943]LogExit: Preparing to exit.
[2015.07.25-06.35.10:800][943]LogExit: Editor shut down
[2015.07.25-06.35.10:801][943]LogExit: Transaction tracking system shut down
[2015.07.25-06.35.10:803][943]LogParticles: Destroying 0 GPU particle simulations for FXSystem 0x000000000E179120
[2015.07.25-06.35.10:804][943]LogParticles: Destroying 0 GPU particle simulations for FXSystem 0x000000000E6039C0
[2015.07.25-06.35.11:000][943]LogExit: Object subsystem successfully closed.
[2015.07.25-06.35.11:018][943]LogD3D11RHI: Shutdown
[2015.07.25-06.35.11:019][943]LogD3D11RHI: CleanupD3DDevice
[2015.07.25-06.35.11:287][943]LogD3D11RHI: ~FD3D11DynamicRHI
[2015.07.25-06.35.11:313][943]LogModuleManager: Shutting down and abandoning module CrashTracker (189)
[2015.07.25-06.35.11:314][943]LogModuleManager: Shutting down and abandoning module SceneOutliner (188)
[2015.07.25-06.35.11:314][943]LogModuleManager: Shutting down and abandoning module SuperSearch (187)
[2015.07.25-06.35.11:315][943]LogModuleManager: Shutting down and abandoning module WidgetCarousel (186)
[2015.07.25-06.35.11:315][943]LogModuleManager: Shutting down and abandoning module AddContentDialog (185)
[2015.07.25-06.35.11:316][943]LogModuleManager: Shutting down and abandoning module EditorWidgets (184)
[2015.07.25-06.35.11:317][943]LogModuleManager: Shutting down and abandoning module CollectionManager (183)
[2015.07.25-06.35.11:317][943]LogModuleManager: Shutting down and abandoning module StatsViewer (182)
[2015.07.25-06.35.11:317][943]LogModuleManager: Shutting down and abandoning module FoliageEdit (181)
[2015.07.25-06.35.11:318][943]LogModuleManager: Shutting down and abandoning module LandscapeEditor (180)
[2015.07.25-06.35.11:319][943]LogModuleManager: Shutting down and abandoning module ActorPickerMode (179)
[2015.07.25-06.35.11:319][943]LogModuleManager: Shutting down and abandoning module GeometryMode (178)
[2015.07.25-06.35.11:320][943]LogModuleManager: Shutting down and abandoning module TextureAlignMode (177)
[2015.07.25-06.35.11:320][943]LogModuleManager: Shutting down and abandoning module BspMode (176)
[2015.07.25-06.35.11:320][943]LogModuleManager: Shutting down and abandoning module PlacementMode (175)
[2015.07.25-06.35.11:321][943]LogModuleManager: Shutting down and abandoning module AutomationWorker (174)
[2015.07.25-06.35.11:321][943]LogModuleManager: Shutting down and abandoning module CharacterAI (173)
[2015.07.25-06.35.11:321][943]LogModuleManager: Shutting down and abandoning module SmartSnapping (172)
[2015.07.25-06.35.11:322][943]LogModuleManager: Shutting down and abandoning module ViewportSnapping (171)
[2015.07.25-06.35.11:322][943]LogModuleManager: Shutting down and abandoning module LogVisualizer (170)
[2015.07.25-06.35.11:322][943]LogModuleManager: Shutting down and abandoning module GameProjectGeneration (169)
[2015.07.25-06.35.11:323][943]LogModuleManager: Shutting down and abandoning module IntroTutorials (168)
[2015.07.25-06.35.11:324][943]LogModuleManager: Shutting down and abandoning module EditorLiveStreaming (167)
[2015.07.25-06.35.11:325][943]LogModuleManager: Shutting down and abandoning module IOSPlatformEditor (166)
[2015.07.25-06.35.11:325][943]LogModuleManager: Shutting down and abandoning module HTML5PlatformEditor (165)
[2015.07.25-06.35.11:325][943]LogModuleManager: Shutting down and abandoning module AndroidDeviceDetection (164)
[2015.07.25-06.35.11:737][943]LogModuleManager: Shutting down and abandoning module AndroidPlatformEditor (163)
[2015.07.25-06.35.11:738][943]LogModuleManager: Shutting down and abandoning module IOSRuntimeSettings (162)
[2015.07.25-06.35.11:738][943]LogModuleManager: Shutting down and abandoning module AndroidRuntimeSettings (161)
[2015.07.25-06.35.11:739][943]LogModuleManager: Shutting down and abandoning module MergeActors (160)
[2015.07.25-06.35.11:739][943]LogModuleManager: Shutting down and abandoning module SizeMap (159)
[2015.07.25-06.35.11:740][943]LogModuleManager: Shutting down and abandoning module TreeMap (158)
[2015.07.25-06.35.11:740][943]LogModuleManager: Shutting down and abandoning module ReferenceViewer (157)
[2015.07.25-06.35.11:740][943]LogModuleManager: Shutting down and abandoning module LocalizationDashboard (156)
[2015.07.25-06.35.11:741][943]LogModuleManager: Shutting down and abandoning module HardwareTargeting (155)
[2015.07.25-06.35.11:741][943]LogModuleManager: Shutting down and abandoning module DeviceProfileEditor (154)
[2015.07.25-06.35.11:741][943]LogModuleManager: Shutting down and abandoning module UndoHistory (153)
[2015.07.25-06.35.11:742][943]LogModuleManager: Shutting down and abandoning module GameplayTagsEditor (152)
[2015.07.25-06.35.11:742][943]LogModuleManager: Shutting down and abandoning module UserFeedback (151)
[2015.07.25-06.35.11:742][943]LogModuleManager: Shutting down and abandoning module XmlParser (150)
[2015.07.25-06.35.11:742][943]LogModuleManager: Shutting down and abandoning module Blutility (149)
[2015.07.25-06.35.11:743][943]LogModuleManager: Shutting down and abandoning module ProjectTargetPlatformEditor (148)
[2015.07.25-06.35.11:743][943]LogModuleManager: Shutting down and abandoning module ProjectSettingsViewer (147)
[2015.07.25-06.35.11:744][943]LogModuleManager: Shutting down and abandoning module InputBindingEditor (146)
[2015.07.25-06.35.11:744][943]LogModuleManager: Shutting down and abandoning module EditorSettingsViewer (145)
[2015.07.25-06.35.11:744][943]LogModuleManager: Shutting down and abandoning module SettingsEditor (144)
[2015.07.25-06.35.11:745][943]LogModuleManager: Shutting down and abandoning module ProjectLauncher (143)
[2015.07.25-06.35.11:745][943]LogModuleManager: Shutting down and abandoning module SessionFrontend (142)
[2015.07.25-06.35.11:746][943]LogModuleManager: Shutting down and abandoning module ProfilerClient (141)
[2015.07.25-06.35.11:746][943]LogModuleManager: Shutting down and abandoning module TargetDeviceServices (140)
[2015.07.25-06.35.11:747][943]LogModuleManager: Shutting down and abandoning module DeviceManager (139)
[2015.07.25-06.35.11:747][943]LogModuleManager: Shutting down and abandoning module AutomationController (138)
[2015.07.25-06.35.11:747][943]LogModuleManager: Shutting down and abandoning module AutomationWindow (137)
[2015.07.25-06.35.11:748][943]LogModuleManager: Shutting down and abandoning module Layers (136)
[2015.07.25-06.35.11:750][943]LogModuleManager: Shutting down and abandoning module ComponentVisualizers (135)
[2015.07.25-06.35.11:750][943]LogModuleManager: Shutting down and abandoning module DetailCustomizations (134)
[2015.07.25-06.35.11:751][943]LogModuleManager: Shutting down and abandoning module PackagesDialog (133)
[2015.07.25-06.35.11:751][943]LogModuleManager: Shutting down and abandoning module AssetRegistry (132)
[2015.07.25-06.35.11:818][943]LogModuleManager: Shutting down and abandoning module Persona (131)
[2015.07.25-06.35.11:819][943]LogModuleManager: Shutting down and abandoning module Kismet (130)
[2015.07.25-06.35.11:820][943]LogModuleManager: Shutting down and abandoning module GraphEditor (129)
[2015.07.25-06.35.11:822][943]LogModuleManager: Shutting down and abandoning module ClassViewer (128)
[2015.07.25-06.35.11:822][943]LogModuleManager: Shutting down and abandoning module Toolbox (127)
[2015.07.25-06.35.11:822][943]LogModuleManager: Shutting down and abandoning module ModuleUI (126)
[2015.07.25-06.35.11:823][943]LogModuleManager: Shutting down and abandoning module MovieSceneTools (125)
[2015.07.25-06.35.11:824][943]LogModuleManager: Shutting down and abandoning module OutputLog (124)
[2015.07.25-06.35.11:824][943]LogModuleManager: Shutting down and abandoning module GammaUI (123)
[2015.07.25-06.35.11:825][943]LogModuleManager: Shutting down and abandoning module Documentation (122)
[2015.07.25-06.35.11:826][943]LogModuleManager: Shutting down and abandoning module GameLiveStreaming (121)
[2015.07.25-06.35.11:826][943]LogModuleManager: Shutting down and abandoning module StreamingPauseRendering (120)
[2015.07.25-06.35.11:826][943]LogModuleManager: Shutting down and abandoning module AnalyticsET (119)
[2015.07.25-06.35.11:827][943]LogModuleManager: Shutting down and abandoning module Analytics (118)
[2015.07.25-06.35.11:827][943]LogModuleManager: Shutting down and abandoning module AITestSuite (117)
[2015.07.25-06.35.11:827][943]LogModuleManager: Shutting down and abandoning module GameplayDebugger (116)
[2015.07.25-06.35.11:828][943]LogModuleManager: Shutting down and abandoning module AIModule (115)
[2015.07.25-06.35.11:828][943]LogModuleManager: Shutting down and abandoning module ProfilerService (114)
[2015.07.25-06.35.11:999][943]LogModuleManager: Shutting down and abandoning module TaskGraph (113)
[2015.07.25-06.35.12:000][943]LogModuleManager: Shutting down and abandoning module SlateRemote (112)
[2015.07.25-06.35.12:000][943]LogModuleManager: Shutting down and abandoning module SteamVRController (111)
[2015.07.25-06.35.12:000][943]LogModuleManager: Shutting down and abandoning module SteamVR (110)
[2015.07.25-06.35.12:000][943]LogModuleManager: Shutting down and abandoning module ProceduralMeshComponent (109)
[2015.07.25-06.35.12:000][943]LogModuleManager: Shutting down and abandoning module OculusRift (108)
[2015.07.25-06.35.12:000][943]LogModuleManager: Shutting down and abandoning module LeapMotionController (107)
[2015.07.25-06.35.12:014][943]LogModuleManager: Shutting down and abandoning module CustomMeshComponent (106)
[2015.07.25-06.35.12:015][943]LogModuleManager: Shutting down and abandoning module CableComponent (105)
[2015.07.25-06.35.12:016][943]LogModuleManager: Shutting down and abandoning module MessagingDebugger (104)
[2015.07.25-06.35.12:017][943]LogModuleManager: Shutting down and abandoning module MediaPlayerEditor (103)
[2015.07.25-06.35.12:018][943]LogModuleManager: Shutting down and abandoning module SpeedTreeImporter (102)
[2015.07.25-06.35.12:018][943]LogModuleManager: Shutting down and abandoning module PluginBrowser (101)
[2015.07.25-06.35.12:018][943]LogModuleManager: Shutting down and abandoning module EpicSurvey (100)
[2015.07.25-06.35.12:019][943]LogModuleManager: Shutting down and abandoning module DesktopPlatform (99)
[2015.07.25-06.35.12:019][943]LogModuleManager: Shutting down and abandoning module VisualStudioSourceCodeAccess (98)
[2015.07.25-06.35.12:019][943]LogModuleManager: Shutting down and abandoning module UObjectPlugin (97)
[2015.07.25-06.35.12:020][943]LogModuleManager: Shutting down and abandoning module SubversionSourceControl (96)
[2015.07.25-06.35.12:020][943]LogModuleManager: Shutting down and abandoning module PerforceSourceControl (95)
[2015.07.25-06.35.12:021][943]LogModuleManager: Shutting down and abandoning module SourceControl (94)
[2015.07.25-06.35.12:022][943]LogModuleManager: Shutting down and abandoning module GitSourceControl (93)
[2015.07.25-06.35.12:022][943]LogModuleManager: Shutting down and abandoning module BlankPlugin (92)
[2015.07.25-06.35.12:022][943]LogModuleManager: Shutting down and abandoning module PaperTiledImporter (91)
[2015.07.25-06.35.12:023][943]LogModuleManager: Shutting down and abandoning module PaperSpriteSheetImporter (90)
[2015.07.25-06.35.12:023][943]LogModuleManager: Shutting down and abandoning module MeshPaint (89)
[2015.07.25-06.35.12:023][943]LogModuleManager: Shutting down and abandoning module SlateReflector (88)
[2015.07.25-06.35.12:024][943]LogModuleManager: Shutting down and abandoning module DirectoryWatcher (87)
[2015.07.25-06.35.12:025][943]LogModuleManager: Shutting down and abandoning module HotReload (86)
[2015.07.25-06.35.12:026][943]LogModuleManager: Shutting down and abandoning module MainFrame (85)
[2015.07.25-06.35.12:026][943]LogModuleManager: Shutting down and abandoning module LevelEditor (84)
[2015.07.25-06.35.12:027][943]LogModuleManager: Shutting down and abandoning module ContentBrowser (83)
[2015.07.25-06.35.12:028][943]LogModuleManager: Shutting down and abandoning module Paper2DEditor (82)
[2015.07.25-06.35.12:029][943]LogModuleManager: Shutting down and abandoning module Demo (81)
[2015.07.25-06.35.12:030][943]LogModuleManager: Shutting down and abandoning module UdpMessaging (80)
[2015.07.25-06.35.12:130][943]LogModuleManager: Shutting down and abandoning module Paper2D (79)
[2015.07.25-06.35.12:130][943]LogModuleManager: Shutting down and abandoning module WindowsMoviePlayer (78)
[2015.07.25-06.35.12:134][943]LogModuleManager: Shutting down and abandoning module Media (77)
[2015.07.25-06.35.12:135][943]LogModuleManager: Shutting down and abandoning module WmfMedia (76)
[2015.07.25-06.35.12:136][943]LogModuleManager: Shutting down and abandoning module OnlineBlueprintSupport (75)
[2015.07.25-06.35.12:137][943]LogModuleManager: Shutting down and abandoning module PropertyEditor (74)
[2015.07.25-06.35.12:138][943]LogModuleManager: Shutting down and abandoning module BehaviorTreeEditor (73)
[2015.07.25-06.35.12:139][943]LogModuleManager: Shutting down and abandoning module FunctionalTesting (72)
[2015.07.25-06.35.12:139][943]LogModuleManager: Shutting down and abandoning module CollisionAnalyzer (71)
[2015.07.25-06.35.12:140][943]LogModuleManager: Shutting down and abandoning module WorkspaceMenuStructure (70)
[2015.07.25-06.35.12:141][943]LogModuleManager: Shutting down and abandoning module MessageLog (69)
[2015.07.25-06.35.12:141][943]LogModuleManager: Shutting down and abandoning module Sequencer (68)
[2015.07.25-06.35.12:143][943]LogModuleManager: Shutting down and abandoning module AssetTools (67)
[2015.07.25-06.35.12:144][943]LogModuleManager: Shutting down and abandoning module UMGEditor (66)
[2015.07.25-06.35.12:146][943]LogModuleManager: Shutting down and abandoning module UMG (65)
[2015.07.25-06.35.12:147][943]LogModuleManager: Shutting down and abandoning module Slate (64)
[2015.07.25-06.35.12:147][943]LogModuleManager: Shutting down and abandoning module EditorStyle (63)
[2015.07.25-06.35.12:150][943]LogModuleManager: Shutting down and abandoning module SessionServices (62)
[2015.07.25-06.35.12:151][943]LogModuleManager: Shutting down and abandoning module SourceCodeAccess (61)
[2015.07.25-06.35.12:151][943]LogModuleManager: Shutting down and abandoning module HeadMountedDisplay (60)
[2015.07.25-06.35.12:151][943]LogModuleManager: Shutting down and abandoning module XAudio2 (59)
[2015.07.25-06.35.12:152][943]LogModuleManager: Shutting down and abandoning module Networking (57)
[2015.07.25-06.35.12:152][943]LogModuleManager: Shutting down and abandoning module Core (56)
[2015.07.25-06.35.12:152][943]LogModuleManager: Shutting down and abandoning module KismetCompiler (55)
[2015.07.25-06.35.12:153][943]LogModuleManager: Shutting down and abandoning module PhysXFormats (54)
[2015.07.25-06.35.12:153][943]LogModuleManager: Shutting down and abandoning module MeshUtilities (53)
[2015.07.25-06.35.12:154][943]LogModuleManager: Shutting down and abandoning module DerivedDataCache (52)
[2015.07.25-06.35.12:239][943]LogDerivedDataCache: Shutdown
[2015.07.25-06.35.12:239][943]LogModuleManager: Shutting down and abandoning module ShaderFormatOpenGL (51)
[2015.07.25-06.35.12:240][943]LogModuleManager: Shutting down and abandoning module ShaderFormatD3D (50)
[2015.07.25-06.35.12:240][943]LogModuleManager: Shutting down and abandoning module MetalShaderFormat (49)
[2015.07.25-06.35.12:241][943]LogModuleManager: Shutting down and abandoning module TextureFormatUncompressed (48)
[2015.07.25-06.35.12:241][943]LogModuleManager: Shutting down and abandoning module TextureFormatPVR (47)
[2015.07.25-06.35.12:241][943]LogModuleManager: Shutting down and abandoning module TextureFormatIntelISPCTexComp (46)
[2015.07.25-06.35.12:242][943]LogModuleManager: Shutting down and abandoning module TextureFormatDXT (45)
[2015.07.25-06.35.12:242][943]LogModuleManager: Shutting down and abandoning module ImageWrapper (44)
[2015.07.25-06.35.12:242][943]LogModuleManager: Shutting down and abandoning module TextureFormatASTC (43)
[2015.07.25-06.35.12:243][943]LogModuleManager: Shutting down and abandoning module TextureFormatAndroid (42)
[2015.07.25-06.35.12:243][943]LogModuleManager: Shutting down and abandoning module AudioFormatOpus (41)
[2015.07.25-06.35.12:243][943]LogModuleManager: Shutting down and abandoning module AudioFormatOgg (40)
[2015.07.25-06.35.12:244][943]LogModuleManager: Shutting down and abandoning module AudioFormatADPCM (39)
[2015.07.25-06.35.12:244][943]LogModuleManager: Shutting down and abandoning module LinuxTargetPlatform (38)
[2015.07.25-06.35.12:244][943]LogModuleManager: Shutting down and abandoning module LinuxServerTargetPlatform (37)
[2015.07.25-06.35.12:245][943]LogModuleManager: Shutting down and abandoning module LinuxNoEditorTargetPlatform (36)
[2015.07.25-06.35.12:245][943]LogModuleManager: Shutting down and abandoning module Messaging (35)
[2015.07.25-06.35.12:245][943]LogModuleManager: Shutting down and abandoning module IOSTargetPlatform (34)
[2015.07.25-06.35.12:246][943]LogModuleManager: Shutting down and abandoning module HTML5TargetPlatform (33)
[2015.07.25-06.35.12:246][943]LogModuleManager: Shutting down and abandoning module Android_PVRTCTargetPlatform (32)
[2015.07.25-06.35.12:246][943]LogModuleManager: Shutting down and abandoning module Android_ETC2TargetPlatform (31)
[2015.07.25-06.35.12:247][943]LogModuleManager: Shutting down and abandoning module Android_ETC1TargetPlatform (30)
[2015.07.25-06.35.12:247][943]LogModuleManager: Shutting down and abandoning module Android_DXTTargetPlatform (29)
[2015.07.25-06.35.12:247][943]LogModuleManager: Shutting down and abandoning module Android_ATCTargetPlatform (28)
[2015.07.25-06.35.12:248][943]LogModuleManager: Shutting down and abandoning module Android_ASTCTargetPlatform (27)
[2015.07.25-06.35.12:248][943]LogModuleManager: Shutting down and abandoning module AndroidTargetPlatform (26)
[2015.07.25-06.35.12:248][943]LogModuleManager: Shutting down and abandoning module WindowsTargetPlatform (25)
[2015.07.25-06.35.12:248][943]LogModuleManager: Shutting down and abandoning module WindowsServerTargetPlatform (24)
[2015.07.25-06.35.12:249][943]LogModuleManager: Shutting down and abandoning module WindowsNoEditorTargetPlatform (23)
[2015.07.25-06.35.12:249][943]LogModuleManager: Shutting down and abandoning module WindowsClientTargetPlatform (22)
[2015.07.25-06.35.12:249][943]LogModuleManager: Shutting down and abandoning module DesktopTargetPlatform (21)
[2015.07.25-06.35.12:250][943]LogModuleManager: Shutting down and abandoning module TargetPlatform (20)
[2015.07.25-06.35.12:250][943]LogModuleManager: Shutting down and abandoning module InputCore (19)
[2015.07.25-06.35.12:250][943]LogModuleManager: Shutting down and abandoning module Settings (18)
[2015.07.25-06.35.12:250][943]LogModuleManager: Shutting down and abandoning module OnlineSubsystem (16)
[2015.07.25-06.35.12:250][943]LogModuleManager: Shutting down and abandoning module HTTP (15)
[2015.07.25-06.35.12:251][943]LogModuleManager: Shutting down and abandoning module ExampleDeviceProfileSelector (14)
[2015.07.25-06.35.12:252][943]LogModuleManager: Shutting down and abandoning module TextureCompressor (13)
[2015.07.25-06.35.12:253][943]LogModuleManager: Shutting down and abandoning module ShaderCore (12)
[2015.07.25-06.35.12:253][943]LogModuleManager: Shutting down and abandoning module Landscape (11)
[2015.07.25-06.35.12:253][943]LogModuleManager: Shutting down and abandoning module SlateRHIRenderer (10)
[2015.07.25-06.35.12:255][943]LogModuleManager: Shutting down and abandoning module OpenGLDrv (9)
[2015.07.25-06.35.12:257][943]LogModuleManager: Shutting down and abandoning module D3D11RHI (8)
[2015.07.25-06.35.12:257][943]LogModuleManager: Shutting down and abandoning module Renderer (7)
[2015.07.25-06.35.12:257][943]LogModuleManager: Shutting down and abandoning module Engine (6)
[2015.07.25-06.35.12:258][943]LogModuleManager: Shutting down and abandoning module CoreUObject (5)
[2015.07.25-06.35.12:258][943]LogModuleManager: Shutting down and abandoning module NetworkFile (4)
[2015.07.25-06.35.12:258][943]LogModuleManager: Shutting down and abandoning module StreamingFile (3)
[2015.07.25-06.35.12:259][943]LogModuleManager: Shutting down and abandoning module SandboxFile (2)
[2015.07.25-06.35.12:259][943]LogModuleManager: Shutting down and abandoning module PakFile (1)
[2015.07.25-06.35.12:262][943]LogExit: Exiting.
[2015.07.25-06.35.12:264][943]Log file closed, 07/25/15 14:35:12
