[2015.07.26-02.33.02:726][  0]Log file open, 07/26/15 10:33:02
[2015.07.26-02.33.02:726][  0]LogInit:Display: Running engine for game: Demo
[2015.07.26-02.33.02:726][  0]LogInit:Display: RandInit(1488643546) SRandInit(1488643547).
[2015.07.26-02.33.02:726][  0]LogTaskGraph: Started task graph with 4 named threads and 7 total threads.
[2015.07.26-02.33.02:727][  0]LogStats: Stats thread started
[2015.07.26-02.33.02:727][  0]LogInit: Version: 4.8.2-2614606+++depot+UE4-Releases+4.8
[2015.07.26-02.33.02:727][  0]LogInit: API Version: 2579680
[2015.07.26-02.33.02:728][  0]LogInit: Compiled (64-bit): Jul  8 2015 23:43:41
[2015.07.26-02.33.02:728][  0]LogInit: Compiled with Visual C++: 18.00.21005.01
[2015.07.26-02.33.02:728][  0]LogInit: Build Configuration: Development
[2015.07.26-02.33.02:728][  0]LogInit: Branch Name: ++depot+UE4-Releases+4.8
[2015.07.26-02.33.02:729][  0]LogInit: Command line: 
[2015.07.26-02.33.02:729][  0]LogInit: Base directory: C:/Program Files/Epic Games/4.8/Engine/Binaries/Win64/
[2015.07.26-02.33.02:729][  0]LogInit: Rocket: 1
[2015.07.26-02.33.02:807][  0]LogInit: Using libcurl 7.41.0
[2015.07.26-02.33.02:808][  0]LogInit:  - built for x86_64-pc-win32
[2015.07.26-02.33.02:808][  0]LogInit:  - supports SSL with WinSSL
[2015.07.26-02.33.02:808][  0]LogInit:  - other features:
[2015.07.26-02.33.02:809][  0]LogInit:      CURL_VERSION_SSL
[2015.07.26-02.33.02:809][  0]LogInit:      CURL_VERSION_IPV6
[2015.07.26-02.33.02:809][  0]LogInit:      CURL_VERSION_ASYNCHDNS
[2015.07.26-02.33.02:809][  0]LogInit:      CURL_VERSION_LARGEFILE
[2015.07.26-02.33.02:810][  0]LogInit:      CURL_VERSION_IDN
[2015.07.26-02.33.02:811][  0]LogInit:  CurlRequestOptions (configurable via config and command line):
[2015.07.26-02.33.02:812][  0]LogInit:  - bVerifyPeer = true  - Libcurl will verify peer certificate
[2015.07.26-02.33.02:812][  0]LogInit:  - bUseHttpProxy = false  - Libcurl will NOT use HTTP proxy
[2015.07.26-02.33.02:813][  0]LogInit:  - bDontReuseConnections = false  - Libcurl will reuse connections
[2015.07.26-02.33.02:813][  0]LogInit:  - CertBundlePath = nullptr  - Libcurl will use whatever was configured at build time.
[2015.07.26-02.33.02:839][  0]LogOnline:Warning: No default platform service specified for OnlineSubsystem
[2015.07.26-02.33.02:986][  0]LogInit: Presizing for 0 objects not considered by GC, pre-allocating 0 bytes.
[2015.07.26-02.33.03:004][  0]LogInit: Object subsystem initialized
[2015.07.26-02.33.03:012][  0]LogConsoleResponse:Warning: Skipping Unknown console variable: 'TranslucentSortAxis = (X=0.000000,Y=-1.000000,Z=0.000000)'
[2015.07.26-02.33.03:013][  0]LogConsoleResponse:Warning:   Found in ini file 'D:/Users/SCW/Documents/Unreal Projects/Demo/Saved/Config/Windows/Engine.ini', in section '[/Script/Engine.RendererSettings]'
[2015.07.26-02.33.03:013][  0]LogConsoleResponse:Warning: Skipping Unknown console variable: 'UIScaleRule = ShortestSide'
[2015.07.26-02.33.03:013][  0]LogConsoleResponse:Warning:   Found in ini file 'D:/Users/SCW/Documents/Unreal Projects/Demo/Saved/Config/Windows/Engine.ini', in section '[/Script/Engine.RendererSettings]'
[2015.07.26-02.33.03:014][  0]LogConsoleResponse:Warning: Skipping Unknown console variable: 'UIScaleCurve = (EditorCurveData=(Keys=),ExternalCurve=None)'
[2015.07.26-02.33.03:014][  0]LogConsoleResponse:Warning:   Found in ini file 'D:/Users/SCW/Documents/Unreal Projects/Demo/Saved/Config/Windows/Engine.ini', in section '[/Script/Engine.RendererSettings]'
[2015.07.26-02.33.03:021][  0]LogInit: Selected Device Profile: [Windows]
[2015.07.26-02.33.03:022][  0]LogInit: Applying CVar settings loaded from the selected device profile: [Windows]
[2015.07.26-02.33.03:046][  0]LogInit: Computer: SCW-PC
[2015.07.26-02.33.03:046][  0]LogInit: User: SCW
[2015.07.26-02.33.03:047][  0]LogInit: CPU Page size=4096, Cores=4
[2015.07.26-02.33.03:047][  0]LogInit: High frequency timer resolution =2.483750 MHz
[2015.07.26-02.33.03:047][  0]LogMemory: Memory total: Physical=8.0GB (8GB approx)
[2015.07.26-02.33.03:047][  0]LogMemory: Platform Memory Stats for Windows
[2015.07.26-02.33.03:048][  0]LogMemory: Process Physical Memory: 51.67 MB used, 51.67 MB peak
[2015.07.26-02.33.03:048][  0]LogMemory: Process Virtual Memory: 23.50 MB used, 24.32 MB peak
[2015.07.26-02.33.03:048][  0]LogMemory: Physical Memory: 5979.48 MB used, 8183.05 MB total
[2015.07.26-02.33.03:049][  0]LogMemory: Virtual Memory: 291.58 MB used, 8388608.00 MB total
[2015.07.26-02.33.03:292][  0]LogTextLocalizationManager: The requested culture ('zh_TW') has no localization data; falling back to 'en' for localization and internationalization data.
[2015.07.26-02.33.03:647][  0]LogTextLocalizationManager:Warning: Loaded localization resources contain conflicting entries for (Namespace:ContentBrowser, Key:ImportAssetToolTip):
Localization Resource: (C:/Program Files/Epic Games/4.8/Engine/Content/Localization/Editor/en/Editor.locres) Source String Hash: (-630476809) Localized String: (Import to {0}...)
Localization Resource: (C:/Program Files/Epic Games/4.8/Engine/Content/Localization/Editor/en/Editor.locres) Source String Hash: (1271782899) Localized String: (Imports an asset from file to this folder.)
[2015.07.26-02.33.04:492][  0]LogD3D11RHI: Found D3D11 adapter 0: NVIDIA GeForce GTX 560 Ti   (Feature Level 11_0)
[2015.07.26-02.33.04:492][  0]LogD3D11RHI: Adapter has 979MB of dedicated video memory, 0MB of dedicated system memory, and 3071MB of shared system memory, 2 output[s]
[2015.07.26-02.33.04:493][  0]LogD3D11RHI: Chosen D3D11 Adapter Id = 0
[2015.07.26-02.33.04:499][  0]LogD3D11RHI: InitD3DDevice
[2015.07.26-02.33.04:500][  0]LogD3D11RHI: !Direct3DDevice
[2015.07.26-02.33.04:501][  0]LogRHI: Texture pool is 685 MB (70% of 979 MB)
[2015.07.26-02.33.04:552][  0]LogD3D11RHI: Async texture creation enabled
[2015.07.26-02.33.04:586][  0]LogShaderCompilers:Display: Using Local Shader Compiler.
[2015.07.26-02.33.06:108][  0]LogTemp:Display: Loaded TP DesktopTargetPlatform
[2015.07.26-02.33.06:164][  0]LogTemp:Display: Loaded TP WindowsClientTargetPlatform
[2015.07.26-02.33.06:219][  0]LogTemp:Display: Loaded TP WindowsNoEditorTargetPlatform
[2015.07.26-02.33.06:268][  0]LogTemp:Display: Loaded TP WindowsServerTargetPlatform
[2015.07.26-02.33.06:324][  0]LogTemp:Display: Loaded TP WindowsTargetPlatform
[2015.07.26-02.33.06:359][  0]LogTemp:Display: Loaded TP AndroidTargetPlatform
[2015.07.26-02.33.06:396][  0]LogTemp:Display: Loaded TP Android_ASTCTargetPlatform
[2015.07.26-02.33.06:433][  0]LogTemp:Display: Loaded TP Android_ATCTargetPlatform
[2015.07.26-02.33.06:475][  0]LogTemp:Display: Loaded TP Android_DXTTargetPlatform
[2015.07.26-02.33.06:512][  0]LogTemp:Display: Loaded TP Android_ETC1TargetPlatform
[2015.07.26-02.33.06:549][  0]LogTemp:Display: Loaded TP Android_ETC2TargetPlatform
[2015.07.26-02.33.06:586][  0]LogTemp:Display: Loaded TP Android_PVRTCTargetPlatform
[2015.07.26-02.33.06:740][  0]LogTemp:Display: Loaded TP IOSTargetPlatform
[2015.07.26-02.33.06:771][  0]LogTemp:Display: Loaded TP LinuxNoEditorTargetPlatform
[2015.07.26-02.33.06:802][  0]LogTemp:Display: Loaded TP LinuxServerTargetPlatform
[2015.07.26-02.33.06:838][  0]LogTemp:Display: Loaded TP LinuxTargetPlatform
[2015.07.26-02.33.06:838][  0]LogTargetPlatformManager:Display: Building Assets For Windows
[2015.07.26-02.33.07:654][  0]LogDerivedDataCache:Display: Max Cache Size: 512 MB
[2015.07.26-02.33.07:934][  0]LogDerivedDataCache: Loaded boot cache 0.28s 53MB C:/Users/SCW/AppData/Local/UnrealEngine/4.8/DerivedDataCache/Boot.ddc.
[2015.07.26-02.33.07:935][  0]LogDerivedDataCache:Display: Loaded Boot cache: C:/Users/SCW/AppData/Local/UnrealEngine/4.8/DerivedDataCache/Boot.ddc
[2015.07.26-02.33.07:935][  0]LogDerivedDataCache: FDerivedDataBackendGraph:  Pak pak cache file D:/Users/SCW/Documents/Unreal Projects/Demo/DerivedDataCache/DDC.ddp not found, will not use a pak cache.
[2015.07.26-02.33.07:936][  0]LogDerivedDataCache: Unable to find inner node Pak for hierarchical cache Hierarchy.
[2015.07.26-02.33.07:936][  0]LogDerivedDataCache: FDerivedDataBackendGraph:  CompressedPak pak cache file D:/Users/SCW/Documents/Unreal Projects/Demo/DerivedDataCache/Compressed.ddp not found, will not use a pak cache.
[2015.07.26-02.33.07:936][  0]LogDerivedDataCache: Unable to find inner node CompressedPak for hierarchical cache Hierarchy.
[2015.07.26-02.33.08:237][  0]LogDerivedDataCache:Display: Pak cache opened for reading ../../../Engine/DerivedDataCache/Compressed.ddp.
[2015.07.26-02.33.08:251][  0]LogDerivedDataCache: Using Local data cache path C:/Users/SCW/AppData/Local/UnrealEngine/Common/DerivedDataCache: Writable
[2015.07.26-02.33.09:168][  0]LogInit: Selected Device Profile: [Windows]
[2015.07.26-02.33.09:188][  0]ImportText (ComponentSweepMultiTests): Missing closing parenthesis: (RootShapeAsset="/Engine/BasicShapes/Cube.Cube",ShapeType="TriggerCapsule",HitResult=(Time=0.50,Location=(X=-100.000015,Y=0.0,Z=100.000015),ImpactPoint=(X=-50.0,Y=0.0,Z=50.0),Normal=(X=-1.0,Y=-0.0,Z=0.0),ImpactNormal=(X=0.0,Y=0.0,Z=1.0),TraceStart=(X=-200.0,Y=0.0,Z=200.0),TraceEnd=(X=0.0,Y=0.0,Z=0.0))
[2015.07.26-02.33.09:189][  0]ImportText (LineTraceSingleByChannelTests): Missing closing parenthesis: (RootShapeAsset="/Engine/BasicShapes/Cube.Cube",HitResult=(Time=0.50,Location=(X=-100.000015,Y=0.0,Z=100.000015),ImpactPoint=(X=-50.0,Y=0.0,Z=50.0),Normal=(X=-1.0,Y=-0.0,Z=0.0),ImpactNormal=(X=0.0,Y=0.0,Z=1.0),TraceStart=(X=-200.0,Y=0.0,Z=200.0),TraceEnd=(X=0.0,Y=0.0,Z=0.0))
[2015.07.26-02.33.09:286][  0]LogMeshUtilities: No automatic mesh reduction module available
[2015.07.26-02.33.09:286][  0]LogMeshUtilities: No automatic mesh merging module available
[2015.07.26-02.33.10:302][  0]LogInit: WinSock: version 1.1 (2.2), MaxSocks=32767, MaxUdp=65467
[2015.07.26-02.33.14:030][  0]UdpMessaging: Initializing bridge on interface 0.0.0.0:0 to multicast group 230.0.0.1:6666.
[2015.07.26-02.33.15:563][  0]SourceControl: Info Source control is disabled
[2015.07.26-02.33.15:621][  0]SourceControl: Info Source control is disabled
[2015.07.26-02.33.15:672][  0]SourceControl: Info Source control is disabled
[2015.07.26-02.33.15:723][  0]SourceControl: Info Source control is disabled
[2015.07.26-02.33.16:475][  0]LogObj: 26286 objects as part of root set at end of initial load.
[2015.07.26-02.33.16:475][  0]LogUObjectAllocator: 5421688 out of 0 bytes used by permanent object pool.
[2015.07.26-02.33.16:707][  0]LogEngine: Initializing Engine...
[2015.07.26-02.33.16:712][  0]LogHMD: Can't find Oculus library dev build: is proper Runtime installed? Version: 0.6.0.0
[2015.07.26-02.33.16:728][  0]LogHMD:Warning: SteamVR failed to initialize.  Error: 100
[2015.07.26-02.33.17:089][  0]LogAIModule: Creating AISystem for world NewWorld
[2015.07.26-02.33.17:114][  0]LogInit: XAudio2 using '喇叭 (ASUS Xonar DS Audio Device)' : 2 channels at 44.1 kHz using 16 bits per sample (channel mask 0x3)
[2015.07.26-02.33.17:133][  0]LogInit: FAudioDevice initialized.
[2015.07.26-02.33.17:170][  0]LogDerivedDataCache: Saved boot cache 0.04s 53MB C:/Users/SCW/AppData/Local/UnrealEngine/4.8/DerivedDataCache/Boot.ddc.
[2015.07.26-02.33.17:179][  0]LogInit: Texture streaming: Disabled
[2015.07.26-02.33.17:250][  0]LogAnalytics: Creating configured Analytics provider AnalyticsET
[2015.07.26-02.33.17:251][  0]LogAnalytics: [UEEditor.Rocket.Release] APIServer = http://et2.epicgames.com/ET2/. AppVersion = 4.8.2-2614606+++depot+UE4-Releases+4.8
[2015.07.26-02.33.17:251][  0]LogAnalytics: [UEEditor.Rocket.Release] SetUserId 568b5a34404f889fb1b32ab5dcc7273c|171fa9009f6b4f02983f7d0ecd1f12ba|c0dd2cb7-895e-48cf-9e36-42424b144c9b
[2015.07.26-02.33.17:252][  0]LogAnalytics: [UEEditor.Rocket.Release] AnalyticsET::StartSession
[2015.07.26-02.33.17:319][  0]LogInit: Transaction tracking system initialized
[2015.07.26-02.33.17:814][  0]BlueprintLog: New page: Editor Load
[2015.07.26-02.33.17:909][  0]LogAssetRegistry: FAssetRegistry took 0.0137 seconds to start up
[2015.07.26-02.33.17:948][  0]LogDirectoryWatcher:Warning: Failed to begin reading directory changes for ../../../Engine/Plugins/Experimental/CharacterAI/Content/. Error: 0
[2015.07.26-02.33.20:380][  0]LogLinker:Warning: Asset '../../../Engine/Content/Tutorial/Mobile/SettingUpAndroidTutorial.uasset' has been saved with empty engine version. The asset will be loaded but may be incompatible.
[2015.07.26-02.33.20:753][  0]LogConsoleManager:Warning: Console variable 'r.VSync' wasn't set ('GameSetting' has a lower priority than 'SystemSettingsIni')
[2015.07.26-02.33.20:754][  0]LogConsoleResponse:Display: 
[2015.07.26-02.33.21:104][  0]LogCook:Display: Done creating registry. It took  0.00s.
[2015.07.26-02.33.21:732][  0]SourceControl: Info Source control is disabled
[2015.07.26-02.33.21:734][  0]Cmd: MAP LOAD FILE="D:/Users/SCW/Documents/Unreal Projects/Demo/Content/StarterContent/Maps/Minimal_Default.umap" TEMPLATE=0 SHOWPROGRESS=1 FEATURELEVEL=3
[2015.07.26-02.33.21:802][  0]LightingResults: New page: Lighting Build
[2015.07.26-02.33.21:833][  0]MapCheck: New page: Map Check
[2015.07.26-02.33.21:834][  0]LightingResults: New page: Lighting Build
[2015.07.26-02.33.21:849][  0]LogParticles: Destroying 0 GPU particle simulations for FXSystem 0x00000000191249A0
[2015.07.26-02.33.24:240][  0]LogAIModule: Creating AISystem for world Minimal_Default
[2015.07.26-02.33.24:301][  0]LogEditorServer: Finished looking for orphan Actors (0.000 secs)
[2015.07.26-02.33.24:324][  0]Cmd: MAP CHECKDEP NOCLEARLOG
[2015.07.26-02.33.24:395][  0]MapCheck: Info Map check complete: 0 Error(s), 0 Warning(s), took 69.925ms to complete.
[2015.07.26-02.33.24:395][  0]LogFileHelpers: Loading map 'Minimal_Default' took 2.662
[2015.07.26-02.33.24:618][  0]LogCollectionManager: Loaded 0 collections in 0.003164 seconds
[2015.07.26-02.33.24:634][  0]LogContentBrowser: Native class hierarchy populated in 0.0151 seconds. Added 1795 classes and 303 folders.
[2015.07.26-02.33.24:796][  0]LogContentBrowser: Native class hierarchy updated for 'WidgetCarousel' in 0.0024 seconds. Added 0 classes and 0 folders.
[2015.07.26-02.33.25:011][  0]LogContentBrowser: Native class hierarchy updated for 'AddContentDialog' in 0.0050 seconds. Added 0 classes and 0 folders.
[2015.07.26-02.33.25:125][  0]LogContentBrowser: Native class hierarchy updated for 'SceneOutliner' in 0.0030 seconds. Added 1 classes and 2 folders.
[2015.07.26-02.33.25:272][  0]LogCrashTracker: Crashtracker disabled due to settings.
[2015.07.26-02.33.25:280][  0]LogD3D11RHI: InitD3DDevice
[2015.07.26-02.33.25:286][  0]LogUObjectGlobals:Warning: Failed to find object 'Class None.'
[2015.07.26-02.33.25:313][  0]LogLoad: Full Startup: 26.67 seconds (BP compile: 0.31 seconds)
[2015.07.26-02.33.25:730][  0]LogContentStreaming: Texture pool size is 0.000000MB
[2015.07.26-02.33.25:799][  0]LogContentStreaming: Texture pool size now 700 MB
[2015.07.26-02.33.26:064][  0]LogRenderer: Reallocating scene render targets to support 1208x584 (Frame:2).
[2015.07.26-02.33.29:534][ 11]LogAssetRegistry: Asset discovery search completed in 11.6379 seconds
[2015.07.26-02.33.55:927][208]LogD3D11RHI: InitD3DDevice
[2015.07.26-02.33.58:819][389]LogD3D11RHI: InitD3DDevice
[2015.07.26-02.33.58:845][389]LogD3D11RHI: InitD3DDevice
[2015.07.26-02.33.58:864][389]LogLinker:Warning: Asset '../../../Engine/Content/ArtTools/RenderToTexture/Macros/RenderToTextureMacros.uasset' has been saved with empty engine version. The asset will be loaded but may be incompatible.
[2015.07.26-02.33.58:990][389]LogLinker:Warning: Asset '../../../Engine/Content/ArtTools/RenderToTexture/Enums/RenderToTexture_Enum.uasset' has been saved with empty engine version. The asset will be loaded but may be incompatible.
[2015.07.26-02.34.01:941][500]LogD3D11RHI: InitD3DDevice
[2015.07.26-02.34.01:960][500]LogD3D11RHI: InitD3DDevice
[2015.07.26-02.34.09:404][859]LogD3D11RHI: InitD3DDevice
[2015.07.26-02.35.00:048][ 43]LogD3D11RHI: InitD3DDevice
[2015.07.26-02.35.00:051][ 43]Recompiling Demo...
[2015.07.26-02.35.00:051][ 43]Launching UnrealBuildTool... [C:/Program Files/Epic Games/4.8/Engine/Binaries/DotNET/UnrealBuildTool.exe Demo -ModuleWithSuffix Demo 9601 Win64 Development -editorrecompile -canskiplink "D:/Users/SCW/Documents/Unreal Projects/Demo/Demo.uproject" -rocket  -rocket]
[2015.07.26-02.35.00:052][ 43]Warning: Starting HotReload took  0.1s.
[2015.07.26-02.35.03:748][230]LogEditorViewport: Clicking on Actor (LMB): BP_BasicCharacter_C (BP_BasicCharacter)
[2015.07.26-02.35.04:485][258]Cmd: DELETE
[2015.07.26-02.35.04:486][258]Cmd: ACTOR DELETE
[2015.07.26-02.35.04:492][258]LogEditorActor: Deleted Actor: BP_BasicCharacter_C
[2015.07.26-02.35.04:509][258]LogActorComponent: UnregisterComponent: (/Engine/Transient.CharMoveComp) Not registered. Aborting.
[2015.07.26-02.35.04:540][258]LogParticles: Destroying 0 GPU particle simulations for FXSystem 0x000000001B8A16C0
[2015.07.26-02.35.04:588][258]LogEditorActor: Deleted 1 Actors (0.099 secs)
[2015.07.26-02.35.06:086][347]LogD3D11RHI: InitD3DDevice
[2015.07.26-02.35.06:439][347]LogSavePackage: Save=160.414688ms
[2015.07.26-02.35.06:439][347]LogSavePackage: Moving 'D:/Users/SCW/Documents/Unreal Projects/Demo/Saved/Minimal_DefaultB377A08743C6996D36D115857F1A7DDC.tmp' to 'D:/Users/SCW/Documents/Unreal Projects/Demo/Content/StarterContent/Maps/Minimal_Default.umap'
[2015.07.26-02.35.06:477][347]LogFileHelpers: Saving map 'Minimal_Default' took 0.378
[2015.07.26-02.36.43:548][718]LogD3D11RHI: InitD3DDevice
[2015.07.26-02.36.43:836][718]LogActor:Warning: GameNetworkManager /Engine/Transient.World_6:PersistentLevel.GameNetworkManager_0 has natively added scene component(s), but none of them were set as the actor's RootComponent - picking one arbitrarily
[2015.07.26-02.36.47:238][997]LogD3D11RHI: InitD3DDevice
[2015.07.26-02.36.47:312][997]LogD3D11RHI: InitD3DDevice
[2015.07.26-02.36.52:349][434]LogActorComponent: UnregisterComponent: (/Engine/Transient.CharMoveComp) Not registered. Aborting.
[2015.07.26-02.36.52:407][434]LogD3D11RHI: InitD3DDevice
[2015.07.26-02.36.52:419][434]Cmd: OBJ SAVEPACKAGE PACKAGE="/Game/Blueprints/BP_GameMode" FILE="D:/Users/SCW/Documents/Unreal Projects/Demo/Content/Blueprints/BP_GameMode.uasset" SILENT=true
[2015.07.26-02.36.52:440][434]LogSavePackage: Save=14.957624ms
[2015.07.26-02.36.52:440][434]LogSavePackage: Moving 'D:/Users/SCW/Documents/Unreal Projects/Demo/Saved/BP_GameModeC06ADCB54563CA609A6125A424687B88.tmp' to 'D:/Users/SCW/Documents/Unreal Projects/Demo/Content/Blueprints/BP_GameMode.uasset'
[2015.07.26-02.36.55:756][649]CompilerResultsLog: New page: Compilation - Jul 26, 2015, 6:36:55 PM
[2015.07.26-02.36.55:757][649]CompilerResultsLog: Info Compiling game modules for hot reload
[2015.07.26-02.36.55:757][649]CompilerResultsLog: Info Parsing headers for DemoEditor
[2015.07.26-02.36.55:758][649]CompilerResultsLog: Info Reflection code generated for DemoEditor
[2015.07.26-02.36.55:758][649]CompilerResultsLog: Info Performing 4 actions (4 in parallel)
[2015.07.26-02.36.55:758][649]CompilerResultsLog: Info BasicPlayerController.cpp
[2015.07.26-02.36.55:759][649]CompilerResultsLog: Info Demo.generated.cpp
[2015.07.26-02.36.55:759][649]CompilerResultsLog: Info BasicCharacter.cpp
[2015.07.26-02.36.55:759][649]CompilerResultsLog: Info [4/4] Link UE4Editor-Demo-9601.dll
[2015.07.26-02.36.55:760][649]CompilerResultsLog: Info    Creating library D:\Users\SCW\Documents\Unreal Projects\Demo\Intermediate/Build/Win64\UE4Editor\Development\UE4Editor-Demo-9601.lib and object D:\Users\SCW\Documents\Unreal Projects\Demo\Intermediate/Build/Win64\UE4Editor\Development\UE4Editor-Demo-9601.exp
[2015.07.26-02.36.55:760][649]CompilerResultsLog: Info -------- End Detailed Actions Stats -----------------------------------------------------------
[2015.07.26-02.36.55:760][649]CompilerResultsLog: Info Total build time: 115.44 seconds
[2015.07.26-02.36.55:761][649]LogMainFrame: MainFrame: Module compiling took 115.723 seconds
[2015.07.26-02.36.55:761][649]LogActorComponent: UnregisterComponent: (/Engine/Transient.CharMoveComp) Not registered. Aborting.
[2015.07.26-02.36.55:819][649]LogClass: Could not find existing class BasicPlayerController in package /Script/Demo for HotReload, assuming new class
[2015.07.26-02.36.55:834][649]LogHotReload: Re-instancing BasicPlayerController after hot-reload.
[2015.07.26-02.36.56:005][649]LogContentBrowser: Native class hierarchy updated for 'Demo' in 0.0017 seconds. Added 3 classes and 2 folders.
[2015.07.26-02.36.56:009][649]Warning: HotReload successful (0 functions remapped  0 scriptstructs remapped)
[2015.07.26-02.36.56:668][649]LogContentBrowser: Native class hierarchy populated in 0.0116 seconds. Added 1796 classes and 305 folders.
[2015.07.26-02.36.59:633][804]LogPlayLevel: PIE:  No blueprints needed recompiling
[2015.07.26-02.36.59:635][804]PIE: New page: PIE session: Minimal_Default (Jul 26, 2015, 6:36:59 PM)
[2015.07.26-02.36.59:636][804]LogPlayLevel: Creating play world package: /Game/StarterContent/Maps/UEDPIE_0_Minimal_Default
[2015.07.26-02.36.59:647][804]LogPlayLevel: PIE: StaticDuplicateObject took: (0.011434s)
[2015.07.26-02.36.59:649][804]LogAIModule: Creating AISystem for world Minimal_Default
[2015.07.26-02.36.59:650][804]LogPlayLevel: PIE: World Init took: (0.002100s)
[2015.07.26-02.36.59:651][804]LogPlayLevel: PIE: Created PIE world by copying editor world from /Game/StarterContent/Maps/Minimal_Default.Minimal_Default to /Game/StarterContent/Maps/UEDPIE_0_Minimal_Default.Minimal_Default (0.015670s)
[2015.07.26-02.36.59:714][804]LogInit: XAudio2 using '喇叭 (ASUS Xonar DS Audio Device)' : 2 channels at 44.1 kHz using 16 bits per sample (channel mask 0x3)
[2015.07.26-02.36.59:718][804]LogInit: FAudioDevice initialized.
[2015.07.26-02.36.59:809][804]LogWorld: Game class is 'BP_GameMode_C'
[2015.07.26-02.36.59:831][804]LogWorld: Bringing World /Game/StarterContent/Maps/UEDPIE_0_Minimal_Default.Minimal_Default up for play (max tick rate 0) at 2015.07.26-10.36.59
[2015.07.26-02.36.59:831][804]LogActor:Warning: GameSession /Game/StarterContent/Maps/UEDPIE_0_Minimal_Default.Minimal_Default:PersistentLevel.GameSession_0 has natively added scene component(s), but none of them were set as the actor's RootComponent - picking one arbitrarily
[2015.07.26-02.36.59:833][804]LogActor:Warning: GameNetworkManager /Game/StarterContent/Maps/UEDPIE_0_Minimal_Default.Minimal_Default:PersistentLevel.GameNetworkManager_1 has natively added scene component(s), but none of them were set as the actor's RootComponent - picking one arbitrarily
[2015.07.26-02.36.59:835][804]LogWorld: Bringing up level for play took: 0.008020
[2015.07.26-02.36.59:862][804]PIE: Info Play in editor start time for /Game/StarterContent/Maps/UEDPIE_0_Minimal_Default 0.903
[2015.07.26-02.37.04:041][ 57]LogParticles: Destroying 0 GPU particle simulations for FXSystem 0x0000000055BFD620
[2015.07.26-02.37.08:108][397]LogRenderer: Reallocating scene render targets to support 1208x912 (Frame:5767).
[2015.07.26-02.37.12:068][680]LogD3D11RHI: InitD3DDevice
[2015.07.26-02.37.14:893][950]LogD3D11RHI: InitD3DDevice
[2015.07.26-02.37.16:250][ 24]LogD3D11RHI: InitD3DDevice
[2015.07.26-02.37.18:039][194]LogActorComponent: UnregisterComponent: (/Engine/Transient.CharMoveComp) Not registered. Aborting.
[2015.07.26-02.37.38:227][258]LogEditorTransaction: Undo Modify Component(s)
[2015.07.26-02.37.38:246][258]LogActorComponent: UnregisterComponent: (/Engine/Transient.CharacterMovementComponent_0) Not registered. Aborting.
[2015.07.26-02.37.38:266][258]LogD3D11RHI: InitD3DDevice
[2015.07.26-02.37.47:205][ 97]BlueprintLog: New page: Compile BP_BasicCharacter
[2015.07.26-02.37.47:298][ 97]LogActorComponent: UnregisterComponent: (/Engine/Transient.CharacterMovementComponent_1) Not registered. Aborting.
[2015.07.26-02.37.47:338][ 97]LogParticles: Destroying 0 GPU particle simulations for FXSystem 0x000000001B8A09A0
[2015.07.26-02.37.47:380][ 97]BlueprintEditorCompileResults: Info [0288.74] Compile of BP_BasicCharacter successful! [in 172 ms]
[2015.07.26-02.37.49:093][197]LogPlayLevel: PIE:  No blueprints needed recompiling
[2015.07.26-02.37.49:094][197]PIE: New page: PIE session: Minimal_Default (Jul 26, 2015, 6:37:49 PM)
[2015.07.26-02.37.49:094][197]LogPlayLevel: Creating play world package: /Game/StarterContent/Maps/UEDPIE_0_Minimal_Default
[2015.07.26-02.37.49:102][197]LogPlayLevel: PIE: StaticDuplicateObject took: (0.008231s)
[2015.07.26-02.37.49:104][197]LogAIModule: Creating AISystem for world Minimal_Default
[2015.07.26-02.37.49:105][197]LogPlayLevel: PIE: World Init took: (0.001904s)
[2015.07.26-02.37.49:105][197]LogPlayLevel: PIE: Created PIE world by copying editor world from /Game/StarterContent/Maps/Minimal_Default.Minimal_Default to /Game/StarterContent/Maps/UEDPIE_0_Minimal_Default.Minimal_Default (0.011593s)
[2015.07.26-02.37.49:106][197]LogActorComponent: UnregisterComponent: (/Engine/Transient.CharMoveComp) Not registered. Aborting.
[2015.07.26-02.37.49:155][197]LogInit: XAudio2 using '喇叭 (ASUS Xonar DS Audio Device)' : 2 channels at 44.1 kHz using 16 bits per sample (channel mask 0x3)
[2015.07.26-02.37.49:159][197]LogInit: FAudioDevice initialized.
[2015.07.26-02.37.49:198][197]LogWorld: Game class is 'BP_GameMode_C'
[2015.07.26-02.37.49:205][197]LogWorld: Bringing World /Game/StarterContent/Maps/UEDPIE_0_Minimal_Default.Minimal_Default up for play (max tick rate 0) at 2015.07.26-10.37.49
[2015.07.26-02.37.49:206][197]LogActor:Warning: GameSession /Game/StarterContent/Maps/UEDPIE_0_Minimal_Default.Minimal_Default:PersistentLevel.GameSession_1 has natively added scene component(s), but none of them were set as the actor's RootComponent - picking one arbitrarily
[2015.07.26-02.37.49:207][197]LogActor:Warning: GameNetworkManager /Game/StarterContent/Maps/UEDPIE_0_Minimal_Default.Minimal_Default:PersistentLevel.GameNetworkManager_2 has natively added scene component(s), but none of them were set as the actor's RootComponent - picking one arbitrarily
[2015.07.26-02.37.49:207][197]LogWorld: Bringing up level for play took: 0.006070
[2015.07.26-02.37.49:212][197]PIE: Info Play in editor start time for /Game/StarterContent/Maps/UEDPIE_0_Minimal_Default 0.254
[2015.07.26-02.37.51:328][423]LogParticles: Destroying 0 GPU particle simulations for FXSystem 0x00000000197BC180
[2015.07.26-02.37.52:125][476]LogD3D11RHI: InitD3DDevice
[2015.07.26-02.37.52:941][543]LogD3D11RHI: InitD3DDevice
[2015.07.26-02.37.53:582][617]LogD3D11RHI: InitD3DDevice
[2015.07.26-02.37.54:961][692]LogD3D11RHI: InitD3DDevice
[2015.07.26-02.37.54:995][693]LogD3D11RHI: InitD3DDevice
[2015.07.26-02.37.55:241][706]LogD3D11RHI: InitD3DDevice
[2015.07.26-02.37.55:278][707]LogD3D11RHI: InitD3DDevice
[2015.07.26-02.37.56:338][786]LogD3D11RHI: InitD3DDevice
[2015.07.26-02.37.56:495][795]LogD3D11RHI: InitD3DDevice
[2015.07.26-02.37.56:788][828]LogD3D11RHI: InitD3DDevice
[2015.07.26-02.37.57:796][899]LogD3D11RHI: InitD3DDevice
[2015.07.26-02.37.57:869][900]LogD3D11RHI: InitD3DDevice
[2015.07.26-02.37.58:423][931]LogD3D11RHI: InitD3DDevice
[2015.07.26-02.37.58:726][966]LogD3D11RHI: InitD3DDevice
[2015.07.26-02.37.59:796][ 40]LogD3D11RHI: InitD3DDevice
[2015.07.26-02.38.18:451][754]LogD3D11RHI: InitD3DDevice
[2015.07.26-02.38.18:483][754]Cmd: OBJ SAVEPACKAGE PACKAGE="/Game/Blueprints/BP_BasicCharacter" FILE="D:/Users/SCW/Documents/Unreal Projects/Demo/Content/Blueprints/BP_BasicCharacter.uasset" SILENT=true
[2015.07.26-02.38.18:530][754]LogSavePackage: Save=38.995872ms
[2015.07.26-02.38.18:530][754]LogSavePackage: Moving 'D:/Users/SCW/Documents/Unreal Projects/Demo/Saved/BP_BasicCharacter8C0D04EE4C0018E3724AAC8895331F01.tmp' to 'D:/Users/SCW/Documents/Unreal Projects/Demo/Content/Blueprints/BP_BasicCharacter.uasset'
[2015.07.26-02.39.23:260][858]LogD3D11RHI: InitD3DDevice
[2015.07.26-02.39.23:261][858]Recompiling Demo...
[2015.07.26-02.39.23:262][858]Launching UnrealBuildTool... [C:/Program Files/Epic Games/4.8/Engine/Binaries/DotNET/UnrealBuildTool.exe Demo -ModuleWithSuffix Demo 913 Win64 Development -editorrecompile -canskiplink "D:/Users/SCW/Documents/Unreal Projects/Demo/Demo.uproject" -rocket  -rocket]
[2015.07.26-02.39.23:264][858]Warning: Starting HotReload took  0.0s.
[2015.07.26-02.39.51:877][345]CompilerResultsLog: New page: Compilation - Jul 26, 2015, 6:39:51 PM
[2015.07.26-02.39.51:878][345]CompilerResultsLog: Info Compiling game modules for hot reload
[2015.07.26-02.39.51:878][345]CompilerResultsLog: Info Parsing headers for DemoEditor
[2015.07.26-02.39.51:878][345]CompilerResultsLog: Info Reflection code generated for DemoEditor
[2015.07.26-02.39.51:879][345]CompilerResultsLog: Info Performing 2 actions (4 in parallel)
[2015.07.26-02.39.51:879][345]CompilerResultsLog: Info BasicPlayerController.cpp
[2015.07.26-02.39.51:880][345]CompilerResultsLog: Info [2/2] Link UE4Editor-Demo-913.dll
[2015.07.26-02.39.51:880][345]CompilerResultsLog: Info    Creating library D:\Users\SCW\Documents\Unreal Projects\Demo\Intermediate/Build/Win64\UE4Editor\Development\UE4Editor-Demo-913.lib and object D:\Users\SCW\Documents\Unreal Projects\Demo\Intermediate/Build/Win64\UE4Editor\Development\UE4Editor-Demo-913.exp
[2015.07.26-02.39.51:880][345]CompilerResultsLog: Info -------- End Detailed Actions Stats -----------------------------------------------------------
[2015.07.26-02.39.51:881][345]CompilerResultsLog: Info Total build time: 28.13 seconds
[2015.07.26-02.39.51:881][345]LogMainFrame: MainFrame: Module compiling took 28.627 seconds
[2015.07.26-02.39.51:881][345]LogActorComponent: UnregisterComponent: (/Engine/Transient.CharMoveComp) Not registered. Aborting.
[2015.07.26-02.39.51:965][345]LogContentBrowser: Native class hierarchy updated for 'Demo' in 0.0019 seconds. Added 3 classes and 2 folders.
[2015.07.26-02.39.51:969][345]Warning: HotReload successful (0 functions remapped  0 scriptstructs remapped)
[2015.07.26-02.39.52:624][345]LogContentBrowser: Native class hierarchy populated in 0.0116 seconds. Added 1796 classes and 305 folders.
[2015.07.26-02.40.04:329][381]LogEditorViewport: Clicking on Actor (LMB): BP_Sky_Sphere_C (BP_Sky_Sphere)
[2015.07.26-02.40.05:084][423]LogPlayLevel: PIE:  No blueprints needed recompiling
[2015.07.26-02.40.05:085][423]PIE: New page: PIE session: Minimal_Default (Jul 26, 2015, 6:40:05 PM)
[2015.07.26-02.40.05:086][423]LogPlayLevel: Creating play world package: /Game/StarterContent/Maps/UEDPIE_0_Minimal_Default
[2015.07.26-02.40.05:094][423]LogPlayLevel: PIE: StaticDuplicateObject took: (0.007657s)
[2015.07.26-02.40.05:095][423]LogAIModule: Creating AISystem for world Minimal_Default
[2015.07.26-02.40.05:096][423]LogPlayLevel: PIE: World Init took: (0.002054s)
[2015.07.26-02.40.05:096][423]LogPlayLevel: PIE: Created PIE world by copying editor world from /Game/StarterContent/Maps/Minimal_Default.Minimal_Default to /Game/StarterContent/Maps/UEDPIE_0_Minimal_Default.Minimal_Default (0.011271s)
[2015.07.26-02.40.05:165][423]LogInit: XAudio2 using '喇叭 (ASUS Xonar DS Audio Device)' : 2 channels at 44.1 kHz using 16 bits per sample (channel mask 0x3)
[2015.07.26-02.40.05:170][423]LogInit: FAudioDevice initialized.
[2015.07.26-02.40.05:208][423]LogWorld: Game class is 'BP_GameMode_C'
[2015.07.26-02.40.05:215][423]LogWorld: Bringing World /Game/StarterContent/Maps/UEDPIE_0_Minimal_Default.Minimal_Default up for play (max tick rate 0) at 2015.07.26-10.40.05
[2015.07.26-02.40.05:216][423]LogActor:Warning: GameSession /Game/StarterContent/Maps/UEDPIE_0_Minimal_Default.Minimal_Default:PersistentLevel.GameSession_2 has natively added scene component(s), but none of them were set as the actor's RootComponent - picking one arbitrarily
[2015.07.26-02.40.05:217][423]LogActor:Warning: GameNetworkManager /Game/StarterContent/Maps/UEDPIE_0_Minimal_Default.Minimal_Default:PersistentLevel.GameNetworkManager_3 has natively added scene component(s), but none of them were set as the actor's RootComponent - picking one arbitrarily
[2015.07.26-02.40.05:218][423]LogWorld: Bringing up level for play took: 0.006726
[2015.07.26-02.40.05:221][423]PIE: Info Play in editor start time for /Game/StarterContent/Maps/UEDPIE_0_Minimal_Default 0.269
[2015.07.26-02.40.11:382][ 33]LogParticles: Destroying 0 GPU particle simulations for FXSystem 0x000000001C3365C0
[2015.07.26-02.46.15:601][944]LogD3D11RHI: InitD3DDevice
[2015.07.26-02.46.15:603][944]Recompiling Demo...
[2015.07.26-02.46.15:604][944]Launching UnrealBuildTool... [C:/Program Files/Epic Games/4.8/Engine/Binaries/DotNET/UnrealBuildTool.exe Demo -ModuleWithSuffix Demo 1454 Win64 Development -editorrecompile -canskiplink "D:/Users/SCW/Documents/Unreal Projects/Demo/Demo.uproject" -rocket  -rocket]
[2015.07.26-02.46.15:606][944]Warning: Starting HotReload took  0.0s.
[2015.07.26-02.46.34:262][998]LogEditorViewport: Clicking on Actor (LMB): StaticMeshActor (Floor)
[2015.07.26-02.46.34:865][ 24]LogEditorViewport: Clicking on Actor (LMB): StaticMeshActor (Floor)
[2015.07.26-02.46.39:226][226]LogEditorViewport: Clicking on Actor (LMB): BP_Sky_Sphere_C (BP_Sky_Sphere)
[2015.07.26-02.46.43:427][465]LogEditorViewport: Clicking on Actor (LMB): StaticMeshActor (Floor)
[2015.07.26-02.46.45:361][560]CompilerResultsLog: New page: Compilation - Jul 26, 2015, 6:46:45 PM
[2015.07.26-02.46.45:362][560]CompilerResultsLog: Info Compiling game modules for hot reload
[2015.07.26-02.46.45:363][560]CompilerResultsLog: Info Parsing headers for DemoEditor
[2015.07.26-02.46.45:363][560]CompilerResultsLog: Info Reflection code generated for DemoEditor
[2015.07.26-02.46.45:364][560]CompilerResultsLog: Info Performing 2 actions (4 in parallel)
[2015.07.26-02.46.45:364][560]CompilerResultsLog: Info BasicPlayerController.cpp
[2015.07.26-02.46.45:365][560]CompilerResultsLog: Info [2/2] Link UE4Editor-Demo-1454.dll
[2015.07.26-02.46.45:365][560]CompilerResultsLog: Info    Creating library D:\Users\SCW\Documents\Unreal Projects\Demo\Intermediate/Build/Win64\UE4Editor\Development\UE4Editor-Demo-1454.lib and object D:\Users\SCW\Documents\Unreal Projects\Demo\Intermediate/Build/Win64\UE4Editor\Development\UE4Editor-Demo-1454.exp
[2015.07.26-02.46.45:365][560]CompilerResultsLog: Info -------- End Detailed Actions Stats -----------------------------------------------------------
[2015.07.26-02.46.45:366][560]CompilerResultsLog: Info Total build time: 29.54 seconds
[2015.07.26-02.46.45:366][560]LogMainFrame: MainFrame: Module compiling took 29.770 seconds
[2015.07.26-02.46.45:366][560]LogActorComponent: UnregisterComponent: (/Engine/Transient.CharMoveComp) Not registered. Aborting.
[2015.07.26-02.46.45:461][560]LogContentBrowser: Native class hierarchy updated for 'Demo' in 0.0018 seconds. Added 3 classes and 2 folders.
[2015.07.26-02.46.45:468][560]Warning: HotReload successful (0 functions remapped  0 scriptstructs remapped)
[2015.07.26-02.46.46:126][560]LogContentBrowser: Native class hierarchy populated in 0.0117 seconds. Added 1796 classes and 305 folders.
[2015.07.26-02.46.47:629][636]LogEditorViewport: Clicking on Actor (LMB): BP_Sky_Sphere_C (BP_Sky_Sphere)
[2015.07.26-02.46.48:194][662]LogPlayLevel: PIE:  No blueprints needed recompiling
[2015.07.26-02.46.48:194][662]PIE: New page: PIE session: Minimal_Default (Jul 26, 2015, 6:46:48 PM)
[2015.07.26-02.46.48:195][662]LogPlayLevel: Creating play world package: /Game/StarterContent/Maps/UEDPIE_0_Minimal_Default
[2015.07.26-02.46.48:203][662]LogPlayLevel: PIE: StaticDuplicateObject took: (0.007610s)
[2015.07.26-02.46.48:205][662]LogAIModule: Creating AISystem for world Minimal_Default
[2015.07.26-02.46.48:206][662]LogPlayLevel: PIE: World Init took: (0.001873s)
[2015.07.26-02.46.48:206][662]LogPlayLevel: PIE: Created PIE world by copying editor world from /Game/StarterContent/Maps/Minimal_Default.Minimal_Default to /Game/StarterContent/Maps/UEDPIE_0_Minimal_Default.Minimal_Default (0.010915s)
[2015.07.26-02.46.48:295][662]LogInit: XAudio2 using '喇叭 (ASUS Xonar DS Audio Device)' : 2 channels at 44.1 kHz using 16 bits per sample (channel mask 0x3)
[2015.07.26-02.46.48:299][662]LogInit: FAudioDevice initialized.
[2015.07.26-02.46.48:339][662]LogWorld: Game class is 'BP_GameMode_C'
[2015.07.26-02.46.48:346][662]LogWorld: Bringing World /Game/StarterContent/Maps/UEDPIE_0_Minimal_Default.Minimal_Default up for play (max tick rate 0) at 2015.07.26-10.46.48
[2015.07.26-02.46.48:346][662]LogActor:Warning: GameSession /Game/StarterContent/Maps/UEDPIE_0_Minimal_Default.Minimal_Default:PersistentLevel.GameSession_3 has