[2015.07.25-13.12.27:816][  0]Log file open, 07/25/15 21:12:27
[2015.07.25-13.12.27:816][  0]LogInit:Display: Running engine for game: Demo
[2015.07.25-13.12.27:817][  0]LogInit:Display: RandInit(-883717136) SRandInit(-883717136).
[2015.07.25-13.12.27:817][  0]LogTaskGraph: Started task graph with 4 named threads and 7 total threads.
[2015.07.25-13.12.27:817][  0]LogStats: Stats thread started
[2015.07.25-13.12.27:818][  0]LogInit: Version: 4.8.2-2614606+++depot+UE4-Releases+4.8
[2015.07.25-13.12.27:818][  0]LogInit: API Version: 2579680
[2015.07.25-13.12.27:818][  0]LogInit: Compiled (64-bit): Jul  8 2015 23:43:41
[2015.07.25-13.12.27:818][  0]LogInit: Compiled with Visual C++: 18.00.21005.01
[2015.07.25-13.12.27:819][  0]LogInit: Build Configuration: Development
[2015.07.25-13.12.27:819][  0]LogInit: Branch Name: ++depot+UE4-Releases+4.8
[2015.07.25-13.12.27:819][  0]LogInit: Command line: 
[2015.07.25-13.12.27:819][  0]LogInit: Base directory: C:/Program Files/Epic Games/4.8/Engine/Binaries/Win64/
[2015.07.25-13.12.27:820][  0]LogInit: Rocket: 1
[2015.07.25-13.12.27:848][  0]LogInit: Using libcurl 7.41.0
[2015.07.25-13.12.27:849][  0]LogInit:  - built for x86_64-pc-win32
[2015.07.25-13.12.27:849][  0]LogInit:  - supports SSL with WinSSL
[2015.07.25-13.12.27:849][  0]LogInit:  - other features:
[2015.07.25-13.12.27:849][  0]LogInit:      CURL_VERSION_SSL
[2015.07.25-13.12.27:850][  0]LogInit:      CURL_VERSION_IPV6
[2015.07.25-13.12.27:850][  0]LogInit:      CURL_VERSION_ASYNCHDNS
[2015.07.25-13.12.27:850][  0]LogInit:      CURL_VERSION_LARGEFILE
[2015.07.25-13.12.27:850][  0]LogInit:      CURL_VERSION_IDN
[2015.07.25-13.12.27:851][  0]LogInit:  CurlRequestOptions (configurable via config and command line):
[2015.07.25-13.12.27:851][  0]LogInit:  - bVerifyPeer = true  - Libcurl will verify peer certificate
[2015.07.25-13.12.27:851][  0]LogInit:  - bUseHttpProxy = false  - Libcurl will NOT use HTTP proxy
[2015.07.25-13.12.27:852][  0]LogInit:  - bDontReuseConnections = false  - Libcurl will reuse connections
[2015.07.25-13.12.27:852][  0]LogInit:  - CertBundlePath = nullptr  - Libcurl will use whatever was configured at build time.
[2015.07.25-13.12.27:875][  0]LogOnline:Warning: No default platform service specified for OnlineSubsystem
[2015.07.25-13.12.27:928][  0]LogInit: Presizing for 0 objects not considered by GC, pre-allocating 0 bytes.
[2015.07.25-13.12.27:940][  0]LogInit: Object subsystem initialized
[2015.07.25-13.12.27:942][  0]LogConsoleResponse:Warning: Skipping Unknown console variable: 'TranslucentSortAxis = (X=0.000000,Y=-1.000000,Z=0.000000)'
[2015.07.25-13.12.27:942][  0]LogConsoleResponse:Warning:   Found in ini file 'D:/Users/SCW/Documents/Unreal Projects/Demo/Saved/Config/Windows/Engine.ini', in section '[/Script/Engine.RendererSettings]'
[2015.07.25-13.12.27:943][  0]LogConsoleResponse:Warning: Skipping Unknown console variable: 'UIScaleRule = ShortestSide'
[2015.07.25-13.12.27:943][  0]LogConsoleResponse:Warning:   Found in ini file 'D:/Users/SCW/Documents/Unreal Projects/Demo/Saved/Config/Windows/Engine.ini', in section '[/Script/Engine.RendererSettings]'
[2015.07.25-13.12.27:943][  0]LogConsoleResponse:Warning: Skipping Unknown console variable: 'UIScaleCurve = (EditorCurveData=(Keys=),ExternalCurve=None)'
[2015.07.25-13.12.27:943][  0]LogConsoleResponse:Warning:   Found in ini file 'D:/Users/SCW/Documents/Unreal Projects/Demo/Saved/Config/Windows/Engine.ini', in section '[/Script/Engine.RendererSettings]'
[2015.07.25-13.12.27:944][  0]LogInit: Selected Device Profile: [Windows]
[2015.07.25-13.12.27:945][  0]LogInit: Applying CVar settings loaded from the selected device profile: [Windows]
[2015.07.25-13.12.27:954][  0]LogInit: Computer: SCW-PC
[2015.07.25-13.12.27:954][  0]LogInit: User: SCW
[2015.07.25-13.12.27:955][  0]LogInit: CPU Page size=4096, Cores=4
[2015.07.25-13.12.27:955][  0]LogInit: High frequency timer resolution =2.483750 MHz
[2015.07.25-13.12.27:955][  0]LogMemory: Memory total: Physical=8.0GB (8GB approx)
[2015.07.25-13.12.27:956][  0]LogMemory: Platform Memory Stats for Windows
[2015.07.25-13.12.27:956][  0]LogMemory: Process Physical Memory: 51.02 MB used, 51.02 MB peak
[2015.07.25-13.12.27:956][  0]LogMemory: Process Virtual Memory: 23.45 MB used, 23.45 MB peak
[2015.07.25-13.12.27:957][  0]LogMemory: Physical Memory: 5778.93 MB used, 8183.05 MB total
[2015.07.25-13.12.27:957][  0]LogMemory: Virtual Memory: 291.52 MB used, 8388608.00 MB total
[2015.07.25-13.12.28:053][  0]LogTextLocalizationManager: The requested culture ('zh_TW') has no localization data; falling back to 'en' for localization and internationalization data.
[2015.07.25-13.12.28:377][  0]LogTextLocalizationManager:Warning: Loaded localization resources contain conflicting entries for (Namespace:ContentBrowser, Key:ImportAssetToolTip):
Localization Resource: (C:/Program Files/Epic Games/4.8/Engine/Content/Localization/Editor/en/Editor.locres) Source String Hash: (-630476809) Localized String: (Import to {0}...)
Localization Resource: (C:/Program Files/Epic Games/4.8/Engine/Content/Localization/Editor/en/Editor.locres) Source String Hash: (1271782899) Localized String: (Imports an asset from file to this folder.)
[2015.07.25-13.12.28:899][  0]LogD3D11RHI: Found D3D11 adapter 0: NVIDIA GeForce GTX 560 Ti   (Feature Level 11_0)
[2015.07.25-13.12.28:900][  0]LogD3D11RHI: Adapter has 979MB of dedicated video memory, 0MB of dedicated system memory, and 3071MB of shared system memory, 2 output[s]
[2015.07.25-13.12.28:901][  0]LogD3D11RHI: Chosen D3D11 Adapter Id = 0
[2015.07.25-13.12.28:915][  0]LogD3D11RHI: InitD3DDevice
[2015.07.25-13.12.28:916][  0]LogD3D11RHI: !Direct3DDevice
[2015.07.25-13.12.28:919][  0]LogRHI: Texture pool is 685 MB (70% of 979 MB)
[2015.07.25-13.12.28:984][  0]LogD3D11RHI: Async texture creation enabled
[2015.07.25-13.12.29:004][  0]LogShaderCompilers:Display: Using Local Shader Compiler.
[2015.07.25-13.12.30:254][  0]LogTemp:Display: Loaded TP DesktopTargetPlatform
[2015.07.25-13.12.30:289][  0]LogTemp:Display: Loaded TP WindowsClientTargetPlatform
[2015.07.25-13.12.30:324][  0]LogTemp:Display: Loaded TP WindowsNoEditorTargetPlatform
[2015.07.25-13.12.30:359][  0]LogTemp:Display: Loaded TP WindowsServerTargetPlatform
[2015.07.25-13.12.30:398][  0]LogTemp:Display: Loaded TP WindowsTargetPlatform
[2015.07.25-13.12.30:422][  0]LogTemp:Display: Loaded TP AndroidTargetPlatform
[2015.07.25-13.12.30:449][  0]LogTemp:Display: Loaded TP Android_ASTCTargetPlatform
[2015.07.25-13.12.30:476][  0]LogTemp:Display: Loaded TP Android_ATCTargetPlatform
[2015.07.25-13.12.30:505][  0]LogTemp:Display: Loaded TP Android_DXTTargetPlatform
[2015.07.25-13.12.30:534][  0]LogTemp:Display: Loaded TP Android_ETC1TargetPlatform
[2015.07.25-13.12.30:563][  0]LogTemp:Display: Loaded TP Android_ETC2TargetPlatform
[2015.07.25-13.12.30:590][  0]LogTemp:Display: Loaded TP Android_PVRTCTargetPlatform
[2015.07.25-13.12.30:690][  0]LogTemp:Display: Loaded TP IOSTargetPlatform
[2015.07.25-13.12.30:713][  0]LogTemp:Display: Loaded TP LinuxNoEditorTargetPlatform
[2015.07.25-13.12.30:736][  0]LogTemp:Display: Loaded TP LinuxServerTargetPlatform
[2015.07.25-13.12.30:762][  0]LogTemp:Display: Loaded TP LinuxTargetPlatform
[2015.07.25-13.12.30:763][  0]LogTargetPlatformManager:Display: Building Assets For Windows
[2015.07.25-13.12.31:255][  0]LogDerivedDataCache:Display: Max Cache Size: 512 MB
[2015.07.25-13.12.31:323][  0]LogDerivedDataCache: Loaded boot cache 0.07s 53MB C:/Users/SCW/AppData/Local/UnrealEngine/4.8/DerivedDataCache/Boot.ddc.
[2015.07.25-13.12.31:324][  0]LogDerivedDataCache:Display: Loaded Boot cache: C:/Users/SCW/AppData/Local/UnrealEngine/4.8/DerivedDataCache/Boot.ddc
[2015.07.25-13.12.31:324][  0]LogDerivedDataCache: FDerivedDataBackendGraph:  Pak pak cache file D:/Users/SCW/Documents/Unreal Projects/Demo/DerivedDataCache/DDC.ddp not found, will not use a pak cache.
[2015.07.25-13.12.31:325][  0]LogDerivedDataCache: Unable to find inner node Pak for hierarchical cache Hierarchy.
[2015.07.25-13.12.31:325][  0]LogDerivedDataCache: FDerivedDataBackendGraph:  CompressedPak pak cache file D:/Users/SCW/Documents/Unreal Projects/Demo/DerivedDataCache/Compressed.ddp not found, will not use a pak cache.
[2015.07.25-13.12.31:325][  0]LogDerivedDataCache: Unable to find inner node CompressedPak for hierarchical cache Hierarchy.
[2015.07.25-13.12.31:546][  0]LogDerivedDataCache:Display: Pak cache opened for reading ../../../Engine/DerivedDataCache/Compressed.ddp.
[2015.07.25-13.12.31:559][  0]LogDerivedDataCache: Using Local data cache path C:/Users/SCW/AppData/Local/UnrealEngine/Common/DerivedDataCache: Writable
[2015.07.25-13.12.31:874][  0]LogInit: Selected Device Profile: [Windows]
[2015.07.25-13.12.31:883][  0]ImportText (ComponentSweepMultiTests): Missing closing parenthesis: (RootShapeAsset="/Engine/BasicShapes/Cube.Cube",ShapeType="TriggerCapsule",HitResult=(Time=0.50,Location=(X=-100.000015,Y=0.0,Z=100.000015),ImpactPoint=(X=-50.0,Y=0.0,Z=50.0),Normal=(X=-1.0,Y=-0.0,Z=0.0),ImpactNormal=(X=0.0,Y=0.0,Z=1.0),TraceStart=(X=-200.0,Y=0.0,Z=200.0),TraceEnd=(X=0.0,Y=0.0,Z=0.0))
[2015.07.25-13.12.31:884][  0]ImportText (LineTraceSingleByChannelTests): Missing closing parenthesis: (RootShapeAsset="/Engine/BasicShapes/Cube.Cube",HitResult=(Time=0.50,Location=(X=-100.000015,Y=0.0,Z=100.000015),ImpactPoint=(X=-50.0,Y=0.0,Z=50.0),Normal=(X=-1.0,Y=-0.0,Z=0.0),ImpactNormal=(X=0.0,Y=0.0,Z=1.0),TraceStart=(X=-200.0,Y=0.0,Z=200.0),TraceEnd=(X=0.0,Y=0.0,Z=0.0))
[2015.07.25-13.12.31:946][  0]LogMeshUtilities: No automatic mesh reduction module available
[2015.07.25-13.12.31:946][  0]LogMeshUtilities: No automatic mesh merging module available
[2015.07.25-13.12.32:555][  0]LogInit: WinSock: version 1.1 (2.2), MaxSocks=32767, MaxUdp=65467
[2015.07.25-13.12.34:356][  0]UdpMessaging: Initializing bridge on interface 0.0.0.0:0 to multicast group 230.0.0.1:6666.
[2015.07.25-13.12.35:153][  0]SourceControl: Info Source control is disabled
[2015.07.25-13.12.35:210][  0]SourceControl: Info Source control is disabled
[2015.07.25-13.12.35:237][  0]SourceControl: Info Source control is disabled
[2015.07.25-13.12.35:271][  0]SourceControl: Info Source control is disabled
[2015.07.25-13.12.35:748][  0]LogObj: 26288 objects as part of root set at end of initial load.
[2015.07.25-13.12.35:748][  0]LogUObjectAllocator: 5422088 out of 0 bytes used by permanent object pool.
[2015.07.25-13.12.35:884][  0]LogEngine: Initializing Engine...
[2015.07.25-13.12.35:888][  0]LogHMD: Can't find Oculus library dev build: is proper Runtime installed? Version: 0.6.0.0
[2015.07.25-13.12.35:894][  0]LogHMD:Warning: SteamVR failed to initialize.  Error: 100
[2015.07.25-13.12.36:137][  0]LogAIModule: Creating AISystem for world NewWorld
[2015.07.25-13.12.36:149][  0]LogInit: XAudio2 using '喇叭 (ASUS Xonar DS Audio Device)' : 2 channels at 44.1 kHz using 16 bits per sample (channel mask 0x3)
[2015.07.25-13.12.36:162][  0]LogInit: FAudioDevice initialized.
[2015.07.25-13.12.36:196][  0]LogDerivedDataCache: Saved boot cache 0.03s 53MB C:/Users/SCW/AppData/Local/UnrealEngine/4.8/DerivedDataCache/Boot.ddc.
[2015.07.25-13.12.36:207][  0]LogInit: Texture streaming: Disabled
[2015.07.25-13.12.36:258][  0]LogAnalytics: Creating configured Analytics provider AnalyticsET
[2015.07.25-13.12.36:258][  0]LogAnalytics: [UEEditor.Rocket.Release] APIServer = http://et2.epicgames.com/ET2/. AppVersion = 4.8.2-2614606+++depot+UE4-Releases+4.8
[2015.07.25-13.12.36:259][  0]LogAnalytics: [UEEditor.Rocket.Release] SetUserId 568b5a34404f889fb1b32ab5dcc7273c|171fa9009f6b4f02983f7d0ecd1f12ba|c0dd2cb7-895e-48cf-9e36-42424b144c9b
[2015.07.25-13.12.36:259][  0]LogAnalytics: [UEEditor.Rocket.Release] AnalyticsET::StartSession
[2015.07.25-13.12.36:303][  0]LogInit: Transaction tracking system initialized
[2015.07.25-13.12.36:648][  0]BlueprintLog: New page: Editor Load
[2015.07.25-13.12.36:719][  0]LogAssetRegistry: FAssetRegistry took 0.0115 seconds to start up
[2015.07.25-13.12.36:720][  0]LogDirectoryWatcher:Warning: Failed to begin reading directory changes for ../../../Engine/Plugins/Experimental/CharacterAI/Content/. Error: 0
[2015.07.25-13.12.37:965][  0]LogLinker:Warning: Asset '../../../Engine/Content/Tutorial/Mobile/SettingUpAndroidTutorial.uasset' has been saved with empty engine version. The asset will be loaded but may be incompatible.
[2015.07.25-13.12.38:214][  0]LogConsoleManager:Warning: Console variable 'r.VSync' wasn't set ('GameSetting' has a lower priority than 'SystemSettingsIni')
[2015.07.25-13.12.38:215][  0]LogConsoleResponse:Display: 
[2015.07.25-13.12.38:367][  0]LogCook:Display: Done creating registry. It took  0.00s.
[2015.07.25-13.12.38:770][  0]SourceControl: Info Source control is disabled
[2015.07.25-13.12.38:771][  0]Cmd: MAP LOAD FILE="D:/Users/SCW/Documents/Unreal Projects/Demo/Content/StarterContent/Maps/Minimal_Default.umap" TEMPLATE=0 SHOWPROGRESS=1 FEATURELEVEL=3
[2015.07.25-13.12.38:772][  0]LightingResults: New page: Lighting Build
[2015.07.25-13.12.38:795][  0]MapCheck: New page: Map Check
[2015.07.25-13.12.38:796][  0]LightingResults: New page: Lighting Build
[2015.07.25-13.12.38:807][  0]LogParticles: Destroying 0 GPU particle simulations for FXSystem 0x000000001ED3C9A0
[2015.07.25-13.12.39:829][  0]LogAIModule: Creating AISystem for world Minimal_Default
[2015.07.25-13.12.39:843][  0]LogEditorServer: Finished looking for orphan Actors (0.000 secs)
[2015.07.25-13.12.39:866][  0]Cmd: MAP CHECKDEP NOCLEARLOG
[2015.07.25-13.12.39:929][  0]MapCheck: Info Map check complete: 0 Error(s), 0 Warning(s), took 63.159ms to complete.
[2015.07.25-13.12.39:930][  0]LogFileHelpers: Loading map 'Minimal_Default' took 1.159
[2015.07.25-13.12.40:116][  0]LogCollectionManager: Loaded 0 collections in 0.003138 seconds
[2015.07.25-13.12.40:128][  0]LogContentBrowser: Native class hierarchy populated in 0.0115 seconds. Added 1796 classes and 303 folders.
[2015.07.25-13.12.40:250][  0]LogContentBrowser: Native class hierarchy updated for 'WidgetCarousel' in 0.0030 seconds. Added 0 classes and 0 folders.
[2015.07.25-13.12.40:317][  0]LogContentBrowser: Native class hierarchy updated for 'AddContentDialog' in 0.0030 seconds. Added 0 classes and 0 folders.
[2015.07.25-13.12.40:369][  0]LogContentBrowser: Native class hierarchy updated for 'SceneOutliner' in 0.0030 seconds. Added 1 classes and 2 folders.
[2015.07.25-13.12.40:431][  0]LogCrashTracker: Crashtracker disabled due to settings.
[2015.07.25-13.12.40:433][  0]LogD3D11RHI: InitD3DDevice
[2015.07.25-13.12.40:437][  0]LogUObjectGlobals:Warning: Failed to find object 'Class None.'
[2015.07.25-13.12.40:460][  0]LogLoad: Full Startup: 15.64 seconds (BP compile: 0.24 seconds)
[2015.07.25-13.12.40:886][  0]LogContentStreaming: Texture pool size is 0.000000MB
[2015.07.25-13.12.40:948][  0]LogContentStreaming: Texture pool size now 700 MB
[2015.07.25-13.12.41:113][  0]LogRenderer: Reallocating scene render targets to support 1208x584 (Frame:2).
[2015.07.25-13.12.44:871][ 12]LogAssetRegistry: Asset discovery search completed in 8.1630 seconds
[2015.07.25-13.13.19:903][192]LogD3D11RHI: InitD3DDevice
[2015.07.25-13.13.22:628][447]LogPlayLevel: PIE:  No blueprints needed recompiling
[2015.07.25-13.13.22:632][447]PIE: New page: PIE session: Minimal_Default (Jul 26, 2015, 5:13:22 AM)
[2015.07.25-13.13.22:633][447]LogPlayLevel: Creating play world package: /Game/StarterContent/Maps/UEDPIE_0_Minimal_Default
[2015.07.25-13.13.22:643][447]LogPlayLevel: PIE: StaticDuplicateObject took: (0.008810s)
[2015.07.25-13.13.22:644][447]LogAIModule: Creating AISystem for world Minimal_Default
[2015.07.25-13.13.22:645][447]LogPlayLevel: PIE: World Init took: (0.002000s)
[2015.07.25-13.13.22:646][447]LogPlayLevel: PIE: Created PIE world by copying editor world from /Game/StarterContent/Maps/Minimal_Default.Minimal_Default to /Game/StarterContent/Maps/UEDPIE_0_Minimal_Default.Minimal_Default (0.012528s)
[2015.07.25-13.13.22:697][447]LogInit: XAudio2 using '喇叭 (ASUS Xonar DS Audio Device)' : 2 channels at 44.1 kHz using 16 bits per sample (channel mask 0x3)
[2015.07.25-13.13.22:701][447]LogInit: FAudioDevice initialized.
[2015.07.25-13.13.22:858][447]LogWorld: Game class is 'BP_GameMode_C'
[2015.07.25-13.13.22:865][447]LogWorld: Bringing World /Game/StarterContent/Maps/UEDPIE_0_Minimal_Default.Minimal_Default up for play (max tick rate 0) at 2015.07.25-21.13.22
[2015.07.25-13.13.22:866][447]LogActor:Warning: GameSession /Game/StarterContent/Maps/UEDPIE_0_Minimal_Default.Minimal_Default:PersistentLevel.GameSession_0 has natively added scene component(s), but none of them were set as the actor's RootComponent - picking one arbitrarily
[2015.07.25-13.13.22:867][447]LogActor:Warning: GameNetworkManager /Game/StarterContent/Maps/UEDPIE_0_Minimal_Default.Minimal_Default:PersistentLevel.GameNetworkManager_0 has natively added scene component(s), but none of them were set as the actor's RootComponent - picking one arbitrarily
[2015.07.25-13.13.22:867][447]LogWorld: Bringing up level for play took: 0.005623
[2015.07.25-13.13.22:869][447]LogSpawn:Warning: SpawnActor failed because no class was specified
[2015.07.25-13.13.22:871][447]PIE: Info Play in editor start time for /Game/StarterContent/Maps/UEDPIE_0_Minimal_Default -0.169
[2015.07.25-13.13.33:446][669]LogParticles: Destroying 0 GPU particle simulations for FXSystem 0x00000000281637E0
[2015.07.25-13.13.37:806][963]LogD3D11RHI: InitD3DDevice
[2015.07.25-13.13.37:830][963]LogD3D11RHI: InitD3DDevice
[2015.07.25-13.13.37:879][963]LogLinker:Warning: Asset '../../../Engine/Content/ArtTools/RenderToTexture/Macros/RenderToTextureMacros.uasset' has been saved with empty engine version. The asset will be loaded but may be incompatible.
[2015.07.25-13.13.37:970][963]LogLinker:Warning: Asset '../../../Engine/Content/ArtTools/RenderToTexture/Enums/RenderToTexture_Enum.uasset' has been saved with empty engine version. The asset will be loaded but may be incompatible.
[2015.07.25-13.13.40:703][ 30]LogRenderer: Reallocating scene render targets to support 1208x912 (Frame:1931).
[2015.07.25-13.13.47:275][336]LogD3D11RHI: InitD3DDevice
[2015.07.25-13.13.52:092][628]LogD3D11RHI: InitD3DDevice
[2015.07.25-13.13.54:123][787]LogD3D11RHI: InitD3DDevice
[2015.07.25-13.14.27:797][338]BlueprintLog: New page: Compile BP_BasicCharacterControl
[2015.07.25-13.14.27:879][338]LogActorComponent: UnregisterComponent: (/Engine/Transient.CharMoveComp) Not registered. Aborting.
[2015.07.25-13.14.27:916][338]LogParticles: Destroying 0 GPU particle simulations for FXSystem 0x0000000026B028E0
[2015.07.25-13.14.27:978][338]BlueprintEditorCompileResults: Info [0123.16] Compile of BP_BasicCharacterControl successful! [in 180 ms]
[2015.07.25-13.14.29:430][437]LogPlayLevel: PIE:  No blueprints needed recompiling
[2015.07.25-13.14.29:430][437]PIE: New page: PIE session: Minimal_Default (Jul 26, 2015, 5:14:29 AM)
[2015.07.25-13.14.29:431][437]LogPlayLevel: Creating play world package: /Game/StarterContent/Maps/UEDPIE_0_Minimal_Default
[2015.07.25-13.14.29:439][437]LogPlayLevel: PIE: StaticDuplicateObject took: (0.007460s)
[2015.07.25-13.14.29:441][437]LogAIModule: Creating AISystem for world Minimal_Default
[2015.07.25-13.14.29:442][437]LogPlayLevel: PIE: World Init took: (0.002026s)
[2015.07.25-13.14.29:443][437]LogPlayLevel: PIE: Created PIE world by copying editor world from /Game/StarterContent/Maps/Minimal_Default.Minimal_Default to /Game/StarterContent/Maps/UEDPIE_0_Minimal_Default.Minimal_Default (0.011063s)
[2015.07.25-13.14.29:483][437]LogInit: XAudio2 using '喇叭 (ASUS Xonar DS Audio Device)' : 2 channels at 44.1 kHz using 16 bits per sample (channel mask 0x3)
[2015.07.25-13.14.29:487][437]LogInit: FAudioDevice initialized.
[2015.07.25-13.14.29:528][437]LogWorld: Game class is 'BP_GameMode_C'
[2015.07.25-13.14.29:535][437]LogWorld: Bringing World /Game/StarterContent/Maps/UEDPIE_0_Minimal_Default.Minimal_Default up for play (max tick rate 0) at 2015.07.25-21.14.29
[2015.07.25-13.14.29:535][437]LogActor:Warning: GameSession /Game/StarterContent/Maps/UEDPIE_0_Minimal_Default.Minimal_Default:PersistentLevel.GameSession_1 has natively added scene component(s), but none of them were set as the actor's RootComponent - picking one arbitrarily
[2015.07.25-13.14.29:536][437]LogActor:Warning: GameNetworkManager /Game/StarterContent/Maps/UEDPIE_0_Minimal_Default.Minimal_Default:PersistentLevel.GameNetworkManager_1 has natively added scene component(s), but none of them were set as the actor's RootComponent - picking one arbitrarily
[2015.07.25-13.14.29:537][437]LogWorld: Bringing up level for play took: 0.005769
[2015.07.25-13.14.29:539][437]LogSpawn:Warning: SpawnActor failed because no class was specified
[2015.07.25-13.14.29:540][437]PIE: Info Play in editor start time for /Game/StarterContent/Maps/UEDPIE_0_Minimal_Default 0.502
[2015.07.25-13.14.32:326][742]LogParticles: Destroying 0 GPU particle simulations for FXSystem 0x00000000618305E0
[2015.07.25-13.14.44:375][752]LogD3D11RHI: InitD3DDevice
[2015.07.25-13.14.44:664][752]LogActor:Warning: GameNetworkManager /Engine/Transient.World_7:PersistentLevel.GameNetworkManager_2 has natively added scene component(s), but none of them were set as the actor's RootComponent - picking one arbitrarily
[2015.07.25-13.14.47:289][ 27]LogD3D11RHI: InitD3DDevice
[2015.07.25-13.14.47:362][ 27]LogD3D11RHI: InitD3DDevice
[2015.07.25-13.14.56:202][818]LogD3D11RHI: InitD3DDevice
[2015.07.25-13.14.56:477][818]LogSpawn:Warning: SpawnActor failed because no class was specified
[2015.07.25-13.14.57:771][952]LogD3D11RHI: InitD3DDevice
[2015.07.25-13.14.58:067][952]LogSpawn:Warning: SpawnActor failed because no class was specified
[2015.07.25-13.14.59:357][ 80]LogD3D11RHI: InitD3DDevice
[2015.07.25-13.15.10:485][116]BlueprintLog: New page: Compile BP_PlayerChacterControl
[2015.07.25-13.15.10:556][116]LogActorComponent: UnregisterComponent: (/Engine/Transient.CharMoveComp) Not registered. Aborting.
[2015.07.25-13.15.10:580][116]LogParticles: Destroying 0 GPU particle simulations for FXSystem 0x000000001FB2ADE0
[2015.07.25-13.15.10:611][116]BlueprintEditorCompileResults: Info [0165.79] Compile of BP_PlayerChacterControl successful! [in 124 ms]
[2015.07.25-13.15.12:393][243]LogPlayLevel: PIE:  No blueprints needed recompiling
[2015.07.25-13.15.12:394][243]PIE: New page: PIE session: Minimal_Default (Jul 26, 2015, 5:15:12 AM)
[2015.07.25-13.15.12:395][243]LogPlayLevel: Creating play world package: /Game/StarterContent/Maps/UEDPIE_0_Minimal_Default
[2015.07.25-13.15.12:404][243]LogPlayLevel: PIE: StaticDuplicateObject took: (0.008022s)
[2015.07.25-13.15.12:406][243]LogAIModule: Creating AISystem for world Minimal_Default
[2015.07.25-13.15.12:407][243]LogPlayLevel: PIE: World Init took: (0.002004s)
[2015.07.25-13.15.12:407][243]LogPlayLevel: PIE: Created PIE world by copying editor world from /Game/StarterContent/Maps/Minimal_Default.Minimal_Default to /Game/StarterContent/Maps/UEDPIE_0_Minimal_Default.Minimal_Default (0.011592s)
[2015.07.25-13.15.12:448][243]LogInit: XAudio2 using '喇叭 (ASUS Xonar DS Audio Device)' : 2 channels at 44.1 kHz using 16 bits per sample (channel mask 0x3)
[2015.07.25-13.15.12:452][243]LogInit: FAudioDevice initialized.
[2015.07.25-13.15.12:494][243]LogWorld: Game class is 'BP_GameMode_C'
[2015.07.25-13.15.12:500][243]LogWorld: Bringing World /Game/StarterContent/Maps/UEDPIE_0_Minimal_Default.Minimal_Default up for play (max tick rate 0) at 2015.07.25-21.15.12
[2015.07.25-13.15.12:501][243]LogActor:Warning: GameSession /Game/StarterContent/Maps/UEDPIE_0_Minimal_Default.Minimal_Default:PersistentLevel.GameSession_2 has natively added scene component(s), but none of them were set as the actor's RootComponent - picking one arbitrarily
[2015.07.25-13.15.12:502][243]LogActor:Warning: GameNetworkManager /Game/StarterContent/Maps/UEDPIE_0_Minimal_Default.Minimal_Default:PersistentLevel.GameNetworkManager_3 has natively added scene component(s), but none of them were set as the actor's RootComponent - picking one arbitrarily
[2015.07.25-13.15.12:503][243]LogWorld: Bringing up level for play took: 0.006129
[2015.07.25-13.15.12:507][243]PIE: Info Play in editor start time for /Game/StarterContent/Maps/UEDPIE_0_Minimal_Default -0.529
[2015.07.25-13.15.26:046][848]LogParticles: Destroying 0 GPU particle simulations for FXSystem 0x000000001FC26A20
[2015.07.25-13.15.55:699][267]BlueprintLog: New page: Compile BP_BasicCharacterControl
[2015.07.25-13.15.55:770][267]LogActorComponent: UnregisterComponent: (/Engine/Transient.CharMoveComp) Not registered. Aborting.
[2015.07.25-13.15.55:838][267]BlueprintEditorCompileResults: Info [0211.02] Compile of BP_BasicCharacterControl successful! [in 139 ms]
[2015.07.25-13.15.57:182][343]LogPlayLevel: PIE:  No blueprints needed recompiling
[2015.07.25-13.15.57:183][343]PIE: New page: PIE session: Minimal_Default (Jul 26, 2015, 5:15:57 AM)
[2015.07.25-13.15.57:184][343]LogPlayLevel: Creating play world package: /Game/StarterContent/Maps/UEDPIE_0_Minimal_Default
[2015.07.25-13.15.57:192][343]LogPlayLevel: PIE: StaticDuplicateObject took: (0.007750s)
[2015.07.25-13.15.57:194][343]LogAIModule: Creating AISystem for world Minimal_Default
[2015.07.25-13.15.57:195][343]LogPlayLevel: PIE: World Init took: (0.001968s)
[2015.07.25-13.15.57:195][343]LogPlayLevel: PIE: Created PIE world by copying editor world from /Game/StarterContent/Maps/Minimal_Default.Minimal_Default to /Game/StarterContent/Maps/UEDPIE_0_Minimal_Default.Minimal_Default (0.011270s)
[2015.07.25-13.15.57:237][343]LogInit: XAudio2 using '喇叭 (ASUS Xonar DS Audio Device)' : 2 channels at 44.1 kHz using 16 bits per sample (channel mask 0x3)
[2015.07.25-13.15.57:241][343]LogInit: FAudioDevice initialized.
[2015.07.25-13.15.57:284][343]LogWorld: Game class is 'BP_GameMode_C'
[2015.07.25-13.15.57:290][343]LogWorld: Bringing World /Game/StarterContent/Maps/UEDPIE_0_Minimal_Default.Minimal_Default up for play (max tick rate 0) at 2015.07.25-21.15.57
[2015.07.25-13.15.57:291][343]LogActor:Warning: GameSession /Game/StarterContent/Maps/UEDPIE_0_Minimal_Default.Minimal_Default:PersistentLevel.GameSession_3 has natively added scene component(s), but none of them were set as the actor's RootComponent - picking one arbitrarily
[2015.07.25-13.15.57:291][343]LogActor:Warning: GameNetworkManager /Game/StarterContent/Maps/UEDPIE_0_Minimal_Default.Minimal_Default:PersistentLevel.GameNetworkManager_4 has natively added scene component(s), but none of them were set as the actor's RootComponent - picking one arbitrarily
[2015.07.25-13.15.57:291][343]LogWorld: Bringing up level for play took: 0.005622
[2015.07.25-13.15.57:296][343]PIE: Info Play in editor start time for /Game/StarterContent/Maps/UEDPIE_0_Minimal_Default 0.262
[2015.07.25-13.16.02:083][889]LogParticles: Destroying 0 GPU particle simulations for FXSystem 0x0000000027C26AC0
[2015.07.25-13.16.11:240][772]LogD3D11RHI: InitD3DDevice
[2015.07.25-13.16.19:404][606]BlueprintLog: New page: Compile BP_PlayerChacterControl
[2015.07.25-13.16.19:534][606]BlueprintEditorCompileResults: Info [0234.72] Compile of BP_PlayerChacterControl successful! [in 129 ms]
[2015.07.25-13.16.22:116][773]LogPlayLevel: PIE:  No blueprints needed recompiling
[2015.07.25-13.16.22:117][773]PIE: New page: PIE session: Minimal_Default (Jul 26, 2015, 5:16:22 AM)
[2015.07.25-13.16.22:117][773]LogPlayLevel: Creating play world package: /Game/StarterContent/Maps/UEDPIE_0_Minimal_Default
[2015.07.25-13.16.22:125][773]LogPlayLevel: PIE: StaticDuplicateObject took: (0.007779s)
[2015.07.25-13.16.22:126][773]LogAIModule: Creating AISystem for world Minimal_Default
[2015.07.25-13.16.22:128][773]LogPlayLevel: PIE: World Init took: (0.002166s)
[2015.07.25-13.16.22:128][773]LogPlayLevel: PIE: Created PIE world by copying editor world from /Game/StarterContent/Maps/Minimal_Default.Minimal_Default to /Game/StarterContent/Maps/UEDPIE_0_Minimal_Default.Minimal_Default (0.011546s)
[2015.07.25-13.16.22:168][773]LogInit: XAudio2 using '喇叭 (ASUS Xonar DS Audio Device)' : 2 channels at 44.1 kHz using 16 bits per sample (channel mask 0x3)
[2015.07.25-13.16.22:174][773]LogInit: FAudioDevice initialized.
[2015.07.25-13.16.22:213][773]LogWorld: Game class is 'BP_GameMode_C'
[2015.07.25-13.16.22:220][773]LogWorld: Bringing World /Game/StarterContent/Maps/UEDPIE_0_Minimal_Default.Minimal_Default up for play (max tick rate 0) at 2015.07.25-21.16.22
[2015.07.25-13.16.22:220][773]LogActor:Warning: GameSession /Game/StarterContent/Maps/UEDPIE_0_Minimal_Default.Minimal_Default:PersistentLevel.GameSession_4 has natively added scene component(s), but none of them were set as the actor's RootComponent - picking one arbitrarily
[2015.07.25-13.16.22:221][773]LogActor:Warning: GameNetworkManager /Game/StarterContent/Maps/UEDPIE_0_Minimal_Default.Minimal_Default:PersistentLevel.GameNetworkManager_5 has natively added scene component(s), but none of them were set as the actor's RootComponent - picking one arbitrarily
[2015.07.25-13.16.22:222][773]LogWorld: Bringing up level for play took: 0.005848
[2015.07.25-13.16.22:226][773]PIE: Info Play in editor start time for /Game/StarterContent/Maps/UEDPIE_0_Minimal_Default -0.807
[2015.07.25-13.16.23:525][913]LogParticles: Destroying 0 GPU particle simulations for FXSystem 0x00000000498134C0
[2015.07.25-13.16.36:991][336]BlueprintLog: New page: Pre-PIE auto-recompile
[2015.07.25-13.16.37:006][336]LogPlayLevel: [PIE] Compiling BP_PlayerChacterControl before PIE...
[2015.07.25-13.16.37:140][336]LogPlayLevel: PIE:  Blueprint regeneration took 149 ms (1 blueprints)
[2015.07.25-13.16.37:141][336]PIE: New page: PIE session: Minimal_Default (Jul 26, 2015, 5:16:37 AM)
[2015.07.25-13.16.37:141][336]LogPlayLevel: Creating play world package: /Game/StarterContent/Maps/UEDPIE_0_Minimal_Default
[2015.07.25-13.16.37:150][336]LogPlayLevel: PIE: StaticDuplicateObject took: (0.007815s)
[2015.07.25-13.16.37:151][336]LogAIModule: Creating AISystem for world Minimal_Default
[2015.07.25-13.16.37:153][336]LogPlayLevel: PIE: World Init took: (0.002111s)
[2015.07.25-13.16.37:153][336]LogPlayLevel: PIE: Created PIE world by copying editor world from /Game/StarterContent/Maps/Minimal_Default.Minimal_Default to /Game/StarterContent/Maps/UEDPIE_0_Minimal_Default.Minimal_Default (0.011446s)
[2015.07.25-13.16.37:191][336]LogInit: XAudio2 using '喇叭 (ASUS Xonar DS Audio Device)' : 2 channels at 44.1 kHz using 16 bits per sample (channel mask 0x3)
[2015.07.25-13.16.37:195][336]LogInit: FAudioDevice initialized.
[2015.07.25-13.16.37:236][336]LogWorld: Game class is 'BP_GameMode_C'
[2015.07.25-13.16.37:243][336]LogWorld: Bringing World /Game/StarterContent/Maps/UEDPIE_0_Minimal_Default.Minimal_Default up for play (max tick rate 0) at 2015.07.25-21.16.37
[2015.07.25-13.16.37:243][336]LogActor:Warning: GameSession /Game/StarterContent/Maps/UEDPIE_0_Minimal_Default.Minimal_Default:PersistentLevel.GameSession_5 has natively added scene component(s), but none of them were set as the actor's RootComponent - picking one arbitrarily
[2015.07.25-13.16.37:244][336]LogActor:Warning: GameNetworkManager /Game/StarterContent/Maps/UEDPIE_0_Minimal_Default.Minimal_Default:PersistentLevel.GameNetworkManager_6 has natively added scene component(s), but none of them were set as the actor's RootComponent - picking one arbitrarily
[2015.07.25-13.16.37:245][336]LogWorld: Bringing up level for play took: 0.005511
[2015.07.25-13.16.37:249][336]PIE: Info Play in editor start time for /Game/StarterContent/Maps/UEDPIE_0_Minimal_Default 0.216
[2015.07.25-13.16.39:879][618]LogParticles: Destroying 0 GPU particle simulations for FXSystem 0x0000000049810A40
[2015.07.25-13.23.08:406][163]LogD3D11RHI: InitD3DDevice
[2015.07.25-13.23.17:408][190]LogD3D11RHI: InitD3DDevice
[2015.07.25-13.23.17:605][190]LogActorComponent: UnregisterComponent: (/Engine/Transient.CharMoveComp) Not registered. Aborting.
[2015.07.25-13.23.17:641][190]LogFileHelpers: Editor autosave (incl. sublevels) for '/Game/StarterContent/Maps/Minimal_Default' took 0.036
[2015.07.25-13.23.17:648][190]OBJ SavePackage: Generating thumbnails for [0] asset(s) in package [/Game/Blueprints/BP_BasicCharacterControl] ([1] browsable assets)...
[2015.07.25-13.23.17:648][190]OBJ SavePackage: Finished generating thumbnails for package [/Game/Blueprints/BP_BasicCharacterControl]
[2015.07.25-13.23.17:750][190]LogSavePackage: Save=21.787619ms
[2015.07.25