[2015.07.25-14.34.26:792][  0]Log file open, 07/25/15 22:34:26
[2015.07.25-14.34.26:792][  0]LogInit:Display: Running engine for game: Demo
[2015.07.25-14.34.26:793][  0]LogInit:Display: RandInit(-1550797179) SRandInit(-1550797178).
[2015.07.25-14.34.26:793][  0]LogTaskGraph: Started task graph with 4 named threads and 7 total threads.
[2015.07.25-14.34.26:793][  0]LogStats: Stats thread started
[2015.07.25-14.34.26:794][  0]LogInit: Version: 4.8.2-2614606+++depot+UE4-Releases+4.8
[2015.07.25-14.34.26:794][  0]LogInit: API Version: 2579680
[2015.07.25-14.34.26:794][  0]LogInit: Compiled (64-bit): Jul  8 2015 23:43:41
[2015.07.25-14.34.26:794][  0]LogInit: Compiled with Visual C++: 18.00.21005.01
[2015.07.25-14.34.26:795][  0]LogInit: Build Configuration: Development
[2015.07.25-14.34.26:795][  0]LogInit: Branch Name: ++depot+UE4-Releases+4.8
[2015.07.25-14.34.26:795][  0]LogInit: Command line: 
[2015.07.25-14.34.26:795][  0]LogInit: Base directory: C:/Program Files/Epic Games/4.8/Engine/Binaries/Win64/
[2015.07.25-14.34.26:796][  0]LogInit: Rocket: 1
[2015.07.25-14.34.26:826][  0]LogInit: Using libcurl 7.41.0
[2015.07.25-14.34.26:826][  0]LogInit:  - built for x86_64-pc-win32
[2015.07.25-14.34.26:826][  0]LogInit:  - supports SSL with WinSSL
[2015.07.25-14.34.26:827][  0]LogInit:  - other features:
[2015.07.25-14.34.26:827][  0]LogInit:      CURL_VERSION_SSL
[2015.07.25-14.34.26:827][  0]LogInit:      CURL_VERSION_IPV6
[2015.07.25-14.34.26:827][  0]LogInit:      CURL_VERSION_ASYNCHDNS
[2015.07.25-14.34.26:828][  0]LogInit:      CURL_VERSION_LARGEFILE
[2015.07.25-14.34.26:828][  0]LogInit:      CURL_VERSION_IDN
[2015.07.25-14.34.26:828][  0]LogInit:  CurlRequestOptions (configurable via config and command line):
[2015.07.25-14.34.26:829][  0]LogInit:  - bVerifyPeer = true  - Libcurl will verify peer certificate
[2015.07.25-14.34.26:829][  0]LogInit:  - bUseHttpProxy = false  - Libcurl will NOT use HTTP proxy
[2015.07.25-14.34.26:829][  0]LogInit:  - bDontReuseConnections = false  - Libcurl will reuse connections
[2015.07.25-14.34.26:829][  0]LogInit:  - CertBundlePath = nullptr  - Libcurl will use whatever was configured at build time.
[2015.07.25-14.34.26:852][  0]LogOnline:Warning: No default platform service specified for OnlineSubsystem
[2015.07.25-14.34.26:907][  0]LogInit: Presizing for 0 objects not considered by GC, pre-allocating 0 bytes.
[2015.07.25-14.34.26:917][  0]LogInit: Object subsystem initialized
[2015.07.25-14.34.26:919][  0]LogConsoleResponse:Warning: Skipping Unknown console variable: 'TranslucentSortAxis = (X=0.000000,Y=-1.000000,Z=0.000000)'
[2015.07.25-14.34.26:919][  0]LogConsoleResponse:Warning:   Found in ini file 'D:/Users/SCW/Documents/Unreal Projects/Demo/Saved/Config/Windows/Engine.ini', in section '[/Script/Engine.RendererSettings]'
[2015.07.25-14.34.26:919][  0]LogConsoleResponse:Warning: Skipping Unknown console variable: 'UIScaleRule = ShortestSide'
[2015.07.25-14.34.26:919][  0]LogConsoleResponse:Warning:   Found in ini file 'D:/Users/SCW/Documents/Unreal Projects/Demo/Saved/Config/Windows/Engine.ini', in section '[/Script/Engine.RendererSettings]'
[2015.07.25-14.34.26:920][  0]LogConsoleResponse:Warning: Skipping Unknown console variable: 'UIScaleCurve = (EditorCurveData=(Keys=),ExternalCurve=None)'
[2015.07.25-14.34.26:920][  0]LogConsoleResponse:Warning:   Found in ini file 'D:/Users/SCW/Documents/Unreal Projects/Demo/Saved/Config/Windows/Engine.ini', in section '[/Script/Engine.RendererSettings]'
[2015.07.25-14.34.26:921][  0]LogInit: Selected Device Profile: [Windows]
[2015.07.25-14.34.26:921][  0]LogInit: Applying CVar settings loaded from the selected device profile: [Windows]
[2015.07.25-14.34.26:931][  0]LogInit: Computer: SCW-PC
[2015.07.25-14.34.26:931][  0]LogInit: User: SCW
[2015.07.25-14.34.26:932][  0]LogInit: CPU Page size=4096, Cores=4
[2015.07.25-14.34.26:932][  0]LogInit: High frequency timer resolution =2.483750 MHz
[2015.07.25-14.34.26:932][  0]LogMemory: Memory total: Physical=8.0GB (8GB approx)
[2015.07.25-14.34.26:933][  0]LogMemory: Platform Memory Stats for Windows
[2015.07.25-14.34.26:933][  0]LogMemory: Process Physical Memory: 50.70 MB used, 50.70 MB peak
[2015.07.25-14.34.26:933][  0]LogMemory: Process Virtual Memory: 22.48 MB used, 24.37 MB peak
[2015.07.25-14.34.26:934][  0]LogMemory: Physical Memory: 6809.06 MB used, 8183.05 MB total
[2015.07.25-14.34.26:934][  0]LogMemory: Virtual Memory: 290.52 MB used, 8388608.00 MB total
[2015.07.25-14.34.27:030][  0]LogTextLocalizationManager: The requested culture ('zh_TW') has no localization data; falling back to 'en' for localization and internationalization data.
[2015.07.25-14.34.27:350][  0]LogTextLocalizationManager:Warning: Loaded localization resources contain conflicting entries for (Namespace:ContentBrowser, Key:ImportAssetToolTip):
Localization Resource: (C:/Program Files/Epic Games/4.8/Engine/Content/Localization/Editor/en/Editor.locres) Source String Hash: (-630476809) Localized String: (Import to {0}...)
Localization Resource: (C:/Program Files/Epic Games/4.8/Engine/Content/Localization/Editor/en/Editor.locres) Source String Hash: (1271782899) Localized String: (Imports an asset from file to this folder.)
[2015.07.25-14.34.28:019][  0]LogD3D11RHI: Found D3D11 adapter 0: NVIDIA GeForce GTX 560 Ti   (Feature Level 11_0)
[2015.07.25-14.34.28:019][  0]LogD3D11RHI: Adapter has 979MB of dedicated video memory, 0MB of dedicated system memory, and 3071MB of shared system memory, 2 output[s]
[2015.07.25-14.34.28:020][  0]LogD3D11RHI: Chosen D3D11 Adapter Id = 0
[2015.07.25-14.34.28:025][  0]LogD3D11RHI: InitD3DDevice
[2015.07.25-14.34.28:026][  0]LogD3D11RHI: !Direct3DDevice
[2015.07.25-14.34.28:027][  0]LogRHI: Texture pool is 685 MB (70% of 979 MB)
[2015.07.25-14.34.28:069][  0]LogD3D11RHI: Async texture creation enabled
[2015.07.25-14.34.28:087][  0]LogShaderCompilers:Display: Using Local Shader Compiler.
[2015.07.25-14.34.29:319][  0]LogTemp:Display: Loaded TP DesktopTargetPlatform
[2015.07.25-14.34.29:353][  0]LogTemp:Display: Loaded TP WindowsClientTargetPlatform
[2015.07.25-14.34.29:387][  0]LogTemp:Display: Loaded TP WindowsNoEditorTargetPlatform
[2015.07.25-14.34.29:421][  0]LogTemp:Display: Loaded TP WindowsServerTargetPlatform
[2015.07.25-14.34.29:459][  0]LogTemp:Display: Loaded TP WindowsTargetPlatform
[2015.07.25-14.34.29:485][  0]LogTemp:Display: Loaded TP AndroidTargetPlatform
[2015.07.25-14.34.29:511][  0]LogTemp:Display: Loaded TP Android_ASTCTargetPlatform
[2015.07.25-14.34.29:541][  0]LogTemp:Display: Loaded TP Android_ATCTargetPlatform
[2015.07.25-14.34.29:571][  0]LogTemp:Display: Loaded TP Android_DXTTargetPlatform
[2015.07.25-14.34.29:599][  0]LogTemp:Display: Loaded TP Android_ETC1TargetPlatform
[2015.07.25-14.34.29:629][  0]LogTemp:Display: Loaded TP Android_ETC2TargetPlatform
[2015.07.25-14.34.29:658][  0]LogTemp:Display: Loaded TP Android_PVRTCTargetPlatform
[2015.07.25-14.34.29:761][  0]LogTemp:Display: Loaded TP IOSTargetPlatform
[2015.07.25-14.34.29:786][  0]LogTemp:Display: Loaded TP LinuxNoEditorTargetPlatform
[2015.07.25-14.34.29:810][  0]LogTemp:Display: Loaded TP LinuxServerTargetPlatform
[2015.07.25-14.34.29:837][  0]LogTemp:Display: Loaded TP LinuxTargetPlatform
[2015.07.25-14.34.29:838][  0]LogTargetPlatformManager:Display: Building Assets For Windows
[2015.07.25-14.34.30:326][  0]LogDerivedDataCache:Display: Max Cache Size: 512 MB
[2015.07.25-14.34.30:392][  0]LogDerivedDataCache: Loaded boot cache 0.07s 53MB C:/Users/SCW/AppData/Local/UnrealEngine/4.8/DerivedDataCache/Boot.ddc.
[2015.07.25-14.34.30:392][  0]LogDerivedDataCache:Display: Loaded Boot cache: C:/Users/SCW/AppData/Local/UnrealEngine/4.8/DerivedDataCache/Boot.ddc
[2015.07.25-14.34.30:393][  0]LogDerivedDataCache: FDerivedDataBackendGraph:  Pak pak cache file D:/Users/SCW/Documents/Unreal Projects/Demo/DerivedDataCache/DDC.ddp not found, will not use a pak cache.
[2015.07.25-14.34.30:393][  0]LogDerivedDataCache: Unable to find inner node Pak for hierarchical cache Hierarchy.
[2015.07.25-14.34.30:393][  0]LogDerivedDataCache: FDerivedDataBacke