[2015.07.25-14.06.58:476][  0]Log file open, 07/25/15 22:06:58
[2015.07.25-14.06.58:476][  0]LogInit:Display: Running engine for game: Demo
[2015.07.25-14.06.58:476][  0]LogInit:Display: RandInit(-1349868346) SRandInit(-1349868346).
[2015.07.25-14.06.58:476][  0]LogTaskGraph: Started task graph with 4 named threads and 7 total threads.
[2015.07.25-14.06.58:477][  0]LogStats: Stats thread started
[2015.07.25-14.06.58:477][  0]LogInit: Version: 4.8.2-2614606+++depot+UE4-Releases+4.8
[2015.07.25-14.06.58:477][  0]LogInit: API Version: 2579680
[2015.07.25-14.06.58:477][  0]LogInit: Compiled (64-bit): Jul  8 2015 23:43:41
[2015.07.25-14.06.58:478][  0]LogInit: Compiled with Visual C++: 18.00.21005.01
[2015.07.25-14.06.58:478][  0]LogInit: Build Configuration: Development
[2015.07.25-14.06.58:478][  0]LogInit: Branch Name: ++depot+UE4-Releases+4.8
[2015.07.25-14.06.58:478][  0]LogInit: Command line: 
[2015.07.25-14.06.58:479][  0]LogInit: Base directory: C:/Program Files/Epic Games/4.8/Engine/Binaries/Win64/
[2015.07.25-14.06.58:479][  0]LogInit: Rocket: 1
[2015.07.25-14.06.58:507][  0]LogInit: Using libcurl 7.41.0
[2015.07.25-14.06.58:508][  0]LogInit:  - built for x86_64-pc-win32
[2015.07.25-14.06.58:508][  0]LogInit:  - supports SSL with WinSSL
[2015.07.25-14.06.58:508][  0]LogInit:  - other features:
[2015.07.25-14.06.58:508][  0]LogInit:      CURL_VERSION_SSL
[2015.07.25-14.06.58:509][  0]LogInit:      CURL_VERSION_IPV6
[2015.07.25-14.06.58:509][  0]LogInit:      CURL_VERSION_ASYNCHDNS
[2015.07.25-14.06.58:509][  0]LogInit:      CURL_VERSION_LARGEFILE
[2015.07.25-14.06.58:510][  0]LogInit:      CURL_VERSION_IDN
[2015.07.25-14.06.58:510][  0]LogInit:  CurlRequestOptions (configurable via config and command line):
[2015.07.25-14.06.58:510][  0]LogInit:  - bVerifyPeer = true  - Libcurl will verify peer certificate
[2015.07.25-14.06.58:511][  0]LogInit:  - bUseHttpProxy = false  - Libcurl will NOT use HTTP proxy
[2015.07.25-14.06.58:511][  0]LogInit:  - bDontReuseConnections = false  - Libcurl will reuse connections
[2015.07.25-14.06.58:511][  0]LogInit:  - CertBundlePath = nullptr  - Libcurl will use whatever was configured at build time.
[2015.07.25-14.06.58:535][  0]LogOnline:Warning: No default platform service specified for OnlineSubsystem
[2015.07.25-14.06.58:587][  0]LogInit: Presizing for 0 objects not considered by GC, pre-allocating 0 bytes.
[2015.07.25-14.06.58:598][  0]LogInit: Object subsystem initialized
[2015.07.25-14.06.58:600][  0]LogConsoleResponse:Warning: Skipping Unknown console variable: 'TranslucentSortAxis = (X=0.000000,Y=-1.000000,Z=0.000000)'
[2015.07.25-14.06.58:600][  0]LogConsoleResponse:Warning:   Found in ini file 'D:/Users/SCW/Documents/Unreal Projects/Demo/Saved/Config/Windows/Engine.ini', in section '[/Script/Engine.RendererSettings]'
[2015.07.25-14.06.58:600][  0]LogConsoleResponse:Warning: Skipping Unknown console variable: 'UIScaleRule = ShortestSide'
[2015.07.25-14.06.58:601][  0]LogConsoleResponse:Warning:   Found in ini file 'D:/Users/SCW/Documents/Unreal Projects/Demo/Saved/Config/Windows/Engine.ini', in section '[/Script/Engine.RendererSettings]'
[2015.07.25-14.06.58:601][  0]LogConsoleResponse:Warning: Skipping Unknown console variable: 'UIScaleCurve = (EditorCurveData=(Keys=),ExternalCurve=None)'
[2015.07.25-14.06.58:601][  0]LogConsoleResponse:Warning:   Found in ini file 'D:/Users/SCW/Documents/Unreal Projects/Demo/Saved/Config/Windows/Engine.ini', in section '[/Script/Engine.RendererSettings]'
[2015.07.25-14.06.58:602][  0]LogInit: Selected Device Profile: [Windows]
[2015.07.25-14.06.58:602][  0]LogInit: Applying CVar settings loaded from the selected device profile: [Windows]
[2015.07.25-14.06.58:612][  0]LogInit: Computer: SCW-PC
[2015.07.25-14.06.58:612][  0]LogInit: User: SCW
[2015.07.25-14.06.58:613][  0]LogInit: CPU Page size=4096, Cores=4
[2015.07.25-14.06.58:613][  0]LogInit: High frequency timer resolution =2.483750 MHz
[2015.07.25-14.06.58:613][  0]LogMemory: Memory total: Physical=8.0GB (8GB approx)
[2015.07.25-14.06.58:613][  0]LogMemory: Platform Memory Stats for Windows
[2015.07.25-14.06.58:614][  0]LogMemory: Process Physical Memory: 51.30 MB used, 51.30 MB peak
[2015.07.25-14.06.58:614][  0]LogMemory: Process Virtual Memory: 23.55 MB used, 23.55 MB peak
[2015.07.25-14.06.58:614][  0]LogMemory: Physical Memory: 6106.80 MB used, 8183.05 MB total
[2015.07.25-14.06.58:615][  0]LogMemory: Virtual Memory: 291.58 MB used, 8388608.00 MB total
[2015.07.25-14.06.58:711][  0]LogTextLocalizationManager: The requested culture ('zh_TW') has no localization data; falling back to 'en' for localization and internationalization data.
[2015.07.25-14.06.59:030][  0]LogTextLocalizationManager:Warning: Loaded localization resources contain conflicting entries for (Namespace:ContentBrowser, Key:ImportAssetToolTip):
Localization Resource: (C:/Program Files/Epic Games/4.8/Engine/Content/Localization/Editor/en/Editor.locres) Source String Hash: (-630476809) Localized String: (Import to {0}...)
Localization Resource: (C:/Program Files/Epic Games/4.8/Engine/Content/Localization/Editor/en/Editor.locres) Source String Hash: (1271782899) Localized String: (Imports an asset from file to this folder.)
[2015.07.25-14.06.59:544][  0]LogD3D11RHI: Found D3D11 adapter 0: NVIDIA GeForce GTX 560 Ti   (Feature Level 11_0)
[2015.07.25-14.06.59:545][  0]LogD3D11RHI: Adapter has 979MB of dedicated video memory, 0MB of dedicated system memory, and 3071MB of shared system memory, 2 output[s]
[2015.07.25-14.06.59:545][  0]LogD3D11RHI: Chosen D3D11 Adapter Id = 0
[2015.07.25-14.06.59:554][  0]LogD3D11RHI: InitD3DDevice
[2015.07.25-14.06.59:555][  0]LogD3D11RHI: !Direct3DDevice
[2015.07.25-14.06.59:557][  0]LogRHI: Texture pool is 685 MB (70% of 979 MB)
[2015.07.25-14.06.59:603][  0]LogD3D11RHI: Async texture creation enabled
[2015.07.25-14.06.59:622][  0]LogShaderCompilers:Display: Using Local Shader Compiler.
[2015.07.25-14.07.00:852][  0]LogTemp:Display: Loaded TP DesktopTargetPlatform
[2015.07.25-14.07.00:886][  0]LogTemp:Display: Loaded TP WindowsClientTargetPlatform
[2015.07.25-14.07.00:920][  0]LogTemp:Display: Loaded TP WindowsNoEditorTargetPlatform
[2015.07.25-14.07.00:955][  0]LogTemp:Display: Loaded TP WindowsServerTargetPlatform
[2015.07.25-14.07.00:994][  0]LogTemp:Display: Loaded TP WindowsTargetPlatform
[2015.07.25-14.07.01:018][  0]LogTemp:Display: Loaded TP AndroidTargetPlatform
[2015.07.25-14.07.01:044][  0]LogTemp:Display: Loaded TP Android_ASTCTargetPlatform
[2015.07.25-14.07.01:074][  0]LogTemp:Display: Loaded TP Android_ATCTargetPlatform
[2015.07.25-14.07.01:104][  0]LogTemp:Display: Loaded TP Android_DXTTargetPlatform
[2015.07.25-14.07.01:132][  0]LogTemp:Display: Loaded TP Android_ETC1TargetPlatform
[2015.07.25-14.07.01:162][  0]LogTemp:Display: Loaded TP Android_ETC2TargetPlatform
[2015.07.25-14.07.01:189][  0]LogTemp:Display: Loaded TP Android_PVRTCTargetPlatform
[2015.07.25-14.07.01:290][  0]LogTemp:Display: Loaded TP IOSTargetPlatform
[2015.07.25-14.07.01:313][  0]LogTemp:Display: Loaded TP LinuxNoEditorTargetPlatform
[2015.07.25-14.07.01:336][  0]LogTemp:Display: Loaded TP LinuxServerTargetPlatform
[2015.07.25-14.07.01:363][  0]LogTemp:Display: Loaded TP LinuxTargetPlatform
[2015.07.25-14.07.01:363][  0]LogTargetPlatformManager:Display: Building Assets For Windows
[2015.07.25-14.07.01:845][  0]LogDerivedDataCache:Display: Max Cache Size: 512 MB
[2015.07.25-14.07.01:910][  0]LogDerivedDataCache: Loaded boot cache 0.06s 53MB C:/Users/SCW/AppData/Local/UnrealEngine/4.8/DerivedDataCache/Boot.ddc.
[2015.07.25-14.07.01:911][  0]LogDerivedDataCache:Display: Loaded Boot cache: C:/Users/SCW/AppData/Local/UnrealEngine/4.8/DerivedDataCache/Boot.ddc
[2015.07.25-14.07.01:911][  0]LogDerivedDataCache: FDerivedDataBackendGraph:  Pak pak cache file D:/Users/SCW/Documents/Unreal Projects/Demo/DerivedDataCache/DDC.ddp not found, will not use a pak cache.
[2015.07.25-14.07.01:911][  0]LogDerivedDataCache: Unable to find inner node Pak for hierarchical cache Hierarchy.
[2015.07.25-14.07.01:912][  0]LogDerivedDataCache: FDerivedDataBacke